[ 2018-10-09T17:47:39+08:00 ] /Admin/index.php/MisAutoAhf/edit/id/17 | INFO: [ route_check ] --START--
[ 2018-10-09T17:47:39+08:00 ] /Admin/index.php/MisAutoAhf/edit/id/17 | INFO: Tag[ route_check ] --START--
[ 2018-10-09T17:47:39+08:00 ] /Admin/index.php/MisAutoAhf/edit/id/17 | INFO: Run CheckRoute Behavior [ RunTime:0.001000s ]
[ 2018-10-09T17:47:39+08:00 ] /Admin/index.php/MisAutoAhf/edit/id/17 | INFO: Run CheckRoute Behavior [ RunTime:0.001000s ]
[ 2018-10-09T17:47:39+08:00 ] /Admin/index.php/MisAutoAhf/edit/id/17 | INFO: [ route_check ] --END-- [ RunTime:0.001000s ]
[ 2018-10-09T17:47:39+08:00 ] /Admin/index.php/MisAutoAhf/edit/id/17 | INFO: Tag[ route_check ] --END-- [ RunTime:0.001000s ]
[ 2018-10-09T17:47:39+08:00 ] /Admin/index.php/MisAutoAhf/edit/id/17 | INFO: [ app_begin ] --START--
[ 2018-10-09T17:47:39+08:00 ] /Admin/index.php/MisAutoAhf/edit/id/17 | INFO: Tag[ app_begin ] --START--
[ 2018-10-09T17:47:39+08:00 ] /Admin/index.php/MisAutoAhf/edit/id/17 | INFO: Run ReadHtmlCache Behavior [ RunTime:0.001000s ]
[ 2018-10-09T17:47:39+08:00 ] /Admin/index.php/MisAutoAhf/edit/id/17 | INFO: Run ReadHtmlCache Behavior [ RunTime:0.001000s ]
[ 2018-10-09T17:47:39+08:00 ] /Admin/index.php/MisAutoAhf/edit/id/17 | INFO: Run CheckLang Behavior [ RunTime:0.001000s ]
[ 2018-10-09T17:47:39+08:00 ] /Admin/index.php/MisAutoAhf/edit/id/17 | INFO: Run CheckLang Behavior [ RunTime:0.001000s ]
[ 2018-10-09T17:47:39+08:00 ] /Admin/index.php/MisAutoAhf/edit/id/17 | INFO: [ app_begin ] --END-- [ RunTime:0.003000s ]
[ 2018-10-09T17:47:39+08:00 ] /Admin/index.php/MisAutoAhf/edit/id/17 | INFO: Tag[ app_begin ] --END-- [ RunTime:0.003000s ]
[ 2018-10-09T17:47:39+08:00 ] /Admin/index.php/MisAutoAhf/edit/id/17 | SQL: SHOW COLUMNS FROM `user` [ 执行文件：，行号:，运行时间:0.0060s ]
[ 2018-10-09T17:47:39+08:00 ] /Admin/index.php/MisAutoAhf/edit/id/17 | SQL: SHOW COLUMNS FROM `user` [ 执行文件：，行号:，运行时间:0.0060s ]
[ 2018-10-09T17:47:39+08:00 ] /Admin/index.php/MisAutoAhf/edit/id/17 | NOTIC: [8] Undefined index: nodeActionName1 common.php 第 4027 行.
[ 2018-10-09T17:47:39+08:00 ] /Admin/index.php/MisAutoAhf/edit/id/17 | NOTIC: [8] Undefined index: nodeAuditId1 common.php 第 4029 行.
[ 2018-10-09T17:47:39+08:00 ] /Admin/index.php/MisAutoAhf/edit/id/17 | NOTIC: [2] Missing argument 1 for UserModel::getConfNotAuth(), called in E:\phpStudy\PHPTutorial\WWW\modelSys\Admin\Lib\Action\CommonAction.class.php on line 90 and defined UserModel.class.php 第 409 行.
[ 2018-10-09T17:47:39+08:00 ] /Admin/index.php/MisAutoAhf/edit/id/17 | NOTIC: [8] Undefined variable: type UserModel.class.php 第 411 行.
[ 2018-10-09T17:47:39+08:00 ] /Admin/index.php/MisAutoAhf/edit/id/17 | NOTIC: [8] Undefined index: NOT_AUTH_MODUL UserModel.class.php 第 416 行.
[ 2018-10-09T17:47:39+08:00 ] /Admin/index.php/MisAutoAhf/edit/id/17 | NOTIC: [8] Undefined index: iseditor CommonAction.class.php 第 5534 行.
[ 2018-10-09T17:47:39+08:00 ] /Admin/index.php/MisAutoAhf/edit/id/17 | NOTIC: [8] Undefined index: iseditor CommonAction.class.php 第 5534 行.
[ 2018-10-09T17:47:39+08:00 ] /Admin/index.php/MisAutoAhf/edit/id/17 | NOTIC: [8] Undefined index: iseditor CommonAction.class.php 第 5534 行.
[ 2018-10-09T17:47:39+08:00 ] /Admin/index.php/MisAutoAhf/edit/id/17 | NOTIC: [8] Undefined index: iseditor CommonAction.class.php 第 5534 行.
[ 2018-10-09T17:47:39+08:00 ] /Admin/index.php/MisAutoAhf/edit/id/17 | NOTIC: [8] Undefined index: iseditor CommonAction.class.php 第 5534 行.
[ 2018-10-09T17:47:39+08:00 ] /Admin/index.php/MisAutoAhf/edit/id/17 | NOTIC: [8] Undefined index: iseditor CommonAction.class.php 第 5534 行.
[ 2018-10-09T17:47:39+08:00 ] /Admin/index.php/MisAutoAhf/edit/id/17 | NOTIC: [8] Undefined index: main MisAutoAhfAction.class.php 第 63 行.
[ 2018-10-09T17:47:39+08:00 ] /Admin/index.php/MisAutoAhf/edit/id/17 | NOTIC: [2] Missing argument 1 for getModelFilterByNodeSetting(), called in E:\phpStudy\PHPTutorial\WWW\modelSys\Admin\Lib\Model\MisAutoAhfViewModel.class.php on line 16 and defined common.php 第 4023 行.
[ 2018-10-09T17:47:39+08:00 ] /Admin/index.php/MisAutoAhf/edit/id/17 | NOTIC: [8] Undefined index: nodeActionName1 common.php 第 4027 行.
[ 2018-10-09T17:47:39+08:00 ] /Admin/index.php/MisAutoAhf/edit/id/17 | NOTIC: [8] Undefined index: nodeAuditId1 common.php 第 4029 行.
[ 2018-10-09T17:47:39+08:00 ] /Admin/index.php/MisAutoAhf/edit/id/17 | NOTIC: [8] Undefined index: nodeActionName1 common.php 第 4027 行.
[ 2018-10-09T17:47:39+08:00 ] /Admin/index.php/MisAutoAhf/edit/id/17 | NOTIC: [8] Undefined index: nodeAuditId1 common.php 第 4029 行.
[ 2018-10-09T17:47:39+08:00 ] /Admin/index.php/MisAutoAhf/edit/id/17 | NOTIC: [8] Undefined index: extendwhere Model.class.php 第 278 行.
[ 2018-10-09T17:47:39+08:00 ] /Admin/index.php/MisAutoAhf/edit/id/17 | SQL: SHOW COLUMNS FROM `mis_auto_pzfuk` [ 执行文件：，行号:，运行时间:0.0050s ]
[ 2018-10-09T17:47:39+08:00 ] /Admin/index.php/MisAutoAhf/edit/id/17 | SQL: SHOW COLUMNS FROM `mis_auto_pzfuk` [ 执行文件：，行号:，运行时间:0.0050s ]
[ 2018-10-09T17:47:39+08:00 ] /Admin/index.php/MisAutoAhf/edit/id/17 | SQL: SELECT mis_auto_pzfuk.id AS id,mis_auto_pzfuk.testman AS testman,mis_auto_pzfuk.bindid AS bindid,mis_auto_pzfuk.orderno AS orderno,mis_auto_pzfuk.status AS status,mis_auto_pzfuk.companyid AS companyid,mis_auto_pzfuk.createid AS createid,mis_auto_pzfuk.createtime AS createtime,mis_auto_pzfuk.updateid AS updateid,mis_auto_pzfuk.updatetime AS updatetime,mis_auto_pzfuk.operateid AS operateid,mis_auto_pzfuk.departmentid AS departmentid,mis_auto_pzfuk.projectid AS projectid,mis_auto_pzfuk.projectworkid AS projectworkid,mis_auto_pzfuk.sysdutyid AS sysdutyid,mis_auto_pzfuk.relationmodelname AS relationmodelname,mis_auto_pzfuk.auditUser AS auditUser,mis_auto_pzfuk.ptmptid AS ptmptid,mis_auto_pzfuk.flowid AS flowid,mis_auto_pzfuk.ostatus AS ostatus,mis_auto_pzfuk.auditState AS auditState,mis_auto_pzfuk.curAuditUser AS curAuditUser,mis_auto_pzfuk.curNodeUser AS curNodeUser,mis_auto_pzfuk.alreadyAuditUser AS alreadyAuditUser,mis_auto_pzfuk.alreadyauditnode AS alreadyauditnode,mis_auto_pzfuk.allnode AS allnode,mis_auto_pzfuk.informpersonid AS informpersonid,mis_auto_pzfuk.parentid AS parentid,mis_auto_pzfuk.name AS name FROM mis_auto_pzfuk mis_auto_pzfuk WHERE ( mis_auto_pzfuk.id = '17' ) LIMIT 1   [ 执行文件：E:\phpStudy\PHPTutorial\WWW\modelSys\Admin\Lib\Action\CommonAction.class.php，行号:2891，运行时间:0.0010s ]
[ 2018-10-09T17:47:39+08:00 ] /Admin/index.php/MisAutoAhf/edit/id/17 | SQL: SELECT mis_auto_pzfuk.id AS id,mis_auto_pzfuk.testman AS testman,mis_auto_pzfuk.bindid AS bindid,mis_auto_pzfuk.orderno AS orderno,mis_auto_pzfuk.status AS status,mis_auto_pzfuk.companyid AS companyid,mis_auto_pzfuk.createid AS createid,mis_auto_pzfuk.createtime AS createtime,mis_auto_pzfuk.updateid AS updateid,mis_auto_pzfuk.updatetime AS updatetime,mis_auto_pzfuk.operateid AS operateid,mis_auto_pzfuk.departmentid AS departmentid,mis_auto_pzfuk.projectid AS projectid,mis_auto_pzfuk.projectworkid AS projectworkid,mis_auto_pzfuk.sysdutyid AS sysdutyid,mis_auto_pzfuk.relationmodelname AS relationmodelname,mis_auto_pzfuk.auditUser AS auditUser,mis_auto_pzfuk.ptmptid AS ptmptid,mis_auto_pzfuk.flowid AS flowid,mis_auto_pzfuk.ostatus AS ostatus,mis_auto_pzfuk.auditState AS auditState,mis_auto_pzfuk.curAuditUser AS curAuditUser,mis_auto_pzfuk.curNodeUser AS curNodeUser,mis_auto_pzfuk.alreadyAuditUser AS alreadyAuditUser,mis_auto_pzfuk.alreadyauditnode AS alreadyauditnode,mis_auto_pzfuk.allnode AS allnode,mis_auto_pzfuk.informpersonid AS informpersonid,mis_auto_pzfuk.parentid AS parentid,mis_auto_pzfuk.name AS name FROM mis_auto_pzfuk mis_auto_pzfuk WHERE ( mis_auto_pzfuk.id = '17' ) LIMIT 1   [ 执行文件：E:\phpStudy\PHPTutorial\WWW\modelSys\Admin\Lib\Action\CommonAction.class.php，行号:2891，运行时间:0.0010s ]
[ 2018-10-09T17:47:39+08:00 ] /Admin/index.php/MisAutoAhf/edit/id/17 | SQL: SHOW COLUMNS FROM `process_info` [ 执行文件：E:\phpStudy\PHPTutorial\WWW\modelSys\Admin\Lib\Action\CommonAction.class.php，行号:2891，运行时间:0.0060s ]
[ 2018-10-09T17:47:39+08:00 ] /Admin/index.php/MisAutoAhf/edit/id/17 | SQL: SHOW COLUMNS FROM `process_info` [ 执行文件：E:\phpStudy\PHPTutorial\WWW\modelSys\Admin\Lib\Action\CommonAction.class.php，行号:2891，运行时间:0.0060s ]
[ 2018-10-09T17:47:39+08:00 ] /Admin/index.php/MisAutoAhf/edit/id/17 | NOTIC: [8] Undefined index: nodeActionName1 common.php 第 4027 行.
[ 2018-10-09T17:47:39+08:00 ] /Admin/index.php/MisAutoAhf/edit/id/17 | NOTIC: [8] Undefined index: nodeAuditId1 common.php 第 4029 行.
[ 2018-10-09T17:47:39+08:00 ] /Admin/index.php/MisAutoAhf/edit/id/17 | NOTIC: [8] Undefined index: extendwhere Model.class.php 第 278 行.
[ 2018-10-09T17:47:39+08:00 ] /Admin/index.php/MisAutoAhf/edit/id/17 | SQL: SELECT * FROM `process_info` WHERE ( `nodename` = 'MisAutoAhf' ) AND ( `status` = 1 ) AND ( `default` = 1 ) AND ( `catgory` = 1 ) LIMIT 1   [ 执行文件：E:\phpStudy\PHPTutorial\WWW\modelSys\Admin\Lib\Model\ProcessInfoModel.class.php，行号:51，运行时间:0.0010s ]
[ 2018-10-09T17:47:39+08:00 ] /Admin/index.php/MisAutoAhf/edit/id/17 | SQL: SELECT * FROM `process_info` WHERE ( `nodename` = 'MisAutoAhf' ) AND ( `status` = 1 ) AND ( `default` = 1 ) AND ( `catgory` = 1 ) LIMIT 1   [ 执行文件：E:\phpStudy\PHPTutorial\WWW\modelSys\Admin\Lib\Model\ProcessInfoModel.class.php，行号:51，运行时间:0.0010s ]
[ 2018-10-09T17:47:39+08:00 ] /Admin/index.php/MisAutoAhf/edit/id/17 | NOTIC: [8] Undefined index: fieldtype MisAutoAhfAction.class.php 第 14 行.
[ 2018-10-09T17:47:39+08:00 ] /Admin/index.php/MisAutoAhf/edit/id/17 | NOTIC: [8] Undefined index: bindaname MisAutoAhfAction.class.php 第 15 行.
[ 2018-10-09T17:47:39+08:00 ] /Admin/index.php/MisAutoAhf/edit/id/17 | NOTIC: [8] Undefined variable: data common.php 第 543 行.
[ 2018-10-09T17:47:39+08:00 ] /Admin/index.php/MisAutoAhf/edit/id/17 | NOTIC: [8] Undefined index: extendwhere Model.class.php 第 278 行.
[ 2018-10-09T17:47:39+08:00 ] /Admin/index.php/MisAutoAhf/edit/id/17 | SQL: SELECT mis_auto_pzfuk.id AS id FROM mis_auto_pzfuk mis_auto_pzfuk WHERE ( mis_auto_pzfuk.id < '17' ) AND ( mis_auto_pzfuk.allnode = 'MisAutoAhf' ) ORDER BY mis_auto_pzfuk.id desc LIMIT 1   [ 执行文件：E:\phpStudy\PHPTutorial\WWW\modelSys\Admin\Lib\Action\CommonAction.class.php，行号:2939，运行时间:0.0010s ]
[ 2018-10-09T17:47:39+08:00 ] /Admin/index.php/MisAutoAhf/edit/id/17 | SQL: SELECT mis_auto_pzfuk.id AS id FROM mis_auto_pzfuk mis_auto_pzfuk WHERE ( mis_auto_pzfuk.id < '17' ) AND ( mis_auto_pzfuk.allnode = 'MisAutoAhf' ) ORDER BY mis_auto_pzfuk.id desc LIMIT 1   [ 执行文件：E:\phpStudy\PHPTutorial\WWW\modelSys\Admin\Lib\Action\CommonAction.class.php，行号:2939，运行时间:0.0010s ]
[ 2018-10-09T17:47:39+08:00 ] /Admin/index.php/MisAutoAhf/edit/id/17 | NOTIC: [8] Undefined index: extendwhere Model.class.php 第 278 行.
[ 2018-10-09T17:47:39+08:00 ] /Admin/index.php/MisAutoAhf/edit/id/17 | SQL: SELECT mis_auto_pzfuk.id AS id FROM mis_auto_pzfuk mis_auto_pzfuk WHERE ( mis_auto_pzfuk.id > '17' ) AND ( mis_auto_pzfuk.allnode = 'MisAutoAhf' ) LIMIT 1   [ 执行文件：E:\phpStudy\PHPTutorial\WWW\modelSys\Admin\Lib\Action\CommonAction.class.php，行号:2943，运行时间:0.0000s ]
[ 2018-10-09T17:47:39+08:00 ] /Admin/index.php/MisAutoAhf/edit/id/17 | SQL: SELECT mis_auto_pzfuk.id AS id FROM mis_auto_pzfuk mis_auto_pzfuk WHERE ( mis_auto_pzfuk.id > '17' ) AND ( mis_auto_pzfuk.allnode = 'MisAutoAhf' ) LIMIT 1   [ 执行文件：E:\phpStudy\PHPTutorial\WWW\modelSys\Admin\Lib\Action\CommonAction.class.php，行号:2943，运行时间:0.0000s ]
[ 2018-10-09T17:47:39+08:00 ] /Admin/index.php/MisAutoAhf/edit/id/17 | SQL: SHOW COLUMNS FROM `mis_attached_record` [ 执行文件：E:\phpStudy\PHPTutorial\WWW\modelSys\Admin\Lib\Action\CommonAction.class.php，行号:2943，运行时间:0.0050s ]
[ 2018-10-09T17:47:39+08:00 ] /Admin/index.php/MisAutoAhf/edit/id/17 | SQL: SHOW COLUMNS FROM `mis_attached_record` [ 执行文件：E:\phpStudy\PHPTutorial\WWW\modelSys\Admin\Lib\Action\CommonAction.class.php，行号:2943，运行时间:0.0050s ]
[ 2018-10-09T17:47:39+08:00 ] /Admin/index.php/MisAutoAhf/edit/id/17 | NOTIC: [8] Undefined index: nodeActionName1 common.php 第 4027 行.
[ 2018-10-09T17:47:39+08:00 ] /Admin/index.php/MisAutoAhf/edit/id/17 | NOTIC: [8] Undefined index: nodeAuditId1 common.php 第 4029 行.
[ 2018-10-09T17:47:39+08:00 ] /Admin/index.php/MisAutoAhf/edit/id/17 | NOTIC: [8] Undefined index: extendwhere Model.class.php 第 278 行.
[ 2018-10-09T17:47:39+08:00 ] /Admin/index.php/MisAutoAhf/edit/id/17 | SQL: SELECT * FROM `mis_attached_record` WHERE ( `tableid` = '17' ) AND ( `status` = 1 ) AND ( `tablename` = 'MisAutoAhf' )  [ 执行文件：E:\phpStudy\PHPTutorial\WWW\modelSys\Admin\Lib\Action\CommonAction.class.php，行号:6884，运行时间:0.0000s ]
[ 2018-10-09T17:47:39+08:00 ] /Admin/index.php/MisAutoAhf/edit/id/17 | SQL: SELECT * FROM `mis_attached_record` WHERE ( `tableid` = '17' ) AND ( `status` = 1 ) AND ( `tablename` = 'MisAutoAhf' )  [ 执行文件：E:\phpStudy\PHPTutorial\WWW\modelSys\Admin\Lib\Action\CommonAction.class.php，行号:6884，运行时间:0.0000s ]
[ 2018-10-09T17:47:39+08:00 ] /Admin/index.php/MisAutoAhf/edit/id/17 | NOTIC: [2] Invalid argument supplied for foreach() CommonAction.class.php 第 6886 行.
[ 2018-10-09T17:47:39+08:00 ] /Admin/index.php/MisAutoAhf/edit/id/17 | NOTIC: [2] Invalid argument supplied for foreach() CommonAction.class.php 第 6908 行.
[ 2018-10-09T17:47:39+08:00 ] /Admin/index.php/MisAutoAhf/edit/id/17 | SQL: SHOW COLUMNS FROM `mis_address_record` [ 执行文件：E:\phpStudy\PHPTutorial\WWW\modelSys\Admin\Lib\Action\CommonAction.class.php，行号:6884，运行时间:0.0050s ]
[ 2018-10-09T17:47:39+08:00 ] /Admin/index.php/MisAutoAhf/edit/id/17 | SQL: SHOW COLUMNS FROM `mis_address_record` [ 执行文件：E:\phpStudy\PHPTutorial\WWW\modelSys\Admin\Lib\Action\CommonAction.class.php，行号:6884，运行时间:0.0050s ]
[ 2018-10-09T17:47:39+08:00 ] /Admin/index.php/MisAutoAhf/edit/id/17 | NOTIC: [8] Undefined index: extendwhere Model.class.php 第 278 行.
[ 2018-10-09T17:47:39+08:00 ] /Admin/index.php/MisAutoAhf/edit/id/17 | SQL: SELECT * FROM `mis_address_record` WHERE ( `tablename` = 'MisAutoAhf' ) AND ( `tableid` = 17 )  [ 执行文件：E:\phpStudy\PHPTutorial\WWW\modelSys\Admin\Lib\Action\CommonAction.class.php，行号:2959，运行时间:0.0000s ]
[ 2018-10-09T17:47:39+08:00 ] /Admin/index.php/MisAutoAhf/edit/id/17 | SQL: SELECT * FROM `mis_address_record` WHERE ( `tablename` = 'MisAutoAhf' ) AND ( `tableid` = 17 )  [ 执行文件：E:\phpStudy\PHPTutorial\WWW\modelSys\Admin\Lib\Action\CommonAction.class.php，行号:2959，运行时间:0.0000s ]
[ 2018-10-09T17:47:39+08:00 ] /Admin/index.php/MisAutoAhf/edit/id/17 | NOTIC: [8] Undefined index: nodeActionName1 common.php 第 4027 行.
[ 2018-10-09T17:47:39+08:00 ] /Admin/index.php/MisAutoAhf/edit/id/17 | NOTIC: [8] Undefined index: nodeAuditId1 common.php 第 4029 行.
[ 2018-10-09T17:47:39+08:00 ] /Admin/index.php/MisAutoAhf/edit/id/17 | NOTIC: [2] Missing argument 5 for SystemConfigDetailModel::GetDetailFile(), called in E:\phpStudy\PHPTutorial\WWW\modelSys\Admin\Lib\Model\SystemConfigDetailModel.class.php on line 163 and defined SystemConfigDetailModel.class.php 第 365 行.
[ 2018-10-09T17:47:39+08:00 ] /Admin/index.php/MisAutoAhf/edit/id/17 | NOTIC: [2] Missing argument 2 for CommonModel::getDynamicFileName(), called in E:\phpStudy\PHPTutorial\WWW\modelSys\Admin\Lib\Model\SystemConfigDetailModel.class.php on line 375 and defined CommonModel.class.php 第 636 行.
[ 2018-10-09T17:47:39+08:00 ] /Admin/index.php/MisAutoAhf/edit/id/17 | NOTIC: [2] Missing argument 5 for SystemConfigDetailModel::GetDetailFile(), called in E:\phpStudy\PHPTutorial\WWW\modelSys\Admin\Lib\Model\SystemConfigDetailModel.class.php on line 165 and defined SystemConfigDetailModel.class.php 第 365 行.
[ 2018-10-09T17:47:39+08:00 ] /Admin/index.php/MisAutoAhf/edit/id/17 | NOTIC: [2] Missing argument 2 for CommonModel::getDynamicFileName(), called in E:\phpStudy\PHPTutorial\WWW\modelSys\Admin\Lib\Model\SystemConfigDetailModel.class.php on line 375 and defined CommonModel.class.php 第 636 行.
[ 2018-10-09T17:47:39+08:00 ] /Admin/index.php/MisAutoAhf/edit/id/17 | NOTIC: [8] Undefined index: methods CommonAction.class.php 第 2317 行.
[ 2018-10-09T17:47:39+08:00 ] /Admin/index.php/MisAutoAhf/edit/id/17 | NOTIC: [8] Undefined index: helpvalue CommonAction.class.php 第 2419 行.
[ 2018-10-09T17:47:39+08:00 ] /Admin/index.php/MisAutoAhf/edit/id/17 | NOTIC: [8] Undefined index: helpvalue CommonAction.class.php 第 2419 行.
[ 2018-10-09T17:47:39+08:00 ] /Admin/index.php/MisAutoAhf/edit/id/17 | NOTIC: [8] Undefined index: helpvalue CommonAction.class.php 第 2419 行.
[ 2018-10-09T17:47:39+08:00 ] /Admin/index.php/MisAutoAhf/edit/id/17 | NOTIC: [8] Undefined offset: 1 CommonAction.class.php 第 2323 行.
[ 2018-10-09T17:47:39+08:00 ] /Admin/index.php/MisAutoAhf/edit/id/17 | NOTIC: [8] Undefined offset: 1 CommonAction.class.php 第 2326 行.
[ 2018-10-09T17:47:39+08:00 ] /Admin/index.php/MisAutoAhf/edit/id/17 | NOTIC: [8] Undefined offset: 1 CommonAction.class.php 第 2327 行.
[ 2018-10-09T17:47:39+08:00 ] /Admin/index.php/MisAutoAhf/edit/id/17 | NOTIC: [8] Undefined offset: 1 CommonAction.class.php 第 2328 行.
[ 2018-10-09T17:47:39+08:00 ] /Admin/index.php/MisAutoAhf/edit/id/17 | NOTIC: [8] Undefined offset: 1 CommonAction.class.php 第 2328 行.
[ 2018-10-09T17:47:39+08:00 ] /Admin/index.php/MisAutoAhf/edit/id/17 | NOTIC: [8] Undefined variable: normArray CommonAction.class.php 第 2328 行.
[ 2018-10-09T17:47:39+08:00 ] /Admin/index.php/MisAutoAhf/edit/id/17 | NOTIC: [8] Undefined index: helpvalue CommonAction.class.php 第 2419 行.
[ 2018-10-09T17:47:39+08:00 ] /Admin/index.php/MisAutoAhf/edit/id/17 | NOTIC: [8] Undefined index: status CommonAction.class.php 第 2315 行.
[ 2018-10-09T17:47:39+08:00 ] /Admin/index.php/MisAutoAhf/edit/id/17 | NOTIC: [8] Undefined index: methods CommonAction.class.php 第 2317 行.
[ 2018-10-09T17:47:39+08:00 ] /Admin/index.php/MisAutoAhf/edit/id/17 | NOTIC: [8] Undefined index: helpvalue CommonAction.class.php 第 2419 行.
[ 2018-10-09T17:47:39+08:00 ] /Admin/index.php/MisAutoAhf/edit/id/17 | NOTIC: [8] Undefined index: status CommonAction.class.php 第 2315 行.
[ 2018-10-09T17:47:39+08:00 ] /Admin/index.php/MisAutoAhf/edit/id/17 | NOTIC: [8] Undefined index: methods CommonAction.class.php 第 2317 行.
[ 2018-10-09T17:47:39+08:00 ] /Admin/index.php/MisAutoAhf/edit/id/17 | NOTIC: [8] Undefined index: helpvalue CommonAction.class.php 第 2419 行.
[ 2018-10-09T17:47:39+08:00 ] /Admin/index.php/MisAutoAhf/edit/id/17 | NOTIC: [8] Undefined index: status CommonAction.class.php 第 2315 行.
[ 2018-10-09T17:47:39+08:00 ] /Admin/index.php/MisAutoAhf/edit/id/17 | NOTIC: [8] Undefined index: methods CommonAction.class.php 第 2317 行.
[ 2018-10-09T17:47:39+08:00 ] /Admin/index.php/MisAutoAhf/edit/id/17 | SQL: SHOW COLUMNS FROM `mis_system_company` [ 执行文件：E:\phpStudy\PHPTutorial\WWW\modelSys\Admin\Lib\Action\CommonAction.class.php，行号:2959，运行时间:0.0050s ]
[ 2018-10-09T17:47:39+08:00 ] /Admin/index.php/MisAutoAhf/edit/id/17 | SQL: SHOW COLUMNS FROM `mis_system_company` [ 执行文件：E:\phpStudy\PHPTutorial\WWW\modelSys\Admin\Lib\Action\CommonAction.class.php，行号:2959，运行时间:0.0050s ]
[ 2018-10-09T17:47:39+08:00 ] /Admin/index.php/MisAutoAhf/edit/id/17 | NOTIC: [8] Undefined index: nodeActionName1 common.php 第 4027 行.
[ 2018-10-09T17:47:39+08:00 ] /Admin/index.php/MisAutoAhf/edit/id/17 | NOTIC: [8] Undefined index: nodeAuditId1 common.php 第 4029 行.
[ 2018-10-09T17:47:39+08:00 ] /Admin/index.php/MisAutoAhf/edit/id/17 | NOTIC: [8] Undefined index: relation CommonAction.class.php 第 2347 行.
[ 2018-10-09T17:47:39+08:00 ] /Admin/index.php/MisAutoAhf/edit/id/17 | NOTIC: [8] Undefined variable: data common.php 第 543 行.
[ 2018-10-09T17:47:39+08:00 ] /Admin/index.php/MisAutoAhf/edit/id/17 | NOTIC: [8] Undefined index: methods CommonAction.class.php 第 2348 行.
[ 2018-10-09T17:47:39+08:00 ] /Admin/index.php/MisAutoAhf/edit/id/17 | NOTIC: [8] Undefined index: helpvalue CommonAction.class.php 第 2419 行.
[ 2018-10-09T17:47:39+08:00 ] /Admin/index.php/MisAutoAhf/edit/id/17 | NOTIC: [8] Undefined index: status CommonAction.class.php 第 2315 行.
[ 2018-10-09T17:47:39+08:00 ] /Admin/index.php/MisAutoAhf/edit/id/17 | NOTIC: [8] Undefined index: methods CommonAction.class.php 第 2317 行.
[ 2018-10-09T17:47:39+08:00 ] /Admin/index.php/MisAutoAhf/edit/id/17 | NOTIC: [8] Undefined index: nodeActionName1 common.php 第 4027 行.
[ 2018-10-09T17:47:39+08:00 ] /Admin/index.php/MisAutoAhf/edit/id/17 | NOTIC: [8] Undefined index: nodeAuditId1 common.php 第 4029 行.
[ 2018-10-09T17:47:39+08:00 ] /Admin/index.php/MisAutoAhf/edit/id/17 | NOTIC: [8] Undefined index: relation CommonAction.class.php 第 2347 行.
[ 2018-10-09T17:47:39+08:00 ] /Admin/index.php/MisAutoAhf/edit/id/17 | NOTIC: [8] Undefined variable: data common.php 第 543 行.
[ 2018-10-09T17:47:39+08:00 ] /Admin/index.php/MisAutoAhf/edit/id/17 | NOTIC: [8] Undefined index: methods CommonAction.class.php 第 2348 行.
[ 2018-10-09T17:47:39+08:00 ] /Admin/index.php/MisAutoAhf/edit/id/17 | NOTIC: [8] Undefined index: helpvalue CommonAction.class.php 第 2419 行.
[ 2018-10-09T17:47:39+08:00 ] /Admin/index.php/MisAutoAhf/edit/id/17 | NOTIC: [8] Undefined index: status CommonAction.class.php 第 2315 行.
[ 2018-10-09T17:47:39+08:00 ] /Admin/index.php/MisAutoAhf/edit/id/17 | NOTIC: [8] Undefined index: methods CommonAction.class.php 第 2317 行.
[ 2018-10-09T17:47:39+08:00 ] /Admin/index.php/MisAutoAhf/edit/id/17 | NOTIC: [8] Undefined index: helpvalue CommonAction.class.php 第 2419 行.
[ 2018-10-09T17:47:39+08:00 ] /Admin/index.php/MisAutoAhf/edit/id/17 | NOTIC: [8] Undefined index: status CommonAction.class.php 第 2315 行.
[ 2018-10-09T17:47:39+08:00 ] /Admin/index.php/MisAutoAhf/edit/id/17 | NOTIC: [8] Undefined index: methods CommonAction.class.php 第 2317 行.
[ 2018-10-09T17:47:39+08:00 ] /Admin/index.php/MisAutoAhf/edit/id/17 | NOTIC: [8] Undefined index: curModelForDataManage CommonAction.class.php 第 2997 行.
[ 2018-10-09T17:47:39+08:00 ] /Admin/index.php/MisAutoAhf/edit/id/17 | INFO: [ view_template ] --START--
[ 2018-10-09T17:47:39+08:00 ] /Admin/index.php/MisAutoAhf/edit/id/17 | INFO: Tag[ view_template ] --START--
[ 2018-10-09T17:47:39+08:00 ] /Admin/index.php/MisAutoAhf/edit/id/17 | INFO: Run LocationTemplate Behavior [ RunTime:0.001000s ]
[ 2018-10-09T17:47:39+08:00 ] /Admin/index.php/MisAutoAhf/edit/id/17 | INFO: Run LocationTemplate Behavior [ RunTime:0.001000s ]
[ 2018-10-09T17:47:39+08:00 ] /Admin/index.php/MisAutoAhf/edit/id/17 | INFO: [ view_template ] --END-- [ RunTime:0.001000s ]
[ 2018-10-09T17:47:39+08:00 ] /Admin/index.php/MisAutoAhf/edit/id/17 | INFO: Tag[ view_template ] --END-- [ RunTime:0.001000s ]
[ 2018-10-09T17:47:39+08:00 ] /Admin/index.php/MisAutoAhf/edit/id/17 | INFO: [ view_parse ] --START--
[ 2018-10-09T17:47:39+08:00 ] /Admin/index.php/MisAutoAhf/edit/id/17 | INFO: Tag[ view_parse ] --START--
[ 2018-10-09T17:47:39+08:00 ] /Admin/index.php/MisAutoAhf/edit/id/17 | NOTIC: [8] Undefined index: node common.php 第 4091 行.
[ 2018-10-09T17:47:39+08:00 ] /Admin/index.php/MisAutoAhf/edit/id/17 | NOTIC: [8] Undefined variable: main eb7fb7195698d04729c09659e42a0f89.php 第 24 行.
[ 2018-10-09T17:47:39+08:00 ] /Admin/index.php/MisAutoAhf/edit/id/17 | NOTIC: [8] Undefined index: main common.php 第 4402 行.
[ 2018-10-09T17:47:39+08:00 ] /Admin/index.php/MisAutoAhf/edit/id/17 | SQL: SHOW COLUMNS FROM `mis_auto_bind` [ 执行文件：E:\phpStudy\PHPTutorial\WWW\modelSys\Admin\Lib\Action\CommonAction.class.php，行号:2959，运行时间:0.0050s ]
[ 2018-10-09T17:47:39+08:00 ] /Admin/index.php/MisAutoAhf/edit/id/17 | SQL: SHOW COLUMNS FROM `mis_auto_bind` [ 执行文件：E:\phpStudy\PHPTutorial\WWW\modelSys\Admin\Lib\Action\CommonAction.class.php，行号:2959，运行时间:0.0050s ]
[ 2018-10-09T17:47:39+08:00 ] /Admin/index.php/MisAutoAhf/edit/id/17 | NOTIC: [8] Undefined index: nodeActionName1 common.php 第 4027 行.
[ 2018-10-09T17:47:39+08:00 ] /Admin/index.php/MisAutoAhf/edit/id/17 | NOTIC: [8] Undefined index: nodeAuditId1 common.php 第 4029 行.
[ 2018-10-09T17:47:39+08:00 ] /Admin/index.php/MisAutoAhf/edit/id/17 | SQL: SHOW COLUMNS FROM `mis_auto_bind_settable` [ 执行文件：E:\phpStudy\PHPTutorial\WWW\modelSys\Admin\Lib\Action\CommonAction.class.php，行号:2959，运行时间:0.0040s ]
[ 2018-10-09T17:47:39+08:00 ] /Admin/index.php/MisAutoAhf/edit/id/17 | SQL: SHOW COLUMNS FROM `mis_auto_bind_settable` [ 执行文件：E:\phpStudy\PHPTutorial\WWW\modelSys\Admin\Lib\Action\CommonAction.class.php，行号:2959，运行时间:0.0040s ]
[ 2018-10-09T17:47:39+08:00 ] /Admin/index.php/MisAutoAhf/edit/id/17 | NOTIC: [8] Undefined index: nodeActionName1 common.php 第 4027 行.
[ 2018-10-09T17:47:39+08:00 ] /Admin/index.php/MisAutoAhf/edit/id/17 | NOTIC: [8] Undefined index: nodeAuditId1 common.php 第 4029 行.
[ 2018-10-09T17:47:39+08:00 ] /Admin/index.php/MisAutoAhf/edit/id/17 | SQL: SHOW COLUMNS FROM `mis_system_data_roam_sub` [ 执行文件：E:\phpStudy\PHPTutorial\WWW\modelSys\Admin\Lib\Action\CommonAction.class.php，行号:2959，运行时间:0.0040s ]
[ 2018-10-09T17:47:39+08:00 ] /Admin/index.php/MisAutoAhf/edit/id/17 | SQL: SHOW COLUMNS FROM `mis_system_data_roam_sub` [ 执行文件：E:\phpStudy\PHPTutorial\WWW\modelSys\Admin\Lib\Action\CommonAction.class.php，行号:2959，运行时间:0.0040s ]
[ 2018-10-09T17:47:39+08:00 ] /Admin/index.php/MisAutoAhf/edit/id/17 | SQL: SHOW COLUMNS FROM `mis_system_data_roaming` [ 执行文件：E:\phpStudy\PHPTutorial\WWW\modelSys\Admin\Lib\Action\CommonAction.class.php，行号:2959，运行时间:0.0040s ]
[ 2018-10-09T17:47:39+08:00 ] /Admin/index.php/MisAutoAhf/edit/id/17 | SQL: SHOW COLUMNS FROM `mis_system_data_roaming` [ 执行文件：E:\phpStudy\PHPTutorial\WWW\modelSys\Admin\Lib\Action\CommonAction.class.php，行号:2959，运行时间:0.0040s ]
[ 2018-10-09T17:47:39+08:00 ] /Admin/index.php/MisAutoAhf/edit/id/17 | NOTIC: [8] Undefined index: nodeActionName1 common.php 第 4027 行.
[ 2018-10-09T17:47:39+08:00 ] /Admin/index.php/MisAutoAhf/edit/id/17 | NOTIC: [8] Undefined index: nodeAuditId1 common.php 第 4029 行.
[ 2018-10-09T17:47:39+08:00 ] /Admin/index.php/MisAutoAhf/edit/id/17 | SQL: SHOW COLUMNS FROM `mis_dynamic_form_propery` [ 执行文件：E:\phpStudy\PHPTutorial\WWW\modelSys\Admin\Lib\Action\CommonAction.class.php，行号:2959，运行时间:0.0050s ]
[ 2018-10-09T17:47:39+08:00 ] /Admin/index.php/MisAutoAhf/edit/id/17 | SQL: SHOW COLUMNS FROM `mis_dynamic_form_propery` [ 执行文件：E:\phpStudy\PHPTutorial\WWW\modelSys\Admin\Lib\Action\CommonAction.class.php，行号:2959，运行时间:0.0050s ]
[ 2018-10-09T17:47:39+08:00 ] /Admin/index.php/MisAutoAhf/edit/id/17 | NOTIC: [8] Undefined index: nodeActionName1 common.php 第 4027 行.
[ 2018-10-09T17:47:39+08:00 ] /Admin/index.php/MisAutoAhf/edit/id/17 | NOTIC: [8] Undefined index: nodeAuditId1 common.php 第 4029 行.
[ 2018-10-09T17:47:39+08:00 ] /Admin/index.php/MisAutoAhf/edit/id/17 | NOTIC: [2048] Declaration of MisProjectFlowFormModel::getFormList() should be compatible with that of MisSystemFlowFormModel::getFormList() MisProjectFlowFormModel.class.php 第 12 行.
[ 2018-10-09T17:47:39+08:00 ] /Admin/index.php/MisAutoAhf/edit/id/17 | SQL: SHOW COLUMNS FROM `mis_project_flow_form` [ 执行文件：E:\phpStudy\PHPTutorial\WWW\modelSys\Admin\Lib\Action\CommonAction.class.php，行号:2959，运行时间:0.0040s ]
[ 2018-10-09T17:47:39+08:00 ] /Admin/index.php/MisAutoAhf/edit/id/17 | SQL: SHOW COLUMNS FROM `mis_project_flow_form` [ 执行文件：E:\phpStudy\PHPTutorial\WWW\modelSys\Admin\Lib\Action\CommonAction.class.php，行号:2959，运行时间:0.0040s ]
[ 2018-10-09T17:47:39+08:00 ] /Admin/index.php/MisAutoAhf/edit/id/17 | NOTIC: [8] Undefined index: nodeActionName1 common.php 第 4027 行.
[ 2018-10-09T17:47:39+08:00 ] /Admin/index.php/MisAutoAhf/edit/id/17 | NOTIC: [8] Undefined index: nodeAuditId1 common.php 第 4029 行.
[ 2018-10-09T17:47:39+08:00 ] /Admin/index.php/MisAutoAhf/edit/id/17 | NOTIC: [8] Undefined index: nodeActionName1 common.php 第 4027 行.
[ 2018-10-09T17:47:39+08:00 ] /Admin/index.php/MisAutoAhf/edit/id/17 | NOTIC: [8] Undefined index: nodeAuditId1 common.php 第 4029 行.
[ 2018-10-09T17:47:39+08:00 ] /Admin/index.php/MisAutoAhf/edit/id/17 | SQL: SHOW COLUMNS FROM `node` [ 执行文件：E:\phpStudy\PHPTutorial\WWW\modelSys\Admin\Lib\Action\CommonAction.class.php，行号:2959，运行时间:0.0040s ]
[ 2018-10-09T17:47:39+08:00 ] /Admin/index.php/MisAutoAhf/edit/id/17 | SQL: SHOW COLUMNS FROM `node` [ 执行文件：E:\phpStudy\PHPTutorial\WWW\modelSys\Admin\Lib\Action\CommonAction.class.php，行号:2959，运行时间:0.0040s ]
[ 2018-10-09T17:47:39+08:00 ] /Admin/index.php/MisAutoAhf/edit/id/17 | NOTIC: [8] Undefined index: nodeActionName1 common.php 第 4027 行.
[ 2018-10-09T17:47:39+08:00 ] /Admin/index.php/MisAutoAhf/edit/id/17 | NOTIC: [8] Undefined index: nodeAuditId1 common.php 第 4029 行.
[ 2018-10-09T17:47:39+08:00 ] /Admin/index.php/MisAutoAhf/edit/id/17 | SQL: SELECT `name`,`title` FROM `node` WHERE status=1  [ 执行文件：E:\phpStudy\PHPTutorial\WWW\modelSys\Admin\Common\common.php，行号:4429，运行时间:0.0010s ]
[ 2018-10-09T17:47:39+08:00 ] /Admin/index.php/MisAutoAhf/edit/id/17 | SQL: SELECT `name`,`title` FROM `node` WHERE status=1  [ 执行文件：E:\phpStudy\PHPTutorial\WWW\modelSys\Admin\Common\common.php，行号:4429，运行时间:0.0010s ]
[ 2018-10-09T17:47:39+08:00 ] /Admin/index.php/MisAutoAhf/edit/id/17 | SQL: SHOW COLUMNS FROM `mis_auto_bind` [ 执行文件：E:\phpStudy\PHPTutorial\WWW\modelSys\Admin\Common\common.php，行号:4429，运行时间:0.0050s ]
[ 2018-10-09T17:47:39+08:00 ] /Admin/index.php/MisAutoAhf/edit/id/17 | SQL: SHOW COLUMNS FROM `mis_auto_bind` [ 执行文件：E:\phpStudy\PHPTutorial\WWW\modelSys\Admin\Common\common.php，行号:4429，运行时间:0.0050s ]
[ 2018-10-09T17:47:39+08:00 ] /Admin/index.php/MisAutoAhf/edit/id/17 | SQL: SELECT count(*) as _count FROM mis_auto_bind WHERE bindaname ='MisAutoAhf' OR inbindaname='MisAutoAhf' [ 执行文件：E:\phpStudy\PHPTutorial\WWW\modelSys\Admin\Common\common.php，行号:4429，运行时间:0.0000s ]
[ 2018-10-09T17:47:39+08:00 ] /Admin/index.php/MisAutoAhf/edit/id/17 | SQL: SELECT count(*) as _count FROM mis_auto_bind WHERE bindaname ='MisAutoAhf' OR inbindaname='MisAutoAhf' [ 执行文件：E:\phpStudy\PHPTutorial\WWW\modelSys\Admin\Common\common.php，行号:4429，运行时间:0.0000s ]
[ 2018-10-09T17:47:39+08:00 ] /Admin/index.php/MisAutoAhf/edit/id/17 | NOTIC: [8] Undefined index: nodeActionName1 common.php 第 4027 行.
[ 2018-10-09T17:47:39+08:00 ] /Admin/index.php/MisAutoAhf/edit/id/17 | NOTIC: [8] Undefined index: nodeAuditId1 common.php 第 4029 行.
[ 2018-10-09T17:47:39+08:00 ] /Admin/index.php/MisAutoAhf/edit/id/17 | NOTIC: [8] Undefined index: extendwhere Model.class.php 第 278 行.
[ 2018-10-09T17:47:39+08:00 ] /Admin/index.php/MisAutoAhf/edit/id/17 | SQL: SELECT `inbindaname` FROM `mis_auto_bind` WHERE ( `bindaname` = 'MisAutoAhf' ) AND ( `typeid` = 2 ) AND ( 1=1 ) LIMIT 1   [ 执行文件：E:\phpStudy\PHPTutorial\WWW\modelSys\Admin\Common\common.php，行号:541，运行时间:0.0010s ]
[ 2018-10-09T17:47:39+08:00 ] /Admin/index.php/MisAutoAhf/edit/id/17 | SQL: SELECT `inbindaname` FROM `mis_auto_bind` WHERE ( `bindaname` = 'MisAutoAhf' ) AND ( `typeid` = 2 ) AND ( 1=1 ) LIMIT 1   [ 执行文件：E:\phpStudy\PHPTutorial\WWW\modelSys\Admin\Common\common.php，行号:541，运行时间:0.0010s ]
[ 2018-10-09T17:47:39+08:00 ] /Admin/index.php/MisAutoAhf/edit/id/17 | NOTIC: [8] Undefined index: nodeActionName1 common.php 第 4027 行.
[ 2018-10-09T17:47:39+08:00 ] /Admin/index.php/MisAutoAhf/edit/id/17 | NOTIC: [8] Undefined index: nodeAuditId1 common.php 第 4029 行.
[ 2018-10-09T17:47:39+08:00 ] /Admin/index.php/MisAutoAhf/edit/id/17 | NOTIC: [8] Undefined index: extendwhere Model.class.php 第 278 行.
[ 2018-10-09T17:47:39+08:00 ] /Admin/index.php/MisAutoAhf/edit/id/17 | SQL: SELECT `inbindaname` FROM `mis_auto_bind` WHERE ( `bindaname` = 'MisAutoAhf' ) AND ( 1=1 ) LIMIT 1   [ 执行文件：E:\phpStudy\PHPTutorial\WWW\modelSys\Admin\Common\common.php，行号:541，运行时间:0.0010s ]
[ 2018-10-09T17:47:39+08:00 ] /Admin/index.php/MisAutoAhf/edit/id/17 | SQL: SELECT `inbindaname` FROM `mis_auto_bind` WHERE ( `bindaname` = 'MisAutoAhf' ) AND ( 1=1 ) LIMIT 1   [ 执行文件：E:\phpStudy\PHPTutorial\WWW\modelSys\Admin\Common\common.php，行号:541，运行时间:0.0010s ]
[ 2018-10-09T17:47:39+08:00 ] /Admin/index.php/MisAutoAhf/edit/id/17 | NOTIC: [8] Undefined variable: MisAutoBindSettableList common.php 第 4979 行.
[ 2018-10-09T17:47:39+08:00 ] /Admin/index.php/MisAutoAhf/edit/id/17 | NOTIC: [2] Invalid argument supplied for foreach() common.php 第 4979 行.
[ 2018-10-09T17:47:39+08:00 ] /Admin/index.php/MisAutoAhf/edit/id/17 | NOTIC: [8] Undefined variable: MisAutoBindSettableList common.php 第 4988 行.
[ 2018-10-09T17:47:39+08:00 ] /Admin/index.php/MisAutoAhf/edit/id/17 | NOTIC: [8] Undefined index: bindtype common.php 第 5009 行.
[ 2018-10-09T17:47:39+08:00 ] /Admin/index.php/MisAutoAhf/edit/id/17 | NOTIC: [8] Undefined index: viewtype common.php 第 5014 行.
[ 2018-10-09T17:47:39+08:00 ] /Admin/index.php/MisAutoAhf/edit/id/17 | SQL: SHOW COLUMNS FROM `mis_auto_bind` [ 执行文件：E:\phpStudy\PHPTutorial\WWW\modelSys\Admin\Common\common.php，行号:541，运行时间:0.0050s ]
[ 2018-10-09T17:47:39+08:00 ] /Admin/index.php/MisAutoAhf/edit/id/17 | SQL: SHOW COLUMNS FROM `mis_auto_bind` [ 执行文件：E:\phpStudy\PHPTutorial\WWW\modelSys\Admin\Common\common.php，行号:541，运行时间:0.0050s ]
[ 2018-10-09T17:47:39+08:00 ] /Admin/index.php/MisAutoAhf/edit/id/17 | NOTIC: [8] Undefined index: nodeActionName1 common.php 第 4027 行.
[ 2018-10-09T17:47:39+08:00 ] /Admin/index.php/MisAutoAhf/edit/id/17 | NOTIC: [8] Undefined index: nodeAuditId1 common.php 第 4029 行.
[ 2018-10-09T17:47:39+08:00 ] /Admin/index.php/MisAutoAhf/edit/id/17 | NOTIC: [8] Undefined index: extendwhere Model.class.php 第 278 行.
[ 2018-10-09T17:47:39+08:00 ] /Admin/index.php/MisAutoAhf/edit/id/17 | SQL: SELECT `bindresult` FROM `mis_auto_bind` WHERE ( `bindaname` = 'MisAutoAhf' ) AND ( `typeid` = 0 ) AND ( 1=1 ) LIMIT 1   [ 执行文件：E:\phpStudy\PHPTutorial\WWW\modelSys\Admin\Common\common.php，行号:541，运行时间:0.0010s ]
[ 2018-10-09T17:47:39+08:00 ] /Admin/index.php/MisAutoAhf/edit/id/17 | SQL: SELECT `bindresult` FROM `mis_auto_bind` WHERE ( `bindaname` = 'MisAutoAhf' ) AND ( `typeid` = 0 ) AND ( 1=1 ) LIMIT 1   [ 执行文件：E:\phpStudy\PHPTutorial\WWW\modelSys\Admin\Common\common.php，行号:541，运行时间:0.0010s ]
[ 2018-10-09T17:47:39+08:00 ] /Admin/index.php/MisAutoAhf/edit/id/17 | NOTIC: [8] Undefined index: nodeActionName1 common.php 第 4027 行.
[ 2018-10-09T17:47:39+08:00 ] /Admin/index.php/MisAutoAhf/edit/id/17 | NOTIC: [8] Undefined index: nodeAuditId1 common.php 第 4029 行.
[ 2018-10-09T17:47:39+08:00 ] /Admin/index.php/MisAutoAhf/edit/id/17 | NOTIC: [8] Undefined index: extendwhere Model.class.php 第 278 行.
[ 2018-10-09T17:47:39+08:00 ] /Admin/index.php/MisAutoAhf/edit/id/17 | SQL: SELECT `bindval` FROM `mis_auto_bind` WHERE ( `bindaname` = 'MisAutoAhf' ) AND ( `typeid` = 2 ) AND ( 1=1 ) LIMIT 1   [ 执行文件：E:\phpStudy\PHPTutorial\WWW\modelSys\Admin\Common\common.php，行号:541，运行时间:0.0010s ]
[ 2018-10-09T17:47:39+08:00 ] /Admin/index.php/MisAutoAhf/edit/id/17 | SQL: SELECT `bindval` FROM `mis_auto_bind` WHERE ( `bindaname` = 'MisAutoAhf' ) AND ( `typeid` = 2 ) AND ( 1=1 ) LIMIT 1   [ 执行文件：E:\phpStudy\PHPTutorial\WWW\modelSys\Admin\Common\common.php，行号:541，运行时间:0.0010s ]
[ 2018-10-09T17:47:39+08:00 ] /Admin/index.php/MisAutoAhf/edit/id/17 | NOTIC: [8] Undefined variable: jshtml common.php 第 5083 行.
[ 2018-10-09T17:47:39+08:00 ] /Admin/index.php/MisAutoAhf/edit/id/17 | NOTIC: [8] Undefined variable: foothtml common.php 第 5085 行.
[ 2018-10-09T17:47:39+08:00 ] /Admin/index.php/MisAutoAhf/edit/id/17 | NOTIC: [8] Undefined variable: main eb7fb7195698d04729c09659e42a0f89.php 第 25 行.
[ 2018-10-09T17:47:39+08:00 ] /Admin/index.php/MisAutoAhf/edit/id/17 | SQL: SELECT count(*) as _count FROM mis_auto_bind WHERE bindaname ='MisAutoAhf' OR inbindaname='MisAutoAhf' [ 执行文件：E:\phpStudy\PHPTutorial\WWW\modelSys\Admin\Common\common.php，行号:541，运行时间:0.0000s ]
[ 2018-10-09T17:47:39+08:00 ] /Admin/index.php/MisAutoAhf/edit/id/17 | SQL: SELECT count(*) as _count FROM mis_auto_bind WHERE bindaname ='MisAutoAhf' OR inbindaname='MisAutoAhf' [ 执行文件：E:\phpStudy\PHPTutorial\WWW\modelSys\Admin\Common\common.php，行号:541，运行时间:0.0000s ]
[ 2018-10-09T17:47:39+08:00 ] /Admin/index.php/MisAutoAhf/edit/id/17 | NOTIC: [8] Use of undefined constant MisAutoAhf - assumed 'MisAutoAhf' eb7fb7195698d04729c09659e42a0f89.php 第 27 行.
[ 2018-10-09T17:47:39+08:00 ] /Admin/index.php/MisAutoAhf/edit/id/17 | NOTIC: [8] Undefined index: main eb7fb7195698d04729c09659e42a0f89.php 第 30 行.
[ 2018-10-09T17:47:39+08:00 ] /Admin/index.php/MisAutoAhf/edit/id/17 | NOTIC: [8] Undefined index: bindaname eb7fb7195698d04729c09659e42a0f89.php 第 30 行.
[ 2018-10-09T17:47:39+08:00 ] /Admin/index.php/MisAutoAhf/edit/id/17 | NOTIC: [8] Undefined index: auditFlowTuiTablename HiddenInputWidget.class.php 第 22 行.
[ 2018-10-09T17:47:39+08:00 ] /Admin/index.php/MisAutoAhf/edit/id/17 | NOTIC: [8] Undefined index: auditFlowTuiTableid HiddenInputWidget.class.php 第 23 行.
[ 2018-10-09T17:47:39+08:00 ] /Admin/index.php/MisAutoAhf/edit/id/17 | NOTIC: [8] Undefined index: auditZhuLicModel HiddenInputWidget.class.php 第 25 行.
[ 2018-10-09T17:47:39+08:00 ] /Admin/index.php/MisAutoAhf/edit/id/17 | NOTIC: [8] Undefined index: auditZhuLicId HiddenInputWidget.class.php 第 26 行.
[ 2018-10-09T17:47:39+08:00 ] /Admin/index.php/MisAutoAhf/edit/id/17 | NOTIC: [8] Undefined variable: shujukumingcheng eb7fb7195698d04729c09659e42a0f89.php 第 41 行.
[ 2018-10-09T17:47:39+08:00 ] /Admin/index.php/MisAutoAhf/edit/id/17 | NOTIC: [8] Undefined index: viewtype eb7fb7195698d04729c09659e42a0f89.php 第 43 行.
[ 2018-10-09T17:47:39+08:00 ] /Admin/index.php/MisAutoAhf/edit/id/17 | NOTIC: [8] Undefined index: main eb7fb7195698d04729c09659e42a0f89.php 第 43 行.
[ 2018-10-09T17:47:39+08:00 ] /Admin/index.php/MisAutoAhf/edit/id/17 | NOTIC: [8] Undefined index: nodeActionName1 common.php 第 4027 行.
[ 2018-10-09T17:47:39+08:00 ] /Admin/index.php/MisAutoAhf/edit/id/17 | NOTIC: [8] Undefined index: nodeAuditId1 common.php 第 4029 行.
[ 2018-10-09T17:47:39+08:00 ] /Admin/index.php/MisAutoAhf/edit/id/17 | NOTIC: [2] Missing argument 5 for SystemConfigDetailModel::GetDetailFile(), called in E:\phpStudy\PHPTutorial\WWW\modelSys\Admin\Lib\Model\SystemConfigDetailModel.class.php on line 163 and defined SystemConfigDetailModel.class.php 第 365 行.
[ 2018-10-09T17:47:39+08:00 ] /Admin/index.php/MisAutoAhf/edit/id/17 | NOTIC: [2] Missing argument 2 for CommonModel::getDynamicFileName(), called in E:\phpStudy\PHPTutorial\WWW\modelSys\Admin\Lib\Model\SystemConfigDetailModel.class.php on line 375 and defined CommonModel.class.php 第 636 行.
[ 2018-10-09T17:47:39+08:00 ] /Admin/index.php/MisAutoAhf/edit/id/17 | NOTIC: [2] Missing argument 5 for SystemConfigDetailModel::GetDetailFile(), called in E:\phpStudy\PHPTutorial\WWW\modelSys\Admin\Lib\Model\SystemConfigDetailModel.class.php on line 165 and defined SystemConfigDetailModel.class.php 第 365 行.
[ 2018-10-09T17:47:39+08:00 ] /Admin/index.php/MisAutoAhf/edit/id/17 | NOTIC: [2] Missing argument 2 for CommonModel::getDynamicFileName(), called in E:\phpStudy\PHPTutorial\WWW\modelSys\Admin\Lib\Model\SystemConfigDetailModel.class.php on line 375 and defined CommonModel.class.php 第 636 行.
[ 2018-10-09T17:47:39+08:00 ] /Admin/index.php/MisAutoAhf/edit/id/17 | NOTIC: [8] Undefined index: projectid SystemConfigDetailModel.class.php 第 203 行.
[ 2018-10-09T17:47:39+08:00 ] /Admin/index.php/MisAutoAhf/edit/id/17 | NOTIC: [8] Undefined index: extendurl SystemConfigDetailModel.class.php 第 207 行.
[ 2018-10-09T17:47:39+08:00 ] /Admin/index.php/MisAutoAhf/edit/id/17 | NOTIC: [8] Undefined index: projectid SystemConfigDetailModel.class.php 第 203 行.
[ 2018-10-09T17:47:39+08:00 ] /Admin/index.php/MisAutoAhf/edit/id/17 | NOTIC: [8] Undefined index: extendurl SystemConfigDetailModel.class.php 第 207 行.
[ 2018-10-09T17:47:39+08:00 ] /Admin/index.php/MisAutoAhf/edit/id/17 | NOTIC: [8] Undefined index: projectid SystemConfigDetailModel.class.php 第 203 行.
[ 2018-10-09T17:47:39+08:00 ] /Admin/index.php/MisAutoAhf/edit/id/17 | NOTIC: [8] Undefined index: extendurl SystemConfigDetailModel.class.php 第 207 行.
[ 2018-10-09T17:47:39+08:00 ] /Admin/index.php/MisAutoAhf/edit/id/17 | NOTIC: [8] Undefined index: projectid SystemConfigDetailModel.class.php 第 203 行.
[ 2018-10-09T17:47:39+08:00 ] /Admin/index.php/MisAutoAhf/edit/id/17 | NOTIC: [8] Undefined index: extendurl SystemConfigDetailModel.class.php 第 207 行.
[ 2018-10-09T17:47:39+08:00 ] /Admin/index.php/MisAutoAhf/edit/id/17 | NOTIC: [8] Undefined index: projectid SystemConfigDetailModel.class.php 第 203 行.
[ 2018-10-09T17:47:39+08:00 ] /Admin/index.php/MisAutoAhf/edit/id/17 | NOTIC: [8] Undefined index: extendurl SystemConfigDetailModel.class.php 第 207 行.
[ 2018-10-09T17:47:39+08:00 ] /Admin/index.php/MisAutoAhf/edit/id/17 | NOTIC: [8] Undefined index: projectid SystemConfigDetailModel.class.php 第 203 行.
[ 2018-10-09T17:47:39+08:00 ] /Admin/index.php/MisAutoAhf/edit/id/17 | NOTIC: [8] Undefined index: extendurl SystemConfigDetailModel.class.php 第 207 行.
[ 2018-10-09T17:47:39+08:00 ] /Admin/index.php/MisAutoAhf/edit/id/17 | NOTIC: [8] Undefined index: projectid SystemConfigDetailModel.class.php 第 203 行.
[ 2018-10-09T17:47:39+08:00 ] /Admin/index.php/MisAutoAhf/edit/id/17 | NOTIC: [8] Undefined index: extendurl SystemConfigDetailModel.class.php 第 207 行.
[ 2018-10-09T17:47:39+08:00 ] /Admin/index.php/MisAutoAhf/edit/id/17 | NOTIC: [8] Undefined index: projectid SystemConfigDetailModel.class.php 第 203 行.
[ 2018-10-09T17:47:39+08:00 ] /Admin/index.php/MisAutoAhf/edit/id/17 | NOTIC: [8] Undefined index: extendurl SystemConfigDetailModel.class.php 第 207 行.
[ 2018-10-09T17:47:39+08:00 ] /Admin/index.php/MisAutoAhf/edit/id/17 | NOTIC: [8] Undefined index: js-iconBack ShowRightToolBarWidget.class.php 第 41 行.
[ 2018-10-09T17:47:39+08:00 ] /Admin/index.php/MisAutoAhf/edit/id/17 | NOTIC: [8] Undefined index: rules ShowRightToolBarWidget.class.php 第 455 行.
[ 2018-10-09T17:47:39+08:00 ] /Admin/index.php/MisAutoAhf/edit/id/17 | NOTIC: [8] Undefined index: disabledmap ShowRightToolBarWidget.class.php 第 476 行.
[ 2018-10-09T17:47:39+08:00 ] /Admin/index.php/MisAutoAhf/edit/id/17 | NOTIC: [8] Undefined index: rules ShowRightToolBarWidget.class.php 第 455 行.
[ 2018-10-09T17:47:39+08:00 ] /Admin/index.php/MisAutoAhf/edit/id/17 | NOTIC: [8] Undefined index: disabledmap ShowRightToolBarWidget.class.php 第 476 行.
[ 2018-10-09T17:47:39+08:00 ] /Admin/index.php/MisAutoAhf/edit/id/17 | NOTIC: [8] Undefined index: rules ShowRightToolBarWidget.class.php 第 455 行.
[ 2018-10-09T17:47:39+08:00 ] /Admin/index.php/MisAutoAhf/edit/id/17 | NOTIC: [8] Undefined index: disabledmap ShowRightToolBarWidget.class.php 第 476 行.
[ 2018-10-09T17:47:39+08:00 ] /Admin/index.php/MisAutoAhf/edit/id/17 | NOTIC: [8] Undefined index: rules ShowRightToolBarWidget.class.php 第 455 行.
[ 2018-10-09T17:47:39+08:00 ] /Admin/index.php/MisAutoAhf/edit/id/17 | NOTIC: [8] Undefined index: disabledmap ShowRightToolBarWidget.class.php 第 476 行.
[ 2018-10-09T17:47:39+08:00 ] /Admin/index.php/MisAutoAhf/edit/id/17 | NOTIC: [8] Undefined index: rules ShowRightToolBarWidget.class.php 第 455 行.
[ 2018-10-09T17:47:39+08:00 ] /Admin/index.php/MisAutoAhf/edit/id/17 | NOTIC: [8] Undefined index: disabledmap ShowRightToolBarWidget.class.php 第 476 行.
[ 2018-10-09T17:47:39+08:00 ] /Admin/index.php/MisAutoAhf/edit/id/17 | NOTIC: [8] Undefined index: rightnotshow ShowRightToolBarWidget.class.php 第 158 行.
[ 2018-10-09T17:47:39+08:00 ] /Admin/index.php/MisAutoAhf/edit/id/17 | NOTIC: [8] Use of undefined constant MOTHED_NAME - assumed 'MOTHED_NAME' ShowRightToolBarWidget.class.php 第 161 行.
[ 2018-10-09T17:47:39+08:00 ] /Admin/index.php/MisAutoAhf/edit/id/17 | NOTIC: [8] Undefined index: rightnotshow ShowRightToolBarWidget.class.php 第 158 行.
[ 2018-10-09T17:47:39+08:00 ] /Admin/index.php/MisAutoAhf/edit/id/17 | NOTIC: [8] Use of undefined constant MOTHED_NAME - assumed 'MOTHED_NAME' ShowRightToolBarWidget.class.php 第 161 行.
[ 2018-10-09T17:47:39+08:00 ] /Admin/index.php/MisAutoAhf/edit/id/17 | NOTIC: [8] Undefined index: rightnotshow ShowRightToolBarWidget.class.php 第 158 行.
[ 2018-10-09T17:47:39+08:00 ] /Admin/index.php/MisAutoAhf/edit/id/17 | NOTIC: [8] Use of undefined constant MOTHED_NAME - assumed 'MOTHED_NAME' ShowRightToolBarWidget.class.php 第 161 行.
[ 2018-10-09T17:47:39+08:00 ] /Admin/index.php/MisAutoAhf/edit/id/17 | NOTIC: [8] Use of undefined constant MOTHED_NAME - assumed 'MOTHED_NAME' ShowRightToolBarWidget.class.php 第 161 行.
[ 2018-10-09T17:47:39+08:00 ] /Admin/index.php/MisAutoAhf/edit/id/17 | NOTIC: [8] Undefined index: nodeActionName1 common.php 第 4027 行.
[ 2018-10-09T17:47:39+08:00 ] /Admin/index.php/MisAutoAhf/edit/id/17 | NOTIC: [8] Undefined index: nodeAuditId1 common.php 第 4029 行.
[ 2018-10-09T17:47:39+08:00 ] /Admin/index.php/MisAutoAhf/edit/id/17 | NOTIC: [8] Undefined index: extendwhere Model.class.php 第 278 行.
[ 2018-10-09T17:47:39+08:00 ] /Admin/index.php/MisAutoAhf/edit/id/17 | SQL: SELECT * FROM `mis_auto_bind` WHERE ( bindaname='MisAutoAhf' or inbindaname='MisAutoAhf' ) LIMIT 1   [ 执行文件：E:\phpStudy\PHPTutorial\WWW\modelSys\Admin\Lib\Widget\ShowRightToolBarWidget.class.php，行号:183，运行时间:0.0010s ]
[ 2018-10-09T17:47:39+08:00 ] /Admin/index.php/MisAutoAhf/edit/id/17 | SQL: SELECT * FROM `mis_auto_bind` WHERE ( bindaname='MisAutoAhf' or inbindaname='MisAutoAhf' ) LIMIT 1   [ 执行文件：E:\phpStudy\PHPTutorial\WWW\modelSys\Admin\Lib\Widget\ShowRightToolBarWidget.class.php，行号:183，运行时间:0.0010s ]
[ 2018-10-09T17:47:39+08:00 ] /Admin/index.php/MisAutoAhf/edit/id/17 | NOTIC: [8] Undefined variable: actiontitle ShowRightToolBarWidget.class.php 第 224 行.
[ 2018-10-09T17:47:39+08:00 ] /Admin/index.php/MisAutoAhf/edit/id/17 | NOTIC: [8] Undefined variable: main eb7fb7195698d04729c09659e42a0f89.php 第 46 行.
[ 2018-10-09T17:47:39+08:00 ] /Admin/index.php/MisAutoAhf/edit/id/17 | NOTIC: [8] Undefined index: myworkInit ShowAnchorNaviWidget.class.php 第 16 行.
[ 2018-10-09T17:47:39+08:00 ] /Admin/index.php/MisAutoAhf/edit/id/17 | NOTIC: [8] Undefined variable: html ShowAnchorNaviWidget.class.php 第 19 行.
[ 2018-10-09T17:47:39+08:00 ] /Admin/index.php/MisAutoAhf/edit/id/17 | NOTIC: [8] Undefined index: projectid eb7fb7195698d04729c09659e42a0f89.php 第 56 行.
[ 2018-10-09T17:47:39+08:00 ] /Admin/index.php/MisAutoAhf/edit/id/17 | NOTIC: [8] Undefined index: createtime eb7fb7195698d04729c09659e42a0f89.php 第 62 行.
[ 2018-10-09T17:47:39+08:00 ] /Admin/index.php/MisAutoAhf/edit/id/17 | NOTIC: [8] Undefined index: nodeActionName1 common.php 第 4027 行.
[ 2018-10-09T17:47:39+08:00 ] /Admin/index.php/MisAutoAhf/edit/id/17 | NOTIC: [8] Undefined index: nodeAuditId1 common.php 第 4029 行.
[ 2018-10-09T17:47:39+08:00 ] /Admin/index.php/MisAutoAhf/edit/id/17 | NOTIC: [2] Missing argument 3 for SystemConfigNumberModel::GetRules(), called in E:\phpStudy\PHPTutorial\WWW\modelSys\Admin\Lib\Widget\ShowOrdernoWidget.class.php on line 34 and defined SystemConfigNumberModel.class.php 第 35 行.
[ 2018-10-09T17:47:39+08:00 ] /Admin/index.php/MisAutoAhf/edit/id/17 | NOTIC: [8] Undefined index: extendwhere Model.class.php 第 278 行.
[ 2018-10-09T17:47:39+08:00 ] /Admin/index.php/MisAutoAhf/edit/id/17 | SQL: SELECT * FROM `mis_system_config_orderno` WHERE ( `table` = 'mis_auto_pzfuk' ) AND ( `modelname` = 'MisAutoAhf' ) LIMIT 1   [ 执行文件：E:\phpStudy\PHPTutorial\WWW\modelSys\Admin\Lib\Model\SystemConfigNumberModel.class.php，行号:55，运行时间:0.0010s ]
[ 2018-10-09T17:47:39+08:00 ] /Admin/index.php/MisAutoAhf/edit/id/17 | SQL: SELECT * FROM `mis_system_config_orderno` WHERE ( `table` = 'mis_auto_pzfuk' ) AND ( `modelname` = 'MisAutoAhf' ) LIMIT 1   [ 执行文件：E:\phpStudy\PHPTutorial\WWW\modelSys\Admin\Lib\Model\SystemConfigNumberModel.class.php，行号:55，运行时间:0.0010s ]
[ 2018-10-09T17:47:39+08:00 ] /Admin/index.php/MisAutoAhf/edit/id/17 | NOTIC: [8] Undefined index: ordernonum ShowOrdernoWidget.class.php 第 42 行.
[ 2018-10-09T17:47:39+08:00 ] /Admin/index.php/MisAutoAhf/edit/id/17 | SQL: SELECT tpl FROM `mis_dynamic_form_manage` WHERE id=(SELECT formid FROM `mis_dynamic_database_mas` WHERE `tablename`='mis_auto_pzfuk' LIMIT 1) [ 执行文件：E:\phpStudy\PHPTutorial\WWW\modelSys\Admin\Lib\Model\SystemConfigNumberModel.class.php，行号:55，运行时间:0.0010s ]
[ 2018-10-09T17:47:39+08:00 ] /Admin/index.php/MisAutoAhf/edit/id/17 | SQL: SELECT tpl FROM `mis_dynamic_form_manage` WHERE id=(SELECT formid FROM `mis_dynamic_database_mas` WHERE `tablename`='mis_auto_pzfuk' LIMIT 1) [ 执行文件：E:\phpStudy\PHPTutorial\WWW\modelSys\Admin\Lib\Model\SystemConfigNumberModel.class.php，行号:55，运行时间:0.0010s ]
[ 2018-10-09T17:47:39+08:00 ] /Admin/index.php/MisAutoAhf/edit/id/17 | NOTIC: [8] Undefined index: testman eb7fb7195698d04729c09659e42a0f89.php 第 70 行.
[ 2018-10-09T17:47:39+08:00 ] /Admin/index.php/MisAutoAhf/edit/id/17 | NOTIC: [8] Undefined index: areainfomap4 eb7fb7195698d04729c09659e42a0f89.php 第 74 行.
[ 2018-10-09T17:47:39+08:00 ] /Admin/index.php/MisAutoAhf/edit/id/17 | NOTIC: [8] Use of undefined constant areainfomap4 - assumed 'areainfomap4' eb7fb7195698d04729c09659e42a0f89.php 第 76 行.
[ 2018-10-09T17:47:39+08:00 ] /Admin/index.php/MisAutoAhf/edit/id/17 | NOTIC: [8] Use of undefined constant areainfomap4 - assumed 'areainfomap4' eb7fb7195698d04729c09659e42a0f89.php 第 76 行.
[ 2018-10-09T17:47:39+08:00 ] /Admin/index.php/MisAutoAhf/edit/id/17 | SQL: SHOW COLUMNS FROM `mis_system_areas` [ 执行文件：E:\phpStudy\PHPTutorial\WWW\modelSys\Admin\Lib\Model\SystemConfigNumberModel.class.php，行号:55，运行时间:0.0040s ]
[ 2018-10-09T17:47:39+08:00 ] /Admin/index.php/MisAutoAhf/edit/id/17 | SQL: SHOW COLUMNS FROM `mis_system_areas` [ 执行文件：E:\phpStudy\PHPTutorial\WWW\modelSys\Admin\Lib\Model\SystemConfigNumberModel.class.php，行号:55，运行时间:0.0040s ]
[ 2018-10-09T17:47:39+08:00 ] /Admin/index.php/MisAutoAhf/edit/id/17 | NOTIC: [8] Undefined index: extendwhere Model.class.php 第 278 行.
[ 2018-10-09T17:47:39+08:00 ] /Admin/index.php/MisAutoAhf/edit/id/17 | SQL: SELECT `id`,`name`,`parentid` FROM `mis_system_areas` WHERE ( `parentid` = 0 )  [ 执行文件：E:\phpStudy\PHPTutorial\WWW\modelSys\Admin\Common\common.php，行号:7364，运行时间:0.0130s ]
[ 2018-10-09T17:47:39+08:00 ] /Admin/index.php/MisAutoAhf/edit/id/17 | SQL: SELECT `id`,`name`,`parentid` FROM `mis_system_areas` WHERE ( `parentid` = 0 )  [ 执行文件：E:\phpStudy\PHPTutorial\WWW\modelSys\Admin\Common\common.php，行号:7364，运行时间:0.0130s ]
[ 2018-10-09T17:47:39+08:00 ] /Admin/index.php/MisAutoAhf/edit/id/17 | NOTIC: [8] Undefined offset: 4 ShowAreaWidget.class.php 第 51 行.
[ 2018-10-09T17:47:39+08:00 ] /Admin/index.php/MisAutoAhf/edit/id/17 | NOTIC: [8] Undefined index: areainfomap4 eb7fb7195698d04729c09659e42a0f89.php 第 78 行.
[ 2018-10-09T17:47:39+08:00 ] /Admin/index.php/MisAutoAhf/edit/id/17 | NOTIC: [8] Undefined variable: areainfoMap eb7fb7195698d04729c09659e42a0f89.php 第 79 行.
[ 2018-10-09T17:47:39+08:00 ] /Admin/index.php/MisAutoAhf/edit/id/17 | NOTIC: [8] Undefined variable: areainfoMap eb7fb7195698d04729c09659e42a0f89.php 第 80 行.
[ 2018-10-09T17:47:39+08:00 ] /Admin/index.php/MisAutoAhf/edit/id/17 | NOTIC: [8] Undefined variable: areainfoMap eb7fb7195698d04729c09659e42a0f89.php 第 81 行.
[ 2018-10-09T17:47:39+08:00 ] /Admin/index.php/MisAutoAhf/edit/id/17 | NOTIC: [8] Undefined variable: areainfoMap eb7fb7195698d04729c09659e42a0f89.php 第 82 行.
[ 2018-10-09T17:47:39+08:00 ] /Admin/index.php/MisAutoAhf/edit/id/17 | NOTIC: [8] Undefined variable: areainfoMap eb7fb7195698d04729c09659e42a0f89.php 第 83 行.
[ 2018-10-09T17:47:39+08:00 ] /Admin/index.php/MisAutoAhf/edit/id/17 | NOTIC: [8] Undefined variable: areainfoMap eb7fb7195698d04729c09659e42a0f89.php 第 84 行.
[ 2018-10-09T17:47:39+08:00 ] /Admin/index.php/MisAutoAhf/edit/id/17 | NOTIC: [8] Undefined variable: areainfoMap eb7fb7195698d04729c09659e42a0f89.php 第 85 行.
[ 2018-10-09T17:47:39+08:00 ] /Admin/index.php/MisAutoAhf/edit/id/17 | NOTIC: [8] Undefined index: nodeActionName1 common.php 第 4027 行.
[ 2018-10-09T17:47:39+08:00 ] /Admin/index.php/MisAutoAhf/edit/id/17 | NOTIC: [8] Undefined index: nodeAuditId1 common.php 第 4029 行.
[ 2018-10-09T17:47:39+08:00 ] /Admin/index.php/MisAutoAhf/edit/id/17 | NOTIC: [2] Missing argument 1 for UserModel::getConfNotAuth(), called in E:\phpStudy\PHPTutorial\WWW\modelSys\Admin\Lib\Action\CommonAction.class.php on line 90 and defined UserModel.class.php 第 409 行.
[ 2018-10-09T17:47:39+08:00 ] /Admin/index.php/MisAutoAhf/edit/id/17 | NOTIC: [8] Undefined variable: type UserModel.class.php 第 411 行.
[ 2018-10-09T17:47:39+08:00 ] /Admin/index.php/MisAutoAhf/edit/id/17 | NOTIC: [8] Undefined index: NOT_AUTH_MODUL UserModel.class.php 第 416 行.
[ 2018-10-09T17:47:39+08:00 ] /Admin/index.php/MisAutoAhf/edit/id/17 | NOTIC: [8] Undefined index: iseditor CommonAction.class.php 第 5534 行.
[ 2018-10-09T17:47:39+08:00 ] /Admin/index.php/MisAutoAhf/edit/id/17 | NOTIC: [8] Undefined index: iseditor CommonAction.class.php 第 5534 行.
[ 2018-10-09T17:47:39+08:00 ] /Admin/index.php/MisAutoAhf/edit/id/17 | NOTIC: [8] Undefined index: iseditor CommonAction.class.php 第 5534 行.
[ 2018-10-09T17:47:39+08:00 ] /Admin/index.php/MisAutoAhf/edit/id/17 | NOTIC: [8] Undefined index: iseditor CommonAction.class.php 第 5534 行.
[ 2018-10-09T17:47:39+08:00 ] /Admin/index.php/MisAutoAhf/edit/id/17 | NOTIC: [8] Undefined index: iseditor CommonAction.class.php 第 5534 行.
[ 2018-10-09T17:47:39+08:00 ] /Admin/index.php/MisAutoAhf/edit/id/17 | NOTIC: [8] Undefined index: iseditor CommonAction.class.php 第 5534 行.
[ 2018-10-09T17:47:39+08:00 ] /Admin/index.php/MisAutoAhf/edit/id/17 | NOTIC: [8] Undefined index: MisAutoAhf ShowActionWidget.class.php 第 84 行.
[ 2018-10-09T17:47:39+08:00 ] /Admin/index.php/MisAutoAhf/edit/id/17 | NOTIC: [8] Undefined index: misautoahf_edit ShowActionWidget.class.php 第 127 行.
[ 2018-10-09T17:47:39+08:00 ] /Admin/index.php/MisAutoAhf/edit/id/17 | NOTIC: [8] Undefined index: more ShowActionWidget.class.php 第 136 行.
[ 2018-10-09T17:47:39+08:00 ] /Admin/index.php/MisAutoAhf/edit/id/17 | NOTIC: [8] Undefined index: rules ShowActionWidget.class.php 第 163 行.
[ 2018-10-09T17:47:39+08:00 ] /Admin/index.php/MisAutoAhf/edit/id/17 | INFO: Run ParseTemplate Behavior [ RunTime:0.108006s ]
[ 2018-10-09T17:47:39+08:00 ] /Admin/index.php/MisAutoAhf/edit/id/17 | INFO: Run ParseTemplate Behavior [ RunTime:0.108006s ]
[ 2018-10-09T17:47:39+08:00 ] /Admin/index.php/MisAutoAhf/edit/id/17 | INFO: [ view_parse ] --END-- [ RunTime:0.108006s ]
[ 2018-10-09T17:47:39+08:00 ] /Admin/index.php/MisAutoAhf/edit/id/17 | INFO: Tag[ view_parse ] --END-- [ RunTime:0.108006s ]
[ 2018-10-09T17:47:39+08:00 ] /Admin/index.php/MisAutoAhf/edit/id/17 | INFO: [ view_filter ] --START--
[ 2018-10-09T17:47:39+08:00 ] /Admin/index.php/MisAutoAhf/edit/id/17 | INFO: Tag[ view_filter ] --START--
[ 2018-10-09T17:47:39+08:00 ] /Admin/index.php/MisAutoAhf/edit/id/17 | INFO: Run ContentReplace Behavior [ RunTime:0.000000s ]
[ 2018-10-09T17:47:39+08:00 ] /Admin/index.php/MisAutoAhf/edit/id/17 | INFO: Run ContentReplace Behavior [ RunTime:0.000000s ]
[ 2018-10-09T17:47:39+08:00 ] /Admin/index.php/MisAutoAhf/edit/id/17 | INFO: Run TokenBuild Behavior [ RunTime:0.001000s ]
[ 2018-10-09T17:47:39+08:00 ] /Admin/index.php/MisAutoAhf/edit/id/17 | INFO: Run TokenBuild Behavior [ RunTime:0.001000s ]
[ 2018-10-09T17:47:39+08:00 ] /Admin/index.php/MisAutoAhf/edit/id/17 | INFO: Run WriteHtmlCache Behavior [ RunTime:0.001000s ]
[ 2018-10-09T17:47:39+08:00 ] /Admin/index.php/MisAutoAhf/edit/id/17 | INFO: Run WriteHtmlCache Behavior [ RunTime:0.001000s ]
[ 2018-10-09T17:47:39+08:00 ] /Admin/index.php/MisAutoAhf/edit/id/17 | INFO: Run ShowRuntime Behavior [ RunTime:0.000000s ]
[ 2018-10-09T17:47:39+08:00 ] /Admin/index.php/MisAutoAhf/edit/id/17 | INFO: Run ShowRuntime Behavior [ RunTime:0.000000s ]
[ 2018-10-09T17:47:39+08:00 ] /Admin/index.php/MisAutoAhf/edit/id/17 | INFO: [ view_filter ] --END-- [ RunTime:0.003000s ]
[ 2018-10-09T17:47:39+08:00 ] /Admin/index.php/MisAutoAhf/edit/id/17 | INFO: Tag[ view_filter ] --END-- [ RunTime:0.003000s ]
[ 2018-10-09T17:47:39+08:00 ] /Admin/index.php/MisAutoAhf/edit/id/17 | INFO: [ view_end ] --START--
[ 2018-10-09T17:47:39+08:00 ] /Admin/index.php/MisAutoAhf/edit/id/17 | INFO: Tag[ view_end ] --START--
[ 2018-10-09T17:47:39+08:00 ] /Admin/index.php/MisAutoAhf/edit/id/17 | INFO: Run ShowPageTrace Behavior [ RunTime:0.001000s ]
[ 2018-10-09T17:47:39+08:00 ] /Admin/index.php/MisAutoAhf/edit/id/17 | INFO: Run ShowPageTrace Behavior [ RunTime:0.001000s ]
[ 2018-10-09T17:47:39+08:00 ] /Admin/index.php/MisAutoAhf/edit/id/17 | INFO: [ view_end ] --END-- [ RunTime:0.001000s ]
[ 2018-10-09T17:47:39+08:00 ] /Admin/index.php/MisAutoAhf/edit/id/17 | INFO: Tag[ view_end ] --END-- [ RunTime:0.001000s ]
[ 2018-10-09T17:47:39+08:00 ] /Admin/index.php/MisAutoAhf/edit/id/17 | NOTIC: [2] Missing argument 1 for MisAutoAhfAction::_after_edit() MisAutoAhfAction.class.php 第 96 行.
[ 2018-10-09T17:47:39+08:00 ] /Admin/index.php/Common/getDBData | INFO: [ route_check ] --START--
[ 2018-10-09T17:47:39+08:00 ] /Admin/index.php/Common/getDBData | INFO: Tag[ route_check ] --START--
[ 2018-10-09T17:47:39+08:00 ] /Admin/index.php/Common/getDBData | INFO: Run CheckRoute Behavior [ RunTime:0.001000s ]
[ 2018-10-09T17:47:39+08:00 ] /Admin/index.php/Common/getDBData | INFO: Run CheckRoute Behavior [ RunTime:0.001000s ]
[ 2018-10-09T17:47:39+08:00 ] /Admin/index.php/Common/getDBData | INFO: [ route_check ] --END-- [ RunTime:0.001000s ]
[ 2018-10-09T17:47:39+08:00 ] /Admin/index.php/Common/getDBData | INFO: Tag[ route_check ] --END-- [ RunTime:0.001000s ]
[ 2018-10-09T17:47:39+08:00 ] /Admin/index.php/Common/getDBData | INFO: [ app_begin ] --START--
[ 2018-10-09T17:47:39+08:00 ] /Admin/index.php/Common/getDBData | INFO: Tag[ app_begin ] --START--
[ 2018-10-09T17:47:39+08:00 ] /Admin/index.php/Common/getDBData | INFO: Run ReadHtmlCache Behavior [ RunTime:0.001000s ]
[ 2018-10-09T17:47:39+08:00 ] /Admin/index.php/Common/getDBData | INFO: Run ReadHtmlCache Behavior [ RunTime:0.001000s ]
[ 2018-10-09T17:47:39+08:00 ] /Admin/index.php/Common/getDBData | INFO: Run CheckLang Behavior [ RunTime:0.001000s ]
[ 2018-10-09T17:47:39+08:00 ] /Admin/index.php/Common/getDBData | INFO: Run CheckLang Behavior [ RunTime:0.001000s ]
[ 2018-10-09T17:47:39+08:00 ] /Admin/index.php/Common/getDBData | INFO: [ app_begin ] --END-- [ RunTime:0.002000s ]
[ 2018-10-09T17:47:39+08:00 ] /Admin/index.php/Common/getDBData | INFO: Tag[ app_begin ] --END-- [ RunTime:0.002000s ]
[ 2018-10-09T17:47:39+08:00 ] /Admin/index.php/Common/getDBData | SQL: SHOW COLUMNS FROM `user` [ 执行文件：，行号:，运行时间:0.0060s ]
[ 2018-10-09T17:47:39+08:00 ] /Admin/index.php/Common/getDBData | SQL: SHOW COLUMNS FROM `user` [ 执行文件：，行号:，运行时间:0.0060s ]
[ 2018-10-09T17:47:39+08:00 ] /Admin/index.php/Common/getDBData | NOTIC: [8] Undefined index: nodeActionName1 common.php 第 4027 行.
[ 2018-10-09T17:47:39+08:00 ] /Admin/index.php/Common/getDBData | NOTIC: [8] Undefined index: nodeAuditId1 common.php 第 4029 行.
[ 2018-10-09T17:47:39+08:00 ] /Admin/index.php/Common/getDBData | NOTIC: [2] Missing argument 1 for UserModel::getConfNotAuth(), called in E:\phpStudy\PHPTutorial\WWW\modelSys\Admin\Lib\Action\CommonAction.class.php on line 90 and defined UserModel.class.php 第 409 行.
[ 2018-10-09T17:47:39+08:00 ] /Admin/index.php/Common/getDBData | NOTIC: [8] Undefined variable: type UserModel.class.php 第 411 行.
[ 2018-10-09T17:47:39+08:00 ] /Admin/index.php/Common/getDBData | NOTIC: [8] Undefined index: NOT_AUTH_MODUL UserModel.class.php 第 416 行.
[ 2018-10-09T17:47:39+08:00 ] /Admin/index.php/Common/getDBData | NOTIC: [8] Undefined index: iseditor CommonAction.class.php 第 5534 行.
[ 2018-10-09T17:47:39+08:00 ] /Admin/index.php/Common/getDBData | NOTIC: [8] Undefined index: iseditor CommonAction.class.php 第 5534 行.
[ 2018-10-09T17:47:39+08:00 ] /Admin/index.php/Common/getDBData | NOTIC: [8] Undefined index: iseditor CommonAction.class.php 第 5534 行.
[ 2018-10-09T17:47:39+08:00 ] /Admin/index.php/Common/getDBData | NOTIC: [8] Undefined index: iseditor CommonAction.class.php 第 5534 行.
[ 2018-10-09T17:47:39+08:00 ] /Admin/index.php/Common/getDBData | SQL: SHOW COLUMNS FROM `mis_system_areas` [ 执行文件：，行号:，运行时间:0.0050s ]
[ 2018-10-09T17:47:39+08:00 ] /Admin/index.php/Common/getDBData | SQL: SHOW COLUMNS FROM `mis_system_areas` [ 执行文件：，行号:，运行时间:0.0050s ]
[ 2018-10-09T17:47:39+08:00 ] /Admin/index.php/Common/getDBData | NOTIC: [8] Undefined index: extendwhere Model.class.php 第 278 行.
[ 2018-10-09T17:47:39+08:00 ] /Admin/index.php/Common/getDBData | SQL: SELECT `id`,`name`,`parentid` FROM `mis_system_areas` WHERE ( `parentid` = '500000' )  [ 执行文件：E:\phpStudy\PHPTutorial\WWW\modelSys\Admin\Common\common.php，行号:7364，运行时间:0.0010s ]
[ 2018-10-09T17:47:39+08:00 ] /Admin/index.php/Common/getDBData | SQL: SELECT `id`,`name`,`parentid` FROM `mis_system_areas` WHERE ( `parentid` = '500000' )  [ 执行文件：E:\phpStudy\PHPTutorial\WWW\modelSys\Admin\Common\common.php，行号:7364，运行时间:0.0010s ]
[ 2018-10-09T17:47:39+08:00 ] /Admin/index.php/Common/getDBData | INFO: [ route_check ] --START--
[ 2018-10-09T17:47:39+08:00 ] /Admin/index.php/Common/getDBData | INFO: Tag[ route_check ] --START--
[ 2018-10-09T17:47:39+08:00 ] /Admin/index.php/Common/getDBData | INFO: Run CheckRoute Behavior [ RunTime:0.001000s ]
[ 2018-10-09T17:47:39+08:00 ] /Admin/index.php/Common/getDBData | INFO: Run CheckRoute Behavior [ RunTime:0.001000s ]
[ 2018-10-09T17:47:39+08:00 ] /Admin/index.php/Common/getDBData | INFO: [ route_check ] --END-- [ RunTime:0.001000s ]
[ 2018-10-09T17:47:39+08:00 ] /Admin/index.php/Common/getDBData | INFO: Tag[ route_check ] --END-- [ RunTime:0.001000s ]
[ 2018-10-09T17:47:39+08:00 ] /Admin/index.php/Common/getDBData | INFO: [ app_begin ] --START--
[ 2018-10-09T17:47:39+08:00 ] /Admin/index.php/Common/getDBData | INFO: Tag[ app_begin ] --START--
[ 2018-10-09T17:47:39+08:00 ] /Admin/index.php/Common/getDBData | INFO: Run ReadHtmlCache Behavior [ RunTime:0.001000s ]
[ 2018-10-09T17:47:39+08:00 ] /Admin/index.php/Common/getDBData | INFO: Run ReadHtmlCache Behavior [ RunTime:0.001000s ]
[ 2018-10-09T17:47:39+08:00 ] /Admin/index.php/Common/getDBData | INFO: Run CheckLang Behavior [ RunTime:0.001000s ]
[ 2018-10-09T17:47:39+08:00 ] /Admin/index.php/Common/getDBData | INFO: Run CheckLang Behavior [ RunTime:0.001000s ]
[ 2018-10-09T17:47:39+08:00 ] /Admin/index.php/Common/getDBData | INFO: [ app_begin ] --END-- [ RunTime:0.004000s ]
[ 2018-10-09T17:47:39+08:00 ] /Admin/index.php/Common/getDBData | INFO: Tag[ app_begin ] --END-- [ RunTime:0.004000s ]
[ 2018-10-09T17:47:39+08:00 ] /Admin/index.php/Common/getDBData | SQL: SHOW COLUMNS FROM `user` [ 执行文件：，行号:，运行时间:0.0070s ]
[ 2018-10-09T17:47:39+08:00 ] /Admin/index.php/Common/getDBData | SQL: SHOW COLUMNS FROM `user` [ 执行文件：，行号:，运行时间:0.0070s ]
[ 2018-10-09T17:47:39+08:00 ] /Admin/index.php/Common/getDBData | NOTIC: [8] Undefined index: nodeActionName1 common.php 第 4027 行.
[ 2018-10-09T17:47:39+08:00 ] /Admin/index.php/Common/getDBData | NOTIC: [8] Undefined index: nodeAuditId1 common.php 第 4029 行.
[ 2018-10-09T17:47:39+08:00 ] /Admin/index.php/Common/getDBData | NOTIC: [2] Missing argument 1 for UserModel::getConfNotAuth(), called in E:\phpStudy\PHPTutorial\WWW\modelSys\Admin\Lib\Action\CommonAction.class.php on line 90 and defined UserModel.class.php 第 409 行.
[ 2018-10-09T17:47:39+08:00 ] /Admin/index.php/Common/getDBData | NOTIC: [8] Undefined variable: type UserModel.class.php 第 411 行.
[ 2018-10-09T17:47:39+08:00 ] /Admin/index.php/Common/getDBData | NOTIC: [8] Undefined index: NOT_AUTH_MODUL UserModel.class.php 第 416 行.
[ 2018-10-09T17:47:39+08:00 ] /Admin/index.php/Common/getDBData | NOTIC: [8] Undefined index: iseditor CommonAction.class.php 第 5534 行.
[ 2018-10-09T17:47:39+08:00 ] /Admin/index.php/Common/getDBData | NOTIC: [8] Undefined index: iseditor CommonAction.class.php 第 5534 行.
[ 2018-10-09T17:47:39+08:00 ] /Admin/index.php/Common/getDBData | NOTIC: [8] Undefined index: iseditor CommonAction.class.php 第 5534 行.
[ 2018-10-09T17:47:39+08:00 ] /Admin/index.php/Common/getDBData | NOTIC: [8] Undefined index: iseditor CommonAction.class.php 第 5534 行.
[ 2018-10-09T17:47:39+08:00 ] /Admin/index.php/Common/getDBData | SQL: SHOW COLUMNS FROM `mis_system_areas` [ 执行文件：，行号:，运行时间:0.0060s ]
[ 2018-10-09T17:47:39+08:00 ] /Admin/index.php/Common/getDBData | SQL: SHOW COLUMNS FROM `mis_system_areas` [ 执行文件：，行号:，运行时间:0.0060s ]
[ 2018-10-09T17:47:39+08:00 ] /Admin/index.php/Common/getDBData | NOTIC: [8] Undefined index: extendwhere Model.class.php 第 278 行.
[ 2018-10-09T17:47:39+08:00 ] /Admin/index.php/Common/getDBData | SQL: SELECT `id`,`name`,`parentid` FROM `mis_system_areas` WHERE ( `parentid` = '500100' )  [ 执行文件：E:\phpStudy\PHPTutorial\WWW\modelSys\Admin\Common\common.php，行号:7364，运行时间:0.0010s ]
[ 2018-10-09T17:47:39+08:00 ] /Admin/index.php/Common/getDBData | SQL: SELECT `id`,`name`,`parentid` FROM `mis_system_areas` WHERE ( `parentid` = '500100' )  [ 执行文件：E:\phpStudy\PHPTutorial\WWW\modelSys\Admin\Common\common.php，行号:7364，运行时间:0.0010s ]
[ 2018-10-09T17:47:39+08:00 ] /Admin/index.php/Common/getDBData | INFO: [ route_check ] --START--
[ 2018-10-09T17:47:39+08:00 ] /Admin/index.php/Common/getDBData | INFO: Tag[ route_check ] --START--
[ 2018-10-09T17:47:39+08:00 ] /Admin/index.php/Common/getDBData | INFO: Run CheckRoute Behavior [ RunTime:0.000000s ]
[ 2018-10-09T17:47:39+08:00 ] /Admin/index.php/Common/getDBData | INFO: Run CheckRoute Behavior [ RunTime:0.000000s ]
[ 2018-10-09T17:47:39+08:00 ] /Admin/index.php/Common/getDBData | INFO: [ route_check ] --END-- [ RunTime:0.000000s ]
[ 2018-10-09T17:47:39+08:00 ] /Admin/index.php/Common/getDBData | INFO: Tag[ route_check ] --END-- [ RunTime:0.000000s ]
[ 2018-10-09T17:47:39+08:00 ] /Admin/index.php/Common/getDBData | INFO: [ app_begin ] --START--
[ 2018-10-09T17:47:39+08:00 ] /Admin/index.php/Common/getDBData | INFO: Tag[ app_begin ] --START--
[ 2018-10-09T17:47:39+08:00 ] /Admin/index.php/Common/getDBData | INFO: Run ReadHtmlCache Behavior [ RunTime:0.000000s ]
[ 2018-10-09T17:47:39+08:00 ] /Admin/index.php/Common/getDBData | INFO: Run ReadHtmlCache Behavior [ RunTime:0.000000s ]
[ 2018-10-09T17:47:39+08:00 ] /Admin/index.php/Common/getDBData | INFO: Run CheckLang Behavior [ RunTime:0.001000s ]
[ 2018-10-09T17:47:39+08:00 ] /Admin/index.php/Common/getDBData | INFO: Run CheckLang Behavior [ RunTime:0.001000s ]
[ 2018-10-09T17:47:39+08:00 ] /Admin/index.php/Common/getDBData | INFO: [ app_begin ] --END-- [ RunTime:0.001000s ]
[ 2018-10-09T17:47:39+08:00 ] /Admin/index.php/Common/getDBData | INFO: Tag[ app_begin ] --END-- [ RunTime:0.001000s ]
[ 2018-10-09T17:47:40+08:00 ] /Admin/index.php/Common/getDBData | SQL: SHOW COLUMNS FROM `user` [ 执行文件：，行号:，运行时间:0.0080s ]
[ 2018-10-09T17:47:40+08:00 ] /Admin/index.php/Common/getDBData | SQL: SHOW COLUMNS FROM `user` [ 执行文件：，行号:，运行时间:0.0080s ]
[ 2018-10-09T17:47:40+08:00 ] /Admin/index.php/Common/getDBData | NOTIC: [8] Undefined index: nodeActionName1 common.php 第 4027 行.
[ 2018-10-09T17:47:40+08:00 ] /Admin/index.php/Common/getDBData | NOTIC: [8] Undefined index: nodeAuditId1 common.php 第 4029 行.
[ 2018-10-09T17:47:40+08:00 ] /Admin/index.php/Common/getDBData | NOTIC: [2] Missing argument 1 for UserModel::getConfNotAuth(), called in E:\phpStudy\PHPTutorial\WWW\modelSys\Admin\Lib\Action\CommonAction.class.php on line 90 and defined UserModel.class.php 第 409 行.
[ 2018-10-09T17:47:40+08:00 ] /Admin/index.php/Common/getDBData | NOTIC: [8] Undefined variable: type UserModel.class.php 第 411 行.
[ 2018-10-09T17:47:40+08:00 ] /Admin/index.php/Common/getDBData | NOTIC: [8] Undefined index: NOT_AUTH_MODUL UserModel.class.php 第 416 行.
[ 2018-10-09T17:47:40+08:00 ] /Admin/index.php/Common/getDBData | NOTIC: [8] Undefined index: iseditor CommonAction.class.php 第 5534 行.
[ 2018-10-09T17:47:40+08:00 ] /Admin/index.php/Common/getDBData | NOTIC: [8] Undefined index: iseditor CommonAction.class.php 第 5534 行.
[ 2018-10-09T17:47:40+08:00 ] /Admin/index.php/Common/getDBData | NOTIC: [8] Undefined index: iseditor CommonAction.class.php 第 5534 行.
[ 2018-10-09T17:47:40+08:00 ] /Admin/index.php/Common/getDBData | NOTIC: [8] Undefined index: iseditor CommonAction.class.php 第 5534 行.
[ 2018-10-09T17:47:40+08:00 ] /Admin/index.php/Common/getDBData | SQL: SHOW COLUMNS FROM `mis_system_areas` [ 执行文件：，行号:，运行时间:0.0050s ]
[ 2018-10-09T17:47:40+08:00 ] /Admin/index.php/Common/getDBData | SQL: SHOW COLUMNS FROM `mis_system_areas` [ 执行文件：，行号:，运行时间:0.0050s ]
[ 2018-10-09T17:47:40+08:00 ] /Admin/index.php/Common/getDBData | NOTIC: [8] Undefined index: extendwhere Model.class.php 第 278 行.
[ 2018-10-09T17:47:40+08:00 ] /Admin/index.php/Common/getDBData | SQL: SELECT `id`,`name`,`parentid` FROM `mis_system_areas` WHERE ( `parentid` = '500107' )  [ 执行文件：E:\phpStudy\PHPTutorial\WWW\modelSys\Admin\Common\common.php，行号:7364，运行时间:0.0010s ]
[ 2018-10-09T17:47:40+08:00 ] /Admin/index.php/Common/getDBData | SQL: SELECT `id`,`name`,`parentid` FROM `mis_system_areas` WHERE ( `parentid` = '500107' )  [ 执行文件：E:\phpStudy\PHPTutorial\WWW\modelSys\Admin\Common\common.php，行号:7364，运行时间:0.0010s ]
[ 2018-10-09T17:47:40+08:00 ] /Admin/index.php/Common/getDBData | INFO: [ route_check ] --START--
[ 2018-10-09T17:47:40+08:00 ] /Admin/index.php/Common/getDBData | INFO: Tag[ route_check ] --START--
[ 2018-10-09T17:47:40+08:00 ] /Admin/index.php/Common/getDBData | INFO: Run CheckRoute Behavior [ RunTime:0.001000s ]
[ 2018-10-09T17:47:40+08:00 ] /Admin/index.php/Common/getDBData | INFO: Run CheckRoute Behavior [ RunTime:0.001000s ]
[ 2018-10-09T17:47:40+08:00 ] /Admin/index.php/Common/getDBData | INFO: [ route_check ] --END-- [ RunTime:0.001000s ]
[ 2018-10-09T17:47:40+08:00 ] /Admin/index.php/Common/getDBData | INFO: Tag[ route_check ] --END-- [ RunTime:0.001000s ]
[ 2018-10-09T17:47:40+08:00 ] /Admin/index.php/Common/getDBData | INFO: [ app_begin ] --START--
[ 2018-10-09T17:47:40+08:00 ] /Admin/index.php/Common/getDBData | INFO: Tag[ app_begin ] --START--
[ 2018-10-09T17:47:40+08:00 ] /Admin/index.php/Common/getDBData | INFO: Run ReadHtmlCache Behavior [ RunTime:0.000000s ]
[ 2018-10-09T17:47:40+08:00 ] /Admin/index.php/Common/getDBData | INFO: Run ReadHtmlCache Behavior [ RunTime:0.000000s ]
[ 2018-10-09T17:47:40+08:00 ] /Admin/index.php/Common/getDBData | INFO: Run CheckLang Behavior [ RunTime:0.002000s ]
[ 2018-10-09T17:47:40+08:00 ] /Admin/index.php/Common/getDBData | INFO: Run CheckLang Behavior [ RunTime:0.002000s ]
[ 2018-10-09T17:47:40+08:00 ] /Admin/index.php/Common/getDBData | INFO: [ app_begin ] --END-- [ RunTime:0.003001s ]
[ 2018-10-09T17:47:40+08:00 ] /Admin/index.php/Common/getDBData | INFO: Tag[ app_begin ] --END-- [ RunTime:0.003001s ]
[ 2018-10-09T17:47:40+08:00 ] /Admin/index.php/Common/getDBData | SQL: SHOW COLUMNS FROM `user` [ 执行文件：，行号:，运行时间:0.0060s ]
[ 2018-10-09T17:47:40+08:00 ] /Admin/index.php/Common/getDBData | SQL: SHOW COLUMNS FROM `user` [ 执行文件：，行号:，运行时间:0.0060s ]
[ 2018-10-09T17:47:40+08:00 ] /Admin/index.php/Common/getDBData | NOTIC: [8] Undefined index: nodeActionName1 common.php 第 4027 行.
[ 2018-10-09T17:47:40+08:00 ] /Admin/index.php/Common/getDBData | NOTIC: [8] Undefined index: nodeAuditId1 common.php 第 4029 行.
[ 2018-10-09T17:47:40+08:00 ] /Admin/index.php/Common/getDBData | NOTIC: [2] Missing argument 1 for UserModel::getConfNotAuth(), called in E:\phpStudy\PHPTutorial\WWW\modelSys\Admin\Lib\Action\CommonAction.class.php on line 90 and defined UserModel.class.php 第 409 行.
[ 2018-10-09T17:47:40+08:00 ] /Admin/index.php/Common/getDBData | NOTIC: [8] Undefined variable: type UserModel.class.php 第 411 行.
[ 2018-10-09T17:47:40+08:00 ] /Admin/index.php/Common/getDBData | NOTIC: [8] Undefined index: NOT_AUTH_MODUL UserModel.class.php 第 416 行.
[ 2018-10-09T17:47:40+08:00 ] /Admin/index.php/Common/getDBData | NOTIC: [8] Undefined index: iseditor CommonAction.class.php 第 5534 行.
[ 2018-10-09T17:47:40+08:00 ] /Admin/index.php/Common/getDBData | NOTIC: [8] Undefined index: iseditor CommonAction.class.php 第 5534 行.
[ 2018-10-09T17:47:40+08:00 ] /Admin/index.php/Common/getDBData | NOTIC: [8] Undefined index: iseditor CommonAction.class.php 第 5534 行.
[ 2018-10-09T17:47:40+08:00 ] /Admin/index.php/Common/getDBData | NOTIC: [8] Undefined index: iseditor CommonAction.class.php 第 5534 行.
[ 2018-10-09T17:47:40+08:00 ] /Admin/index.php/Common/getDBData | SQL: SHOW COLUMNS FROM `mis_system_areas` [ 执行文件：，行号:，运行时间:0.0060s ]
[ 2018-10-09T17:47:40+08:00 ] /Admin/index.php/Common/getDBData | SQL: SHOW COLUMNS FROM `mis_system_areas` [ 执行文件：，行号:，运行时间:0.0060s ]
[ 2018-10-09T17:47:40+08:00 ] /Admin/index.php/Common/getDBData | NOTIC: [8] Undefined index: extendwhere Model.class.php 第 278 行.
[ 2018-10-09T17:47:40+08:00 ] /Admin/index.php/Common/getDBData | SQL: SELECT `id`,`name`,`parentid` FROM `mis_system_areas` WHERE ( `parentid` = '500107006' )  [ 执行文件：E:\phpStudy\PHPTutorial\WWW\modelSys\Admin\Common\common.php，行号:7364，运行时间:0.0010s ]
[ 2018-10-09T17:47:40+08:00 ] /Admin/index.php/Common/getDBData | SQL: SELECT `id`,`name`,`parentid` FROM `mis_system_areas` WHERE ( `parentid` = '500107006' )  [ 执行文件：E:\phpStudy\PHPTutorial\WWW\modelSys\Admin\Common\common.php，行号:7364，运行时间:0.0010s ]
