Time 2018-09-28 13:54:26 : C:MisDynamicFormManageAction L:7897拖动页面时时保存数据源：array(
	'id' => '',
	'isforeignfield' => '',
	'category' => 'tablabel',
	'fieldname' => 'tablabel14',
	'sort' => '14',
	'ids' => '',
	'title' => '标签_14',
	'isformsearch' => '0',
	'islistsearch' => '0',
	'fieldtype' => 'varchar',
	'dbname' => 'mis_auto_oxqxg',
	'tablelength' => '11',
	'isshow' => '1',
	'models' => '',
	'methods' => 'view',
	'relation' => 'orderno',
	'isrequired' => '0',
	'validatetype' => '',
	'org' => '',
	'titlepercent' => '1',
	'contentpercent' => '3',
	'islock' => '1',
)
Time 2018-09-28 13:54:35 : C:MisDynamicFormManageAction L:7897拖动页面时时保存数据源：false
Time 2018-09-28 16:00:49 : C:MisDynamicFormManageAction L:7897拖动页面时时保存数据源：array(
	'id' => '',
	'isforeignfield' => '',
	'category' => 'areainfomap',
	'fieldname' => 'areainfomap16',
	'sort' => '15',
	'ids' => '',
	'title' => '新地图组件：_16',
	'isformsearch' => '0',
	'islistsearch' => '0',
	'fieldtype' => 'varchar',
	'dbname' => 'mis_auto_oxqxg',
	'tablelength' => '200',
	'isshow' => '1',
	'models' => '',
	'methods' => 'view',
	'relation' => 'orderno',
	'datashare' => '0',
	'isrequired' => '0',
	'validatetype' => '',
	'islock' => '1',
	'titlepercent' => '1',
	'contentpercent' => '7',
)
Time 2018-09-28 16:02:22 : C:MisDynamicFormManageAction L:7897拖动页面时时保存数据源：array(
	'id' => '',
	'isforeignfield' => '',
	'category' => 'areainfomap',
	'fieldname' => 'areainfomap15',
	'sort' => '15',
	'ids' => '',
	'title' => '新地图组件：_15',
	'isformsearch' => '0',
	'islistsearch' => '0',
	'fieldtype' => 'varchar',
	'dbname' => 'mis_auto_oxqxg',
	'tablelength' => '200',
	'isshow' => '1',
	'models' => '',
	'methods' => 'view',
	'relation' => 'orderno',
	'datashare' => '0',
	'isrequired' => '0',
	'validatetype' => '',
	'islock' => '1',
	'titlepercent' => '1',
	'contentpercent' => '7',
)
Time 2018-09-28 16:04:06 : C:MisDynamicFormManageAction L:7897拖动页面时时保存数据源：array(
	'id' => '',
	'isforeignfield' => '',
	'category' => 'areainfomap',
	'fieldname' => 'areainfomap15',
	'sort' => '15',
	'ids' => '',
	'title' => '新地图组件：_15',
	'isformsearch' => '0',
	'islistsearch' => '0',
	'fieldtype' => 'varchar',
	'dbname' => 'mis_auto_oxqxg',
	'tablelength' => '200',
	'isshow' => '1',
	'models' => '',
	'methods' => 'view',
	'relation' => 'orderno',
	'datashare' => '0',
	'isrequired' => '0',
	'validatetype' => '',
	'islock' => '1',
	'titlepercent' => '1',
	'contentpercent' => '7',
)
