Time 2018-09-29 16:01:18 : C:MisDynamicFormManageAction L:7897拖动页面时时保存数据源：array(
	'id' => '',
	'isforeignfield' => '',
	'category' => 'areainfo',
	'fieldname' => 'areainfo8',
	'sort' => '8',
	'ids' => '',
	'title' => '地址组件：_8',
	'isformsearch' => '0',
	'islistsearch' => '0',
	'fieldtype' => 'varchar',
	'dbname' => 'mis_auto_sauku',
	'tablelength' => '200',
	'isshow' => '1',
	'models' => '',
	'methods' => 'view',
	'relation' => 'orderno',
	'datashare' => '0',
	'isrequired' => '0',
	'validatetype' => '',
	'islock' => '1',
	'titlepercent' => '1',
	'contentpercent' => '7',
)
Time 2018-09-29 16:01:44 : C:MisDynamicFormManageAction L:7897拖动页面时时保存数据源：array(
	'id' => '',
	'isforeignfield' => '',
	'category' => 'areainfo',
	'fieldname' => 'areainfo15',
	'sort' => '15',
	'ids' => '',
	'title' => '地址组件：_15',
	'isformsearch' => '0',
	'islistsearch' => '0',
	'fieldtype' => 'varchar',
	'dbname' => 'mis_auto_oxqxg',
	'tablelength' => '200',
	'isshow' => '1',
	'models' => '',
	'methods' => 'view',
	'relation' => 'orderno',
	'datashare' => '0',
	'isrequired' => '0',
	'validatetype' => '',
	'islock' => '1',
	'titlepercent' => '1',
	'contentpercent' => '7',
)
Time 2018-09-29 16:01:45 : C:MisDynamicFormManageAction L:5403内嵌表列表sql创建数组:NULL
Time 2018-09-29 16:01:45 : C:MisDynamicFormManageAction L:5414子表结构数据数据源：array(
	'change' => NULL,
	'all' => NULL,
)
Time 2018-09-29 16:01:46 : C:MisDynamicFormManageAction L:5541被分离后的主从表数据源：array(
	'0' => array(
		'mis_auto_oxqxg' => array(
			'0' => array(
				'id' => '60',
				'isforeignfield' => '0',
				'catalog' => 'text',
				'fields' => 'projectid',
				'sort' => '0',
				'ids' => '0',
				'title' => '项目',
				'searchlist' => '0',
				'allsearchlist' => '0',
				'tabletype' => '',
				'tablename' => 'mis_auto_oxqxg',
				'length' => '',
				'isshow' => '1',
				'models' => '',
				'methods' => '',
				'relation' => '',
				'subimporttableobj' => '',
				'subimporttablefieldobj' => '',
				'defaultval' => '',
				'defaultvaltext' => '',
				'subimporttablefield2obj' => '',
				'subimporttableobjcondition' => '',
				'additionalconditions' => '',
				'requiredfield' => '0',
				'checkfunc' => '',
				'calculate' => '',
				'validdigit' => '0',
				'org' => '',
				'unitl' => '',
				'unitls' => '',
				'checkfortablename' => '',
				'checkforshowname' => '',
				'checkforbindname' => '',
				'checkformap' => '',
				'checkfororderby' => '',
				'checkfororfields' => '',
				'checkforchoice' => '',
				'checkforiswrite' => '0',
				'islock' => '1',
				'tagevent' => '',
				'titlepercent' => '1',
				'contentpercent' => '3',
				'callback' => '',
				'valedit' => '',
			),
			'1' => array(
				'id' => '61',
				'isforeignfield' => '0',
				'catalog' => 'text',
				'fields' => 'createid',
				'sort' => '1',
				'ids' => '0',
				'title' => '创建人',
				'searchlist' => '0',
				'allsearchlist' => '0',
				'tabletype' => '',
				'tablename' => 'mis_auto_oxqxg',
				'length' => '',
				'isshow' => '1',
				'models' => '',
				'methods' => '',
				'relation' => '',
				'subimporttableobj' => '',
				'subimporttablefieldobj' => '',
				'defaultval' => '',
				'defaultvaltext' => '',
				'subimporttablefield2obj' => '',
				'subimporttableobjcondition' => '',
				'additionalconditions' => '',
				'requiredfield' => '0',
				'checkfunc' => '',
				'calculate' => '',
				'validdigit' => '0',
				'org' => '',
				'unitl' => '',
				'unitls' => '',
				'checkfortablename' => '',
				'checkforshowname' => '',
				'checkforbindname' => '',
				'checkformap' => '',
				'checkfororderby' => '',
				'checkfororfields' => '',
				'checkforchoice' => '',
				'checkforiswrite' => '0',
				'islock' => '1',
				'tagevent' => '',
				'titlepercent' => '1',
				'contentpercent' => '3',
				'callback' => '',
				'valedit' => '',
			),
			'2' => array(
				'id' => '62',
				'isforeignfield' => '0',
				'catalog' => 'text',
				'fields' => 'createtime',
				'sort' => '2',
				'ids' => '0',
				'title' => '创建时间',
				'searchlist' => '0',
				'allsearchlist' => '0',
				'tabletype' => '',
				'tablename' => 'mis_auto_oxqxg',
				'length' => '',
				'isshow' => '1',
				'models' => '',
				'methods' => '',
				'relation' => '',
				'subimporttableobj' => '',
				'subimporttablefieldobj' => '',
				'defaultval' => '',
				'defaultvaltext' => '',
				'subimporttablefield2obj' => '',
				'subimporttableobjcondition' => '',
				'additionalconditions' => '',
				'requiredfield' => '0',
				'checkfunc' => '',
				'calculate' => '',
				'validdigit' => '0',
				'org' => '',
				'unitl' => '',
				'unitls' => '',
				'checkfortablename' => '',
				'checkforshowname' => '',
				'checkforbindname' => '',
				'checkformap' => '',
				'checkfororderby' => '',
				'checkfororfields' => '',
				'checkforchoice' => '',
				'checkforiswrite' => '0',
				'islock' => '1',
				'tagevent' => '',
				'titlepercent' => '1',
				'contentpercent' => '3',
				'callback' => '',
				'valedit' => '',
			),
			'3' => array(
				'id' => '63',
				'isforeignfield' => '0',
				'catalog' => 'text',
				'fields' => 'name',
				'sort' => '3',
				'ids' => '0',
				'title' => '名称',
				'searchlist' => '0',
				'allsearchlist' => '0',
				'tabletype' => '',
				'tablename' => 'mis_auto_oxqxg',
				'length' => '',
				'isshow' => '1',
				'models' => '',
				'methods' => '',
				'relation' => '',
				'subimporttableobj' => '',
				'subimporttablefieldobj' => '',
				'defaultval' => '',
				'defaultvaltext' => '',
				'subimporttablefield2obj' => '',
				'subimporttableobjcondition' => '',
				'additionalconditions' => '',
				'requiredfield' => '0',
				'checkfunc' => '',
				'calculate' => '',
				'validdigit' => '0',
				'org' => '',
				'unitl' => '',
				'unitls' => '',
				'checkfortablename' => '',
				'checkforshowname' => '',
				'checkforbindname' => '',
				'checkformap' => '',
				'checkfororderby' => '',
				'checkfororfields' => '',
				'checkforchoice' => '',
				'checkforiswrite' => '0',
				'islock' => '1',
				'tagevent' => '',
				'titlepercent' => '1',
				'contentpercent' => '3',
				'callback' => '',
				'valedit' => '',
			),
			'4' => array(
				'id' => '64',
				'isforeignfield' => '0',
				'catalog' => 'text',
				'fields' => 'orderno',
				'sort' => '4',
				'ids' => '0',
				'title' => '编号',
				'searchlist' => '0',
				'allsearchlist' => '0',
				'tabletype' => '',
				'tablename' => 'mis_auto_oxqxg',
				'length' => '',
				'isshow' => '1',
				'models' => '',
				'methods' => '',
				'relation' => '',
				'subimporttableobj' => '',
				'subimporttablefieldobj' => '',
				'defaultval' => '',
				'defaultvaltext' => '',
				'subimporttablefield2obj' => '',
				'subimporttableobjcondition' => '',
				'additionalconditions' => '',
				'requiredfield' => '0',
				'checkfunc' => '',
				'calculate' => '',
				'validdigit' => '0',
				'org' => '',
				'unitl' => '',
				'unitls' => '',
				'checkfortablename' => '',
				'checkforshowname' => '',
				'checkforbindname' => '',
				'checkformap' => '',
				'checkfororderby' => '',
				'checkfororfields' => '',
				'checkforchoice' => '',
				'checkforiswrite' => '0',
				'islock' => '1',
				'tagevent' => '',
				'titlepercent' => '1',
				'contentpercent' => '3',
				'callback' => '',
				'valedit' => '',
			),
			'5' => array(
				'id' => '58',
				'isforeignfield' => '0',
				'catalog' => 'textarea',
				'fields' => 'content',
				'sort' => '5',
				'ids' => '31',
				'title' => '项目描述',
				'searchlist' => '0',
				'allsearchlist' => '0',
				'tabletype' => 'longtext',
				'tablename' => 'mis_auto_oxqxg',
				'length' => '255',
				'isshow' => '1',
				'models' => '',
				'methods' => '',
				'relation' => '',
				'requiredfield' => '0',
				'org' => '',
				'isrichbox' => '0',
				'checkfunc' => '',
				'defaultval' => '',
				'rows' => '0',
				'cols' => '0',
				'islock' => '1',
				'titlepercent' => '1',
				'contentpercent' => '7',
				'valedit' => '',
			),
			'6' => array(
				'id' => '59',
				'isforeignfield' => '0',
				'catalog' => 'text',
				'fields' => 'auth',
				'sort' => '6',
				'ids' => '32',
				'title' => '开发人员',
				'searchlist' => '0',
				'allsearchlist' => '0',
				'tabletype' => 'varchar',
				'tablename' => 'mis_auto_oxqxg',
				'length' => '30',
				'isshow' => '1',
				'models' => '',
				'methods' => '',
				'relation' => '',
				'subimporttableobj' => '',
				'subimporttablefieldobj' => '',
				'defaultval' => '',
				'defaultvaltext' => '',
				'subimporttablefield2obj' => '',
				'subimporttableobjcondition' => '',
				'additionalconditions' => '',
				'requiredfield' => '0',
				'checkfunc' => '',
				'calculate' => '',
				'validdigit' => '0',
				'org' => '',
				'unitl' => '',
				'unitls' => '',
				'checkfortablename' => '',
				'checkforshowname' => '',
				'checkforbindname' => '',
				'checkformap' => '',
				'checkfororderby' => '',
				'checkfororfields' => '',
				'checkforchoice' => '',
				'checkforiswrite' => '0',
				'islock' => '1',
				'tagevent' => '',
				'titlepercent' => '1',
				'contentpercent' => '3',
				'callback' => '',
				'valedit' => '',
			),
			'7' => array(
				'id' => '65',
				'isforeignfield' => '0',
				'catalog' => 'lookup',
				'fields' => 'lookup7',
				'sort' => '7',
				'ids' => '33',
				'title' => 'lookup组件 _7',
				'searchlist' => '0',
				'allsearchlist' => '0',
				'tabletype' => 'varchar',
				'tablename' => 'mis_auto_oxqxg',
				'length' => '11',
				'isshow' => '1',
				'models' => '',
				'methods' => 'view',
				'relation' => 'orderno',
				'requiredfield' => '0',
				'checkfunc' => '',
				'iscontrollchange' => NULL,
				'iscreatesearch' => '0',
				'filedback' => '',
				'filedbackchina' => '',
				'lookupgroup' => 'ORG33',
				'geturls' => 'lookupGeneral',
				'model' => '',
				'lookuporg' => '',
				'lookuporgval' => '',
				'conditions' => '',
				'org' => '',
				'defaultval' => '',
				'org1' => '',
				'islock' => '1',
				'viewname' => '',
				'viewtype' => '0',
				'lookupchoice' => '',
				'additionalconditions' => '',
				'dialogwidth' => '0',
				'dialogheight' => '0',
				'titlepercent' => '1',
				'contentpercent' => '3',
				'callback' => '',
			),
			'8' => array(
				'id' => '67',
				'isforeignfield' => '0',
				'catalog' => 'date',
				'fields' => 'date9',
				'sort' => '8',
				'ids' => '35',
				'title' => '日期组件_9',
				'searchlist' => '0',
				'allsearchlist' => '0',
				'tabletype' => 'date',
				'tablename' => 'mis_auto_oxqxg',
				'length' => '11',
				'isshow' => '1',
				'models' => '',
				'methods' => 'view',
				'relation' => 'orderno',
				'requiredfield' => '0',
				'acquiretime' => '0',
				'editacquiretime' => '0',
				'defaulttimechar' => '',
				'isshowresoult' => '0',
				'checkfunc' => '',
				'org' => '',
				'format' => 'yyyy-MM-dd@Y-m-d',
				'formatphp' => 'Y-m-d',
				'formatjs' => 'yyyy-MM-dd',
				'islock' => '1',
				'calculate' => '',
				'titlepercent' => '1',
				'contentpercent' => '3',
			),
			'9' => array(
				'id' => '78',
				'isforeignfield' => '0',
				'catalog' => 'date',
				'fields' => 'date10',
				'sort' => '9',
				'ids' => '42',
				'title' => '日期组件_10',
				'searchlist' => '0',
				'allsearchlist' => '0',
				'tabletype' => 'date',
				'tablename' => 'mis_auto_oxqxg',
				'length' => '11',
				'isshow' => '1',
				'models' => '',
				'methods' => 'view',
				'relation' => 'orderno',
				'requiredfield' => '0',
				'acquiretime' => '0',
				'editacquiretime' => '0',
				'defaulttimechar' => '',
				'isshowresoult' => '0',
				'checkfunc' => '',
				'org' => '',
				'format' => 'yyyy-MM-dd@Y-m-d',
				'formatphp' => 'Y-m-d',
				'formatjs' => 'yyyy-MM-dd',
				'islock' => '1',
				'calculate' => '',
				'titlepercent' => '1',
				'contentpercent' => '3',
			),
			'10' => array(
				'id' => '83',
				'isforeignfield' => '0',
				'catalog' => 'areainfo',
				'fields' => 'areainfo12',
				'sort' => '10',
				'ids' => '47',
				'title' => '地址组件：_12',
				'searchlist' => '0',
				'allsearchlist' => '0',
				'tabletype' => 'varchar',
				'tablename' => 'mis_auto_oxqxg',
				'length' => '200',
				'isshow' => '1',
				'models' => '',
				'methods' => 'view',
				'relation' => 'orderno',
				'datashare' => '0',
				'requiredfield' => '0',
				'checkfunc' => '',
				'islock' => '1',
				'titlepercent' => '1',
				'contentpercent' => '7',
			),
			'11' => array(
				'id' => '84',
				'isforeignfield' => '0',
				'catalog' => 'text',
				'fields' => 'text11',
				'sort' => '11',
				'ids' => '48',
				'title' => '短文本框_11',
				'searchlist' => '0',
				'allsearchlist' => '0',
				'tabletype' => 'varchar',
				'tablename' => 'mis_auto_oxqxg',
				'length' => '11',
				'isshow' => '1',
				'models' => '',
				'methods' => 'view',
				'relation' => 'orderno',
				'subimporttableobj' => '',
				'subimporttablefieldobj' => '',
				'defaultval' => '',
				'defaultvaltext' => '',
				'subimporttablefield2obj' => '',
				'subimporttableobjcondition' => '',
				'additionalconditions' => '',
				'requiredfield' => '0',
				'checkfunc' => '',
				'calculate' => '',
				'validdigit' => '0',
				'org' => '',
				'unitl' => '',
				'unitls' => '',
				'checkfortablename' => '',
				'checkforshowname' => '',
				'checkforbindname' => '',
				'checkformap' => '',
				'checkfororderby' => '',
				'checkfororfields' => '',
				'checkforchoice' => '',
				'checkforiswrite' => '0',
				'islock' => '1',
				'tagevent' => '',
				'titlepercent' => '1',
				'contentpercent' => '3',
				'callback' => '',
				'valedit' => '',
			),
			'12' => array(
				'id' => '85',
				'isforeignfield' => '0',
				'catalog' => 'select',
				'fields' => 'select13',
				'sort' => '12',
				'ids' => '49',
				'title' => '下拉框_13',
				'searchlist' => '0',
				'allsearchlist' => '0',
				'tabletype' => 'varchar',
				'tablename' => 'mis_auto_oxqxg',
				'length' => '11',
				'isshow' => '1',
				'models' => '',
				'methods' => 'view',
				'relation' => 'orderno',
				'requiredfield' => '0',
				'islock' => '1',
				'isshowresoult' => '0',
				'defaultcheckitem' => '',
				'defaultval' => '',
				'defaulttext' => '',
				'showoption' => '',
				'subimporttableobj' => '',
				'subimporttablefieldobj' => '',
				'subimporttablefield2obj' => '',
				'subimporttableobjcondition' => '',
				'org' => '',
				'treedtable' => '',
				'treeshowfield' => '',
				'treevaluefield' => '',
				'treeparentfield' => '',
				'isnextend' => '1',
				'mulit' => '0',
				'treeheight' => '150',
				'treewidth' => '0',
				'isdialog' => '0',
				'iscontrollchange' => NULL,
				'tagevent' => '',
				'titlepercent' => '1',
				'contentpercent' => '3',
				'valedit' => '',
			),
			'13' => array(
				'id' => '86',
				'isforeignfield' => '0',
				'catalog' => 'uploadpic',
				'fields' => 'uploadpic14',
				'sort' => '13',
				'ids' => '50',
				'title' => '图片上传组件_14',
				'searchlist' => '0',
				'allsearchlist' => '0',
				'tabletype' => 'varchar',
				'tablename' => 'mis_auto_oxqxg',
				'length' => '11',
				'isshow' => '1',
				'models' => '',
				'methods' => 'view',
				'relation' => 'orderno',
				'uploadnum' => '0',
				'uploadtype' => '*.jpg;*.jpeg;*.gif;*.png;',
				'' => NULL,
				'widthheight' => '0',
				'cropratiomin' => '10,10',
				'cropratiomax' => '400,400',
				'cropdefaultcheck' => '10,10,400,400',
				'cropfreed' => '0',
				'cropratio' => '0',
				'requiredfield' => '0',
				'checkfunc' => '',
				'islock' => '1',
				'titlepercent' => '1',
				'contentpercent' => '7',
			),
			'14' => array(
				'id' => '88',
				'isforeignfield' => '0',
				'catalog' => 'tablabel',
				'fields' => 'tablabel14',
				'sort' => '14',
				'ids' => '0',
				'title' => '标签_14',
				'searchlist' => '0',
				'allsearchlist' => '0',
				'tabletype' => 'varchar',
				'tablename' => 'mis_auto_oxqxg',
				'length' => '11',
				'isshow' => '1',
				'models' => '',
				'methods' => 'view',
				'relation' => 'orderno',
				'requiredfield' => '0',
				'checkfunc' => '',
				'org' => '',
				'titlepercent' => '1',
				'contentpercent' => '3',
				'islock' => '1',
			),
			'15' => array(
				'id' => '89',
				'isforeignfield' => '0',
				'catalog' => 'areainfo',
				'fields' => 'areainfo15',
				'sort' => '15',
				'ids' => '54',
				'title' => '地址组件：_15',
				'searchlist' => '0',
				'allsearchlist' => '0',
				'tabletype' => 'varchar',
				'tablename' => 'mis_auto_oxqxg',
				'length' => '200',
				'isshow' => '1',
				'models' => '',
				'methods' => 'view',
				'relation' => 'orderno',
				'datashare' => '0',
				'requiredfield' => '0',
				'checkfunc' => '',
				'islock' => '1',
				'titlepercent' => '1',
				'contentpercent' => '7',
			),
		),
	),
)
Time 2018-09-29 16:01:46 : C:MisDynamicFormModelAction L:44 model生成数据：NULL
Time 2018-09-29 16:03:24 : C:MisDynamicFormManageAction L:7897拖动页面时时保存数据源：array(
	'id' => '',
	'isforeignfield' => '',
	'category' => 'areainfomap',
	'fieldname' => 'areainfomap16',
	'sort' => '5',
	'ids' => '',
	'title' => '新地图组件：_16',
	'isformsearch' => '0',
	'islistsearch' => '0',
	'fieldtype' => 'varchar',
	'dbname' => 'mis_auto_oxqxg',
	'tablelength' => '200',
	'isshow' => '1',
	'models' => '',
	'methods' => 'view',
	'relation' => 'orderno',
	'datashare' => '0',
	'isrequired' => '0',
	'validatetype' => '',
	'islock' => '1',
	'titlepercent' => '1',
	'contentpercent' => '7',
)
Time 2018-09-29 16:03:31 : C:MisDynamicFormManageAction L:7897拖动页面时时保存数据源：array(
	'id' => '',
	'isforeignfield' => '',
	'category' => 'areainfomap',
	'fieldname' => 'areainfomap17',
	'sort' => '5',
	'ids' => '',
	'title' => '新地图组件：_17',
	'isformsearch' => '0',
	'islistsearch' => '0',
	'fieldtype' => 'varchar',
	'dbname' => 'mis_auto_oxqxg',
	'tablelength' => '200',
	'isshow' => '1',
	'models' => '',
	'methods' => 'view',
	'relation' => 'orderno',
	'datashare' => '0',
	'isrequired' => '0',
	'validatetype' => '',
	'islock' => '1',
	'titlepercent' => '1',
	'contentpercent' => '7',
)
Time 2018-09-29 16:03:33 : C:MisDynamicFormManageAction L:7897拖动页面时时保存数据源：array(
	'id' => '',
	'isforeignfield' => '',
	'category' => 'areainfo',
	'fieldname' => 'areainfo18',
	'sort' => '6',
	'ids' => '',
	'title' => '地址组件：_18',
	'isformsearch' => '0',
	'islistsearch' => '0',
	'fieldtype' => 'varchar',
	'dbname' => 'mis_auto_oxqxg',
	'tablelength' => '200',
	'isshow' => '1',
	'models' => '',
	'methods' => 'view',
	'relation' => 'orderno',
	'datashare' => '0',
	'isrequired' => '0',
	'validatetype' => '',
	'islock' => '1',
	'titlepercent' => '1',
	'contentpercent' => '7',
)
Time 2018-09-29 16:03:36 : C:MisDynamicFormManageAction L:5403内嵌表列表sql创建数组:NULL
Time 2018-09-29 16:03:36 : C:MisDynamicFormManageAction L:5414子表结构数据数据源：array(
	'change' => NULL,
	'all' => NULL,
)
Time 2018-09-29 16:03:36 : C:MisDynamicFormManageAction L:5541被分离后的主从表数据源：array(
	'0' => array(
		'mis_auto_oxqxg' => array(
			'0' => array(
				'id' => '60',
				'isforeignfield' => '0',
				'catalog' => 'text',
				'fields' => 'projectid',
				'sort' => '0',
				'ids' => '0',
				'title' => '项目',
				'searchlist' => '0',
				'allsearchlist' => '0',
				'tabletype' => '',
				'tablename' => 'mis_auto_oxqxg',
				'length' => '',
				'isshow' => '1',
				'models' => '',
				'methods' => '',
				'relation' => '',
				'subimporttableobj' => '',
				'subimporttablefieldobj' => '',
				'defaultval' => '',
				'defaultvaltext' => '',
				'subimporttablefield2obj' => '',
				'subimporttableobjcondition' => '',
				'additionalconditions' => '',
				'requiredfield' => '0',
				'checkfunc' => '',
				'calculate' => '',
				'validdigit' => '0',
				'org' => '',
				'unitl' => '',
				'unitls' => '',
				'checkfortablename' => '',
				'checkforshowname' => '',
				'checkforbindname' => '',
				'checkformap' => '',
				'checkfororderby' => '',
				'checkfororfields' => '',
				'checkforchoice' => '',
				'checkforiswrite' => '0',
				'islock' => '1',
				'tagevent' => '',
				'titlepercent' => '1',
				'contentpercent' => '3',
				'callback' => '',
				'valedit' => '',
			),
			'1' => array(
				'id' => '61',
				'isforeignfield' => '0',
				'catalog' => 'text',
				'fields' => 'createid',
				'sort' => '1',
				'ids' => '0',
				'title' => '创建人',
				'searchlist' => '0',
				'allsearchlist' => '0',
				'tabletype' => '',
				'tablename' => 'mis_auto_oxqxg',
				'length' => '',
				'isshow' => '1',
				'models' => '',
				'methods' => '',
				'relation' => '',
				'subimporttableobj' => '',
				'subimporttablefieldobj' => '',
				'defaultval' => '',
				'defaultvaltext' => '',
				'subimporttablefield2obj' => '',
				'subimporttableobjcondition' => '',
				'additionalconditions' => '',
				'requiredfield' => '0',
				'checkfunc' => '',
				'calculate' => '',
				'validdigit' => '0',
				'org' => '',
				'unitl' => '',
				'unitls' => '',
				'checkfortablename' => '',
				'checkforshowname' => '',
				'checkforbindname' => '',
				'checkformap' => '',
				'checkfororderby' => '',
				'checkfororfields' => '',
				'checkforchoice' => '',
				'checkforiswrite' => '0',
				'islock' => '1',
				'tagevent' => '',
				'titlepercent' => '1',
				'contentpercent' => '3',
				'callback' => '',
				'valedit' => '',
			),
			'2' => array(
				'id' => '64',
				'isforeignfield' => '0',
				'catalog' => 'text',
				'fields' => 'orderno',
				'sort' => '2',
				'ids' => '0',
				'title' => '编号',
				'searchlist' => '0',
				'allsearchlist' => '0',
				'tabletype' => '',
				'tablename' => 'mis_auto_oxqxg',
				'length' => '',
				'isshow' => '1',
				'models' => '',
				'methods' => '',
				'relation' => '',
				'subimporttableobj' => '',
				'subimporttablefieldobj' => '',
				'defaultval' => '',
				'defaultvaltext' => '',
				'subimporttablefield2obj' => '',
				'subimporttableobjcondition' => '',
				'additionalconditions' => '',
				'requiredfield' => '0',
				'checkfunc' => '',
				'calculate' => '',
				'validdigit' => '0',
				'org' => '',
				'unitl' => '',
				'unitls' => '',
				'checkfortablename' => '',
				'checkforshowname' => '',
				'checkforbindname' => '',
				'checkformap' => '',
				'checkfororderby' => '',
				'checkfororfields' => '',
				'checkforchoice' => '',
				'checkforiswrite' => '0',
				'islock' => '1',
				'tagevent' => '',
				'titlepercent' => '1',
				'contentpercent' => '3',
				'callback' => '',
				'valedit' => '',
			),
			'3' => array(
				'id' => '59',
				'isforeignfield' => '0',
				'catalog' => 'text',
				'fields' => 'auth',
				'sort' => '3',
				'ids' => '32',
				'title' => '开发人员',
				'searchlist' => '0',
				'allsearchlist' => '0',
				'tabletype' => 'varchar',
				'tablename' => 'mis_auto_oxqxg',
				'length' => '30',
				'isshow' => '1',
				'models' => '',
				'methods' => '',
				'relation' => '',
				'subimporttableobj' => '',
				'subimporttablefieldobj' => '',
				'defaultval' => '',
				'defaultvaltext' => '',
				'subimporttablefield2obj' => '',
				'subimporttableobjcondition' => '',
				'additionalconditions' => '',
				'requiredfield' => '0',
				'checkfunc' => '',
				'calculate' => '',
				'validdigit' => '0',
				'org' => '',
				'unitl' => '',
				'unitls' => '',
				'checkfortablename' => '',
				'checkforshowname' => '',
				'checkforbindname' => '',
				'checkformap' => '',
				'checkfororderby' => '',
				'checkfororfields' => '',
				'checkforchoice' => '',
				'checkforiswrite' => '0',
				'islock' => '1',
				'tagevent' => '',
				'titlepercent' => '1',
				'contentpercent' => '3',
				'callback' => '',
				'valedit' => '',
			),
			'4' => array(
				'id' => '85',
				'isforeignfield' => '0',
				'catalog' => 'select',
				'fields' => 'select13',
				'sort' => '4',
				'ids' => '49',
				'title' => '下拉框_13',
				'searchlist' => '0',
				'allsearchlist' => '0',
				'tabletype' => 'varchar',
				'tablename' => 'mis_auto_oxqxg',
				'length' => '11',
				'isshow' => '1',
				'models' => '',
				'methods' => 'view',
				'relation' => 'orderno',
				'requiredfield' => '0',
				'islock' => '1',
				'isshowresoult' => '0',
				'defaultcheckitem' => '',
				'defaultval' => '',
				'defaulttext' => '',
				'showoption' => '',
				'subimporttableobj' => '',
				'subimporttablefieldobj' => '',
				'subimporttablefield2obj' => '',
				'subimporttableobjcondition' => '',
				'org' => '',
				'treedtable' => '',
				'treeshowfield' => '',
				'treevaluefield' => '',
				'treeparentfield' => '',
				'isnextend' => '1',
				'mulit' => '0',
				'treeheight' => '150',
				'treewidth' => '0',
				'isdialog' => '0',
				'iscontrollchange' => NULL,
				'tagevent' => '',
				'titlepercent' => '1',
				'contentpercent' => '3',
				'valedit' => '',
			),
			'5' => array(
				'id' => '90',
				'isforeignfield' => '0',
				'catalog' => 'areainfomap',
				'fields' => 'areainfomap17',
				'sort' => '5',
				'ids' => '55',
				'title' => '新地图组件：_17',
				'searchlist' => '0',
				'allsearchlist' => '0',
				'tabletype' => 'varchar',
				'tablename' => 'mis_auto_oxqxg',
				'length' => '200',
				'isshow' => '1',
				'models' => '',
				'methods' => 'view',
				'relation' => 'orderno',
				'datashare' => '0',
				'requiredfield' => '0',
				'checkfunc' => '',
				'islock' => '1',
				'titlepercent' => '1',
				'contentpercent' => '7',
			),
			'6' => array(
				'id' => '91',
				'isforeignfield' => '0',
				'catalog' => 'areainfo',
				'fields' => 'areainfo18',
				'sort' => '6',
				'ids' => '56',
				'title' => '地址组件：_18',
				'searchlist' => '0',
				'allsearchlist' => '0',
				'tabletype' => 'varchar',
				'tablename' => 'mis_auto_oxqxg',
				'length' => '200',
				'isshow' => '1',
				'models' => '',
				'methods' => 'view',
				'relation' => 'orderno',
				'datashare' => '0',
				'requiredfield' => '0',
				'checkfunc' => '',
				'islock' => '1',
				'titlepercent' => '1',
				'contentpercent' => '7',
			),
		),
	),
)
Time 2018-09-29 16:03:36 : C:MisDynamicFormModelAction L:44 model生成数据：NULL
Time 2018-09-29 16:14:27 : C:MisDynamicFormManageAction L:7897拖动页面时时保存数据源：array(
	'id' => '',
	'isforeignfield' => '',
	'category' => 'areainfomap',
	'fieldname' => 'areainfomap7',
	'sort' => '5',
	'ids' => '',
	'title' => '新地图组件：_7',
	'isformsearch' => '0',
	'islistsearch' => '0',
	'fieldtype' => 'varchar',
	'dbname' => 'mis_auto_oxqxg',
	'tablelength' => '200',
	'isshow' => '1',
	'models' => '',
	'methods' => 'view',
	'relation' => 'orderno',
	'datashare' => '0',
	'isrequired' => '0',
	'validatetype' => '',
	'islock' => '1',
	'titlepercent' => '1',
	'contentpercent' => '7',
)
Time 2018-09-29 16:14:29 : C:MisDynamicFormManageAction L:5403内嵌表列表sql创建数组:NULL
Time 2018-09-29 16:14:29 : C:MisDynamicFormManageAction L:5414子表结构数据数据源：array(
	'change' => NULL,
	'all' => NULL,
)
Time 2018-09-29 16:14:29 : C:MisDynamicFormManageAction L:5541被分离后的主从表数据源：array(
	'0' => array(
		'mis_auto_oxqxg' => array(
			'0' => array(
				'id' => '60',
				'isforeignfield' => '0',
				'catalog' => 'text',
				'fields' => 'projectid',
				'sort' => '0',
				'ids' => '0',
				'title' => '项目',
				'searchlist' => '0',
				'allsearchlist' => '0',
				'tabletype' => '',
				'tablename' => 'mis_auto_oxqxg',
				'length' => '',
				'isshow' => '1',
				'models' => '',
				'methods' => '',
				'relation' => '',
				'subimporttableobj' => '',
				'subimporttablefieldobj' => '',
				'defaultval' => '',
				'defaultvaltext' => '',
				'subimporttablefield2obj' => '',
				'subimporttableobjcondition' => '',
				'additionalconditions' => '',
				'requiredfield' => '0',
				'checkfunc' => '',
				'calculate' => '',
				'validdigit' => '0',
				'org' => '',
				'unitl' => '',
				'unitls' => '',
				'checkfortablename' => '',
				'checkforshowname' => '',
				'checkforbindname' => '',
				'checkformap' => '',
				'checkfororderby' => '',
				'checkfororfields' => '',
				'checkforchoice' => '',
				'checkforiswrite' => '0',
				'islock' => '1',
				'tagevent' => '',
				'titlepercent' => '1',
				'contentpercent' => '3',
				'callback' => '',
				'valedit' => '',
			),
			'1' => array(
				'id' => '61',
				'isforeignfield' => '0',
				'catalog' => 'text',
				'fields' => 'createid',
				'sort' => '1',
				'ids' => '0',
				'title' => '创建人',
				'searchlist' => '0',
				'allsearchlist' => '0',
				'tabletype' => '',
				'tablename' => 'mis_auto_oxqxg',
				'length' => '',
				'isshow' => '1',
				'models' => '',
				'methods' => '',
				'relation' => '',
				'subimporttableobj' => '',
				'subimporttablefieldobj' => '',
				'defaultval' => '',
				'defaultvaltext' => '',
				'subimporttablefield2obj' => '',
				'subimporttableobjcondition' => '',
				'additionalconditions' => '',
				'requiredfield' => '0',
				'checkfunc' => '',
				'calculate' => '',
				'validdigit' => '0',
				'org' => '',
				'unitl' => '',
				'unitls' => '',
				'checkfortablename' => '',
				'checkforshowname' => '',
				'checkforbindname' => '',
				'checkformap' => '',
				'checkfororderby' => '',
				'checkfororfields' => '',
				'checkforchoice' => '',
				'checkforiswrite' => '0',
				'islock' => '1',
				'tagevent' => '',
				'titlepercent' => '1',
				'contentpercent' => '3',
				'callback' => '',
				'valedit' => '',
			),
			'2' => array(
				'id' => '64',
				'isforeignfield' => '0',
				'catalog' => 'text',
				'fields' => 'orderno',
				'sort' => '2',
				'ids' => '0',
				'title' => '编号',
				'searchlist' => '0',
				'allsearchlist' => '0',
				'tabletype' => '',
				'tablename' => 'mis_auto_oxqxg',
				'length' => '',
				'isshow' => '1',
				'models' => '',
				'methods' => '',
				'relation' => '',
				'subimporttableobj' => '',
				'subimporttablefieldobj' => '',
				'defaultval' => '',
				'defaultvaltext' => '',
				'subimporttablefield2obj' => '',
				'subimporttableobjcondition' => '',
				'additionalconditions' => '',
				'requiredfield' => '0',
				'checkfunc' => '',
				'calculate' => '',
				'validdigit' => '0',
				'org' => '',
				'unitl' => '',
				'unitls' => '',
				'checkfortablename' => '',
				'checkforshowname' => '',
				'checkforbindname' => '',
				'checkformap' => '',
				'checkfororderby' => '',
				'checkfororfields' => '',
				'checkforchoice' => '',
				'checkforiswrite' => '0',
				'islock' => '1',
				'tagevent' => '',
				'titlepercent' => '1',
				'contentpercent' => '3',
				'callback' => '',
				'valedit' => '',
			),
			'3' => array(
				'id' => '59',
				'isforeignfield' => '0',
				'catalog' => 'text',
				'fields' => 'auth',
				'sort' => '3',
				'ids' => '32',
				'title' => '开发人员',
				'searchlist' => '0',
				'allsearchlist' => '0',
				'tabletype' => 'varchar',
				'tablename' => 'mis_auto_oxqxg',
				'length' => '30',
				'isshow' => '1',
				'models' => '',
				'methods' => '',
				'relation' => '',
				'subimporttableobj' => '',
				'subimporttablefieldobj' => '',
				'defaultval' => '',
				'defaultvaltext' => '',
				'subimporttablefield2obj' => '',
				'subimporttableobjcondition' => '',
				'additionalconditions' => '',
				'requiredfield' => '0',
				'checkfunc' => '',
				'calculate' => '',
				'validdigit' => '0',
				'org' => '',
				'unitl' => '',
				'unitls' => '',
				'checkfortablename' => '',
				'checkforshowname' => '',
				'checkforbindname' => '',
				'checkformap' => '',
				'checkfororderby' => '',
				'checkfororfields' => '',
				'checkforchoice' => '',
				'checkforiswrite' => '0',
				'islock' => '1',
				'tagevent' => '',
				'titlepercent' => '1',
				'contentpercent' => '3',
				'callback' => '',
				'valedit' => '',
			),
			'4' => array(
				'id' => '85',
				'isforeignfield' => '0',
				'catalog' => 'select',
				'fields' => 'select13',
				'sort' => '4',
				'ids' => '49',
				'title' => '下拉框_13',
				'searchlist' => '0',
				'allsearchlist' => '0',
				'tabletype' => 'varchar',
				'tablename' => 'mis_auto_oxqxg',
				'length' => '11',
				'isshow' => '1',
				'models' => '',
				'methods' => 'view',
				'relation' => 'orderno',
				'requiredfield' => '0',
				'islock' => '1',
				'isshowresoult' => '0',
				'defaultcheckitem' => '',
				'defaultval' => '',
				'defaulttext' => '',
				'showoption' => '',
				'subimporttableobj' => '',
				'subimporttablefieldobj' => '',
				'subimporttablefield2obj' => '',
				'subimporttableobjcondition' => '',
				'org' => '',
				'treedtable' => '',
				'treeshowfield' => '',
				'treevaluefield' => '',
				'treeparentfield' => '',
				'isnextend' => '1',
				'mulit' => '0',
				'treeheight' => '150',
				'treewidth' => '0',
				'isdialog' => '0',
				'iscontrollchange' => NULL,
				'tagevent' => '',
				'titlepercent' => '1',
				'contentpercent' => '3',
				'valedit' => '',
			),
			'5' => array(
				'id' => '92',
				'isforeignfield' => '0',
				'catalog' => 'areainfomap',
				'fields' => 'areainfomap7',
				'sort' => '5',
				'ids' => '57',
				'title' => '新地图组件：_7',
				'searchlist' => '0',
				'allsearchlist' => '0',
				'tabletype' => 'varchar',
				'tablename' => 'mis_auto_oxqxg',
				'length' => '200',
				'isshow' => '1',
				'models' => '',
				'methods' => 'view',
				'relation' => 'orderno',
				'datashare' => '0',
				'requiredfield' => '0',
				'checkfunc' => '',
				'islock' => '1',
				'titlepercent' => '1',
				'contentpercent' => '7',
			),
		),
	),
)
Time 2018-09-29 16:14:30 : C:MisDynamicFormModelAction L:44 model生成数据：NULL
