Time 2018-09-17 10:15:53 : C:MisDynamicFormBaseAction L:1201数据库建表语句 最终构成：
CREATE TABLE IF NOT EXISTS `mis_auto_cdzws` 
(`id` int(11) NOT NULL AUTO_INCREMENT  COMMENT 'ID' ,
	`ly` varchar(30)  DEFAULT NULL  COMMENT '判断', 
	`bindid` varchar(100)  COMMENT '绑定id' ,
	`orderno` varchar(100) NULL COMMENT '编号' ,
	`status` tinyint(1) DEFAULT '1' COMMENT '状态' ,
	`companyid` int(10) DEFAULT '0'NULL COMMENT '公司ID' ,
	`createid` int(10) DEFAULT '0'NULL COMMENT '创建人ID' ,
	`createtime` int(11) NULL COMMENT '创建时间' ,
	`updateid` int(10) NULL COMMENT '修改人ID' ,
	`updatetime` int(11) NULL COMMENT '修改时间' ,
	`operateid` int(1) DEFAULT '0'NOT NULL COMMENT '是否确认' ,
	`departmentid` int(10) DEFAULT '0'NULL COMMENT '部门ID' ,
	`projectid` int(10) NULL COMMENT '项目ID' ,
	`projectworkid` int(10) NULL COMMENT '任务ID' ,
	`sysdutyid` int(10) NULL COMMENT '职级ID' ,
	`relationmodelname` varchar(100) NULL COMMENT '关系型关联model' ,
	`auditUser` varchar(200) NULL COMMENT '提醒人组合' ,
	`ptmptid` int(10) NULL COMMENT '固定流程ID' ,
	`flowid` int(10) DEFAULT '0'NULL COMMENT '自定义流程ID' ,
	`ostatus` varchar(100) NULL COMMENT '当前审核节点' ,
	`auditState` tinyint(1) DEFAULT '0'NULL COMMENT '当前审核状态' ,
	`curAuditUser` varchar(300) NULL COMMENT '当前可审核人清单' ,
	`curNodeUser` varchar(300) NULL COMMENT '当前待审核人清单' ,
	`alreadyAuditUser` varchar(500) NULL COMMENT '当前已审核人' ,
	`alreadyauditnode` int(11) DEFAULT '0'NULL COMMENT '终审时间' ,
	`allnode` varchar(100) NULL COMMENT '所有流程节点' ,
	`informpersonid` varchar(500) NULL COMMENT '节点知道会人' ,
	`parentid` int(10) DEFAULT '0'NULL COMMENT '父类ID' ,
	`name` varchar(50) DEFAULT '0'NULL COMMENT '名称' ,
	 PRIMARY KEY (`id`)
)ENGINE=InnoDB  DEFAULT CHARSET=utf8 COMMENT='ly'
Time 2018-09-17 10:15:53 : C:MisDynamicFormManageAction L:4895插入到相应到相应的数据记录表中：源数组。array(
	'mis_auto_cdzws' => array(
		'tablename' => 'mis_auto_cdzws',
		'tabletitle' => 'ly',
		'isprimay' => '1',
		'ischoise' => NULL,
		'list' => array(
			'0' => array(
				'field' => 'ly',
				'isdatasouce' => '',
				'unique' => NULL,
				'tablename' => 'mis_auto_cdzws',
				'type' => 'varchar',
				'desc' => '阿布发',
				'length' => '30',
				'category' => 'text',
				'title' => '判断',
				'weight' => '1',
				'sort' => '1',
				'isforeignfield' => NULL,
				'isshow' => '1',
			),
		),
	),
)
Time 2018-09-17 10:15:54 : C:MisDynamicFormManageAction L:5067处理系统字段组件化问题：源数组。array(
	'fieldname' => array(
		'0' => 'operateid',
		'1' => 'projectworkid',
		'2' => 'updateid',
		'3' => 'sysdutyid',
		'4' => 'projectid',
		'5' => 'companyid',
		'6' => 'createid',
		'7' => 'departmentid',
		'8' => 'updatetime',
		'9' => 'createtime',
		'10' => 'auditState',
		'11' => 'name',
		'12' => 'orderno',
		'13' => 'auditUser',
	),
	'fieldtitle' => array(
		'0' => '是否确认',
		'1' => '任务',
		'2' => '修改人',
		'3' => '职级',
		'4' => '项目',
		'5' => '公司',
		'6' => '创建人',
		'7' => '部门',
		'8' => '修改时间',
		'9' => '创建时间',
		'10' => '当前审核状态',
		'11' => '名称',
		'12' => '编号',
		'13' => '提醒人组合',
	),
	'fieldtype' => array(
		'0' => 'int',
		'1' => 'int',
		'2' => 'int',
		'3' => 'int',
		'4' => 'int',
		'5' => 'int',
		'6' => 'int',
		'7' => 'int',
		'8' => 'int',
		'9' => 'int',
		'10' => 'tinyint',
		'11' => 'varchar',
		'12' => 'varchar',
		'13' => 'varchar',
	),
	'fieldweight' => array(
		'0' => '1',
		'1' => '1',
		'2' => '1',
		'3' => '1',
		'4' => '1',
		'5' => '1',
		'6' => '1',
		'7' => '1',
		'8' => '1',
		'9' => '1',
		'10' => '1',
		'11' => '1',
		'12' => '1',
		'13' => '1',
	),
	'fieldcategory' => array(
		'0' => 'text',
		'1' => 'text',
		'2' => 'text',
		'3' => 'text',
		'4' => 'text',
		'5' => 'text',
		'6' => 'text',
		'7' => 'text',
		'8' => 'text',
		'9' => 'text',
		'10' => 'text',
		'11' => 'text',
		'12' => 'text',
		'13' => 'text',
	),
	'fieldshow' => array(
		'2' => '1',
		'5' => '1',
		'7' => '1',
		'12' => '1',
	),
	'fieldlength' => array(
		'0' => '1',
		'1' => '10',
		'2' => '10',
		'3' => '10',
		'4' => '10',
		'5' => '10',
		'6' => '10',
		'7' => '10',
		'8' => '11',
		'9' => '11',
		'10' => '1',
		'11' => '50',
		'12' => '100',
		'13' => '200',
	),
)
Time 2018-09-17 10:15:54 : C:MisDynamicFormManageAction L:5097处理系统字段组件化问题：被构建的DB表结构数组。array(
	'ids' => '0',
	'category' => 'text',
	'sort' => '0',
	'fieldname' => 'updateid',
	'title' => '修改人',
	'createid' => '',
	'createtime' => '1537150554',
	'formid' => '2',
	'tplid' => '2',
	'titlepercent' => '1',
	'contentpercent' => '3',
	'dbname' => 'mis_auto_cdzws',
)
Time 2018-09-17 10:15:54 : C:MisDynamicFormManageAction L:5097处理系统字段组件化问题：被构建的DB表结构数组。array(
	'ids' => '0',
	'category' => 'text',
	'sort' => '1',
	'fieldname' => 'companyid',
	'title' => '公司',
	'createid' => '',
	'createtime' => '1537150554',
	'formid' => '2',
	'tplid' => '2',
	'titlepercent' => '1',
	'contentpercent' => '3',
	'dbname' => 'mis_auto_cdzws',
)
Time 2018-09-17 10:15:54 : C:MisDynamicFormManageAction L:5097处理系统字段组件化问题：被构建的DB表结构数组。array(
	'ids' => '0',
	'category' => 'text',
	'sort' => '2',
	'fieldname' => 'departmentid',
	'title' => '部门',
	'createid' => '',
	'createtime' => '1537150554',
	'formid' => '2',
	'tplid' => '2',
	'titlepercent' => '1',
	'contentpercent' => '3',
	'dbname' => 'mis_auto_cdzws',
)
Time 2018-09-17 10:15:54 : C:MisDynamicFormManageAction L:5097处理系统字段组件化问题：被构建的DB表结构数组。array(
	'ids' => '0',
	'category' => 'text',
	'sort' => '3',
	'fieldname' => 'orderno',
	'title' => '编号',
	'createid' => '',
	'createtime' => '1537150554',
	'formid' => '2',
	'tplid' => '2',
	'titlepercent' => '1',
	'contentpercent' => '3',
	'dbname' => 'mis_auto_cdzws',
)
Time 2018-09-17 10:16:44 : C:MisDynamicFormManageAction L:7894拖动页面时时保存数据源：array(
	'id' => '13',
	'isforeignfield' => '',
	'category' => 'text',
	'fieldname' => 'updateid',
	'sort' => '0',
	'ids' => '0',
	'title' => '修改人',
	'isformsearch' => '',
	'islistsearch' => '',
	'fieldtype' => '',
	'dbname' => 'mis_auto_cdzws',
	'tablelength' => '',
	'isshow' => '1',
	'models' => '',
	'methods' => '',
	'relation' => '',
	'subimporttableobj' => '',
	'subimporttablefieldobj' => '',
	'defaultval' => '',
	'defaultvaltext' => '',
	'subimporttablefield2obj' => '',
	'lookupconditions' => '',
	'additionalconditions' => '',
	'isrequired' => '',
	'validatetype' => '',
	'calculate' => '',
	'validdigit' => '',
	'org' => '',
	'unit' => '',
	'unitls' => '',
	'checkfortablename' => '',
	'checkforshowname' => '',
	'checkforbindname' => '',
	'checkformap' => '',
	'checkfororderby' => '',
	'checkfororfields' => '',
	'checkforchoice' => '',
	'checkforiswrite' => '',
	'islock' => '1',
	'tagevent' => '',
	'titlepercent' => '1',
	'contentpercent' => '3',
	'callback' => '',
	'valedit' => '',
)
Time 2018-09-17 10:16:46 : C:MisDynamicFormManageAction L:7894拖动页面时时保存数据源：array(
	'id' => '13',
	'isforeignfield' => '',
	'category' => 'text',
	'fieldname' => 'updateid',
	'sort' => '0',
	'ids' => '0',
	'title' => '修改人',
	'isformsearch' => '',
	'islistsearch' => '',
	'fieldtype' => '',
	'dbname' => 'mis_auto_cdzws',
	'tablelength' => '',
	'isshow' => '1',
	'models' => '',
	'methods' => '',
	'relation' => '',
	'subimporttableobj' => '',
	'subimporttablefieldobj' => '',
	'defaultval' => '',
	'defaultvaltext' => '',
	'subimporttablefield2obj' => '',
	'lookupconditions' => '',
	'additionalconditions' => '',
	'isrequired' => '',
	'validatetype' => '',
	'calculate' => '',
	'validdigit' => '',
	'org' => '',
	'unit' => '',
	'unitls' => '',
	'checkfortablename' => '',
	'checkforshowname' => '',
	'checkforbindname' => '',
	'checkformap' => '',
	'checkfororderby' => '',
	'checkfororfields' => '',
	'checkforchoice' => '',
	'checkforiswrite' => '',
	'islock' => '1',
	'tagevent' => '',
	'titlepercent' => '1',
	'contentpercent' => '3',
	'callback' => '',
	'valedit' => '',
)
Time 2018-09-17 10:17:04 : C:MisDynamicFormManageAction L:7894拖动页面时时保存数据源：array(
	'id' => '13',
	'isforeignfield' => '',
	'category' => 'text',
	'fieldname' => 'updateid',
	'sort' => '0',
	'ids' => '0',
	'title' => '修改人',
	'isformsearch' => '',
	'islistsearch' => '',
	'fieldtype' => '',
	'dbname' => 'mis_auto_cdzws',
	'tablelength' => '',
	'isshow' => '1',
	'models' => '',
	'methods' => '',
	'relation' => '',
	'subimporttableobj' => '',
	'subimporttablefieldobj' => '',
	'defaultval' => '',
	'defaultvaltext' => '',
	'subimporttablefield2obj' => '',
	'lookupconditions' => '',
	'additionalconditions' => '',
	'isrequired' => '',
	'validatetype' => '',
	'calculate' => '',
	'validdigit' => '',
	'org' => '',
	'unit' => '',
	'unitls' => '',
	'checkfortablename' => '',
	'checkforshowname' => '',
	'checkforbindname' => '',
	'checkformap' => '',
	'checkfororderby' => '',
	'checkfororfields' => '',
	'checkforchoice' => '',
	'checkforiswrite' => '',
	'islock' => '1',
	'tagevent' => '',
	'titlepercent' => '1',
	'contentpercent' => '3',
	'callback' => '',
	'valedit' => '',
)
Time 2018-09-17 10:17:10 : C:MisDynamicFormManageAction L:7894拖动页面时时保存数据源：array(
	'id' => '14',
	'isforeignfield' => '',
	'category' => 'text',
	'fieldname' => 'companyid',
	'sort' => '1',
	'ids' => '0',
	'title' => '公司',
	'isformsearch' => '',
	'islistsearch' => '',
	'fieldtype' => '',
	'dbname' => 'mis_auto_cdzws',
	'tablelength' => '',
	'isshow' => '1',
	'models' => '',
	'methods' => '',
	'relation' => '',
	'subimporttableobj' => '',
	'subimporttablefieldobj' => '',
	'defaultval' => '',
	'defaultvaltext' => '',
	'subimporttablefield2obj' => '',
	'lookupconditions' => '',
	'additionalconditions' => '',
	'isrequired' => '',
	'validatetype' => '',
	'calculate' => '',
	'validdigit' => '',
	'org' => '',
	'unit' => '',
	'unitls' => '',
	'checkfortablename' => '',
	'checkforshowname' => '',
	'checkforbindname' => '',
	'checkformap' => '',
	'checkfororderby' => '',
	'checkfororfields' => '',
	'checkforchoice' => '',
	'checkforiswrite' => '',
	'islock' => '1',
	'tagevent' => '',
	'titlepercent' => '1',
	'contentpercent' => '3',
	'callback' => '',
	'valedit' => '',
)
Time 2018-09-17 10:17:23 : C:MisDynamicFormManageAction L:7894拖动页面时时保存数据源：array(
	'id' => '',
	'isforeignfield' => '',
	'category' => 'lookup',
	'fieldname' => 'lookup5',
	'sort' => '5',
	'ids' => '',
	'title' => 'lookup组件 _5',
	'isformsearch' => '0',
	'islistsearch' => '0',
	'fieldtype' => 'varchar',
	'dbname' => 'mis_auto_cdzws',
	'tablelength' => '11',
	'isshow' => '1',
	'models' => '',
	'methods' => 'view',
	'relation' => 'orderno',
	'isrequired' => '0',
	'validatetype' => '',
	'iscreatesearch' => '',
	'lookupfiledback' => '',
	'lookupfiledbackchina' => '',
	'lookupgrouporg' => 'ORG#ids#1',
	'lookupurls' => 'lookupGeneral',
	'lookupmodel' => '',
	'lookupshoworg' => '',
	'lookuporgval' => '',
	'lookupconditions' => '',
	'org' => '',
	'defaultval' => '',
	'org1' => '',
	'islock' => '1',
	'viewname' => '',
	'viewtype' => '',
	'lookupchoice' => '',
	'additionalconditions' => '',
	'dialogwidth' => '',
	'dialogheight' => '',
	'titlepercent' => '1',
	'contentpercent' => '3',
	'callback' => '',
)
Time 2018-09-17 10:17:28 : C:MisDynamicFormManageAction L:7894拖动页面时时保存数据源：array(
	'id' => '',
	'isforeignfield' => '',
	'category' => 'uploadpic',
	'fieldname' => 'uploadpic6',
	'sort' => '6',
	'ids' => '',
	'title' => '图片上传组件_6',
	'isformsearch' => '0',
	'islistsearch' => '0',
	'fieldtype' => 'varchar',
	'dbname' => '',
	'tablelength' => '11',
	'isshow' => '1',
	'models' => '',
	'methods' => 'view',
	'relation' => 'orderno',
	'uploadnum' => '',
	'uploadtype' => '*.jpg;*.jpeg;*.gif;*.png;',
	'widthheight' => '',
	'cropratiomin' => '10,10',
	'cropratiomax' => '400,400',
	'cropdefaultcheck' => '10,10,400,400',
	'cropfreed' => '',
	'cropratio' => '',
	'isrequired' => '0',
	'validatetype' => '',
	'islock' => '1',
	'titlepercent' => '1',
	'contentpercent' => '7',
)
Time 2018-09-17 10:17:36 : C:MisDynamicFormManageAction L:7894拖动页面时时保存数据源：array(
	'id' => '15',
	'isforeignfield' => '',
	'category' => 'text',
	'fieldname' => 'departmentid',
	'sort' => '2',
	'ids' => '0',
	'title' => '部门',
	'isformsearch' => '',
	'islistsearch' => '',
	'fieldtype' => '',
	'dbname' => 'mis_auto_cdzws',
	'tablelength' => '',
	'isshow' => '1',
	'models' => '',
	'methods' => '',
	'relation' => '',
	'subimporttableobj' => '',
	'subimporttablefieldobj' => '',
	'defaultval' => '',
	'defaultvaltext' => '',
	'subimporttablefield2obj' => '',
	'lookupconditions' => '',
	'additionalconditions' => '',
	'isrequired' => '',
	'validatetype' => '',
	'calculate' => '',
	'validdigit' => '',
	'org' => '',
	'unit' => '',
	'unitls' => '',
	'checkfortablename' => '',
	'checkforshowname' => '',
	'checkforbindname' => '',
	'checkformap' => '',
	'checkfororderby' => '',
	'checkfororfields' => '',
	'checkforchoice' => '',
	'checkforiswrite' => '',
	'islock' => '1',
	'tagevent' => '',
	'titlepercent' => '1',
	'contentpercent' => '3',
	'callback' => '',
	'valedit' => '',
)
Time 2018-09-17 10:17:50 : C:MisDynamicFormManageAction L:7894拖动页面时时保存数据源：array(
	'id' => '',
	'isforeignfield' => '',
	'category' => 'date',
	'fieldname' => 'date7',
	'sort' => '6',
	'ids' => '',
	'title' => '日期组件_7',
	'isformsearch' => '0',
	'islistsearch' => '0',
	'fieldtype' => 'date',
	'dbname' => 'mis_auto_cdzws',
	'tablelength' => '11',
	'isshow' => '1',
	'models' => '',
	'methods' => 'view',
	'relation' => 'orderno',
	'isrequired' => '0',
	'acquiretime' => '0',
	'editacquiretime' => '0',
	'defaulttimechar' => '',
	'isshowresoult' => '',
	'validatetype' => '',
	'org' => '',
	'dateformat' => 'yyyy-MM-dd@Y-m-d',
	'formatphp' => 'Y-m-d',
	'formatjs' => 'yyyy-MM-dd',
	'islock' => '1',
	'calculate' => '',
	'titlepercent' => '1',
	'contentpercent' => '3',
)
Time 2018-09-17 10:17:53 : C:MisDynamicFormManageAction L:7894拖动页面时时保存数据源：array(
	'id' => '17',
	'isforeignfield' => '',
	'category' => 'lookup',
	'fieldname' => 'lookup5',
	'sort' => '5',
	'ids' => '7',
	'title' => 'lookup组件 _5',
	'isformsearch' => '0',
	'islistsearch' => '0',
	'fieldtype' => 'varchar',
	'dbname' => 'mis_auto_cdzws',
	'tablelength' => '11',
	'isshow' => '1',
	'models' => '',
	'methods' => 'view',
	'relation' => 'orderno',
	'isrequired' => '0',
	'validatetype' => '',
	'iscreatesearch' => '',
	'lookupfiledback' => '',
	'lookupfiledbackchina' => '',
	'lookupgrouporg' => 'ORG#ids#1',
	'lookupurls' => 'lookupGeneral',
	'lookupmodel' => '',
	'lookupshoworg' => '',
	'lookuporgval' => '',
	'lookupconditions' => '',
	'org' => '',
	'defaultval' => '',
	'org1' => '',
	'islock' => '1',
	'viewname' => '',
	'viewtype' => '',
	'lookupchoice' => '',
	'additionalconditions' => '',
	'dialogwidth' => '',
	'dialogheight' => '',
	'titlepercent' => '1',
	'contentpercent' => '3',
	'callback' => '',
)
Time 2018-09-17 10:18:04 : C:MisDynamicFormManageAction L:5403内嵌表列表sql创建数组:NULL
Time 2018-09-17 10:18:04 : C:MisDynamicFormManageAction L:5414子表结构数据数据源：array(
	'change' => NULL,
	'all' => NULL,
)
Time 2018-09-17 10:18:05 : C:MisDynamicFormManageAction L:5541被分离后的主从表数据源：array(
	'0' => array(
		'mis_auto_cdzws' => array(
			'0' => array(
				'id' => '13',
				'isforeignfield' => '0',
				'catalog' => 'text',
				'fields' => 'updateid',
				'sort' => '0',
				'ids' => '0',
				'title' => '修改人',
				'searchlist' => '0',
				'allsearchlist' => '0',
				'tabletype' => '',
				'tablename' => 'mis_auto_cdzws',
				'length' => '',
				'isshow' => '1',
				'models' => '',
				'methods' => '',
				'relation' => '',
				'subimporttableobj' => '',
				'subimporttablefieldobj' => '',
				'defaultval' => '',
				'defaultvaltext' => '',
				'subimporttablefield2obj' => '',
				'subimporttableobjcondition' => '',
				'additionalconditions' => '',
				'requiredfield' => '0',
				'checkfunc' => '',
				'calculate' => '',
				'validdigit' => '0',
				'org' => '',
				'unitl' => '',
				'unitls' => '',
				'checkfortablename' => '',
				'checkforshowname' => '',
				'checkforbindname' => '',
				'checkformap' => '',
				'checkfororderby' => '',
				'checkfororfields' => '',
				'checkforchoice' => '',
				'checkforiswrite' => '0',
				'islock' => '1',
				'tagevent' => '',
				'titlepercent' => '1',
				'contentpercent' => '3',
				'callback' => '',
				'valedit' => '',
			),
			'1' => array(
				'id' => '14',
				'isforeignfield' => '0',
				'catalog' => 'text',
				'fields' => 'companyid',
				'sort' => '1',
				'ids' => '0',
				'title' => '公司',
				'searchlist' => '0',
				'allsearchlist' => '0',
				'tabletype' => '',
				'tablename' => 'mis_auto_cdzws',
				'length' => '',
				'isshow' => '1',
				'models' => '',
				'methods' => '',
				'relation' => '',
				'subimporttableobj' => '',
				'subimporttablefieldobj' => '',
				'defaultval' => '',
				'defaultvaltext' => '',
				'subimporttablefield2obj' => '',
				'subimporttableobjcondition' => '',
				'additionalconditions' => '',
				'requiredfield' => '0',
				'checkfunc' => '',
				'calculate' => '',
				'validdigit' => '0',
				'org' => '',
				'unitl' => '',
				'unitls' => '',
				'checkfortablename' => '',
				'checkforshowname' => '',
				'checkforbindname' => '',
				'checkformap' => '',
				'checkfororderby' => '',
				'checkfororfields' => '',
				'checkforchoice' => '',
				'checkforiswrite' => '0',
				'islock' => '1',
				'tagevent' => '',
				'titlepercent' => '1',
				'contentpercent' => '3',
				'callback' => '',
				'valedit' => '',
			),
			'2' => array(
				'id' => '15',
				'isforeignfield' => '0',
				'catalog' => 'text',
				'fields' => 'departmentid',
				'sort' => '2',
				'ids' => '0',
				'title' => '部门',
				'searchlist' => '0',
				'allsearchlist' => '0',
				'tabletype' => '',
				'tablename' => 'mis_auto_cdzws',
				'length' => '',
				'isshow' => '1',
				'models' => '',
				'methods' => '',
				'relation' => '',
				'subimporttableobj' => '',
				'subimporttablefieldobj' => '',
				'defaultval' => '',
				'defaultvaltext' => '',
				'subimporttablefield2obj' => '',
				'subimporttableobjcondition' => '',
				'additionalconditions' => '',
				'requiredfield' => '0',
				'checkfunc' => '',
				'calculate' => '',
				'validdigit' => '0',
				'org' => '',
				'unitl' => '',
				'unitls' => '',
				'checkfortablename' => '',
				'checkforshowname' => '',
				'checkforbindname' => '',
				'checkformap' => '',
				'checkfororderby' => '',
				'checkfororfields' => '',
				'checkforchoice' => '',
				'checkforiswrite' => '0',
				'islock' => '1',
				'tagevent' => '',
				'titlepercent' => '1',
				'contentpercent' => '3',
				'callback' => '',
				'valedit' => '',
			),
			'3' => array(
				'id' => '16',
				'isforeignfield' => '0',
				'catalog' => 'text',
				'fields' => 'orderno',
				'sort' => '3',
				'ids' => '0',
				'title' => '编号',
				'searchlist' => '0',
				'allsearchlist' => '0',
				'tabletype' => '',
				'tablename' => 'mis_auto_cdzws',
				'length' => '',
				'isshow' => '1',
				'models' => '',
				'methods' => '',
				'relation' => '',
				'subimporttableobj' => '',
				'subimporttablefieldobj' => '',
				'defaultval' => '',
				'defaultvaltext' => '',
				'subimporttablefield2obj' => '',
				'subimporttableobjcondition' => '',
				'additionalconditions' => '',
				'requiredfield' => '0',
				'checkfunc' => '',
				'calculate' => '',
				'validdigit' => '0',
				'org' => '',
				'unitl' => '',
				'unitls' => '',
				'checkfortablename' => '',
				'checkforshowname' => '',
				'checkforbindname' => '',
				'checkformap' => '',
				'checkfororderby' => '',
				'checkfororfields' => '',
				'checkforchoice' => '',
				'checkforiswrite' => '0',
				'islock' => '1',
				'tagevent' => '',
				'titlepercent' => '1',
				'contentpercent' => '3',
				'callback' => '',
				'valedit' => '',
			),
			'4' => array(
				'id' => '12',
				'isforeignfield' => '0',
				'catalog' => 'text',
				'fields' => 'ly',
				'sort' => '4',
				'ids' => '6',
				'title' => '判断',
				'searchlist' => '0',
				'allsearchlist' => '0',
				'tabletype' => 'varchar',
				'tablename' => 'mis_auto_cdzws',
				'length' => '30',
				'isshow' => '1',
				'models' => '',
				'methods' => '',
				'relation' => '',
				'subimporttableobj' => '',
				'subimporttablefieldobj' => '',
				'defaultval' => '',
				'defaultvaltext' => '',
				'subimporttablefield2obj' => '',
				'subimporttableobjcondition' => '',
				'additionalconditions' => '',
				'requiredfield' => '0',
				'checkfunc' => '',
				'calculate' => '',
				'validdigit' => '0',
				'org' => '',
				'unitl' => '',
				'unitls' => '',
				'checkfortablename' => '',
				'checkforshowname' => '',
				'checkforbindname' => '',
				'checkformap' => '',
				'checkfororderby' => '',
				'checkfororfields' => '',
				'checkforchoice' => '',
				'checkforiswrite' => '0',
				'islock' => '1',
				'tagevent' => '',
				'titlepercent' => '1',
				'contentpercent' => '3',
				'callback' => '',
				'valedit' => '',
			),
			'5' => array(
				'id' => '17',
				'isforeignfield' => '0',
				'catalog' => 'lookup',
				'fields' => 'lookup5',
				'sort' => '5',
				'ids' => '7',
				'title' => 'lookup组件 _5',
				'searchlist' => '0',
				'allsearchlist' => '0',
				'tabletype' => 'varchar',
				'tablename' => 'mis_auto_cdzws',
				'length' => '11',
				'isshow' => '1',
				'models' => '',
				'methods' => 'view',
				'relation' => 'orderno',
				'requiredfield' => '0',
				'checkfunc' => '',
				'iscontrollchange' => NULL,
				'iscreatesearch' => '0',
				'filedback' => '',
				'filedbackchina' => '',
				'lookupgroup' => 'ORG7',
				'geturls' => 'lookupGeneral',
				'model' => '',
				'lookuporg' => '',
				'lookuporgval' => '',
				'conditions' => '',
				'org' => '',
				'defaultval' => '',
				'org1' => '',
				'islock' => '1',
				'viewname' => '',
				'viewtype' => '0',
				'lookupchoice' => '',
				'additionalconditions' => '',
				'dialogwidth' => '0',
				'dialogheight' => '0',
				'titlepercent' => '1',
				'contentpercent' => '3',
				'callback' => '',
			),
			'6' => array(
				'id' => '18',
				'isforeignfield' => '0',
				'catalog' => 'date',
				'fields' => 'date7',
				'sort' => '6',
				'ids' => '8',
				'title' => '日期组件_7',
				'searchlist' => '0',
				'allsearchlist' => '0',
				'tabletype' => 'date',
				'tablename' => 'mis_auto_cdzws',
				'length' => '11',
				'isshow' => '1',
				'models' => '',
				'methods' => 'view',
				'relation' => 'orderno',
				'requiredfield' => '0',
				'acquiretime' => '0',
				'editacquiretime' => '0',
				'defaulttimechar' => '',
				'isshowresoult' => '0',
				'checkfunc' => '',
				'org' => '',
				'format' => 'yyyy-MM-dd@Y-m-d',
				'formatphp' => 'Y-m-d',
				'formatjs' => 'yyyy-MM-dd',
				'islock' => '1',
				'calculate' => '',
				'titlepercent' => '1',
				'contentpercent' => '3',
			),
		),
	),
)
Time 2018-09-17 10:18:05 : C:MisDynamicFormModelAction L:44 model生成数据：NULL
Time 2018-09-17 16:56:01 : C:MisDynamicFormManageAction L:5403内嵌表列表sql创建数组:NULL
Time 2018-09-17 16:56:01 : C:MisDynamicFormManageAction L:5414子表结构数据数据源：array(
	'change' => NULL,
	'all' => NULL,
)
Time 2018-09-17 16:56:01 : C:MisDynamicFormManageAction L:5541被分离后的主从表数据源：array(
	'0' => array(
		'mis_auto_cdzws' => array(
			'0' => array(
				'id' => '13',
				'isforeignfield' => '0',
				'catalog' => 'text',
				'fields' => 'updateid',
				'sort' => '0',
				'ids' => '0',
				'title' => '修改人',
				'searchlist' => '0',
				'allsearchlist' => '0',
				'tabletype' => '',
				'tablename' => 'mis_auto_cdzws',
				'length' => '',
				'isshow' => '1',
				'models' => '',
				'methods' => '',
				'relation' => '',
				'subimporttableobj' => '',
				'subimporttablefieldobj' => '',
				'defaultval' => '',
				'defaultvaltext' => '',
				'subimporttablefield2obj' => '',
				'subimporttableobjcondition' => '',
				'additionalconditions' => '',
				'requiredfield' => '0',
				'checkfunc' => '',
				'calculate' => '',
				'validdigit' => '0',
				'org' => '',
				'unitl' => '',
				'unitls' => '',
				'checkfortablename' => '',
				'checkforshowname' => '',
				'checkforbindname' => '',
				'checkformap' => '',
				'checkfororderby' => '',
				'checkfororfields' => '',
				'checkforchoice' => '',
				'checkforiswrite' => '0',
				'islock' => '1',
				'tagevent' => '',
				'titlepercent' => '1',
				'contentpercent' => '3',
				'callback' => '',
				'valedit' => '',
			),
			'1' => array(
				'id' => '14',
				'isforeignfield' => '0',
				'catalog' => 'text',
				'fields' => 'companyid',
				'sort' => '1',
				'ids' => '0',
				'title' => '公司',
				'searchlist' => '0',
				'allsearchlist' => '0',
				'tabletype' => '',
				'tablename' => 'mis_auto_cdzws',
				'length' => '',
				'isshow' => '1',
				'models' => '',
				'methods' => '',
				'relation' => '',
				'subimporttableobj' => '',
				'subimporttablefieldobj' => '',
				'defaultval' => '',
				'defaultvaltext' => '',
				'subimporttablefield2obj' => '',
				'subimporttableobjcondition' => '',
				'additionalconditions' => '',
				'requiredfield' => '0',
				'checkfunc' => '',
				'calculate' => '',
				'validdigit' => '0',
				'org' => '',
				'unitl' => '',
				'unitls' => '',
				'checkfortablename' => '',
				'checkforshowname' => '',
				'checkforbindname' => '',
				'checkformap' => '',
				'checkfororderby' => '',
				'checkfororfields' => '',
				'checkforchoice' => '',
				'checkforiswrite' => '0',
				'islock' => '1',
				'tagevent' => '',
				'titlepercent' => '1',
				'contentpercent' => '3',
				'callback' => '',
				'valedit' => '',
			),
			'2' => array(
				'id' => '15',
				'isforeignfield' => '0',
				'catalog' => 'text',
				'fields' => 'departmentid',
				'sort' => '2',
				'ids' => '0',
				'title' => '部门',
				'searchlist' => '0',
				'allsearchlist' => '0',
				'tabletype' => '',
				'tablename' => 'mis_auto_cdzws',
				'length' => '',
				'isshow' => '1',
				'models' => '',
				'methods' => '',
				'relation' => '',
				'subimporttableobj' => '',
				'subimporttablefieldobj' => '',
				'defaultval' => '',
				'defaultvaltext' => '',
				'subimporttablefield2obj' => '',
				'subimporttableobjcondition' => '',
				'additionalconditions' => '',
				'requiredfield' => '0',
				'checkfunc' => '',
				'calculate' => '',
				'validdigit' => '0',
				'org' => '',
				'unitl' => '',
				'unitls' => '',
				'checkfortablename' => '',
				'checkforshowname' => '',
				'checkforbindname' => '',
				'checkformap' => '',
				'checkfororderby' => '',
				'checkfororfields' => '',
				'checkforchoice' => '',
				'checkforiswrite' => '0',
				'islock' => '1',
				'tagevent' => '',
				'titlepercent' => '1',
				'contentpercent' => '3',
				'callback' => '',
				'valedit' => '',
			),
			'3' => array(
				'id' => '16',
				'isforeignfield' => '0',
				'catalog' => 'text',
				'fields' => 'orderno',
				'sort' => '3',
				'ids' => '0',
				'title' => '编号',
				'searchlist' => '0',
				'allsearchlist' => '0',
				'tabletype' => '',
				'tablename' => 'mis_auto_cdzws',
				'length' => '',
				'isshow' => '1',
				'models' => '',
				'methods' => '',
				'relation' => '',
				'subimporttableobj' => '',
				'subimporttablefieldobj' => '',
				'defaultval' => '',
				'defaultvaltext' => '',
				'subimporttablefield2obj' => '',
				'subimporttableobjcondition' => '',
				'additionalconditions' => '',
				'requiredfield' => '0',
				'checkfunc' => '',
				'calculate' => '',
				'validdigit' => '0',
				'org' => '',
				'unitl' => '',
				'unitls' => '',
				'checkfortablename' => '',
				'checkforshowname' => '',
				'checkforbindname' => '',
				'checkformap' => '',
				'checkfororderby' => '',
				'checkfororfields' => '',
				'checkforchoice' => '',
				'checkforiswrite' => '0',
				'islock' => '1',
				'tagevent' => '',
				'titlepercent' => '1',
				'contentpercent' => '3',
				'callback' => '',
				'valedit' => '',
			),
			'4' => array(
				'id' => '12',
				'isforeignfield' => '0',
				'catalog' => 'text',
				'fields' => 'ly',
				'sort' => '4',
				'ids' => '6',
				'title' => '判断',
				'searchlist' => '0',
				'allsearchlist' => '0',
				'tabletype' => 'varchar',
				'tablename' => 'mis_auto_cdzws',
				'length' => '30',
				'isshow' => '1',
				'models' => '',
				'methods' => '',
				'relation' => '',
				'subimporttableobj' => '',
				'subimporttablefieldobj' => '',
				'defaultval' => '',
				'defaultvaltext' => '',
				'subimporttablefield2obj' => '',
				'subimporttableobjcondition' => '',
				'additionalconditions' => '',
				'requiredfield' => '0',
				'checkfunc' => '',
				'calculate' => '',
				'validdigit' => '0',
				'org' => '',
				'unitl' => '',
				'unitls' => '',
				'checkfortablename' => '',
				'checkforshowname' => '',
				'checkforbindname' => '',
				'checkformap' => '',
				'checkfororderby' => '',
				'checkfororfields' => '',
				'checkforchoice' => '',
				'checkforiswrite' => '0',
				'islock' => '1',
				'tagevent' => '',
				'titlepercent' => '1',
				'contentpercent' => '3',
				'callback' => '',
				'valedit' => '',
			),
			'5' => array(
				'id' => '17',
				'isforeignfield' => '0',
				'catalog' => 'lookup',
				'fields' => 'lookup5',
				'sort' => '5',
				'ids' => '7',
				'title' => 'lookup组件 _5',
				'searchlist' => '0',
				'allsearchlist' => '0',
				'tabletype' => 'varchar',
				'tablename' => 'mis_auto_cdzws',
				'length' => '11',
				'isshow' => '1',
				'models' => '',
				'methods' => 'view',
				'relation' => 'orderno',
				'requiredfield' => '0',
				'checkfunc' => '',
				'iscontrollchange' => NULL,
				'iscreatesearch' => '0',
				'filedback' => '',
				'filedbackchina' => '',
				'lookupgroup' => 'ORG7',
				'geturls' => 'lookupGeneral',
				'model' => '',
				'lookuporg' => '',
				'lookuporgval' => '',
				'conditions' => '',
				'org' => '',
				'defaultval' => '',
				'org1' => '',
				'islock' => '1',
				'viewname' => '',
				'viewtype' => '0',
				'lookupchoice' => '',
				'additionalconditions' => '',
				'dialogwidth' => '0',
				'dialogheight' => '0',
				'titlepercent' => '1',
				'contentpercent' => '3',
				'callback' => '',
			),
			'6' => array(
				'id' => '18',
				'isforeignfield' => '0',
				'catalog' => 'date',
				'fields' => 'date7',
				'sort' => '6',
				'ids' => '8',
				'title' => '日期组件_7',
				'searchlist' => '0',
				'allsearchlist' => '0',
				'tabletype' => 'date',
				'tablename' => 'mis_auto_cdzws',
				'length' => '11',
				'isshow' => '1',
				'models' => '',
				'methods' => 'view',
				'relation' => 'orderno',
				'requiredfield' => '0',
				'acquiretime' => '0',
				'editacquiretime' => '0',
				'defaulttimechar' => '',
				'isshowresoult' => '0',
				'checkfunc' => '',
				'org' => '',
				'format' => 'yyyy-MM-dd@Y-m-d',
				'formatphp' => 'Y-m-d',
				'formatjs' => 'yyyy-MM-dd',
				'islock' => '1',
				'calculate' => '',
				'titlepercent' => '1',
				'contentpercent' => '3',
			),
		),
	),
)
Time 2018-09-17 16:56:01 : C:MisDynamicFormModelAction L:44 model生成数据：NULL
Time 2018-09-17 16:56:16 : C:MisDynamicFormManageAction L:5403内嵌表列表sql创建数组:NULL
Time 2018-09-17 16:56:16 : C:MisDynamicFormManageAction L:5414子表结构数据数据源：array(
	'change' => NULL,
	'all' => NULL,
)
Time 2018-09-17 16:56:16 : C:MisDynamicFormManageAction L:5541被分离后的主从表数据源：array(
	'0' => array(
		'mis_auto_cdzws' => array(
			'0' => array(
				'id' => '13',
				'isforeignfield' => '0',
				'catalog' => 'text',
				'fields' => 'updateid',
				'sort' => '0',
				'ids' => '0',
				'title' => '修改人',
				'searchlist' => '0',
				'allsearchlist' => '0',
				'tabletype' => '',
				'tablename' => 'mis_auto_cdzws',
				'length' => '',
				'isshow' => '1',
				'models' => '',
				'methods' => '',
				'relation' => '',
				'subimporttableobj' => '',
				'subimporttablefieldobj' => '',
				'defaultval' => '',
				'defaultvaltext' => '',
				'subimporttablefield2obj' => '',
				'subimporttableobjcondition' => '',
				'additionalconditions' => '',
				'requiredfield' => '0',
				'checkfunc' => '',
				'calculate' => '',
				'validdigit' => '0',
				'org' => '',
				'unitl' => '',
				'unitls' => '',
				'checkfortablename' => '',
				'checkforshowname' => '',
				'checkforbindname' => '',
				'checkformap' => '',
				'checkfororderby' => '',
				'checkfororfields' => '',
				'checkforchoice' => '',
				'checkforiswrite' => '0',
				'islock' => '1',
				'tagevent' => '',
				'titlepercent' => '1',
				'contentpercent' => '3',
				'callback' => '',
				'valedit' => '',
			),
			'1' => array(
				'id' => '14',
				'isforeignfield' => '0',
				'catalog' => 'text',
				'fields' => 'companyid',
				'sort' => '1',
				'ids' => '0',
				'title' => '公司',
				'searchlist' => '0',
				'allsearchlist' => '0',
				'tabletype' => '',
				'tablename' => 'mis_auto_cdzws',
				'length' => '',
				'isshow' => '1',
				'models' => '',
				'methods' => '',
				'relation' => '',
				'subimporttableobj' => '',
				'subimporttablefieldobj' => '',
				'defaultval' => '',
				'defaultvaltext' => '',
				'subimporttablefield2obj' => '',
				'subimporttableobjcondition' => '',
				'additionalconditions' => '',
				'requiredfield' => '0',
				'checkfunc' => '',
				'calculate' => '',
				'validdigit' => '0',
				'org' => '',
				'unitl' => '',
				'unitls' => '',
				'checkfortablename' => '',
				'checkforshowname' => '',
				'checkforbindname' => '',
				'checkformap' => '',
				'checkfororderby' => '',
				'checkfororfields' => '',
				'checkforchoice' => '',
				'checkforiswrite' => '0',
				'islock' => '1',
				'tagevent' => '',
				'titlepercent' => '1',
				'contentpercent' => '3',
				'callback' => '',
				'valedit' => '',
			),
			'2' => array(
				'id' => '15',
				'isforeignfield' => '0',
				'catalog' => 'text',
				'fields' => 'departmentid',
				'sort' => '2',
				'ids' => '0',
				'title' => '部门',
				'searchlist' => '0',
				'allsearchlist' => '0',
				'tabletype' => '',
				'tablename' => 'mis_auto_cdzws',
				'length' => '',
				'isshow' => '1',
				'models' => '',
				'methods' => '',
				'relation' => '',
				'subimporttableobj' => '',
				'subimporttablefieldobj' => '',
				'defaultval' => '',
				'defaultvaltext' => '',
				'subimporttablefield2obj' => '',
				'subimporttableobjcondition' => '',
				'additionalconditions' => '',
				'requiredfield' => '0',
				'checkfunc' => '',
				'calculate' => '',
				'validdigit' => '0',
				'org' => '',
				'unitl' => '',
				'unitls' => '',
				'checkfortablename' => '',
				'checkforshowname' => '',
				'checkforbindname' => '',
				'checkformap' => '',
				'checkfororderby' => '',
				'checkfororfields' => '',
				'checkforchoice' => '',
				'checkforiswrite' => '0',
				'islock' => '1',
				'tagevent' => '',
				'titlepercent' => '1',
				'contentpercent' => '3',
				'callback' => '',
				'valedit' => '',
			),
			'3' => array(
				'id' => '16',
				'isforeignfield' => '0',
				'catalog' => 'text',
				'fields' => 'orderno',
				'sort' => '3',
				'ids' => '0',
				'title' => '编号',
				'searchlist' => '0',
				'allsearchlist' => '0',
				'tabletype' => '',
				'tablename' => 'mis_auto_cdzws',
				'length' => '',
				'isshow' => '1',
				'models' => '',
				'methods' => '',
				'relation' => '',
				'subimporttableobj' => '',
				'subimporttablefieldobj' => '',
				'defaultval' => '',
				'defaultvaltext' => '',
				'subimporttablefield2obj' => '',
				'subimporttableobjcondition' => '',
				'additionalconditions' => '',
				'requiredfield' => '0',
				'checkfunc' => '',
				'calculate' => '',
				'validdigit' => '0',
				'org' => '',
				'unitl' => '',
				'unitls' => '',
				'checkfortablename' => '',
				'checkforshowname' => '',
				'checkforbindname' => '',
				'checkformap' => '',
				'checkfororderby' => '',
				'checkfororfields' => '',
				'checkforchoice' => '',
				'checkforiswrite' => '0',
				'islock' => '1',
				'tagevent' => '',
				'titlepercent' => '1',
				'contentpercent' => '3',
				'callback' => '',
				'valedit' => '',
			),
			'4' => array(
				'id' => '12',
				'isforeignfield' => '0',
				'catalog' => 'text',
				'fields' => 'ly',
				'sort' => '4',
				'ids' => '6',
				'title' => '判断',
				'searchlist' => '0',
				'allsearchlist' => '0',
				'tabletype' => 'varchar',
				'tablename' => 'mis_auto_cdzws',
				'length' => '30',
				'isshow' => '1',
				'models' => '',
				'methods' => '',
				'relation' => '',
				'subimporttableobj' => '',
				'subimporttablefieldobj' => '',
				'defaultval' => '',
				'defaultvaltext' => '',
				'subimporttablefield2obj' => '',
				'subimporttableobjcondition' => '',
				'additionalconditions' => '',
				'requiredfield' => '0',
				'checkfunc' => '',
				'calculate' => '',
				'validdigit' => '0',
				'org' => '',
				'unitl' => '',
				'unitls' => '',
				'checkfortablename' => '',
				'checkforshowname' => '',
				'checkforbindname' => '',
				'checkformap' => '',
				'checkfororderby' => '',
				'checkfororfields' => '',
				'checkforchoice' => '',
				'checkforiswrite' => '0',
				'islock' => '1',
				'tagevent' => '',
				'titlepercent' => '1',
				'contentpercent' => '3',
				'callback' => '',
				'valedit' => '',
			),
			'5' => array(
				'id' => '17',
				'isforeignfield' => '0',
				'catalog' => 'lookup',
				'fields' => 'lookup5',
				'sort' => '5',
				'ids' => '7',
				'title' => 'lookup组件 _5',
				'searchlist' => '0',
				'allsearchlist' => '0',
				'tabletype' => 'varchar',
				'tablename' => 'mis_auto_cdzws',
				'length' => '11',
				'isshow' => '1',
				'models' => '',
				'methods' => 'view',
				'relation' => 'orderno',
				'requiredfield' => '0',
				'checkfunc' => '',
				'iscontrollchange' => NULL,
				'iscreatesearch' => '0',
				'filedback' => '',
				'filedbackchina' => '',
				'lookupgroup' => 'ORG7',
				'geturls' => 'lookupGeneral',
				'model' => '',
				'lookuporg' => '',
				'lookuporgval' => '',
				'conditions' => '',
				'org' => '',
				'defaultval' => '',
				'org1' => '',
				'islock' => '1',
				'viewname' => '',
				'viewtype' => '0',
				'lookupchoice' => '',
				'additionalconditions' => '',
				'dialogwidth' => '0',
				'dialogheight' => '0',
				'titlepercent' => '1',
				'contentpercent' => '3',
				'callback' => '',
			),
			'6' => array(
				'id' => '18',
				'isforeignfield' => '0',
				'catalog' => 'date',
				'fields' => 'date7',
				'sort' => '6',
				'ids' => '8',
				'title' => '日期组件_7',
				'searchlist' => '0',
				'allsearchlist' => '0',
				'tabletype' => 'date',
				'tablename' => 'mis_auto_cdzws',
				'length' => '11',
				'isshow' => '1',
				'models' => '',
				'methods' => 'view',
				'relation' => 'orderno',
				'requiredfield' => '0',
				'acquiretime' => '0',
				'editacquiretime' => '0',
				'defaulttimechar' => '',
				'isshowresoult' => '0',
				'checkfunc' => '',
				'org' => '',
				'format' => 'yyyy-MM-dd@Y-m-d',
				'formatphp' => 'Y-m-d',
				'formatjs' => 'yyyy-MM-dd',
				'islock' => '1',
				'calculate' => '',
				'titlepercent' => '1',
				'contentpercent' => '3',
			),
		),
	),
)
Time 2018-09-17 16:56:16 : C:MisDynamicFormModelAction L:44 model生成数据：NULL
Time 2018-09-17 16:56:32 : C:MisDynamicFormManageAction L:7894拖动页面时时保存数据源：array(
	'id' => '',
	'isforeignfield' => '',
	'category' => 'text',
	'fieldname' => 'text7',
	'sort' => '3',
	'ids' => '',
	'title' => '短文本框_7',
	'isformsearch' => '0',
	'islistsearch' => '0',
	'fieldtype' => 'varchar',
	'dbname' => 'mis_auto_cdzws',
	'tablelength' => '11',
	'isshow' => '1',
	'models' => '',
	'methods' => 'view',
	'relation' => 'orderno',
	'subimporttableobj' => '',
	'subimporttablefieldobj' => '',
	'defaultval' => '',
	'defaultvaltext' => '',
	'subimporttablefield2obj' => '',
	'lookupconditions' => '',
	'additionalconditions' => '',
	'isrequired' => '0',
	'validatetype' => '',
	'calculate' => '',
	'validdigit' => '0',
	'org' => '',
	'unit' => '',
	'unitls' => '',
	'checkfortablename' => '',
	'checkforshowname' => '',
	'checkforbindname' => '',
	'checkformap' => '',
	'checkfororderby' => '',
	'checkfororfields' => NULL,
	'checkforchoice' => '',
	'checkforiswrite' => '',
	'islock' => '1',
	'tagevent' => '',
	'titlepercent' => '1',
	'contentpercent' => '3',
	'callback' => '',
	'valedit' => '',
)
Time 2018-09-17 16:56:38 : C:MisDynamicFormManageAction L:7894拖动页面时时保存数据源：array(
	'id' => '',
	'isforeignfield' => '',
	'category' => 'password',
	'fieldname' => 'password8',
	'sort' => '7',
	'ids' => '',
	'title' => '密码框_8',
	'isformsearch' => '0',
	'islistsearch' => '0',
	'fieldtype' => 'varchar',
	'dbname' => 'mis_auto_cdzws',
	'tablelength' => '11',
	'isshow' => '1',
	'models' => '',
	'methods' => 'view',
	'relation' => 'orderno',
	'isrequired' => '0',
	'islock' => '1',
	'titlepercent' => '1',
	'contentpercent' => '3',
)
Time 2018-09-17 16:56:39 : C:MisDynamicFormManageAction L:7894拖动页面时时保存数据源：array(
	'id' => '',
	'isforeignfield' => '',
	'category' => 'tablabel',
	'fieldname' => 'tablabel9',
	'sort' => '8',
	'ids' => '',
	'title' => '标签_9',
	'isformsearch' => '0',
	'islistsearch' => '0',
	'fieldtype' => 'varchar',
	'dbname' => 'mis_auto_cdzws',
	'tablelength' => '11',
	'isshow' => '1',
	'models' => '',
	'methods' => 'view',
	'relation' => 'orderno',
	'isrequired' => '0',
	'validatetype' => '',
	'org' => '',
	'titlepercent' => '1',
	'contentpercent' => '3',
	'islock' => '1',
)
Time 2018-09-17 16:56:41 : C:MisDynamicFormManageAction L:7894拖动页面时时保存数据源：array(
	'id' => '',
	'isforeignfield' => '',
	'category' => 'hiddens',
	'fieldname' => 'hiddens10',
	'sort' => '10',
	'ids' => '',
	'title' => '隐藏域组件_10',
	'isformsearch' => '0',
	'islistsearch' => '0',
	'fieldtype' => 'varchar',
	'dbname' => 'mis_auto_cdzws',
	'tablelength' => '11',
	'isshow' => '1',
	'models' => '',
	'methods' => 'view',
	'relation' => 'orderno',
	'isrequired' => '0',
	'validatetype' => '',
	'org' => '',
	'isviewshow' => '',
	'titlepercent' => '1',
	'contentpercent' => '3',
	'islock' => '1',
	'callback' => '',
)
Time 2018-09-17 16:56:42 : C:MisDynamicFormManageAction L:7894拖动页面时时保存数据源：array(
	'id' => '',
	'isforeignfield' => '',
	'category' => 'select',
	'fieldname' => 'select11',
	'sort' => '5',
	'ids' => '',
	'title' => '下拉框_11',
	'isformsearch' => '0',
	'islistsearch' => '0',
	'fieldtype' => 'varchar',
	'dbname' => 'mis_auto_cdzws',
	'tablelength' => '11',
	'isshow' => '1',
	'models' => '',
	'methods' => 'view',
	'relation' => 'orderno',
	'isrequired' => '0',
	'islock' => '1',
	'isshowresoult' => '',
	'defaultcheckitem' => '',
	'defaultval' => '',
	'defaulttext' => '',
	'showoption' => '',
	'subimporttableobj' => '',
	'subimporttablefieldobj' => '',
	'subimporttablefield2obj' => '',
	'lookupconditions' => '',
	'org' => '',
	'treedtable' => '',
	'treeshowfield' => '',
	'treevaluefield' => '',
	'treeparentfield' => '',
	'isnextend' => '1',
	'mulit' => '',
	'treeheight' => '150',
	'treewidth' => '',
	'isdialog' => '',
	'tagevent' => '',
	'titlepercent' => '1',
	'contentpercent' => '3',
	'valedit' => '',
)
Time 2018-09-17 16:56:44 : C:MisDynamicFormManageAction L:7894拖动页面时时保存数据源：array(
	'id' => '',
	'isforeignfield' => '',
	'category' => 'checkbox',
	'fieldname' => 'checkbox12',
	'sort' => '11',
	'ids' => '',
	'title' => '复选框_12',
	'isformsearch' => '0',
	'islistsearch' => '0',
	'fieldtype' => 'varchar',
	'dbname' => '',
	'tablelength' => '11',
	'isshow' => '1',
	'models' => '',
	'methods' => 'view',
	'relation' => 'orderno',
	'isrequired' => '0',
	'validatetype' => '',
	'showoption' => '',
	'subimporttableobj' => '',
	'subimporttablefieldobj' => '',
	'subimporttablefield2obj' => '',
	'lookupconditions' => '',
	'islock' => '1',
	'tagevent' => '',
	'titlepercent' => '1',
	'contentpercent' => '7',
	'valedit' => '',
)
Time 2018-09-17 16:56:51 : C:MisDynamicFormManageAction L:7894拖动页面时时保存数据源：array(
	'id' => '',
	'isforeignfield' => '',
	'category' => 'select',
	'fieldname' => 'select13',
	'sort' => '12',
	'ids' => '',
	'title' => '下拉框_13',
	'isformsearch' => '0',
	'islistsearch' => '0',
	'fieldtype' => 'varchar',
	'dbname' => '',
	'tablelength' => '11',
	'isshow' => '1',
	'models' => '',
	'methods' => 'view',
	'relation' => 'orderno',
	'isrequired' => '0',
	'islock' => '1',
	'isshowresoult' => '',
	'defaultcheckitem' => '',
	'defaultval' => '',
	'defaulttext' => '',
	'showoption' => '',
	'subimporttableobj' => '',
	'subimporttablefieldobj' => '',
	'subimporttablefield2obj' => '',
	'lookupconditions' => '',
	'org' => '',
	'treedtable' => '',
	'treeshowfield' => '',
	'treevaluefield' => '',
	'treeparentfield' => '',
	'isnextend' => '1',
	'mulit' => '',
	'treeheight' => '150',
	'treewidth' => '',
	'isdialog' => '',
	'tagevent' => '',
	'titlepercent' => '1',
	'contentpercent' => '3',
	'valedit' => '',
)
Time 2018-09-17 16:56:58 : C:MisDynamicFormManageAction L:7894拖动页面时时保存数据源：array(
	'id' => '',
	'isforeignfield' => '',
	'category' => 'checkbox',
	'fieldname' => 'checkbox14',
	'sort' => '12',
	'ids' => '',
	'title' => '复选框_14',
	'isformsearch' => '0',
	'islistsearch' => '0',
	'fieldtype' => 'varchar',
	'dbname' => '',
	'tablelength' => '11',
	'isshow' => '1',
	'models' => '',
	'methods' => 'view',
	'relation' => 'orderno',
	'isrequired' => '0',
	'validatetype' => '',
	'showoption' => '',
	'subimporttableobj' => '',
	'subimporttablefieldobj' => '',
	'subimporttablefield2obj' => '',
	'lookupconditions' => '',
	'islock' => '1',
	'tagevent' => '',
	'titlepercent' => '1',
	'contentpercent' => '7',
	'valedit' => '',
)
Time 2018-09-17 16:57:29 : C:MisDynamicFormManageAction L:7894拖动页面时时保存数据源：array(
	'id' => '',
	'isforeignfield' => '',
	'category' => 'radio',
	'fieldname' => 'radio15',
	'sort' => '12',
	'ids' => '',
	'title' => '单选框_15',
	'isformsearch' => '0',
	'islistsearch' => '0',
	'fieldtype' => 'varchar',
	'dbname' => '',
	'tablelength' => '11',
	'isshow' => '1',
	'models' => '',
	'methods' => 'view',
	'relation' => 'orderno',
	'isrequired' => '0',
	'validatetype' => '',
	'showoption' => '',
	'subimporttableobj' => '',
	'subimporttablefieldobj' => '',
	'subimporttablefield2obj' => '',
	'subimporttableobjcondition' => '',
	'islock' => '1',
	'tagevent' => '',
	'titlepercent' => '1',
	'contentpercent' => '7',
	'valedit' => '',
)
Time 2018-09-17 16:57:55 : C:MisDynamicFormManageAction L:7894拖动页面时时保存数据源：array(
	'id' => '',
	'isforeignfield' => '',
	'category' => 'textarea',
	'fieldname' => 'textarea16',
	'sort' => '12',
	'ids' => '',
	'title' => '文本域_16',
	'isformsearch' => '0',
	'islistsearch' => '0',
	'fieldtype' => 'varchar',
	'dbname' => 'mis_auto_cdzws',
	'tablelength' => '11',
	'isshow' => '1',
	'models' => '',
	'methods' => 'view',
	'relation' => 'orderno',
	'isrequired' => '0',
	'org' => '',
	'isrichbox' => '0',
	'validatetype' => '',
	'defaultval' => '',
	'rows' => '4',
	'cols' => '100',
	'islock' => '1',
	'titlepercent' => '1',
	'contentpercent' => '7',
	'valedit' => '',
)
Time 2018-09-17 16:58:04 : C:MisDynamicFormManageAction L:7894拖动页面时时保存数据源：array(
	'id' => '',
	'isforeignfield' => '',
	'category' => 'upload',
	'fieldname' => 'upload17',
	'sort' => '13',
	'ids' => '',
	'title' => '上传组件_17',
	'isformsearch' => '0',
	'islistsearch' => '0',
	'fieldtype' => 'varchar',
	'dbname' => '',
	'tablelength' => '11',
	'isshow' => '1',
	'models' => '',
	'methods' => 'view',
	'relation' => 'orderno',
	'uploadnum' => '',
	'uploadtype' => '',
	'isrequired' => '0',
	'validatetype' => '',
	'islock' => '1',
	'widthheight' => '',
	'titlepercent' => '1',
	'contentpercent' => '7',
)
Time 2018-09-17 16:58:07 : C:MisDynamicFormManageAction L:7894拖动页面时时保存数据源：array(
	'id' => '',
	'isforeignfield' => '',
	'category' => 'fieldset',
	'fieldname' => 'fieldset18',
	'sort' => '13',
	'ids' => '',
	'title' => '',
	'isformsearch' => '0',
	'islistsearch' => '0',
	'fieldtype' => 'varchar',
	'dbname' => 'mis_auto_cdzws',
	'tablelength' => '11',
	'isshow' => '1',
	'models' => '',
	'methods' => 'view',
	'relation' => 'orderno',
	'isrequired' => '0',
	'validatetype' => '',
	'titlepercent' => '8',
	'contentpercent' => '0',
	'islock' => '1',
)
Time 2018-09-17 16:58:10 : C:MisDynamicFormManageAction L:7894拖动页面时时保存数据源：array(
	'id' => '',
	'isforeignfield' => '',
	'category' => 'areainfo',
	'fieldname' => 'areainfo19',
	'sort' => '14',
	'ids' => '',
	'title' => '地址组件：_19',
	'isformsearch' => '0',
	'islistsearch' => '0',
	'fieldtype' => 'varchar',
	'dbname' => '',
	'tablelength' => '200',
	'isshow' => '1',
	'models' => '',
	'methods' => 'view',
	'relation' => 'orderno',
	'datashare' => '0',
	'isrequired' => '0',
	'validatetype' => '',
	'islock' => '1',
	'titlepercent' => '1',
	'contentpercent' => '7',
)
Time 2018-09-17 16:58:56 : C:MisDynamicFormManageAction L:7894拖动页面时时保存数据源：array(
	'id' => '',
	'isforeignfield' => '',
	'category' => 'divider2',
	'fieldname' => 'divider220',
	'sort' => '14',
	'ids' => '',
	'title' => '',
	'isformsearch' => '0',
	'islistsearch' => '0',
	'fieldtype' => 'varchar',
	'dbname' => '',
	'tablelength' => '11',
	'isshow' => '1',
	'models' => '',
	'methods' => 'view',
	'relation' => 'orderno',
	'isrequired' => '0',
	'validatetype' => '',
	'titlepercent' => '8',
	'contentpercent' => '0',
	'islock' => '1',
)
Time 2018-09-17 16:58:59 : C:MisDynamicFormManageAction L:7894拖动页面时时保存数据源：array(
	'id' => '',
	'isforeignfield' => '',
	'category' => 'fiexdtext',
	'fieldname' => 'fiexdtext21',
	'sort' => '15',
	'ids' => '',
	'title' => '',
	'isformsearch' => '0',
	'islistsearch' => '0',
	'fieldtype' => 'varchar',
	'dbname' => '',
	'tablelength' => '11',
	'isshow' => '1',
	'models' => '',
	'methods' => 'view',
	'relation' => 'orderno',
	'isrequired' => '0',
	'validatetype' => '',
	'aligntype' => 'left',
	'backgroundcolor' => 'fff',
	'fontcolor' => '333',
	'fontsize' => '14',
	'fontheight' => '30',
	'fontweight' => '400',
	'titlepercent' => '4',
	'contentpercent' => '0',
	'islock' => '1',
)
Time 2018-09-17 16:59:10 : C:MisDynamicFormManageAction L:7894拖动页面时时保存数据源：array(
	'id' => '',
	'isforeignfield' => '',
	'category' => 'datatable',
	'fieldname' => 'datatable22',
	'sort' => '16',
	'ids' => '',
	'title' => '内嵌数据表格_22',
	'isformsearch' => '0',
	'islistsearch' => '0',
	'fieldtype' => 'varchar',
	'dbname' => '',
	'tablelength' => '11',
	'isshow' => '1',
	'models' => '',
	'methods' => 'view',
	'relation' => 'orderno',
	'isrequired' => '0',
	'validatetype' => '',
	'istwodimensional' => '0',
	'istwodimensionalshow' => '0',
	'isaddrowimport' => '0',
	'fieldlist' => '',
	'fieldrelation' => '',
	'calculate' => '',
	'iscreatepager' => '',
	'iscreatesearch' => '',
	'islock' => '1',
	'titlepercent' => '8',
	'contentpercent' => '0',
	'org' => '',
)
Time 2018-09-17 16:59:14 : C:MisDynamicFormManageAction L:7894拖动页面时时保存数据源：array(
	'id' => '',
	'isforeignfield' => '',
	'category' => 'defcomponent',
	'fieldname' => 'defcomponent23',
	'sort' => '16',
	'ids' => '',
	'title' => '',
	'isformsearch' => '0',
	'islistsearch' => '0',
	'fieldtype' => 'varchar',
	'dbname' => '',
	'tablelength' => '11',
	'isshow' => '1',
	'models' => '',
	'methods' => 'view',
	'relation' => 'orderno',
	'component' => '',
	'titlepercent' => '8',
	'contentpercent' => '0',
)
Time 2018-09-17 16:59:18 : C:MisDynamicFormManageAction L:7894拖动页面时时保存数据源：array(
	'id' => '',
	'isforeignfield' => '',
	'category' => 'iframe',
	'fieldname' => 'iframe24',
	'sort' => '17',
	'ids' => '',
	'title' => 'Iframe框_24',
	'isformsearch' => '0',
	'islistsearch' => '0',
	'fieldtype' => 'varchar',
	'dbname' => '',
	'tablelength' => '11',
	'isshow' => '1',
	'models' => '',
	'methods' => 'view',
	'relation' => 'orderno',
	'defaultval' => '',
	'uploadnum' => '',
	'titlepercent' => '1',
	'contentpercent' => '3',
)
Time 2018-09-17 16:59:26 : C:MisDynamicFormManageAction L:7894拖动页面时时保存数据源：array(
	'id' => '13',
	'isforeignfield' => '0',
	'category' => 'text',
	'fieldname' => 'updateid',
	'sort' => '0',
	'ids' => '0',
	'title' => '修改人',
	'isformsearch' => '0',
	'islistsearch' => '0',
	'fieldtype' => '',
	'dbname' => 'mis_auto_cdzws',
	'tablelength' => '',
	'isshow' => '1',
	'models' => '',
	'methods' => '',
	'relation' => '',
	'subimporttableobj' => '',
	'subimporttablefieldobj' => '',
	'defaultval' => '',
	'defaultvaltext' => '',
	'subimporttablefield2obj' => '',
	'lookupconditions' => '',
	'additionalconditions' => '',
	'isrequired' => '0',
	'validatetype' => '',
	'calculate' => '',
	'validdigit' => '0',
	'org' => '',
	'unit' => '',
	'unitls' => '',
	'checkfortablename' => '',
	'checkforshowname' => '',
	'checkforbindname' => '',
	'checkformap' => '',
	'checkfororderby' => '',
	'checkfororfields' => '',
	'checkforchoice' => '',
	'checkforiswrite' => '0',
	'islock' => '1',
	'tagevent' => '',
	'titlepercent' => '1',
	'contentpercent' => '3',
	'callback' => '',
	'valedit' => '',
)
Time 2018-09-17 17:00:01 : C:MisDynamicFormManageAction L:7894拖动页面时时保存数据源：array(
	'id' => '13',
	'isforeignfield' => '0',
	'category' => 'text',
	'fieldname' => 'updateid',
	'sort' => '0',
	'ids' => '0',
	'title' => '修改人',
	'isformsearch' => '0',
	'islistsearch' => '0',
	'fieldtype' => '',
	'dbname' => 'mis_auto_cdzws',
	'tablelength' => '',
	'isshow' => '1',
	'models' => '',
	'methods' => '',
	'relation' => '',
	'subimporttableobj' => '',
	'subimporttablefieldobj' => '',
	'defaultval' => '',
	'defaultvaltext' => '',
	'subimporttablefield2obj' => '',
	'lookupconditions' => '',
	'additionalconditions' => '',
	'isrequired' => '0',
	'validatetype' => '',
	'calculate' => '',
	'validdigit' => '0',
	'org' => '',
	'unit' => '',
	'unitls' => '',
	'checkfortablename' => '',
	'checkforshowname' => '',
	'checkforbindname' => '',
	'checkformap' => '',
	'checkfororderby' => '',
	'checkfororfields' => '',
	'checkforchoice' => '',
	'checkforiswrite' => '0',
	'islock' => '1',
	'tagevent' => '',
	'titlepercent' => '1',
	'contentpercent' => '3',
	'callback' => '',
	'valedit' => '',
)
Time 2018-09-17 17:10:32 : C:MisDynamicFormManageAction L:7894拖动页面时时保存数据源：array(
	'id' => '',
	'isforeignfield' => '',
	'category' => 'tablabel',
	'fieldname' => 'tablabel25',
	'sort' => '9',
	'ids' => '',
	'title' => '标签_25',
	'isformsearch' => '0',
	'islistsearch' => '0',
	'fieldtype' => 'varchar',
	'dbname' => '',
	'tablelength' => '11',
	'isshow' => '1',
	'models' => '',
	'methods' => 'view',
	'relation' => 'orderno',
	'isrequired' => '0',
	'validatetype' => '',
	'org' => '',
	'titlepercent' => '1',
	'contentpercent' => '3',
	'islock' => '1',
)
Time 2018-09-17 17:10:38 : C:MisDynamicFormManageAction L:7894拖动页面时时保存数据源：array(
	'id' => '',
	'isforeignfield' => '',
	'category' => 'select',
	'fieldname' => 'select26',
	'sort' => '13',
	'ids' => '',
	'title' => '下拉框_26',
	'isformsearch' => '0',
	'islistsearch' => '0',
	'fieldtype' => 'varchar',
	'dbname' => 'mis_auto_cdzws',
	'tablelength' => '11',
	'isshow' => '1',
	'models' => '',
	'methods' => 'view',
	'relation' => 'orderno',
	'isrequired' => '0',
	'islock' => '1',
	'isshowresoult' => '',
	'defaultcheckitem' => '',
	'defaultval' => '',
	'defaulttext' => '',
	'showoption' => '',
	'subimporttableobj' => '',
	'subimporttablefieldobj' => '',
	'subimporttablefield2obj' => '',
	'lookupconditions' => '',
	'org' => '',
	'treedtable' => '',
	'treeshowfield' => '',
	'treevaluefield' => '',
	'treeparentfield' => '',
	'isnextend' => '1',
	'mulit' => '',
	'treeheight' => '150',
	'treewidth' => '',
	'isdialog' => '',
	'tagevent' => '',
	'titlepercent' => '1',
	'contentpercent' => '3',
	'valedit' => '',
)
Time 2018-09-17 17:10:45 : C:MisDynamicFormManageAction L:7894拖动页面时时保存数据源：array(
	'id' => '',
	'isforeignfield' => '',
	'category' => 'date',
	'fieldname' => 'date27',
	'sort' => '19',
	'ids' => '',
	'title' => '日期组件_27',
	'isformsearch' => '0',
	'islistsearch' => '0',
	'fieldtype' => 'date',
	'dbname' => 'mis_auto_cdzws',
	'tablelength' => '11',
	'isshow' => '1',
	'models' => '',
	'methods' => 'view',
	'relation' => 'orderno',
	'isrequired' => '0',
	'acquiretime' => '0',
	'editacquiretime' => '0',
	'defaulttimechar' => '',
	'isshowresoult' => '',
	'validatetype' => '',
	'org' => '',
	'dateformat' => 'yyyy-MM-dd@Y-m-d',
	'formatphp' => 'Y-m-d',
	'formatjs' => 'yyyy-MM-dd',
	'islock' => '1',
	'calculate' => '',
	'titlepercent' => '1',
	'contentpercent' => '3',
)
Time 2018-09-17 17:10:56 : C:MisDynamicFormManageAction L:7894拖动页面时时保存数据源：array(
	'id' => '',
	'isforeignfield' => '',
	'category' => 'checkbox',
	'fieldname' => 'checkbox28',
	'sort' => '18',
	'ids' => '',
	'title' => '复选框_28',
	'isformsearch' => '0',
	'islistsearch' => '0',
	'fieldtype' => 'varchar',
	'dbname' => 'mis_auto_cdzws',
	'tablelength' => '11',
	'isshow' => '1',
	'models' => '',
	'methods' => 'view',
	'relation' => 'orderno',
	'isrequired' => '0',
	'validatetype' => '',
	'showoption' => '',
	'subimporttableobj' => '',
	'subimporttablefieldobj' => '',
	'subimporttablefield2obj' => '',
	'lookupconditions' => '',
	'islock' => '1',
	'tagevent' => '',
	'titlepercent' => '1',
	'contentpercent' => '7',
	'valedit' => '',
)
Time 2018-09-17 17:11:02 : C:MisDynamicFormManageAction L:7894拖动页面时时保存数据源：array(
	'id' => '',
	'isforeignfield' => '',
	'category' => 'radio',
	'fieldname' => 'radio29',
	'sort' => '19',
	'ids' => '',
	'title' => '单选框_29',
	'isformsearch' => '0',
	'islistsearch' => '0',
	'fieldtype' => 'varchar',
	'dbname' => 'mis_auto_cdzws',
	'tablelength' => '11',
	'isshow' => '1',
	'models' => '',
	'methods' => 'view',
	'relation' => 'orderno',
	'isrequired' => '0',
	'validatetype' => '',
	'showoption' => '',
	'subimporttableobj' => '',
	'subimporttablefieldobj' => '',
	'subimporttablefield2obj' => '',
	'subimporttableobjcondition' => '',
	'islock' => '1',
	'tagevent' => '',
	'titlepercent' => '1',
	'contentpercent' => '7',
	'valedit' => '',
)
Time 2018-09-17 17:11:12 : C:MisDynamicFormManageAction L:7894拖动页面时时保存数据源：array(
	'id' => '',
	'isforeignfield' => '',
	'category' => 'upload',
	'fieldname' => 'upload30',
	'sort' => '18',
	'ids' => '',
	'title' => '上传组件_30',
	'isformsearch' => '0',
	'islistsearch' => '0',
	'fieldtype' => 'varchar',
	'dbname' => 'mis_auto_cdzws',
	'tablelength' => '11',
	'isshow' => '1',
	'models' => '',
	'methods' => 'view',
	'relation' => 'orderno',
	'uploadnum' => '',
	'uploadtype' => '',
	'isrequired' => '0',
	'validatetype' => '',
	'islock' => '1',
	'widthheight' => '',
	'titlepercent' => '1',
	'contentpercent' => '7',
)
Time 2018-09-17 17:11:19 : C:MisDynamicFormManageAction L:7894拖动页面时时保存数据源：array(
	'id' => '',
	'isforeignfield' => '',
	'category' => 'areainfo',
	'fieldname' => 'areainfo31',
	'sort' => '19',
	'ids' => '',
	'title' => '地址组件：_31',
	'isformsearch' => '0',
	'islistsearch' => '0',
	'fieldtype' => 'varchar',
	'dbname' => 'mis_auto_cdzws',
	'tablelength' => '200',
	'isshow' => '1',
	'models' => '',
	'methods' => 'view',
	'relation' => 'orderno',
	'datashare' => '0',
	'isrequired' => '0',
	'validatetype' => '',
	'islock' => '1',
	'titlepercent' => '1',
	'contentpercent' => '7',
)
Time 2018-09-17 17:12:57 : C:MisDynamicFormManageAction L:7894拖动页面时时保存数据源：array(
	'id' => '',
	'isforeignfield' => '',
	'category' => 'divider2',
	'fieldname' => 'divider232',
	'sort' => '23',
	'ids' => '',
	'title' => '',
	'isformsearch' => '0',
	'islistsearch' => '0',
	'fieldtype' => 'varchar',
	'dbname' => '',
	'tablelength' => '11',
	'isshow' => '1',
	'models' => '',
	'methods' => 'view',
	'relation' => 'orderno',
	'isrequired' => '0',
	'validatetype' => '',
	'titlepercent' => '8',
	'contentpercent' => '0',
	'islock' => '1',
)
Time 2018-09-17 17:12:58 : C:MisDynamicFormManageAction L:7894拖动页面时时保存数据源：array(
	'id' => '',
	'isforeignfield' => '',
	'category' => 'areainfo',
	'fieldname' => 'areainfo33',
	'sort' => '24',
	'ids' => '',
	'title' => '地址组件：_33',
	'isformsearch' => '0',
	'islistsearch' => '0',
	'fieldtype' => 'varchar',
	'dbname' => 'mis_auto_cdzws',
	'tablelength' => '200',
	'isshow' => '1',
	'models' => '',
	'methods' => 'view',
	'relation' => 'orderno',
	'datashare' => '0',
	'isrequired' => '0',
	'validatetype' => '',
	'islock' => '1',
	'titlepercent' => '1',
	'contentpercent' => '7',
)
