Time 2018-09-27 11:18:27 : C:MisDynamicFormManageAction L:7897拖动页面时时保存数据源：array(
	'id' => '',
	'isforeignfield' => '',
	'category' => 'lookup',
	'fieldname' => 'lookup7',
	'sort' => '7',
	'ids' => '',
	'title' => 'lookup组件 _7',
	'isformsearch' => '0',
	'islistsearch' => '0',
	'fieldtype' => 'varchar',
	'dbname' => 'mis_auto_sauku',
	'tablelength' => '11',
	'isshow' => '1',
	'models' => '',
	'methods' => 'view',
	'relation' => 'orderno',
	'isrequired' => '0',
	'validatetype' => '',
	'iscreatesearch' => '',
	'lookupfiledback' => '',
	'lookupfiledbackchina' => '',
	'lookupgrouporg' => 'ORG#ids#1',
	'lookupurls' => 'lookupGeneral',
	'lookupmodel' => '',
	'lookupshoworg' => '',
	'lookuporgval' => '',
	'lookupconditions' => '',
	'org' => '',
	'defaultval' => '',
	'org1' => '',
	'islock' => '1',
	'viewname' => '',
	'viewtype' => '',
	'lookupchoice' => '',
	'additionalconditions' => '',
	'dialogwidth' => '',
	'dialogheight' => '',
	'titlepercent' => '1',
	'contentpercent' => '3',
	'callback' => '',
)
Time 2018-09-27 11:18:28 : C:MisDynamicFormManageAction L:5403内嵌表列表sql创建数组:NULL
Time 2018-09-27 11:18:28 : C:MisDynamicFormManageAction L:5414子表结构数据数据源：array(
	'change' => NULL,
	'all' => NULL,
)
Time 2018-09-27 11:18:29 : C:MisDynamicFormManageAction L:5541被分离后的主从表数据源：array(
	'0' => array(
		'mis_auto_sauku' => array(
			'0' => array(
				'id' => '71',
				'isforeignfield' => '0',
				'catalog' => 'text',
				'fields' => 'projectid',
				'sort' => '0',
				'ids' => '0',
				'title' => '项目',
				'searchlist' => '0',
				'allsearchlist' => '0',
				'tabletype' => '',
				'tablename' => 'mis_auto_sauku',
				'length' => '',
				'isshow' => '1',
				'models' => '',
				'methods' => '',
				'relation' => '',
				'subimporttableobj' => '',
				'subimporttablefieldobj' => '',
				'defaultval' => '',
				'defaultvaltext' => '',
				'subimporttablefield2obj' => '',
				'subimporttableobjcondition' => '',
				'additionalconditions' => '',
				'requiredfield' => '0',
				'checkfunc' => '',
				'calculate' => '',
				'validdigit' => '0',
				'org' => '',
				'unitl' => '',
				'unitls' => '',
				'checkfortablename' => '',
				'checkforshowname' => '',
				'checkforbindname' => '',
				'checkformap' => '',
				'checkfororderby' => '',
				'checkfororfields' => '',
				'checkforchoice' => '',
				'checkforiswrite' => '0',
				'islock' => '1',
				'tagevent' => '',
				'titlepercent' => '1',
				'contentpercent' => '3',
				'callback' => '',
				'valedit' => '',
			),
			'1' => array(
				'id' => '72',
				'isforeignfield' => '0',
				'catalog' => 'text',
				'fields' => 'createid',
				'sort' => '1',
				'ids' => '0',
				'title' => '创建人',
				'searchlist' => '0',
				'allsearchlist' => '0',
				'tabletype' => '',
				'tablename' => 'mis_auto_sauku',
				'length' => '',
				'isshow' => '1',
				'models' => '',
				'methods' => '',
				'relation' => '',
				'subimporttableobj' => '',
				'subimporttablefieldobj' => '',
				'defaultval' => '',
				'defaultvaltext' => '',
				'subimporttablefield2obj' => '',
				'subimporttableobjcondition' => '',
				'additionalconditions' => '',
				'requiredfield' => '0',
				'checkfunc' => '',
				'calculate' => '',
				'validdigit' => '0',
				'org' => '',
				'unitl' => '',
				'unitls' => '',
				'checkfortablename' => '',
				'checkforshowname' => '',
				'checkforbindname' => '',
				'checkformap' => '',
				'checkfororderby' => '',
				'checkfororfields' => '',
				'checkforchoice' => '',
				'checkforiswrite' => '0',
				'islock' => '1',
				'tagevent' => '',
				'titlepercent' => '1',
				'contentpercent' => '3',
				'callback' => '',
				'valedit' => '',
			),
			'2' => array(
				'id' => '73',
				'isforeignfield' => '0',
				'catalog' => 'text',
				'fields' => 'createtime',
				'sort' => '2',
				'ids' => '0',
				'title' => '创建时间',
				'searchlist' => '0',
				'allsearchlist' => '0',
				'tabletype' => '',
				'tablename' => 'mis_auto_sauku',
				'length' => '',
				'isshow' => '1',
				'models' => '',
				'methods' => '',
				'relation' => '',
				'subimporttableobj' => '',
				'subimporttablefieldobj' => '',
				'defaultval' => '',
				'defaultvaltext' => '',
				'subimporttablefield2obj' => '',
				'subimporttableobjcondition' => '',
				'additionalconditions' => '',
				'requiredfield' => '0',
				'checkfunc' => '',
				'calculate' => '',
				'validdigit' => '0',
				'org' => '',
				'unitl' => '',
				'unitls' => '',
				'checkfortablename' => '',
				'checkforshowname' => '',
				'checkforbindname' => '',
				'checkformap' => '',
				'checkfororderby' => '',
				'checkfororfields' => '',
				'checkforchoice' => '',
				'checkforiswrite' => '0',
				'islock' => '1',
				'tagevent' => '',
				'titlepercent' => '1',
				'contentpercent' => '3',
				'callback' => '',
				'valedit' => '',
			),
			'3' => array(
				'id' => '74',
				'isforeignfield' => '0',
				'catalog' => 'text',
				'fields' => 'orderno',
				'sort' => '3',
				'ids' => '0',
				'title' => '编号',
				'searchlist' => '0',
				'allsearchlist' => '0',
				'tabletype' => '',
				'tablename' => 'mis_auto_sauku',
				'length' => '',
				'isshow' => '1',
				'models' => '',
				'methods' => '',
				'relation' => '',
				'subimporttableobj' => '',
				'subimporttablefieldobj' => '',
				'defaultval' => '',
				'defaultvaltext' => '',
				'subimporttablefield2obj' => '',
				'subimporttableobjcondition' => '',
				'additionalconditions' => '',
				'requiredfield' => '0',
				'checkfunc' => '',
				'calculate' => '',
				'validdigit' => '0',
				'org' => '',
				'unitl' => '',
				'unitls' => '',
				'checkfortablename' => '',
				'checkforshowname' => '',
				'checkforbindname' => '',
				'checkformap' => '',
				'checkfororderby' => '',
				'checkfororfields' => '',
				'checkforchoice' => '',
				'checkforiswrite' => '0',
				'islock' => '1',
				'tagevent' => '',
				'titlepercent' => '1',
				'contentpercent' => '3',
				'callback' => '',
				'valedit' => '',
			),
			'4' => array(
				'id' => '69',
				'isforeignfield' => '0',
				'catalog' => 'text',
				'fields' => 'testmanger',
				'sort' => '4',
				'ids' => '37',
				'title' => '测试人',
				'searchlist' => '0',
				'allsearchlist' => '0',
				'tabletype' => 'varchar',
				'tablename' => 'mis_auto_sauku',
				'length' => '30',
				'isshow' => '1',
				'models' => '',
				'methods' => '',
				'relation' => '',
				'subimporttableobj' => '',
				'subimporttablefieldobj' => '',
				'defaultval' => '',
				'defaultvaltext' => '',
				'subimporttablefield2obj' => '',
				'subimporttableobjcondition' => '',
				'additionalconditions' => '',
				'requiredfield' => '0',
				'checkfunc' => '',
				'calculate' => '',
				'validdigit' => '0',
				'org' => '',
				'unitl' => '',
				'unitls' => '',
				'checkfortablename' => '',
				'checkforshowname' => '',
				'checkforbindname' => '',
				'checkformap' => '',
				'checkfororderby' => '',
				'checkfororfields' => '',
				'checkforchoice' => '',
				'checkforiswrite' => '0',
				'islock' => '1',
				'tagevent' => '',
				'titlepercent' => '1',
				'contentpercent' => '3',
				'callback' => '',
				'valedit' => '',
			),
			'5' => array(
				'id' => '70',
				'isforeignfield' => '0',
				'catalog' => 'text',
				'fields' => 'teseproject',
				'sort' => '5',
				'ids' => '38',
				'title' => '测试项目',
				'searchlist' => '0',
				'allsearchlist' => '0',
				'tabletype' => 'varchar',
				'tablename' => 'mis_auto_sauku',
				'length' => '30',
				'isshow' => '1',
				'models' => '',
				'methods' => '',
				'relation' => '',
				'subimporttableobj' => '',
				'subimporttablefieldobj' => '',
				'defaultval' => '',
				'defaultvaltext' => '',
				'subimporttablefield2obj' => '',
				'subimporttableobjcondition' => '',
				'additionalconditions' => '',
				'requiredfield' => '0',
				'checkfunc' => '',
				'calculate' => '',
				'validdigit' => '0',
				'org' => '',
				'unitl' => '',
				'unitls' => '',
				'checkfortablename' => '',
				'checkforshowname' => '',
				'checkforbindname' => '',
				'checkformap' => '',
				'checkfororderby' => '',
				'checkfororfields' => '',
				'checkforchoice' => '',
				'checkforiswrite' => '0',
				'islock' => '1',
				'tagevent' => '',
				'titlepercent' => '1',
				'contentpercent' => '3',
				'callback' => '',
				'valedit' => '',
			),
			'6' => array(
				'id' => '82',
				'isforeignfield' => '0',
				'catalog' => 'areainfo',
				'fields' => 'areainfo11',
				'sort' => '6',
				'ids' => '46',
				'title' => '地址组件：_11',
				'searchlist' => '0',
				'allsearchlist' => '0',
				'tabletype' => 'varchar',
				'tablename' => 'mis_auto_sauku',
				'length' => '200',
				'isshow' => '1',
				'models' => '',
				'methods' => 'view',
				'relation' => 'orderno',
				'datashare' => '0',
				'requiredfield' => '0',
				'checkfunc' => '',
				'islock' => '1',
				'titlepercent' => '1',
				'contentpercent' => '7',
			),
			'7' => array(
				'id' => '87',
				'isforeignfield' => '0',
				'catalog' => 'lookup',
				'fields' => 'lookup7',
				'sort' => '7',
				'ids' => '51',
				'title' => 'lookup组件 _7',
				'searchlist' => '0',
				'allsearchlist' => '0',
				'tabletype' => 'varchar',
				'tablename' => 'mis_auto_sauku',
				'length' => '11',
				'isshow' => '1',
				'models' => '',
				'methods' => 'view',
				'relation' => 'orderno',
				'requiredfield' => '0',
				'checkfunc' => '',
				'iscontrollchange' => NULL,
				'iscreatesearch' => '0',
				'filedback' => '',
				'filedbackchina' => '',
				'lookupgroup' => 'ORG51',
				'geturls' => 'lookupGeneral',
				'model' => '',
				'lookuporg' => '',
				'lookuporgval' => '',
				'conditions' => '',
				'org' => '',
				'defaultval' => '',
				'org1' => '',
				'islock' => '1',
				'viewname' => '',
				'viewtype' => '0',
				'lookupchoice' => '',
				'additionalconditions' => '',
				'dialogwidth' => '0',
				'dialogheight' => '0',
				'titlepercent' => '1',
				'contentpercent' => '3',
				'callback' => '',
			),
		),
	),
)
Time 2018-09-27 11:18:29 : C:MisDynamicFormModelAction L:44 model生成数据：NULL
