Time 2018-09-26 11:18:29 : C:MisDynamicFormManageAction L:7896拖动页面时时保存数据源：array(
	'id' => '',
	'isforeignfield' => '',
	'category' => 'areainfo',
	'fieldname' => 'areainfo11',
	'sort' => '10',
	'ids' => '',
	'title' => '地址组件：_11',
	'isformsearch' => '0',
	'islistsearch' => '0',
	'fieldtype' => 'varchar',
	'dbname' => 'mis_auto_oxqxg',
	'tablelength' => '200',
	'isshow' => '1',
	'models' => '',
	'methods' => 'view',
	'relation' => 'orderno',
	'datashare' => '0',
	'isrequired' => '0',
	'validatetype' => '',
	'islock' => '1',
	'titlepercent' => '1',
	'contentpercent' => '7',
)
Time 2018-09-26 11:18:35 : C:MisDynamicFormManageAction L:7896拖动页面时时保存数据源：array(
	'id' => '',
	'isforeignfield' => '',
	'category' => 'areainfo',
	'fieldname' => 'areainfo12',
	'sort' => '10',
	'ids' => '',
	'title' => '地址组件：_12',
	'isformsearch' => '0',
	'islistsearch' => '0',
	'fieldtype' => 'varchar',
	'dbname' => 'mis_auto_oxqxg',
	'tablelength' => '200',
	'isshow' => '1',
	'models' => '',
	'methods' => 'view',
	'relation' => 'orderno',
	'datashare' => '0',
	'isrequired' => '0',
	'validatetype' => '',
	'islock' => '1',
	'titlepercent' => '1',
	'contentpercent' => '7',
)
Time 2018-09-26 11:18:37 : C:MisDynamicFormManageAction L:5402内嵌表列表sql创建数组:NULL
Time 2018-09-26 11:18:37 : C:MisDynamicFormManageAction L:5413子表结构数据数据源：array(
	'change' => NULL,
	'all' => NULL,
)
Time 2018-09-26 11:18:37 : C:MisDynamicFormManageAction L:5540被分离后的主从表数据源：array(
	'0' => array(
		'mis_auto_oxqxg' => array(
			'0' => array(
				'id' => '60',
				'isforeignfield' => '0',
				'catalog' => 'text',
				'fields' => 'projectid',
				'sort' => '0',
				'ids' => '0',
				'title' => '项目',
				'searchlist' => '0',
				'allsearchlist' => '0',
				'tabletype' => '',
				'tablename' => 'mis_auto_oxqxg',
				'length' => '',
				'isshow' => '1',
				'models' => '',
				'methods' => '',
				'relation' => '',
				'subimporttableobj' => '',
				'subimporttablefieldobj' => '',
				'defaultval' => '',
				'defaultvaltext' => '',
				'subimporttablefield2obj' => '',
				'subimporttableobjcondition' => '',
				'additionalconditions' => '',
				'requiredfield' => '0',
				'checkfunc' => '',
				'calculate' => '',
				'validdigit' => '0',
				'org' => '',
				'unitl' => '',
				'unitls' => '',
				'checkfortablename' => '',
				'checkforshowname' => '',
				'checkforbindname' => '',
				'checkformap' => '',
				'checkfororderby' => '',
				'checkfororfields' => '',
				'checkforchoice' => '',
				'checkforiswrite' => '0',
				'islock' => '1',
				'tagevent' => '',
				'titlepercent' => '1',
				'contentpercent' => '3',
				'callback' => '',
				'valedit' => '',
			),
			'1' => array(
				'id' => '61',
				'isforeignfield' => '0',
				'catalog' => 'text',
				'fields' => 'createid',
				'sort' => '1',
				'ids' => '0',
				'title' => '创建人',
				'searchlist' => '0',
				'allsearchlist' => '0',
				'tabletype' => '',
				'tablename' => 'mis_auto_oxqxg',
				'length' => '',
				'isshow' => '1',
				'models' => '',
				'methods' => '',
				'relation' => '',
				'subimporttableobj' => '',
				'subimporttablefieldobj' => '',
				'defaultval' => '',
				'defaultvaltext' => '',
				'subimporttablefield2obj' => '',
				'subimporttableobjcondition' => '',
				'additionalconditions' => '',
				'requiredfield' => '0',
				'checkfunc' => '',
				'calculate' => '',
				'validdigit' => '0',
				'org' => '',
				'unitl' => '',
				'unitls' => '',
				'checkfortablename' => '',
				'checkforshowname' => '',
				'checkforbindname' => '',
				'checkformap' => '',
				'checkfororderby' => '',
				'checkfororfields' => '',
				'checkforchoice' => '',
				'checkforiswrite' => '0',
				'islock' => '1',
				'tagevent' => '',
				'titlepercent' => '1',
				'contentpercent' => '3',
				'callback' => '',
				'valedit' => '',
			),
			'2' => array(
				'id' => '62',
				'isforeignfield' => '0',
				'catalog' => 'text',
				'fields' => 'createtime',
				'sort' => '2',
				'ids' => '0',
				'title' => '创建时间',
				'searchlist' => '0',
				'allsearchlist' => '0',
				'tabletype' => '',
				'tablename' => 'mis_auto_oxqxg',
				'length' => '',
				'isshow' => '1',
				'models' => '',
				'methods' => '',
				'relation' => '',
				'subimporttableobj' => '',
				'subimporttablefieldobj' => '',
				'defaultval' => '',
				'defaultvaltext' => '',
				'subimporttablefield2obj' => '',
				'subimporttableobjcondition' => '',
				'additionalconditions' => '',
				'requiredfield' => '0',
				'checkfunc' => '',
				'calculate' => '',
				'validdigit' => '0',
				'org' => '',
				'unitl' => '',
				'unitls' => '',
				'checkfortablename' => '',
				'checkforshowname' => '',
				'checkforbindname' => '',
				'checkformap' => '',
				'checkfororderby' => '',
				'checkfororfields' => '',
				'checkforchoice' => '',
				'checkforiswrite' => '0',
				'islock' => '1',
				'tagevent' => '',
				'titlepercent' => '1',
				'contentpercent' => '3',
				'callback' => '',
				'valedit' => '',
			),
			'3' => array(
				'id' => '63',
				'isforeignfield' => '0',
				'catalog' => 'text',
				'fields' => 'name',
				'sort' => '3',
				'ids' => '0',
				'title' => '名称',
				'searchlist' => '0',
				'allsearchlist' => '0',
				'tabletype' => '',
				'tablename' => 'mis_auto_oxqxg',
				'length' => '',
				'isshow' => '1',
				'models' => '',
				'methods' => '',
				'relation' => '',
				'subimporttableobj' => '',
				'subimporttablefieldobj' => '',
				'defaultval' => '',
				'defaultvaltext' => '',
				'subimporttablefield2obj' => '',
				'subimporttableobjcondition' => '',
				'additionalconditions' => '',
				'requiredfield' => '0',
				'checkfunc' => '',
				'calculate' => '',
				'validdigit' => '0',
				'org' => '',
				'unitl' => '',
				'unitls' => '',
				'checkfortablename' => '',
				'checkforshowname' => '',
				'checkforbindname' => '',
				'checkformap' => '',
				'checkfororderby' => '',
				'checkfororfields' => '',
				'checkforchoice' => '',
				'checkforiswrite' => '0',
				'islock' => '1',
				'tagevent' => '',
				'titlepercent' => '1',
				'contentpercent' => '3',
				'callback' => '',
				'valedit' => '',
			),
			'4' => array(
				'id' => '64',
				'isforeignfield' => '0',
				'catalog' => 'text',
				'fields' => 'orderno',
				'sort' => '4',
				'ids' => '0',
				'title' => '编号',
				'searchlist' => '0',
				'allsearchlist' => '0',
				'tabletype' => '',
				'tablename' => 'mis_auto_oxqxg',
				'length' => '',
				'isshow' => '1',
				'models' => '',
				'methods' => '',
				'relation' => '',
				'subimporttableobj' => '',
				'subimporttablefieldobj' => '',
				'defaultval' => '',
				'defaultvaltext' => '',
				'subimporttablefield2obj' => '',
				'subimporttableobjcondition' => '',
				'additionalconditions' => '',
				'requiredfield' => '0',
				'checkfunc' => '',
				'calculate' => '',
				'validdigit' => '0',
				'org' => '',
				'unitl' => '',
				'unitls' => '',
				'checkfortablename' => '',
				'checkforshowname' => '',
				'checkforbindname' => '',
				'checkformap' => '',
				'checkfororderby' => '',
				'checkfororfields' => '',
				'checkforchoice' => '',
				'checkforiswrite' => '0',
				'islock' => '1',
				'tagevent' => '',
				'titlepercent' => '1',
				'contentpercent' => '3',
				'callback' => '',
				'valedit' => '',
			),
			'5' => array(
				'id' => '58',
				'isforeignfield' => '0',
				'catalog' => 'textarea',
				'fields' => 'content',
				'sort' => '5',
				'ids' => '31',
				'title' => '项目描述',
				'searchlist' => '0',
				'allsearchlist' => '0',
				'tabletype' => 'longtext',
				'tablename' => 'mis_auto_oxqxg',
				'length' => '255',
				'isshow' => '1',
				'models' => '',
				'methods' => '',
				'relation' => '',
				'requiredfield' => '0',
				'org' => '',
				'isrichbox' => '0',
				'checkfunc' => '',
				'defaultval' => '',
				'rows' => '0',
				'cols' => '0',
				'islock' => '1',
				'titlepercent' => '1',
				'contentpercent' => '7',
				'valedit' => '',
			),
			'6' => array(
				'id' => '59',
				'isforeignfield' => '0',
				'catalog' => 'text',
				'fields' => 'auth',
				'sort' => '6',
				'ids' => '32',
				'title' => '开发人员',
				'searchlist' => '0',
				'allsearchlist' => '0',
				'tabletype' => 'varchar',
				'tablename' => 'mis_auto_oxqxg',
				'length' => '30',
				'isshow' => '1',
				'models' => '',
				'methods' => '',
				'relation' => '',
				'subimporttableobj' => '',
				'subimporttablefieldobj' => '',
				'defaultval' => '',
				'defaultvaltext' => '',
				'subimporttablefield2obj' => '',
				'subimporttableobjcondition' => '',
				'additionalconditions' => '',
				'requiredfield' => '0',
				'checkfunc' => '',
				'calculate' => '',
				'validdigit' => '0',
				'org' => '',
				'unitl' => '',
				'unitls' => '',
				'checkfortablename' => '',
				'checkforshowname' => '',
				'checkforbindname' => '',
				'checkformap' => '',
				'checkfororderby' => '',
				'checkfororfields' => '',
				'checkforchoice' => '',
				'checkforiswrite' => '0',
				'islock' => '1',
				'tagevent' => '',
				'titlepercent' => '1',
				'contentpercent' => '3',
				'callback' => '',
				'valedit' => '',
			),
			'7' => array(
				'id' => '65',
				'isforeignfield' => '0',
				'catalog' => 'lookup',
				'fields' => 'lookup7',
				'sort' => '7',
				'ids' => '33',
				'title' => 'lookup组件 _7',
				'searchlist' => '0',
				'allsearchlist' => '0',
				'tabletype' => 'varchar',
				'tablename' => 'mis_auto_oxqxg',
				'length' => '11',
				'isshow' => '1',
				'models' => '',
				'methods' => 'view',
				'relation' => 'orderno',
				'requiredfield' => '0',
				'checkfunc' => '',
				'iscontrollchange' => NULL,
				'iscreatesearch' => '0',
				'filedback' => '',
				'filedbackchina' => '',
				'lookupgroup' => 'ORG33',
				'geturls' => 'lookupGeneral',
				'model' => '',
				'lookuporg' => '',
				'lookuporgval' => '',
				'conditions' => '',
				'org' => '',
				'defaultval' => '',
				'org1' => '',
				'islock' => '1',
				'viewname' => '',
				'viewtype' => '0',
				'lookupchoice' => '',
				'additionalconditions' => '',
				'dialogwidth' => '0',
				'dialogheight' => '0',
				'titlepercent' => '1',
				'contentpercent' => '3',
				'callback' => '',
			),
			'8' => array(
				'id' => '67',
				'isforeignfield' => '0',
				'catalog' => 'date',
				'fields' => 'date9',
				'sort' => '8',
				'ids' => '35',
				'title' => '日期组件_9',
				'searchlist' => '0',
				'allsearchlist' => '0',
				'tabletype' => 'date',
				'tablename' => 'mis_auto_oxqxg',
				'length' => '11',
				'isshow' => '1',
				'models' => '',
				'methods' => 'view',
				'relation' => 'orderno',
				'requiredfield' => '0',
				'acquiretime' => '0',
				'editacquiretime' => '0',
				'defaulttimechar' => '',
				'isshowresoult' => '0',
				'checkfunc' => '',
				'org' => '',
				'format' => 'yyyy-MM-dd@Y-m-d',
				'formatphp' => 'Y-m-d',
				'formatjs' => 'yyyy-MM-dd',
				'islock' => '1',
				'calculate' => '',
				'titlepercent' => '1',
				'contentpercent' => '3',
			),
			'9' => array(
				'id' => '78',
				'isforeignfield' => '0',
				'catalog' => 'date',
				'fields' => 'date10',
				'sort' => '9',
				'ids' => '42',
				'title' => '日期组件_10',
				'searchlist' => '0',
				'allsearchlist' => '0',
				'tabletype' => 'date',
				'tablename' => 'mis_auto_oxqxg',
				'length' => '11',
				'isshow' => '1',
				'models' => '',
				'methods' => 'view',
				'relation' => 'orderno',
				'requiredfield' => '0',
				'acquiretime' => '0',
				'editacquiretime' => '0',
				'defaulttimechar' => '',
				'isshowresoult' => '0',
				'checkfunc' => '',
				'org' => '',
				'format' => 'yyyy-MM-dd@Y-m-d',
				'formatphp' => 'Y-m-d',
				'formatjs' => 'yyyy-MM-dd',
				'islock' => '1',
				'calculate' => '',
				'titlepercent' => '1',
				'contentpercent' => '3',
			),
			'10' => array(
				'id' => '83',
				'isforeignfield' => '0',
				'catalog' => 'areainfo',
				'fields' => 'areainfo12',
				'sort' => '10',
				'ids' => '47',
				'title' => '地址组件：_12',
				'searchlist' => '0',
				'allsearchlist' => '0',
				'tabletype' => 'varchar',
				'tablename' => 'mis_auto_oxqxg',
				'length' => '200',
				'isshow' => '1',
				'models' => '',
				'methods' => 'view',
				'relation' => 'orderno',
				'datashare' => '0',
				'requiredfield' => '0',
				'checkfunc' => '',
				'islock' => '1',
				'titlepercent' => '1',
				'contentpercent' => '7',
			),
		),
	),
)
Time 2018-09-26 11:18:37 : C:MisDynamicFormModelAction L:44 model生成数据：NULL
Time 2018-09-26 13:55:26 : C:MisDynamicFormManageAction L:7896拖动页面时时保存数据源：array(
	'id' => '',
	'isforeignfield' => '',
	'category' => 'text',
	'fieldname' => 'text11',
	'sort' => '11',
	'ids' => '',
	'title' => '短文本框_11',
	'isformsearch' => '0',
	'islistsearch' => '0',
	'fieldtype' => 'varchar',
	'dbname' => 'mis_auto_oxqxg',
	'tablelength' => '11',
	'isshow' => '1',
	'models' => '',
	'methods' => 'view',
	'relation' => 'orderno',
	'subimporttableobj' => '',
	'subimporttablefieldobj' => '',
	'defaultval' => '',
	'defaultvaltext' => '',
	'subimporttablefield2obj' => '',
	'lookupconditions' => '',
	'additionalconditions' => '',
	'isrequired' => '0',
	'validatetype' => '',
	'calculate' => '',
	'validdigit' => '0',
	'org' => '',
	'unit' => '',
	'unitls' => '',
	'checkfortablename' => '',
	'checkforshowname' => '',
	'checkforbindname' => '',
	'checkformap' => '',
	'checkfororderby' => '',
	'checkfororfields' => NULL,
	'checkforchoice' => '',
	'checkforiswrite' => '',
	'islock' => '1',
	'tagevent' => '',
	'titlepercent' => '1',
	'contentpercent' => '3',
	'callback' => '',
	'valedit' => '',
)
Time 2018-09-26 13:55:28 : C:MisDynamicFormManageAction L:7896拖动页面时时保存数据源：array(
	'id' => '58',
	'isforeignfield' => '0',
	'category' => 'textarea',
	'fieldname' => 'content',
	'sort' => '5',
	'ids' => '31',
	'title' => '项目描述',
	'isformsearch' => '0',
	'islistsearch' => '0',
	'fieldtype' => 'longtext',
	'dbname' => 'mis_auto_oxqxg',
	'tablelength' => '255',
	'isshow' => '1',
	'models' => '',
	'methods' => '',
	'relation' => '',
	'isrequired' => '0',
	'org' => '',
	'isrichbox' => '0',
	'validatetype' => '',
	'defaultval' => '',
	'rows' => '0',
	'cols' => '0',
	'islock' => '1',
	'titlepercent' => '1',
	'contentpercent' => '7',
	'valedit' => '',
)
Time 2018-09-26 18:09:05 : C:MisDynamicFormManageAction L:7896拖动页面时时保存数据源：array(
	'id' => '84',
	'isforeignfield' => '',
	'category' => 'text',
	'fieldname' => 'text11',
	'sort' => '11',
	'ids' => '48',
	'title' => '短文本框_11',
	'isformsearch' => '0',
	'islistsearch' => '0',
	'fieldtype' => 'varchar',
	'dbname' => 'mis_auto_oxqxg',
	'tablelength' => '11',
	'isshow' => '1',
	'models' => '',
	'methods' => 'view',
	'relation' => 'orderno',
	'subimporttableobj' => '',
	'subimporttablefieldobj' => '',
	'defaultval' => '',
	'defaultvaltext' => '',
	'subimporttablefield2obj' => '',
	'lookupconditions' => '',
	'additionalconditions' => '',
	'isrequired' => '0',
	'validatetype' => '',
	'calculate' => '',
	'validdigit' => '0',
	'org' => '',
	'unit' => '',
	'unitls' => '',
	'checkfortablename' => '',
	'checkforshowname' => '',
	'checkforbindname' => '',
	'checkformap' => '',
	'checkfororderby' => '',
	'checkfororfields' => NULL,
	'checkforchoice' => '',
	'checkforiswrite' => '',
	'islock' => '1',
	'tagevent' => '',
	'titlepercent' => '1',
	'contentpercent' => '3',
	'callback' => '',
	'valedit' => '',
)
Time 2018-09-26 18:11:29 : C:MisDynamicFormManageAction L:7896拖动页面时时保存数据源：array(
	'id' => '60',
	'isforeignfield' => '0',
	'category' => 'text',
	'fieldname' => 'projectid',
	'sort' => '0',
	'ids' => '0',
	'title' => '项目',
	'isformsearch' => '0',
	'islistsearch' => '0',
	'fieldtype' => '',
	'dbname' => 'mis_auto_oxqxg',
	'tablelength' => '',
	'isshow' => '1',
	'models' => '',
	'methods' => '',
	'relation' => '',
	'subimporttableobj' => '',
	'subimporttablefieldobj' => '',
	'defaultval' => '',
	'defaultvaltext' => '',
	'subimporttablefield2obj' => '',
	'lookupconditions' => '',
	'additionalconditions' => '',
	'isrequired' => '0',
	'validatetype' => '',
	'calculate' => '',
	'validdigit' => '0',
	'org' => '',
	'unit' => '',
	'unitls' => '',
	'checkfortablename' => '',
	'checkforshowname' => '',
	'checkforbindname' => '',
	'checkformap' => '',
	'checkfororderby' => '',
	'checkfororfields' => '',
	'checkforchoice' => '',
	'checkforiswrite' => '0',
	'islock' => '1',
	'tagevent' => '',
	'titlepercent' => '1',
	'contentpercent' => '3',
	'callback' => '',
	'valedit' => '',
)
Time 2018-09-26 18:12:15 : C:MisDynamicFormManageAction L:7896拖动页面时时保存数据源：array(
	'id' => '',
	'isforeignfield' => '',
	'category' => 'select',
	'fieldname' => 'select12',
	'sort' => '12',
	'ids' => '',
	'title' => '下拉框_12',
	'isformsearch' => '0',
	'islistsearch' => '0',
	'fieldtype' => 'varchar',
	'dbname' => '',
	'tablelength' => '11',
	'isshow' => '1',
	'models' => '',
	'methods' => 'view',
	'relation' => 'orderno',
	'isrequired' => '0',
	'islock' => '1',
	'isshowresoult' => '',
	'defaultcheckitem' => '',
	'defaultval' => '',
	'defaulttext' => '',
	'showoption' => '',
	'subimporttableobj' => '',
	'subimporttablefieldobj' => '',
	'subimporttablefield2obj' => '',
	'lookupconditions' => '',
	'org' => '',
	'treedtable' => '',
	'treeshowfield' => '',
	'treevaluefield' => '',
	'treeparentfield' => '',
	'isnextend' => '1',
	'mulit' => '',
	'treeheight' => '150',
	'treewidth' => '',
	'isdialog' => '',
	'tagevent' => '',
	'titlepercent' => '1',
	'contentpercent' => '3',
	'valedit' => '',
)
Time 2018-09-26 18:12:21 : C:MisDynamicFormManageAction L:7896拖动页面时时保存数据源：array(
	'id' => '',
	'isforeignfield' => '',
	'category' => 'select',
	'fieldname' => 'select13',
	'sort' => '12',
	'ids' => '',
	'title' => '下拉框_13',
	'isformsearch' => '0',
	'islistsearch' => '0',
	'fieldtype' => 'varchar',
	'dbname' => 'mis_auto_oxqxg',
	'tablelength' => '11',
	'isshow' => '1',
	'models' => '',
	'methods' => 'view',
	'relation' => 'orderno',
	'isrequired' => '0',
	'islock' => '1',
	'isshowresoult' => '',
	'defaultcheckitem' => '',
	'defaultval' => '',
	'defaulttext' => '',
	'showoption' => '',
	'subimporttableobj' => '',
	'subimporttablefieldobj' => '',
	'subimporttablefield2obj' => '',
	'lookupconditions' => '',
	'org' => '',
	'treedtable' => '',
	'treeshowfield' => '',
	'treevaluefield' => '',
	'treeparentfield' => '',
	'isnextend' => '1',
	'mulit' => '',
	'treeheight' => '150',
	'treewidth' => '',
	'isdialog' => '',
	'tagevent' => '',
	'titlepercent' => '1',
	'contentpercent' => '3',
	'valedit' => '',
)
Time 2018-09-26 18:12:22 : C:MisDynamicFormManageAction L:7896拖动页面时时保存数据源：array(
	'id' => '84',
	'isforeignfield' => '',
	'category' => 'text',
	'fieldname' => 'text11',
	'sort' => '11',
	'ids' => '48',
	'title' => '短文本框_11',
	'isformsearch' => '0',
	'islistsearch' => '0',
	'fieldtype' => 'varchar',
	'dbname' => 'mis_auto_oxqxg',
	'tablelength' => '11',
	'isshow' => '1',
	'models' => '',
	'methods' => 'view',
	'relation' => 'orderno',
	'subimporttableobj' => '',
	'subimporttablefieldobj' => '',
	'defaultval' => '',
	'defaultvaltext' => '',
	'subimporttablefield2obj' => '',
	'lookupconditions' => '',
	'additionalconditions' => '',
	'isrequired' => '0',
	'validatetype' => '',
	'calculate' => '',
	'validdigit' => '0',
	'org' => '',
	'unit' => '',
	'unitls' => '',
	'checkfortablename' => '',
	'checkforshowname' => '',
	'checkforbindname' => '',
	'checkformap' => '',
	'checkfororderby' => '',
	'checkfororfields' => NULL,
	'checkforchoice' => '',
	'checkforiswrite' => '',
	'islock' => '1',
	'tagevent' => '',
	'titlepercent' => '1',
	'contentpercent' => '3',
	'callback' => '',
	'valedit' => '',
)
Time 2018-09-26 18:12:25 : C:MisDynamicFormManageAction L:7896拖动页面时时保存数据源：array(
	'id' => '85',
	'isforeignfield' => '',
	'category' => 'select',
	'fieldname' => 'select13',
	'sort' => '12',
	'ids' => '49',
	'title' => '下拉框_13',
	'isformsearch' => '0',
	'islistsearch' => '0',
	'fieldtype' => 'varchar',
	'dbname' => 'mis_auto_oxqxg',
	'tablelength' => '11',
	'isshow' => '1',
	'models' => '',
	'methods' => 'view',
	'relation' => 'orderno',
	'isrequired' => '0',
	'islock' => '1',
	'isshowresoult' => '',
	'defaultcheckitem' => '',
	'defaultval' => '',
	'defaulttext' => '',
	'showoption' => '',
	'subimporttableobj' => '',
	'subimporttablefieldobj' => '',
	'subimporttablefield2obj' => '',
	'lookupconditions' => '',
	'org' => '',
	'treedtable' => '',
	'treeshowfield' => '',
	'treevaluefield' => '',
	'treeparentfield' => '',
	'isnextend' => '1',
	'mulit' => '',
	'treeheight' => '150',
	'treewidth' => '',
	'isdialog' => '',
	'tagevent' => '',
	'titlepercent' => '1',
	'contentpercent' => '3',
	'valedit' => '',
)
Time 2018-09-26 18:23:11 : C:MisDynamicFormManageAction L:7896拖动页面时时保存数据源：array(
	'id' => '85',
	'isforeignfield' => '',
	'category' => 'select',
	'fieldname' => 'select13',
	'sort' => '12',
	'ids' => '49',
	'title' => '下拉框_13',
	'isformsearch' => '0',
	'islistsearch' => '0',
	'fieldtype' => 'varchar',
	'dbname' => 'mis_auto_oxqxg',
	'tablelength' => '11',
	'isshow' => '1',
	'models' => '',
	'methods' => 'view',
	'relation' => 'orderno',
	'isrequired' => '0',
	'islock' => '1',
	'isshowresoult' => '',
	'defaultcheckitem' => '',
	'defaultval' => '',
	'defaulttext' => '',
	'showoption' => '',
	'subimporttableobj' => '',
	'subimporttablefieldobj' => '',
	'subimporttablefield2obj' => '',
	'lookupconditions' => '',
	'org' => '',
	'treedtable' => '',
	'treeshowfield' => '',
	'treevaluefield' => '',
	'treeparentfield' => '',
	'isnextend' => '1',
	'mulit' => '',
	'treeheight' => '150',
	'treewidth' => '',
	'isdialog' => '',
	'tagevent' => '',
	'titlepercent' => '1',
	'contentpercent' => '3',
	'valedit' => '',
)
Time 2018-09-26 18:23:12 : C:MisDynamicFormManageAction L:7896拖动页面时时保存数据源：array(
	'id' => '65',
	'isforeignfield' => '0',
	'category' => 'lookup',
	'fieldname' => 'lookup7',
	'sort' => '7',
	'ids' => '33',
	'title' => 'lookup组件 _7',
	'isformsearch' => '0',
	'islistsearch' => '0',
	'fieldtype' => 'varchar',
	'dbname' => 'mis_auto_oxqxg',
	'tablelength' => '11',
	'isshow' => '1',
	'models' => '',
	'methods' => 'view',
	'relation' => 'orderno',
	'isrequired' => '0',
	'validatetype' => '',
	'iscreatesearch' => '0',
	'lookupfiledback' => '',
	'lookupfiledbackchina' => '',
	'lookupgrouporg' => 'ORG33',
	'lookupurls' => 'lookupGeneral',
	'lookupmodel' => '',
	'lookupshoworg' => '',
	'lookuporgval' => '',
	'lookupconditions' => '',
	'org' => '',
	'defaultval' => '',
	'org1' => '',
	'islock' => '1',
	'viewname' => '',
	'viewtype' => '0',
	'lookupchoice' => '',
	'additionalconditions' => '',
	'dialogwidth' => '0',
	'dialogheight' => '0',
	'titlepercent' => '1',
	'contentpercent' => '3',
	'callback' => '',
)
Time 2018-09-26 18:24:27 : C:MisDynamicFormManageAction L:7896拖动页面时时保存数据源：array(
	'id' => '',
	'isforeignfield' => '',
	'category' => 'uploadpic',
	'fieldname' => 'uploadpic14',
	'sort' => '12',
	'ids' => '',
	'title' => '图片上传组件_14',
	'isformsearch' => '0',
	'islistsearch' => '0',
	'fieldtype' => 'varchar',
	'dbname' => 'mis_auto_oxqxg',
	'tablelength' => '11',
	'isshow' => '1',
	'models' => '',
	'methods' => 'view',
	'relation' => 'orderno',
	'uploadnum' => '',
	'uploadtype' => '*.jpg;*.jpeg;*.gif;*.png;',
	'widthheight' => '',
	'cropratiomin' => '10,10',
	'cropratiomax' => '400,400',
	'cropdefaultcheck' => '10,10,400,400',
	'cropfreed' => '',
	'cropratio' => '',
	'isrequired' => '0',
	'validatetype' => '',
	'islock' => '1',
	'titlepercent' => '1',
	'contentpercent' => '7',
)
Time 2018-09-26 18:24:30 : C:MisDynamicFormManageAction L:7896拖动页面时时保存数据源：array(
	'id' => '65',
	'isforeignfield' => '0',
	'category' => 'lookup',
	'fieldname' => 'lookup7',
	'sort' => '7',
	'ids' => '33',
	'title' => 'lookup组件 _7',
	'isformsearch' => '0',
	'islistsearch' => '0',
	'fieldtype' => 'varchar',
	'dbname' => 'mis_auto_oxqxg',
	'tablelength' => '11',
	'isshow' => '1',
	'models' => '',
	'methods' => 'view',
	'relation' => 'orderno',
	'isrequired' => '0',
	'validatetype' => '',
	'iscreatesearch' => '0',
	'lookupfiledback' => '',
	'lookupfiledbackchina' => '',
	'lookupgrouporg' => 'ORG33',
	'lookupurls' => 'lookupGeneral',
	'lookupmodel' => '',
	'lookupshoworg' => '',
	'lookuporgval' => '',
	'lookupconditions' => '',
	'org' => '',
	'defaultval' => '',
	'org1' => '',
	'islock' => '1',
	'viewname' => '',
	'viewtype' => '0',
	'lookupchoice' => '',
	'additionalconditions' => '',
	'dialogwidth' => '0',
	'dialogheight' => '0',
	'titlepercent' => '1',
	'contentpercent' => '3',
	'callback' => '',
)
