Time 2018-09-17 10:15:53 : C:MisDynamicFormBaseAction L:1204执行结果 
CREATE TABLE IF NOT EXISTS `mis_auto_cdzws` 
(`id` int(11) NOT NULL AUTO_INCREMENT  COMMENT 'ID' ,
	`ly` varchar(30)  DEFAULT NULL  COMMENT '判断', 
	`bindid` varchar(100)  COMMENT '绑定id' ,
	`orderno` varchar(100) NULL COMMENT '编号' ,
	`status` tinyint(1) DEFAULT '1' COMMENT '状态' ,
	`companyid` int(10) DEFAULT '0'NULL COMMENT '公司ID' ,
	`createid` int(10) DEFAULT '0'NULL COMMENT '创建人ID' ,
	`createtime` int(11) NULL COMMENT '创建时间' ,
	`updateid` int(10) NULL COMMENT '修改人ID' ,
	`updatetime` int(11) NULL COMMENT '修改时间' ,
	`operateid` int(1) DEFAULT '0'NOT NULL COMMENT '是否确认' ,
	`departmentid` int(10) DEFAULT '0'NULL COMMENT '部门ID' ,
	`projectid` int(10) NULL COMMENT '项目ID' ,
	`projectworkid` int(10) NULL COMMENT '任务ID' ,
	`sysdutyid` int(10) NULL COMMENT '职级ID' ,
	`relationmodelname` varchar(100) NULL COMMENT '关系型关联model' ,
	`auditUser` varchar(200) NULL COMMENT '提醒人组合' ,
	`ptmptid` int(10) NULL COMMENT '固定流程ID' ,
	`flowid` int(10) DEFAULT '0'NULL COMMENT '自定义流程ID' ,
	`ostatus` varchar(100) NULL COMMENT '当前审核节点' ,
	`auditState` tinyint(1) DEFAULT '0'NULL COMMENT '当前审核状态' ,
	`curAuditUser` varchar(300) NULL COMMENT '当前可审核人清单' ,
	`curNodeUser` varchar(300) NULL COMMENT '当前待审核人清单' ,
	`alreadyAuditUser` varchar(500) NULL COMMENT '当前已审核人' ,
	`alreadyauditnode` int(11) DEFAULT '0'NULL COMMENT '终审时间' ,
	`allnode` varchar(100) NULL COMMENT '所有流程节点' ,
	`informpersonid` varchar(500) NULL COMMENT '节点知道会人' ,
	`parentid` int(10) DEFAULT '0'NULL COMMENT '父类ID' ,
	`name` varchar(50) DEFAULT '0'NULL COMMENT '名称' ,
	 PRIMARY KEY (`id`)
)ENGINE=InnoDB  DEFAULT CHARSET=utf8 COMMENT='ly'
Time 2018-09-17 10:15:53 : C:MisDynamicFormBaseAction L:1206执行结果：array(
)数据库建表语句 操作结果：
Time 2018-09-17 10:15:53 : INSERT INTO `node` (`name`,`title`,`type`,`showmenu`,`level`,`pid`,`group_id`,`icon`,`isdynamic`,`isprojectwork`,`isprocess`,`remark`,`formtype`) VALUES ('MisAutoMzu','发吧开办费',3,1,3,6658,41,'-.png',1,1,0,'自动生成:MisAutoMzu',2)
Time 2018-09-17 10:15:53 : C:MisDynamicFormManageAction L:4893插入到相应到相应的数据记录表中：模板名称 。index
Time 2018-09-17 10:15:53 : C:MisDynamicFormManageAction L:4894插入到相应到相应的数据记录表中：misd记录表新增id。2
Time 2018-09-17 10:15:54 : C:MisDynamicFormManageAction L:5046插入属性表记录：INSERT INTO `mis_dynamic_form_propery` (`ids`,`titlepercent`,`contentpercent`,`category`,`sort`,`fieldname`,`title`,`formid`,`tplid`,`isforeignfield`,`lookupgrouporg`,`dbname`,`tablelength`,`fieldtype`) VALUES (6,'1','3','text',5,'ly','判断',2,2,null,'','mis_auto_cdzws','30','varchar')
Time 2018-09-17 10:15:54 : C:MisDynamicFormManageAction L:5101处理系统字段组件化问题：属性记录表插入记录：INSERT INTO `mis_dynamic_form_propery` (`ids`,`category`,`sort`,`fieldname`,`title`,`formid`,`tplid`,`titlepercent`,`contentpercent`,`dbname`) VALUES (0,'text',0,'updateid','修改人',2,2,1,3,'mis_auto_cdzws')
Time 2018-09-17 10:15:54 : C:MisDynamicFormManageAction L:5101处理系统字段组件化问题：属性记录表插入记录：INSERT INTO `mis_dynamic_form_propery` (`ids`,`category`,`sort`,`fieldname`,`title`,`formid`,`tplid`,`titlepercent`,`contentpercent`,`dbname`) VALUES (0,'text',1,'companyid','公司',2,2,1,3,'mis_auto_cdzws')
Time 2018-09-17 10:15:54 : C:MisDynamicFormManageAction L:5101处理系统字段组件化问题：属性记录表插入记录：INSERT INTO `mis_dynamic_form_propery` (`ids`,`category`,`sort`,`fieldname`,`title`,`formid`,`tplid`,`titlepercent`,`contentpercent`,`dbname`) VALUES (0,'text',2,'departmentid','部门',2,2,1,3,'mis_auto_cdzws')
Time 2018-09-17 10:15:54 : C:MisDynamicFormManageAction L:5101处理系统字段组件化问题：属性记录表插入记录：INSERT INTO `mis_dynamic_form_propery` (`ids`,`category`,`sort`,`fieldname`,`title`,`formid`,`tplid`,`titlepercent`,`contentpercent`,`dbname`) VALUES (0,'text',3,'orderno','编号',2,2,1,3,'mis_auto_cdzws')
Time 2018-09-17 10:16:32 : C:MisDynamicFormManageAction L:3568当前Action名：MisAutoMzu当前节点：index 当前action ID:2
Time 2018-09-17 10:16:44 : C:MisDynamicFormManageAction L:7908拖动页面时时保存:对现有组件的修改：Select isforeignfield,category,fieldname,sort,ids,title,isformsearch,islistsearch,fieldtype,dbname,tablelength,isshow,models,methods,relation,subimporttableobj,subimporttablefieldobj,defaultval,defaultvaltext,subimporttablefield2obj,lookupconditions,additionalconditions,isrequired,validatetype,calculate,validdigit,org,unit,unitls,checkfortablename,checkforshowname,checkforbindname,checkformap,checkfororderby,checkfororfields,checkforchoice,checkforiswrite,islock,tagevent,titlepercent,contentpercent,callback,valedit from mis_dynamic_form_propery WHERE ( `id` = 13 )
Time 2018-09-17 10:16:46 : C:MisDynamicFormManageAction L:7908拖动页面时时保存:对现有组件的修改：Select isforeignfield,category,fieldname,sort,ids,title,isformsearch,islistsearch,fieldtype,dbname,tablelength,isshow,models,methods,relation,subimporttableobj,subimporttablefieldobj,defaultval,defaultvaltext,subimporttablefield2obj,lookupconditions,additionalconditions,isrequired,validatetype,calculate,validdigit,org,unit,unitls,checkfortablename,checkforshowname,checkforbindname,checkformap,checkfororderby,checkfororfields,checkforchoice,checkforiswrite,islock,tagevent,titlepercent,contentpercent,callback,valedit from mis_dynamic_form_propery WHERE ( `id` = 13 )
Time 2018-09-17 10:17:04 : C:MisDynamicFormManageAction L:7908拖动页面时时保存:对现有组件的修改：Select isforeignfield,category,fieldname,sort,ids,title,isformsearch,islistsearch,fieldtype,dbname,tablelength,isshow,models,methods,relation,subimporttableobj,subimporttablefieldobj,defaultval,defaultvaltext,subimporttablefield2obj,lookupconditions,additionalconditions,isrequired,validatetype,calculate,validdigit,org,unit,unitls,checkfortablename,checkforshowname,checkforbindname,checkformap,checkfororderby,checkfororfields,checkforchoice,checkforiswrite,islock,tagevent,titlepercent,contentpercent,callback,valedit from mis_dynamic_form_propery WHERE ( `id` = 13 )
Time 2018-09-17 10:17:10 : C:MisDynamicFormManageAction L:7908拖动页面时时保存:对现有组件的修改：Select isforeignfield,category,fieldname,sort,ids,title,isformsearch,islistsearch,fieldtype,dbname,tablelength,isshow,models,methods,relation,subimporttableobj,subimporttablefieldobj,defaultval,defaultvaltext,subimporttablefield2obj,lookupconditions,additionalconditions,isrequired,validatetype,calculate,validdigit,org,unit,unitls,checkfortablename,checkforshowname,checkforbindname,checkformap,checkfororderby,checkfororfields,checkforchoice,checkforiswrite,islock,tagevent,titlepercent,contentpercent,callback,valedit from mis_dynamic_form_propery WHERE ( `id` = 14 )
Time 2018-09-17 10:17:24 : C:MisDynamicFormManageAction L:8021拖动页面时时保存:对表进行字段追加： ALTER TABLE mis_auto_cdzws ADD  COLUMN lookup5 varchar(11)   COMMENT 'lookup组件 _5'
Time 2018-09-17 10:17:24 : C:MisDynamicFormManageAction L:8037拖动页面时时保存:直接入属性库的组件 ：INSERT INTO `mis_dynamic_form_propery` (`id`,`isforeignfield`,`category`,`fieldname`,`sort`,`ids`,`title`,`isformsearch`,`islistsearch`,`fieldtype`,`dbname`,`tablelength`,`isshow`,`models`,`methods`,`relation`,`isrequired`,`validatetype`,`iscreatesearch`,`lookupfiledback`,`lookupfiledbackchina`,`lookupgrouporg`,`lookupurls`,`lookupmodel`,`lookupshoworg`,`lookuporgval`,`lookupconditions`,`org`,`defaultval`,`org1`,`islock`,`viewname`,`viewtype`,`lookupchoice`,`additionalconditions`,`dialogwidth`,`dialogheight`,`titlepercent`,`contentpercent`,`callback`,`formid`,`tplid`) VALUES (0,0,'lookup','lookup5',5,7,'lookup组件 _5',0,0,'varchar','mis_auto_cdzws','11',1,'','view','orderno',0,'',0,'','','ORG7','lookupGeneral','','','','','','','',1,'',0,'','',0,0,'1','3','',2,2)
Time 2018-09-17 10:17:36 : C:MisDynamicFormManageAction L:7908拖动页面时时保存:对现有组件的修改：Select isforeignfield,category,fieldname,sort,ids,title,isformsearch,islistsearch,fieldtype,dbname,tablelength,isshow,models,methods,relation,subimporttableobj,subimporttablefieldobj,defaultval,defaultvaltext,subimporttablefield2obj,lookupconditions,additionalconditions,isrequired,validatetype,calculate,validdigit,org,unit,unitls,checkfortablename,checkforshowname,checkforbindname,checkformap,checkfororderby,checkfororfields,checkforchoice,checkforiswrite,islock,tagevent,titlepercent,contentpercent,callback,valedit from mis_dynamic_form_propery WHERE ( `id` = 15 )
Time 2018-09-17 10:17:50 : C:MisDynamicFormManageAction L:8021拖动页面时时保存:对表进行字段追加： ALTER TABLE mis_auto_cdzws ADD  COLUMN date7 int(11)   COMMENT '日期组件_7'
Time 2018-09-17 10:17:50 : C:MisDynamicFormManageAction L:8037拖动页面时时保存:直接入属性库的组件 ：INSERT INTO `mis_dynamic_form_propery` (`id`,`isforeignfield`,`category`,`fieldname`,`sort`,`ids`,`title`,`isformsearch`,`islistsearch`,`fieldtype`,`dbname`,`tablelength`,`isshow`,`models`,`methods`,`relation`,`isrequired`,`acquiretime`,`editacquiretime`,`defaulttimechar`,`isshowresoult`,`validatetype`,`org`,`dateformat`,`formatphp`,`formatjs`,`islock`,`calculate`,`titlepercent`,`contentpercent`,`formid`,`tplid`) VALUES (0,0,'date','date7',6,8,'日期组件_7',0,0,'int','mis_auto_cdzws','11',1,'','view','orderno',0,0,0,'',0,'','','yyyy-MM-dd@Y-m-d','Y-m-d','yyyy-MM-dd',1,'','1','3',2,2)
Time 2018-09-17 10:17:53 : C:MisDynamicFormManageAction L:7908拖动页面时时保存:对现有组件的修改：Select isforeignfield,category,fieldname,sort,ids,title,isformsearch,islistsearch,fieldtype,dbname,tablelength,isshow,models,methods,relation,isrequired,validatetype,iscreatesearch,lookupfiledback,lookupfiledbackchina,lookupgrouporg,lookupurls,lookupmodel,lookupshoworg,lookuporgval,lookupconditions,org,defaultval,org1,islock,viewname,viewtype,lookupchoice,additionalconditions,dialogwidth,dialogheight,titlepercent,contentpercent,callback from mis_dynamic_form_propery WHERE ( `id` = 17 )
Time 2018-09-17 10:18:04 : 业务类型：1
Time 2018-09-17 10:18:04 : C:MisDynamicFormManageAction L:6770修改manager表：1INSERT INTO `mis_system_log` (`name`,`logtype` ,`content` ,`resume`,`createid` ,`actionip`,`createtime`,`companyid`,`departmentid`) VALUES ("mis_dynamic_form_manage","1", "UPDATE `mis_dynamic_form_manage` SET `actionname`='MisAutoMzu',`actiontitle`='发吧开办费',`isaudit`=1,`createid`=1,`createtime`=1537150684,`companyid`=0,`departmentid`=0,`sysdutyid`=0 WHERE id=2", "", 1,"127.0.0.1",1537150684,0,0)
Time 2018-09-17 10:18:05 : C:MisDynamicFormManageAction L:6810修改组件属性记录：SHOW COLUMNS FROM `mis_dynamic_form_propery`
Time 2018-09-17 10:18:05 : C:MisDynamicFormManageAction L:6810修改组件属性记录：SHOW COLUMNS FROM `mis_dynamic_form_propery`
Time 2018-09-17 10:18:05 : C:MisDynamicFormManageAction L:6810修改组件属性记录：SHOW COLUMNS FROM `mis_dynamic_form_propery`
Time 2018-09-17 10:18:05 : C:MisDynamicFormManageAction L:6810修改组件属性记录：SHOW COLUMNS FROM `mis_dynamic_form_propery`
Time 2018-09-17 10:18:05 : C:MisDynamicFormManageAction L:6810修改组件属性记录：SHOW COLUMNS FROM `mis_dynamic_form_propery`
Time 2018-09-17 10:18:05 : C:MisDynamicFormManageAction L:6810修改组件属性记录：SHOW COLUMNS FROM `mis_dynamic_form_propery`
Time 2018-09-17 10:18:05 : C:MisDynamicFormManageAction L:6810修改组件属性记录：SHOW COLUMNS FROM `mis_dynamic_form_propery`
Time 2018-09-17 10:18:05 : C:MisDynamicFormManageAction L:5478更新字段配置文件[MisAutoAnameList]和单号规则配置文件[list.inc][toolbar]
Time 2018-09-17 10:18:05 : C:MisDynamicFormManageAction L:5574开始生成基础档案
Time 2018-09-17 10:18:05 : 开始生成listinc文件系统:WINNT路径:./Dynamicconf/Models/MisAutoMzu/list.inc.php
Time 2018-09-17 10:18:05 : kuozhanadas:WINNT路径:./Dynamicconf/Models/MisAutoMzu/listExtend.inc.php
Time 2018-09-17 10:18:05 : 开始生成toolbar主文件 系统:WINNT路径:./Dynamicconf/Models/MisAutoMzu/toolbar.extension.inc.php
Time 2018-09-17 10:18:05 : 开始生成toolbar扩展文件 系统:WINNT路径:./Dynamicconf/Models/MisAutoMzu/toolbar.extensionExtend.inc.php
Time 2018-09-17 10:18:05 : C:MisDynamicFormManageAction L:5908生成内嵌表格forminc
Time 2018-09-17 10:18:05 : 开始生成listinc文件系统:WINNT路径:E:/phpStudy/PHPTutorial/WWW/modelSys/Admin/Dynamicconf/Models/MisAutoMzu/data.inc.php
Time 2018-09-17 10:18:05 : 开始生成listinc文件系统:WINNT路径:./Dynamicconf/E:/phpStudy/PHPTutorial/WWW/modelSys/Admin/Dynamicconf/Models/MisAutoMzu/list.inc.php
Time 2018-09-17 10:18:05 : 开始生成listinc文件系统:WINNT路径:E:/phpStudy/PHPTutorial/WWW/modelSys/Admin/Dynamicconf/Models/MisAutoMzu/form.inc.php
Time 2018-09-17 10:18:05 : C:MisDynamicFormManageAction L:5912生成内嵌表格forminc end  
Time 2018-09-17 10:18:05 : C:MisDynamicFormModelAction L:26model生成 modelname：MisAutoMzu
Time 2018-09-17 10:18:05 : C:MisDynamicFormModelAction L:42 model生成数据查询sql：SELECT mas.tablename , sub.* FROM mis_dynamic_database_sub AS sub LEFT JOIN mis_dynamic_database_mas AS mas ON sub.masid = mas.id WHERE sub.formid=2
Time 2018-09-17 10:18:05 : 多表 主表生成时节点：MisAutoMzu
Time 2018-09-17 10:18:05 : C:MisDynamicFormModelAction L:69多表 主表生成时节点：MisAutoMzu
Time 2018-09-17 10:18:05 : C:MisDynamicFormModelAction L:71多表 主表model名：MisAutoMzu
Time 2018-09-17 10:18:05 : C:MisDynamicFormModelAction L:73多表 主表 真实表名：mis_auto_cdzws
Time 2018-09-17 10:18:05 : Model文件生成! ./Lib/Model/MisAutoMzuModel.class.php
Time 2018-09-17 10:18:05 : 扩展Model文件生成! ./Lib/Model/MisAutoMzuModel.class.php
Time 2018-09-17 10:18:05 : =============endview ===163-----》》》》==========MisAutoMzu
Time 2018-09-17 10:18:05 : =============endview ===167-----》》》》==========MisAutoMzu
Time 2018-09-17 10:18:05 : 组件属性：array(
	'updateid' => array(
		'id' => '13',
		'isforeignfield' => '0',
		'catalog' => 'text',
		'fields' => 'updateid',
		'sort' => '0',
		'ids' => '0',
		'title' => '修改人',
		'searchlist' => '0',
		'allsearchlist' => '0',
		'tabletype' => '',
		'tablename' => 'mis_auto_cdzws',
		'length' => '',
		'isshow' => '1',
		'models' => '',
		'methods' => '',
		'relation' => '',
		'subimporttableobj' => '',
		'subimporttablefieldobj' => '',
		'defaultval' => '',
		'defaultvaltext' => '',
		'subimporttablefield2obj' => '',
		'subimporttableobjcondition' => '',
		'additionalconditions' => '',
		'requiredfield' => '0',
		'checkfunc' => '',
		'calculate' => '',
		'validdigit' => '0',
		'org' => '',
		'unitl' => '',
		'unitls' => '',
		'checkfortablename' => '',
		'checkforshowname' => '',
		'checkforbindname' => '',
		'checkformap' => '',
		'checkfororderby' => '',
		'checkfororfields' => '',
		'checkforchoice' => '',
		'checkforiswrite' => '0',
		'islock' => '1',
		'tagevent' => '',
		'titlepercent' => '1',
		'contentpercent' => '3',
		'callback' => '',
		'valedit' => '',
	),
	'companyid' => array(
		'id' => '14',
		'isforeignfield' => '0',
		'catalog' => 'text',
		'fields' => 'companyid',
		'sort' => '1',
		'ids' => '0',
		'title' => '公司',
		'searchlist' => '0',
		'allsearchlist' => '0',
		'tabletype' => '',
		'tablename' => 'mis_auto_cdzws',
		'length' => '',
		'isshow' => '1',
		'models' => '',
		'methods' => '',
		'relation' => '',
		'subimporttableobj' => '',
		'subimporttablefieldobj' => '',
		'defaultval' => '',
		'defaultvaltext' => '',
		'subimporttablefield2obj' => '',
		'subimporttableobjcondition' => '',
		'additionalconditions' => '',
		'requiredfield' => '0',
		'checkfunc' => '',
		'calculate' => '',
		'validdigit' => '0',
		'org' => '',
		'unitl' => '',
		'unitls' => '',
		'checkfortablename' => '',
		'checkforshowname' => '',
		'checkforbindname' => '',
		'checkformap' => '',
		'checkfororderby' => '',
		'checkfororfields' => '',
		'checkforchoice' => '',
		'checkforiswrite' => '0',
		'islock' => '1',
		'tagevent' => '',
		'titlepercent' => '1',
		'contentpercent' => '3',
		'callback' => '',
		'valedit' => '',
	),
	'departmentid' => array(
		'id' => '15',
		'isforeignfield' => '0',
		'catalog' => 'text',
		'fields' => 'departmentid',
		'sort' => '2',
		'ids' => '0',
		'title' => '部门',
		'searchlist' => '0',
		'allsearchlist' => '0',
		'tabletype' => '',
		'tablename' => 'mis_auto_cdzws',
		'length' => '',
		'isshow' => '1',
		'models' => '',
		'methods' => '',
		'relation' => '',
		'subimporttableobj' => '',
		'subimporttablefieldobj' => '',
		'defaultval' => '',
		'defaultvaltext' => '',
		'subimporttablefield2obj' => '',
		'subimporttableobjcondition' => '',
		'additionalconditions' => '',
		'requiredfield' => '0',
		'checkfunc' => '',
		'calculate' => '',
		'validdigit' => '0',
		'org' => '',
		'unitl' => '',
		'unitls' => '',
		'checkfortablename' => '',
		'checkforshowname' => '',
		'checkforbindname' => '',
		'checkformap' => '',
		'checkfororderby' => '',
		'checkfororfields' => '',
		'checkforchoice' => '',
		'checkforiswrite' => '0',
		'islock' => '1',
		'tagevent' => '',
		'titlepercent' => '1',
		'contentpercent' => '3',
		'callback' => '',
		'valedit' => '',
	),
	'orderno' => array(
		'id' => '16',
		'isforeignfield' => '0',
		'catalog' => 'text',
		'fields' => 'orderno',
		'sort' => '3',
		'ids' => '0',
		'title' => '编号',
		'searchlist' => '0',
		'allsearchlist' => '0',
		'tabletype' => '',
		'tablename' => 'mis_auto_cdzws',
		'length' => '',
		'isshow' => '1',
		'models' => '',
		'methods' => '',
		'relation' => '',
		'subimporttableobj' => '',
		'subimporttablefieldobj' => '',
		'defaultval' => '',
		'defaultvaltext' => '',
		'subimporttablefield2obj' => '',
		'subimporttableobjcondition' => '',
		'additionalconditions' => '',
		'requiredfield' => '0',
		'checkfunc' => '',
		'calculate' => '',
		'validdigit' => '0',
		'org' => '',
		'unitl' => '',
		'unitls' => '',
		'checkfortablename' => '',
		'checkforshowname' => '',
		'checkforbindname' => '',
		'checkformap' => '',
		'checkfororderby' => '',
		'checkfororfields' => '',
		'checkforchoice' => '',
		'checkforiswrite' => '0',
		'islock' => '1',
		'tagevent' => '',
		'titlepercent' => '1',
		'contentpercent' => '3',
		'callback' => '',
		'valedit' => '',
	),
	'ly' => array(
		'id' => '12',
		'isforeignfield' => '0',
		'catalog' => 'text',
		'fields' => 'ly',
		'sort' => '4',
		'ids' => '6',
		'title' => '判断',
		'searchlist' => '0',
		'allsearchlist' => '0',
		'tabletype' => 'varchar',
		'tablename' => 'mis_auto_cdzws',
		'length' => '30',
		'isshow' => '1',
		'models' => '',
		'methods' => '',
		'relation' => '',
		'subimporttableobj' => '',
		'subimporttablefieldobj' => '',
		'defaultval' => '',
		'defaultvaltext' => '',
		'subimporttablefield2obj' => '',
		'subimporttableobjcondition' => '',
		'additionalconditions' => '',
		'requiredfield' => '0',
		'checkfunc' => '',
		'calculate' => '',
		'validdigit' => '0',
		'org' => '',
		'unitl' => '',
		'unitls' => '',
		'checkfortablename' => '',
		'checkforshowname' => '',
		'checkforbindname' => '',
		'checkformap' => '',
		'checkfororderby' => '',
		'checkfororfields' => '',
		'checkforchoice' => '',
		'checkforiswrite' => '0',
		'islock' => '1',
		'tagevent' => '',
		'titlepercent' => '1',
		'contentpercent' => '3',
		'callback' => '',
		'valedit' => '',
	),
	'lookup5' => array(
		'id' => '17',
		'isforeignfield' => '0',
		'catalog' => 'lookup',
		'fields' => 'lookup5',
		'sort' => '5',
		'ids' => '7',
		'title' => 'lookup组件 _5',
		'searchlist' => '0',
		'allsearchlist' => '0',
		'tabletype' => 'varchar',
		'tablename' => 'mis_auto_cdzws',
		'length' => '11',
		'isshow' => '1',
		'models' => '',
		'methods' => 'view',
		'relation' => 'orderno',
		'requiredfield' => '0',
		'checkfunc' => '',
		'iscontrollchange' => NULL,
		'iscreatesearch' => '0',
		'filedback' => '',
		'filedbackchina' => '',
		'lookupgroup' => 'ORG7',
		'geturls' => 'lookupGeneral',
		'model' => '',
		'lookuporg' => '',
		'lookuporgval' => '',
		'conditions' => '',
		'org' => '',
		'defaultval' => '',
		'org1' => '',
		'islock' => '1',
		'viewname' => '',
		'viewtype' => '0',
		'lookupchoice' => '',
		'additionalconditions' => '',
		'dialogwidth' => '0',
		'dialogheight' => '0',
		'titlepercent' => '1',
		'contentpercent' => '3',
		'callback' => '',
	),
	'date7' => array(
		'id' => '18',
		'isforeignfield' => '0',
		'catalog' => 'date',
		'fields' => 'date7',
		'sort' => '6',
		'ids' => '8',
		'title' => '日期组件_7',
		'searchlist' => '0',
		'allsearchlist' => '0',
		'tabletype' => 'date',
		'tablename' => 'mis_auto_cdzws',
		'length' => '11',
		'isshow' => '1',
		'models' => '',
		'methods' => 'view',
		'relation' => 'orderno',
		'requiredfield' => '0',
		'acquiretime' => '0',
		'editacquiretime' => '0',
		'defaulttimechar' => '',
		'isshowresoult' => '0',
		'checkfunc' => '',
		'org' => '',
		'format' => 'yyyy-MM-dd@Y-m-d',
		'formatphp' => 'Y-m-d',
		'formatjs' => 'yyyy-MM-dd',
		'islock' => '1',
		'calculate' => '',
		'titlepercent' => '1',
		'contentpercent' => '3',
	),
)
Time 2018-09-17 16:56:01 : 业务类型：1
Time 2018-09-17 16:56:01 : C:MisDynamicFormManageAction L:6770修改manager表：1INSERT INTO `mis_system_log` (`name`,`logtype` ,`content` ,`resume`,`createid` ,`actionip`,`createtime`,`companyid`,`departmentid`) VALUES ("mis_dynamic_form_manage","1", "UPDATE `mis_dynamic_form_manage` SET `actionname`='MisAutoMzu',`actiontitle`='发吧开办费',`isaudit`=1,`createid`=1,`createtime`=1537174561,`companyid`=0,`departmentid`=0,`sysdutyid`=0 WHERE id=2", "", 1,"127.0.0.1",1537174561,0,0)
Time 2018-09-17 16:56:01 : C:MisDynamicFormManageAction L:6810修改组件属性记录：SHOW COLUMNS FROM `mis_dynamic_form_propery`
Time 2018-09-17 16:56:01 : C:MisDynamicFormManageAction L:6810修改组件属性记录：SHOW COLUMNS FROM `mis_dynamic_form_propery`
Time 2018-09-17 16:56:01 : C:MisDynamicFormManageAction L:6810修改组件属性记录：SHOW COLUMNS FROM `mis_dynamic_form_propery`
Time 2018-09-17 16:56:01 : C:MisDynamicFormManageAction L:6810修改组件属性记录：SHOW COLUMNS FROM `mis_dynamic_form_propery`
Time 2018-09-17 16:56:01 : C:MisDynamicFormManageAction L:6810修改组件属性记录：SHOW COLUMNS FROM `mis_dynamic_form_propery`
Time 2018-09-17 16:56:01 : C:MisDynamicFormManageAction L:6810修改组件属性记录：SHOW COLUMNS FROM `mis_dynamic_form_propery`
Time 2018-09-17 16:56:01 : C:MisDynamicFormManageAction L:6810修改组件属性记录：SHOW COLUMNS FROM `mis_dynamic_form_propery`
Time 2018-09-17 16:56:01 : C:MisDynamicFormManageAction L:5478更新字段配置文件[MisAutoAnameList]和单号规则配置文件[list.inc][toolbar]
Time 2018-09-17 16:56:01 : C:MisDynamicFormManageAction L:5574开始生成基础档案
Time 2018-09-17 16:56:01 : 开始生成listinc文件系统:WINNT路径:./Dynamicconf/Models/MisAutoMzu/list.inc.php
Time 2018-09-17 16:56:01 : kuozhanadas:WINNT路径:./Dynamicconf/Models/MisAutoMzu/listExtend.inc.php
Time 2018-09-17 16:56:01 : 开始生成toolbar主文件 系统:WINNT路径:./Dynamicconf/Models/MisAutoMzu/toolbar.extension.inc.php
Time 2018-09-17 16:56:01 : 开始生成toolbar扩展文件 系统:WINNT路径:./Dynamicconf/Models/MisAutoMzu/toolbar.extensionExtend.inc.php
Time 2018-09-17 16:56:01 : C:MisDynamicFormManageAction L:5908生成内嵌表格forminc
Time 2018-09-17 16:56:01 : 开始生成listinc文件系统:WINNT路径:E:/phpStudy/PHPTutorial/WWW/modelSys/Admin/Dynamicconf/Models/MisAutoMzu/data.inc.php
Time 2018-09-17 16:56:01 : 开始生成listinc文件系统:WINNT路径:./Dynamicconf/E:/phpStudy/PHPTutorial/WWW/modelSys/Admin/Dynamicconf/Models/MisAutoMzu/list.inc.php
Time 2018-09-17 16:56:01 : 开始生成listinc文件系统:WINNT路径:E:/phpStudy/PHPTutorial/WWW/modelSys/Admin/Dynamicconf/Models/MisAutoMzu/form.inc.php
Time 2018-09-17 16:56:01 : C:MisDynamicFormManageAction L:5912生成内嵌表格forminc end  
Time 2018-09-17 16:56:01 : C:MisDynamicFormModelAction L:26model生成 modelname：MisAutoMzu
Time 2018-09-17 16:56:01 : C:MisDynamicFormModelAction L:42 model生成数据查询sql：SELECT mas.tablename , sub.* FROM mis_dynamic_database_sub AS sub LEFT JOIN mis_dynamic_database_mas AS mas ON sub.masid = mas.id WHERE sub.formid=2
Time 2018-09-17 16:56:01 : 多表 主表生成时节点：MisAutoMzu
Time 2018-09-17 16:56:01 : C:MisDynamicFormModelAction L:69多表 主表生成时节点：MisAutoMzu
Time 2018-09-17 16:56:01 : C:MisDynamicFormModelAction L:71多表 主表model名：MisAutoMzu
Time 2018-09-17 16:56:01 : C:MisDynamicFormModelAction L:73多表 主表 真实表名：mis_auto_cdzws
Time 2018-09-17 16:56:01 : Model文件生成! ./Lib/Model/MisAutoMzuModel.class.php
Time 2018-09-17 16:56:01 : 扩展Model文件生成! ./Lib/Model/MisAutoMzuModel.class.php
Time 2018-09-17 16:56:01 : =============endview ===163-----》》》》==========MisAutoMzu
Time 2018-09-17 16:56:01 : =============endview ===167-----》》》》==========MisAutoMzu
Time 2018-09-17 16:56:02 : 组件属性：array(
	'updateid' => array(
		'id' => '13',
		'isforeignfield' => '0',
		'catalog' => 'text',
		'fields' => 'updateid',
		'sort' => '0',
		'ids' => '0',
		'title' => '修改人',
		'searchlist' => '0',
		'allsearchlist' => '0',
		'tabletype' => '',
		'tablename' => 'mis_auto_cdzws',
		'length' => '',
		'isshow' => '1',
		'models' => '',
		'methods' => '',
		'relation' => '',
		'subimporttableobj' => '',
		'subimporttablefieldobj' => '',
		'defaultval' => '',
		'defaultvaltext' => '',
		'subimporttablefield2obj' => '',
		'subimporttableobjcondition' => '',
		'additionalconditions' => '',
		'requiredfield' => '0',
		'checkfunc' => '',
		'calculate' => '',
		'validdigit' => '0',
		'org' => '',
		'unitl' => '',
		'unitls' => '',
		'checkfortablename' => '',
		'checkforshowname' => '',
		'checkforbindname' => '',
		'checkformap' => '',
		'checkfororderby' => '',
		'checkfororfields' => '',
		'checkforchoice' => '',
		'checkforiswrite' => '0',
		'islock' => '1',
		'tagevent' => '',
		'titlepercent' => '1',
		'contentpercent' => '3',
		'callback' => '',
		'valedit' => '',
	),
	'companyid' => array(
		'id' => '14',
		'isforeignfield' => '0',
		'catalog' => 'text',
		'fields' => 'companyid',
		'sort' => '1',
		'ids' => '0',
		'title' => '公司',
		'searchlist' => '0',
		'allsearchlist' => '0',
		'tabletype' => '',
		'tablename' => 'mis_auto_cdzws',
		'length' => '',
		'isshow' => '1',
		'models' => '',
		'methods' => '',
		'relation' => '',
		'subimporttableobj' => '',
		'subimporttablefieldobj' => '',
		'defaultval' => '',
		'defaultvaltext' => '',
		'subimporttablefield2obj' => '',
		'subimporttableobjcondition' => '',
		'additionalconditions' => '',
		'requiredfield' => '0',
		'checkfunc' => '',
		'calculate' => '',
		'validdigit' => '0',
		'org' => '',
		'unitl' => '',
		'unitls' => '',
		'checkfortablename' => '',
		'checkforshowname' => '',
		'checkforbindname' => '',
		'checkformap' => '',
		'checkfororderby' => '',
		'checkfororfields' => '',
		'checkforchoice' => '',
		'checkforiswrite' => '0',
		'islock' => '1',
		'tagevent' => '',
		'titlepercent' => '1',
		'contentpercent' => '3',
		'callback' => '',
		'valedit' => '',
	),
	'departmentid' => array(
		'id' => '15',
		'isforeignfield' => '0',
		'catalog' => 'text',
		'fields' => 'departmentid',
		'sort' => '2',
		'ids' => '0',
		'title' => '部门',
		'searchlist' => '0',
		'allsearchlist' => '0',
		'tabletype' => '',
		'tablename' => 'mis_auto_cdzws',
		'length' => '',
		'isshow' => '1',
		'models' => '',
		'methods' => '',
		'relation' => '',
		'subimporttableobj' => '',
		'subimporttablefieldobj' => '',
		'defaultval' => '',
		'defaultvaltext' => '',
		'subimporttablefield2obj' => '',
		'subimporttableobjcondition' => '',
		'additionalconditions' => '',
		'requiredfield' => '0',
		'checkfunc' => '',
		'calculate' => '',
		'validdigit' => '0',
		'org' => '',
		'unitl' => '',
		'unitls' => '',
		'checkfortablename' => '',
		'checkforshowname' => '',
		'checkforbindname' => '',
		'checkformap' => '',
		'checkfororderby' => '',
		'checkfororfields' => '',
		'checkforchoice' => '',
		'checkforiswrite' => '0',
		'islock' => '1',
		'tagevent' => '',
		'titlepercent' => '1',
		'contentpercent' => '3',
		'callback' => '',
		'valedit' => '',
	),
	'orderno' => array(
		'id' => '16',
		'isforeignfield' => '0',
		'catalog' => 'text',
		'fields' => 'orderno',
		'sort' => '3',
		'ids' => '0',
		'title' => '编号',
		'searchlist' => '0',
		'allsearchlist' => '0',
		'tabletype' => '',
		'tablename' => 'mis_auto_cdzws',
		'length' => '',
		'isshow' => '1',
		'models' => '',
		'methods' => '',
		'relation' => '',
		'subimporttableobj' => '',
		'subimporttablefieldobj' => '',
		'defaultval' => '',
		'defaultvaltext' => '',
		'subimporttablefield2obj' => '',
		'subimporttableobjcondition' => '',
		'additionalconditions' => '',
		'requiredfield' => '0',
		'checkfunc' => '',
		'calculate' => '',
		'validdigit' => '0',
		'org' => '',
		'unitl' => '',
		'unitls' => '',
		'checkfortablename' => '',
		'checkforshowname' => '',
		'checkforbindname' => '',
		'checkformap' => '',
		'checkfororderby' => '',
		'checkfororfields' => '',
		'checkforchoice' => '',
		'checkforiswrite' => '0',
		'islock' => '1',
		'tagevent' => '',
		'titlepercent' => '1',
		'contentpercent' => '3',
		'callback' => '',
		'valedit' => '',
	),
	'ly' => array(
		'id' => '12',
		'isforeignfield' => '0',
		'catalog' => 'text',
		'fields' => 'ly',
		'sort' => '4',
		'ids' => '6',
		'title' => '判断',
		'searchlist' => '0',
		'allsearchlist' => '0',
		'tabletype' => 'varchar',
		'tablename' => 'mis_auto_cdzws',
		'length' => '30',
		'isshow' => '1',
		'models' => '',
		'methods' => '',
		'relation' => '',
		'subimporttableobj' => '',
		'subimporttablefieldobj' => '',
		'defaultval' => '',
		'defaultvaltext' => '',
		'subimporttablefield2obj' => '',
		'subimporttableobjcondition' => '',
		'additionalconditions' => '',
		'requiredfield' => '0',
		'checkfunc' => '',
		'calculate' => '',
		'validdigit' => '0',
		'org' => '',
		'unitl' => '',
		'unitls' => '',
		'checkfortablename' => '',
		'checkforshowname' => '',
		'checkforbindname' => '',
		'checkformap' => '',
		'checkfororderby' => '',
		'checkfororfields' => '',
		'checkforchoice' => '',
		'checkforiswrite' => '0',
		'islock' => '1',
		'tagevent' => '',
		'titlepercent' => '1',
		'contentpercent' => '3',
		'callback' => '',
		'valedit' => '',
	),
	'lookup5' => array(
		'id' => '17',
		'isforeignfield' => '0',
		'catalog' => 'lookup',
		'fields' => 'lookup5',
		'sort' => '5',
		'ids' => '7',
		'title' => 'lookup组件 _5',
		'searchlist' => '0',
		'allsearchlist' => '0',
		'tabletype' => 'varchar',
		'tablename' => 'mis_auto_cdzws',
		'length' => '11',
		'isshow' => '1',
		'models' => '',
		'methods' => 'view',
		'relation' => 'orderno',
		'requiredfield' => '0',
		'checkfunc' => '',
		'iscontrollchange' => NULL,
		'iscreatesearch' => '0',
		'filedback' => '',
		'filedbackchina' => '',
		'lookupgroup' => 'ORG7',
		'geturls' => 'lookupGeneral',
		'model' => '',
		'lookuporg' => '',
		'lookuporgval' => '',
		'conditions' => '',
		'org' => '',
		'defaultval' => '',
		'org1' => '',
		'islock' => '1',
		'viewname' => '',
		'viewtype' => '0',
		'lookupchoice' => '',
		'additionalconditions' => '',
		'dialogwidth' => '0',
		'dialogheight' => '0',
		'titlepercent' => '1',
		'contentpercent' => '3',
		'callback' => '',
	),
	'date7' => array(
		'id' => '18',
		'isforeignfield' => '0',
		'catalog' => 'date',
		'fields' => 'date7',
		'sort' => '6',
		'ids' => '8',
		'title' => '日期组件_7',
		'searchlist' => '0',
		'allsearchlist' => '0',
		'tabletype' => 'date',
		'tablename' => 'mis_auto_cdzws',
		'length' => '11',
		'isshow' => '1',
		'models' => '',
		'methods' => 'view',
		'relation' => 'orderno',
		'requiredfield' => '0',
		'acquiretime' => '0',
		'editacquiretime' => '0',
		'defaulttimechar' => '',
		'isshowresoult' => '0',
		'checkfunc' => '',
		'org' => '',
		'format' => 'yyyy-MM-dd@Y-m-d',
		'formatphp' => 'Y-m-d',
		'formatjs' => 'yyyy-MM-dd',
		'islock' => '1',
		'calculate' => '',
		'titlepercent' => '1',
		'contentpercent' => '3',
	),
)
Time 2018-09-17 16:56:16 : 业务类型：1
Time 2018-09-17 16:56:16 : C:MisDynamicFormManageAction L:6770修改manager表：1INSERT INTO `mis_system_log` (`name`,`logtype` ,`content` ,`resume`,`createid` ,`actionip`,`createtime`,`companyid`,`departmentid`) VALUES ("mis_dynamic_form_manage","1", "UPDATE `mis_dynamic_form_manage` SET `actionname`='MisAutoMzu',`actiontitle`='发吧开办费',`isaudit`=1,`createid`=1,`createtime`=1537174576,`companyid`=0,`departmentid`=0,`sysdutyid`=0 WHERE id=2", "", 1,"127.0.0.1",1537174576,0,0)
Time 2018-09-17 16:56:16 : C:MisDynamicFormManageAction L:6810修改组件属性记录：SHOW COLUMNS FROM `mis_dynamic_form_propery`
Time 2018-09-17 16:56:16 : C:MisDynamicFormManageAction L:6810修改组件属性记录：SHOW COLUMNS FROM `mis_dynamic_form_propery`
Time 2018-09-17 16:56:16 : C:MisDynamicFormManageAction L:6810修改组件属性记录：SHOW COLUMNS FROM `mis_dynamic_form_propery`
Time 2018-09-17 16:56:16 : C:MisDynamicFormManageAction L:6810修改组件属性记录：SHOW COLUMNS FROM `mis_dynamic_form_propery`
Time 2018-09-17 16:56:16 : C:MisDynamicFormManageAction L:6810修改组件属性记录：SHOW COLUMNS FROM `mis_dynamic_form_propery`
Time 2018-09-17 16:56:16 : C:MisDynamicFormManageAction L:6810修改组件属性记录：SHOW COLUMNS FROM `mis_dynamic_form_propery`
Time 2018-09-17 16:56:16 : C:MisDynamicFormManageAction L:6810修改组件属性记录：SHOW COLUMNS FROM `mis_dynamic_form_propery`
Time 2018-09-17 16:56:16 : C:MisDynamicFormManageAction L:5478更新字段配置文件[MisAutoAnameList]和单号规则配置文件[list.inc][toolbar]
Time 2018-09-17 16:56:16 : C:MisDynamicFormManageAction L:5574开始生成基础档案
Time 2018-09-17 16:56:16 : 开始生成listinc文件系统:WINNT路径:./Dynamicconf/Models/MisAutoMzu/list.inc.php
Time 2018-09-17 16:56:16 : kuozhanadas:WINNT路径:./Dynamicconf/Models/MisAutoMzu/listExtend.inc.php
Time 2018-09-17 16:56:16 : 开始生成toolbar主文件 系统:WINNT路径:./Dynamicconf/Models/MisAutoMzu/toolbar.extension.inc.php
Time 2018-09-17 16:56:16 : 开始生成toolbar扩展文件 系统:WINNT路径:./Dynamicconf/Models/MisAutoMzu/toolbar.extensionExtend.inc.php
Time 2018-09-17 16:56:16 : C:MisDynamicFormManageAction L:5908生成内嵌表格forminc
Time 2018-09-17 16:56:16 : 开始生成listinc文件系统:WINNT路径:E:/phpStudy/PHPTutorial/WWW/modelSys/Admin/Dynamicconf/Models/MisAutoMzu/data.inc.php
Time 2018-09-17 16:56:16 : 开始生成listinc文件系统:WINNT路径:./Dynamicconf/E:/phpStudy/PHPTutorial/WWW/modelSys/Admin/Dynamicconf/Models/MisAutoMzu/list.inc.php
Time 2018-09-17 16:56:16 : 开始生成listinc文件系统:WINNT路径:E:/phpStudy/PHPTutorial/WWW/modelSys/Admin/Dynamicconf/Models/MisAutoMzu/form.inc.php
Time 2018-09-17 16:56:16 : C:MisDynamicFormManageAction L:5912生成内嵌表格forminc end  
Time 2018-09-17 16:56:16 : C:MisDynamicFormModelAction L:26model生成 modelname：MisAutoMzu
Time 2018-09-17 16:56:16 : C:MisDynamicFormModelAction L:42 model生成数据查询sql：SELECT mas.tablename , sub.* FROM mis_dynamic_database_sub AS sub LEFT JOIN mis_dynamic_database_mas AS mas ON sub.masid = mas.id WHERE sub.formid=2
Time 2018-09-17 16:56:16 : 多表 主表生成时节点：MisAutoMzu
Time 2018-09-17 16:56:16 : C:MisDynamicFormModelAction L:69多表 主表生成时节点：MisAutoMzu
Time 2018-09-17 16:56:16 : C:MisDynamicFormModelAction L:71多表 主表model名：MisAutoMzu
Time 2018-09-17 16:56:16 : C:MisDynamicFormModelAction L:73多表 主表 真实表名：mis_auto_cdzws
Time 2018-09-17 16:56:16 : Model文件生成! ./Lib/Model/MisAutoMzuModel.class.php
Time 2018-09-17 16:56:16 : 扩展Model文件生成! ./Lib/Model/MisAutoMzuModel.class.php
Time 2018-09-17 16:56:16 : =============endview ===163-----》》》》==========MisAutoMzu
Time 2018-09-17 16:56:16 : =============endview ===167-----》》》》==========MisAutoMzu
Time 2018-09-17 16:56:16 : 组件属性：array(
	'updateid' => array(
		'id' => '13',
		'isforeignfield' => '0',
		'catalog' => 'text',
		'fields' => 'updateid',
		'sort' => '0',
		'ids' => '0',
		'title' => '修改人',
		'searchlist' => '0',
		'allsearchlist' => '0',
		'tabletype' => '',
		'tablename' => 'mis_auto_cdzws',
		'length' => '',
		'isshow' => '1',
		'models' => '',
		'methods' => '',
		'relation' => '',
		'subimporttableobj' => '',
		'subimporttablefieldobj' => '',
		'defaultval' => '',
		'defaultvaltext' => '',
		'subimporttablefield2obj' => '',
		'subimporttableobjcondition' => '',
		'additionalconditions' => '',
		'requiredfield' => '0',
		'checkfunc' => '',
		'calculate' => '',
		'validdigit' => '0',
		'org' => '',
		'unitl' => '',
		'unitls' => '',
		'checkfortablename' => '',
		'checkforshowname' => '',
		'checkforbindname' => '',
		'checkformap' => '',
		'checkfororderby' => '',
		'checkfororfields' => '',
		'checkforchoice' => '',
		'checkforiswrite' => '0',
		'islock' => '1',
		'tagevent' => '',
		'titlepercent' => '1',
		'contentpercent' => '3',
		'callback' => '',
		'valedit' => '',
	),
	'companyid' => array(
		'id' => '14',
		'isforeignfield' => '0',
		'catalog' => 'text',
		'fields' => 'companyid',
		'sort' => '1',
		'ids' => '0',
		'title' => '公司',
		'searchlist' => '0',
		'allsearchlist' => '0',
		'tabletype' => '',
		'tablename' => 'mis_auto_cdzws',
		'length' => '',
		'isshow' => '1',
		'models' => '',
		'methods' => '',
		'relation' => '',
		'subimporttableobj' => '',
		'subimporttablefieldobj' => '',
		'defaultval' => '',
		'defaultvaltext' => '',
		'subimporttablefield2obj' => '',
		'subimporttableobjcondition' => '',
		'additionalconditions' => '',
		'requiredfield' => '0',
		'checkfunc' => '',
		'calculate' => '',
		'validdigit' => '0',
		'org' => '',
		'unitl' => '',
		'unitls' => '',
		'checkfortablename' => '',
		'checkforshowname' => '',
		'checkforbindname' => '',
		'checkformap' => '',
		'checkfororderby' => '',
		'checkfororfields' => '',
		'checkforchoice' => '',
		'checkforiswrite' => '0',
		'islock' => '1',
		'tagevent' => '',
		'titlepercent' => '1',
		'contentpercent' => '3',
		'callback' => '',
		'valedit' => '',
	),
	'departmentid' => array(
		'id' => '15',
		'isforeignfield' => '0',
		'catalog' => 'text',
		'fields' => 'departmentid',
		'sort' => '2',
		'ids' => '0',
		'title' => '部门',
		'searchlist' => '0',
		'allsearchlist' => '0',
		'tabletype' => '',
		'tablename' => 'mis_auto_cdzws',
		'length' => '',
		'isshow' => '1',
		'models' => '',
		'methods' => '',
		'relation' => '',
		'subimporttableobj' => '',
		'subimporttablefieldobj' => '',
		'defaultval' => '',
		'defaultvaltext' => '',
		'subimporttablefield2obj' => '',
		'subimporttableobjcondition' => '',
		'additionalconditions' => '',
		'requiredfield' => '0',
		'checkfunc' => '',
		'calculate' => '',
		'validdigit' => '0',
		'org' => '',
		'unitl' => '',
		'unitls' => '',
		'checkfortablename' => '',
		'checkforshowname' => '',
		'checkforbindname' => '',
		'checkformap' => '',
		'checkfororderby' => '',
		'checkfororfields' => '',
		'checkforchoice' => '',
		'checkforiswrite' => '0',
		'islock' => '1',
		'tagevent' => '',
		'titlepercent' => '1',
		'contentpercent' => '3',
		'callback' => '',
		'valedit' => '',
	),
	'orderno' => array(
		'id' => '16',
		'isforeignfield' => '0',
		'catalog' => 'text',
		'fields' => 'orderno',
		'sort' => '3',
		'ids' => '0',
		'title' => '编号',
		'searchlist' => '0',
		'allsearchlist' => '0',
		'tabletype' => '',
		'tablename' => 'mis_auto_cdzws',
		'length' => '',
		'isshow' => '1',
		'models' => '',
		'methods' => '',
		'relation' => '',
		'subimporttableobj' => '',
		'subimporttablefieldobj' => '',
		'defaultval' => '',
		'defaultvaltext' => '',
		'subimporttablefield2obj' => '',
		'subimporttableobjcondition' => '',
		'additionalconditions' => '',
		'requiredfield' => '0',
		'checkfunc' => '',
		'calculate' => '',
		'validdigit' => '0',
		'org' => '',
		'unitl' => '',
		'unitls' => '',
		'checkfortablename' => '',
		'checkforshowname' => '',
		'checkforbindname' => '',
		'checkformap' => '',
		'checkfororderby' => '',
		'checkfororfields' => '',
		'checkforchoice' => '',
		'checkforiswrite' => '0',
		'islock' => '1',
		'tagevent' => '',
		'titlepercent' => '1',
		'contentpercent' => '3',
		'callback' => '',
		'valedit' => '',
	),
	'ly' => array(
		'id' => '12',
		'isforeignfield' => '0',
		'catalog' => 'text',
		'fields' => 'ly',
		'sort' => '4',
		'ids' => '6',
		'title' => '判断',
		'searchlist' => '0',
		'allsearchlist' => '0',
		'tabletype' => 'varchar',
		'tablename' => 'mis_auto_cdzws',
		'length' => '30',
		'isshow' => '1',
		'models' => '',
		'methods' => '',
		'relation' => '',
		'subimporttableobj' => '',
		'subimporttablefieldobj' => '',
		'defaultval' => '',
		'defaultvaltext' => '',
		'subimporttablefield2obj' => '',
		'subimporttableobjcondition' => '',
		'additionalconditions' => '',
		'requiredfield' => '0',
		'checkfunc' => '',
		'calculate' => '',
		'validdigit' => '0',
		'org' => '',
		'unitl' => '',
		'unitls' => '',
		'checkfortablename' => '',
		'checkforshowname' => '',
		'checkforbindname' => '',
		'checkformap' => '',
		'checkfororderby' => '',
		'checkfororfields' => '',
		'checkforchoice' => '',
		'checkforiswrite' => '0',
		'islock' => '1',
		'tagevent' => '',
		'titlepercent' => '1',
		'contentpercent' => '3',
		'callback' => '',
		'valedit' => '',
	),
	'lookup5' => array(
		'id' => '17',
		'isforeignfield' => '0',
		'catalog' => 'lookup',
		'fields' => 'lookup5',
		'sort' => '5',
		'ids' => '7',
		'title' => 'lookup组件 _5',
		'searchlist' => '0',
		'allsearchlist' => '0',
		'tabletype' => 'varchar',
		'tablename' => 'mis_auto_cdzws',
		'length' => '11',
		'isshow' => '1',
		'models' => '',
		'methods' => 'view',
		'relation' => 'orderno',
		'requiredfield' => '0',
		'checkfunc' => '',
		'iscontrollchange' => NULL,
		'iscreatesearch' => '0',
		'filedback' => '',
		'filedbackchina' => '',
		'lookupgroup' => 'ORG7',
		'geturls' => 'lookupGeneral',
		'model' => '',
		'lookuporg' => '',
		'lookuporgval' => '',
		'conditions' => '',
		'org' => '',
		'defaultval' => '',
		'org1' => '',
		'islock' => '1',
		'viewname' => '',
		'viewtype' => '0',
		'lookupchoice' => '',
		'additionalconditions' => '',
		'dialogwidth' => '0',
		'dialogheight' => '0',
		'titlepercent' => '1',
		'contentpercent' => '3',
		'callback' => '',
	),
	'date7' => array(
		'id' => '18',
		'isforeignfield' => '0',
		'catalog' => 'date',
		'fields' => 'date7',
		'sort' => '6',
		'ids' => '8',
		'title' => '日期组件_7',
		'searchlist' => '0',
		'allsearchlist' => '0',
		'tabletype' => 'date',
		'tablename' => 'mis_auto_cdzws',
		'length' => '11',
		'isshow' => '1',
		'models' => '',
		'methods' => 'view',
		'relation' => 'orderno',
		'requiredfield' => '0',
		'acquiretime' => '0',
		'editacquiretime' => '0',
		'defaulttimechar' => '',
		'isshowresoult' => '0',
		'checkfunc' => '',
		'org' => '',
		'format' => 'yyyy-MM-dd@Y-m-d',
		'formatphp' => 'Y-m-d',
		'formatjs' => 'yyyy-MM-dd',
		'islock' => '1',
		'calculate' => '',
		'titlepercent' => '1',
		'contentpercent' => '3',
	),
)
Time 2018-09-17 16:56:33 : C:MisDynamicFormManageAction L:8021拖动页面时时保存:对表进行字段追加： ALTER TABLE mis_auto_cdzws ADD  COLUMN text7 varchar(11)   COMMENT '短文本框_7'
Time 2018-09-17 16:56:33 : C:MisDynamicFormManageAction L:8037拖动页面时时保存:直接入属性库的组件 ：INSERT INTO `mis_dynamic_form_propery` (`id`,`isforeignfield`,`category`,`fieldname`,`sort`,`ids`,`title`,`isformsearch`,`islistsearch`,`fieldtype`,`dbname`,`tablelength`,`isshow`,`models`,`methods`,`relation`,`subimporttableobj`,`subimporttablefieldobj`,`defaultval`,`defaultvaltext`,`subimporttablefield2obj`,`lookupconditions`,`additionalconditions`,`isrequired`,`validatetype`,`calculate`,`validdigit`,`org`,`unit`,`unitls`,`checkfortablename`,`checkforshowname`,`checkforbindname`,`checkformap`,`checkfororderby`,`checkfororfields`,`checkforchoice`,`checkforiswrite`,`islock`,`tagevent`,`titlepercent`,`contentpercent`,`callback`,`valedit`,`formid`,`tplid`) VALUES (0,0,'text','text7',3,9,'短文本框_7',0,0,'varchar','mis_auto_cdzws','11',1,'','view','orderno','','','','','','','',0,'','',0,'','','','','','','','',null,'',0,1,'','1','3','','',2,2)
Time 2018-09-17 16:56:38 : C:MisDynamicFormManageAction L:8021拖动页面时时保存:对表进行字段追加： ALTER TABLE mis_auto_cdzws ADD  COLUMN password8 varchar(11)   COMMENT '密码框_8'
Time 2018-09-17 16:56:38 : C:MisDynamicFormManageAction L:8037拖动页面时时保存:直接入属性库的组件 ：INSERT INTO `mis_dynamic_form_propery` (`id`,`isforeignfield`,`category`,`fieldname`,`sort`,`ids`,`title`,`isformsearch`,`islistsearch`,`fieldtype`,`dbname`,`tablelength`,`isshow`,`models`,`methods`,`relation`,`isrequired`,`islock`,`titlepercent`,`contentpercent`,`formid`,`tplid`) VALUES (0,0,'password','password8',7,10,'密码框_8',0,0,'varchar','mis_auto_cdzws','11',1,'','view','orderno',0,1,'1','3',2,2)
Time 2018-09-17 16:56:39 : C:MisDynamicFormManageAction L:8037拖动页面时时保存:直接入属性库的组件 ：INSERT INTO `mis_dynamic_form_propery` (`id`,`isforeignfield`,`category`,`fieldname`,`sort`,`ids`,`title`,`isformsearch`,`islistsearch`,`fieldtype`,`dbname`,`tablelength`,`isshow`,`models`,`methods`,`relation`,`isrequired`,`validatetype`,`org`,`titlepercent`,`contentpercent`,`islock`,`formid`,`tplid`) VALUES (0,0,'tablabel','tablabel9',8,0,'标签_9',0,0,'varchar','mis_auto_cdzws','11',1,'','view','orderno',0,'','','1','3',1,2,2)
Time 2018-09-17 16:56:41 : C:MisDynamicFormManageAction L:8021拖动页面时时保存:对表进行字段追加： ALTER TABLE mis_auto_cdzws ADD  COLUMN hiddens10 varchar(11)   COMMENT '隐藏域组件_10'
Time 2018-09-17 16:56:41 : C:MisDynamicFormManageAction L:8037拖动页面时时保存:直接入属性库的组件 ：INSERT INTO `mis_dynamic_form_propery` (`id`,`isforeignfield`,`category`,`fieldname`,`sort`,`ids`,`title`,`isformsearch`,`islistsearch`,`fieldtype`,`dbname`,`tablelength`,`isshow`,`models`,`methods`,`relation`,`isrequired`,`validatetype`,`org`,`isviewshow`,`titlepercent`,`contentpercent`,`islock`,`callback`,`formid`,`tplid`) VALUES (0,0,'hiddens','hiddens10',10,11,'隐藏域组件_10',0,0,'varchar','mis_auto_cdzws','11',1,'','view','orderno',0,'','',0,'1','3',1,'',2,2)
Time 2018-09-17 16:56:43 : C:MisDynamicFormManageAction L:8021拖动页面时时保存:对表进行字段追加： ALTER TABLE mis_auto_cdzws ADD  COLUMN select11 varchar(11)   COMMENT '下拉框_11'
Time 2018-09-17 16:56:43 : C:MisDynamicFormManageAction L:8037拖动页面时时保存:直接入属性库的组件 ：INSERT INTO `mis_dynamic_form_propery` (`id`,`isforeignfield`,`category`,`fieldname`,`sort`,`ids`,`title`,`isformsearch`,`islistsearch`,`fieldtype`,`dbname`,`tablelength`,`isshow`,`models`,`methods`,`relation`,`isrequired`,`islock`,`isshowresoult`,`defaultcheckitem`,`defaultval`,`defaulttext`,`showoption`,`subimporttableobj`,`subimporttablefieldobj`,`subimporttablefield2obj`,`lookupconditions`,`org`,`treedtable`,`treeshowfield`,`treevaluefield`,`treeparentfield`,`isnextend`,`mulit`,`treeheight`,`treewidth`,`isdialog`,`tagevent`,`titlepercent`,`contentpercent`,`valedit`,`formid`,`tplid`) VALUES (0,0,'select','select11',5,12,'下拉框_11',0,0,'varchar','mis_auto_cdzws','11',1,'','view','orderno',0,1,0,'','','','','','','','','','','','','',1,0,150,0,0,'','1','3','',2,2)
Time 2018-09-17 16:57:55 : C:MisDynamicFormManageAction L:8021拖动页面时时保存:对表进行字段追加： ALTER TABLE mis_auto_cdzws ADD  COLUMN textarea16 varchar(11)   COMMENT '文本域_16'
Time 2018-09-17 16:57:55 : C:MisDynamicFormManageAction L:8037拖动页面时时保存:直接入属性库的组件 ：INSERT INTO `mis_dynamic_form_propery` (`id`,`isforeignfield`,`category`,`fieldname`,`sort`,`ids`,`title`,`isformsearch`,`islistsearch`,`fieldtype`,`dbname`,`tablelength`,`isshow`,`models`,`methods`,`relation`,`isrequired`,`org`,`isrichbox`,`validatetype`,`defaultval`,`rows`,`cols`,`islock`,`titlepercent`,`contentpercent`,`valedit`,`formid`,`tplid`) VALUES (0,0,'textarea','textarea16',12,13,'文本域_16',0,0,'varchar','mis_auto_cdzws','11',1,'','view','orderno',0,'',0,'','',4,100,1,'1','7','',2,2)
Time 2018-09-17 16:58:07 : C:MisDynamicFormManageAction L:8037拖动页面时时保存:直接入属性库的组件 ：INSERT INTO `mis_dynamic_form_propery` (`id`,`isforeignfield`,`category`,`fieldname`,`sort`,`ids`,`title`,`isformsearch`,`islistsearch`,`fieldtype`,`dbname`,`tablelength`,`isshow`,`models`,`methods`,`relation`,`isrequired`,`validatetype`,`titlepercent`,`contentpercent`,`islock`,`formid`,`tplid`) VALUES (0,0,'fieldset','fieldset18',13,0,'',0,0,'varchar','mis_auto_cdzws','11',1,'','view','orderno',0,'','8','0',1,2,2)
Time 2018-09-17 16:58:56 : C:MisDynamicFormManageAction L:8037拖动页面时时保存:直接入属性库的组件 ：INSERT INTO `mis_dynamic_form_propery` (`id`,`isforeignfield`,`category`,`fieldname`,`sort`,`ids`,`title`,`isformsearch`,`islistsearch`,`fieldtype`,`dbname`,`tablelength`,`isshow`,`models`,`methods`,`relation`,`isrequired`,`validatetype`,`titlepercent`,`contentpercent`,`islock`,`formid`,`tplid`) VALUES (0,0,'divider2','divider220',14,0,'',0,0,'varchar','','11',1,'','view','orderno',0,'','8','0',1,2,2)
Time 2018-09-17 16:58:59 : C:MisDynamicFormManageAction L:8037拖动页面时时保存:直接入属性库的组件 ：INSERT INTO `mis_dynamic_form_propery` (`id`,`isforeignfield`,`category`,`fieldname`,`sort`,`ids`,`title`,`isformsearch`,`islistsearch`,`fieldtype`,`dbname`,`tablelength`,`isshow`,`models`,`methods`,`relation`,`isrequired`,`validatetype`,`aligntype`,`backgroundcolor`,`fontcolor`,`fontsize`,`fontheight`,`fontweight`,`titlepercent`,`contentpercent`,`islock`,`formid`,`tplid`) VALUES (0,0,'fiexdtext','fiexdtext21',15,0,'',0,0,'varchar','','11',1,'','view','orderno',0,'','left','fff','333',14,30,400,'4','0',1,2,2)
Time 2018-09-17 16:59:14 : C:MisDynamicFormManageAction L:8037拖动页面时时保存:直接入属性库的组件 ：INSERT INTO `mis_dynamic_form_propery` (`id`,`isforeignfield`,`category`,`fieldname`,`sort`,`ids`,`title`,`isformsearch`,`islistsearch`,`fieldtype`,`dbname`,`tablelength`,`isshow`,`models`,`methods`,`relation`,`component`,`titlepercent`,`contentpercent`,`formid`,`tplid`) VALUES (0,0,'defcomponent','defcomponent23',16,0,'',0,0,'varchar','','11',1,'','view','orderno','','8','0',2,2)
Time 2018-09-17 16:59:27 : C:MisDynamicFormManageAction L:7908拖动页面时时保存:对现有组件的修改：Select isforeignfield,category,fieldname,sort,ids,title,isformsearch,islistsearch,fieldtype,dbname,tablelength,isshow,models,methods,relation,subimporttableobj,subimporttablefieldobj,defaultval,defaultvaltext,subimporttablefield2obj,lookupconditions,additionalconditions,isrequired,validatetype,calculate,validdigit,org,unit,unitls,checkfortablename,checkforshowname,checkforbindname,checkformap,checkfororderby,checkfororfields,checkforchoice,checkforiswrite,islock,tagevent,titlepercent,contentpercent,callback,valedit from mis_dynamic_form_propery WHERE ( `id` = 13 )
Time 2018-09-17 17:00:01 : C:MisDynamicFormManageAction L:7908拖动页面时时保存:对现有组件的修改：Select isforeignfield,category,fieldname,sort,ids,title,isformsearch,islistsearch,fieldtype,dbname,tablelength,isshow,models,methods,relation,subimporttableobj,subimporttablefieldobj,defaultval,defaultvaltext,subimporttablefield2obj,lookupconditions,additionalconditions,isrequired,validatetype,calculate,validdigit,org,unit,unitls,checkfortablename,checkforshowname,checkforbindname,checkformap,checkfororderby,checkfororfields,checkforchoice,checkforiswrite,islock,tagevent,titlepercent,contentpercent,callback,valedit from mis_dynamic_form_propery WHERE ( `id` = 13 )
Time 2018-09-17 17:10:32 : C:MisDynamicFormManageAction L:8037拖动页面时时保存:直接入属性库的组件 ：INSERT INTO `mis_dynamic_form_propery` (`id`,`isforeignfield`,`category`,`fieldname`,`sort`,`ids`,`title`,`isformsearch`,`islistsearch`,`fieldtype`,`dbname`,`tablelength`,`isshow`,`models`,`methods`,`relation`,`isrequired`,`validatetype`,`org`,`titlepercent`,`contentpercent`,`islock`,`formid`,`tplid`) VALUES (0,0,'tablabel','tablabel25',9,0,'标签_25',0,0,'varchar','','11',1,'','view','orderno',0,'','','1','3',1,2,2)
Time 2018-09-17 17:10:39 : C:MisDynamicFormManageAction L:8021拖动页面时时保存:对表进行字段追加： ALTER TABLE mis_auto_cdzws ADD  COLUMN select26 varchar(11)   COMMENT '下拉框_26'
Time 2018-09-17 17:10:39 : C:MisDynamicFormManageAction L:8037拖动页面时时保存:直接入属性库的组件 ：INSERT INTO `mis_dynamic_form_propery` (`id`,`isforeignfield`,`category`,`fieldname`,`sort`,`ids`,`title`,`isformsearch`,`islistsearch`,`fieldtype`,`dbname`,`tablelength`,`isshow`,`models`,`methods`,`relation`,`isrequired`,`islock`,`isshowresoult`,`defaultcheckitem`,`defaultval`,`defaulttext`,`showoption`,`subimporttableobj`,`subimporttablefieldobj`,`subimporttablefield2obj`,`lookupconditions`,`org`,`treedtable`,`treeshowfield`,`treevaluefield`,`treeparentfield`,`isnextend`,`mulit`,`treeheight`,`treewidth`,`isdialog`,`tagevent`,`titlepercent`,`contentpercent`,`valedit`,`formid`,`tplid`) VALUES (0,0,'select','select26',13,14,'下拉框_26',0,0,'varchar','mis_auto_cdzws','11',1,'','view','orderno',0,1,0,'','','','','','','','','','','','','',1,0,150,0,0,'','1','3','',2,2)
Time 2018-09-17 17:10:45 : C:MisDynamicFormManageAction L:8021拖动页面时时保存:对表进行字段追加： ALTER TABLE mis_auto_cdzws ADD  COLUMN date27 int(11)   COMMENT '日期组件_27'
Time 2018-09-17 17:10:45 : C:MisDynamicFormManageAction L:8037拖动页面时时保存:直接入属性库的组件 ：INSERT INTO `mis_dynamic_form_propery` (`id`,`isforeignfield`,`category`,`fieldname`,`sort`,`ids`,`title`,`isformsearch`,`islistsearch`,`fieldtype`,`dbname`,`tablelength`,`isshow`,`models`,`methods`,`relation`,`isrequired`,`acquiretime`,`editacquiretime`,`defaulttimechar`,`isshowresoult`,`validatetype`,`org`,`dateformat`,`formatphp`,`formatjs`,`islock`,`calculate`,`titlepercent`,`contentpercent`,`formid`,`tplid`) VALUES (0,0,'date','date27',19,15,'日期组件_27',0,0,'int','mis_auto_cdzws','11',1,'','view','orderno',0,0,0,'',0,'','','yyyy-MM-dd@Y-m-d','Y-m-d','yyyy-MM-dd',1,'','1','3',2,2)
Time 2018-09-17 17:10:56 : C:MisDynamicFormManageAction L:8021拖动页面时时保存:对表进行字段追加： ALTER TABLE mis_auto_cdzws ADD  COLUMN checkbox28 varchar(11)   COMMENT '复选框_28'
Time 2018-09-17 17:10:56 : C:MisDynamicFormManageAction L:8037拖动页面时时保存:直接入属性库的组件 ：INSERT INTO `mis_dynamic_form_propery` (`id`,`isforeignfield`,`category`,`fieldname`,`sort`,`ids`,`title`,`isformsearch`,`islistsearch`,`fieldtype`,`dbname`,`tablelength`,`isshow`,`models`,`methods`,`relation`,`isrequired`,`validatetype`,`showoption`,`subimporttableobj`,`subimporttablefieldobj`,`subimporttablefield2obj`,`lookupconditions`,`islock`,`tagevent`,`titlepercent`,`contentpercent`,`valedit`,`formid`,`tplid`) VALUES (0,0,'checkbox','checkbox28',18,16,'复选框_28',0,0,'varchar','mis_auto_cdzws','11',1,'','view','orderno',0,'','','','','','',1,'','1','7','',2,2)
Time 2018-09-17 17:11:02 : C:MisDynamicFormManageAction L:8021拖动页面时时保存:对表进行字段追加： ALTER TABLE mis_auto_cdzws ADD  COLUMN radio29 varchar(11)   COMMENT '单选框_29'
Time 2018-09-17 17:11:02 : C:MisDynamicFormManageAction L:8037拖动页面时时保存:直接入属性库的组件 ：INSERT INTO `mis_dynamic_form_propery` (`id`,`isforeignfield`,`category`,`fieldname`,`sort`,`ids`,`title`,`isformsearch`,`islistsearch`,`fieldtype`,`dbname`,`tablelength`,`isshow`,`models`,`methods`,`relation`,`isrequired`,`validatetype`,`showoption`,`subimporttableobj`,`subimporttablefieldobj`,`subimporttablefield2obj`,`subimporttableobjcondition`,`islock`,`tagevent`,`titlepercent`,`contentpercent`,`valedit`,`formid`,`tplid`) VALUES (0,0,'radio','radio29',19,17,'单选框_29',0,0,'varchar','mis_auto_cdzws','11',1,'','view','orderno',0,'','','','','','',1,'','1','7','',2,2)
Time 2018-09-17 17:11:13 : C:MisDynamicFormManageAction L:8021拖动页面时时保存:对表进行字段追加： ALTER TABLE mis_auto_cdzws ADD  COLUMN upload30 varchar(11)   COMMENT '上传组件_30'
Time 2018-09-17 17:11:13 : C:MisDynamicFormManageAction L:8037拖动页面时时保存:直接入属性库的组件 ：INSERT INTO `mis_dynamic_form_propery` (`id`,`isforeignfield`,`category`,`fieldname`,`sort`,`ids`,`title`,`isformsearch`,`islistsearch`,`fieldtype`,`dbname`,`tablelength`,`isshow`,`models`,`methods`,`relation`,`uploadnum`,`uploadtype`,`isrequired`,`validatetype`,`islock`,`widthheight`,`titlepercent`,`contentpercent`,`formid`,`tplid`) VALUES (0,0,'upload','upload30',18,18,'上传组件_30',0,0,'varchar','mis_auto_cdzws','11',1,'','view','orderno',0,'',0,'',1,0,'1','7',2,2)
Time 2018-09-17 17:11:20 : C:MisDynamicFormManageAction L:8021拖动页面时时保存:对表进行字段追加： ALTER TABLE mis_auto_cdzws ADD  COLUMN areainfo31 varchar(200)   COMMENT '地址组件：_31'
Time 2018-09-17 17:11:20 : C:MisDynamicFormManageAction L:8037拖动页面时时保存:直接入属性库的组件 ：INSERT INTO `mis_dynamic_form_propery` (`id`,`isforeignfield`,`category`,`fieldname`,`sort`,`ids`,`title`,`isformsearch`,`islistsearch`,`fieldtype`,`dbname`,`tablelength`,`isshow`,`models`,`methods`,`relation`,`datashare`,`isrequired`,`validatetype`,`islock`,`titlepercent`,`contentpercent`,`formid`,`tplid`) VALUES (0,0,'areainfo','areainfo31',19,19,'地址组件：_31',0,0,'varchar','mis_auto_cdzws','200',1,'','view','orderno',0,0,'',1,'1','7',2,2)
Time 2018-09-17 17:12:57 : C:MisDynamicFormManageAction L:8037拖动页面时时保存:直接入属性库的组件 ：INSERT INTO `mis_dynamic_form_propery` (`id`,`isforeignfield`,`category`,`fieldname`,`sort`,`ids`,`title`,`isformsearch`,`islistsearch`,`fieldtype`,`dbname`,`tablelength`,`isshow`,`models`,`methods`,`relation`,`isrequired`,`validatetype`,`titlepercent`,`contentpercent`,`islock`,`formid`,`tplid`) VALUES (0,0,'divider2','divider232',23,0,'',0,0,'varchar','','11',1,'','view','orderno',0,'','8','0',1,2,2)
Time 2018-09-17 17:12:59 : C:MisDynamicFormManageAction L:8021拖动页面时时保存:对表进行字段追加： ALTER TABLE mis_auto_cdzws ADD  COLUMN areainfo33 varchar(200)   COMMENT '地址组件：_33'
Time 2018-09-17 17:12:59 : C:MisDynamicFormManageAction L:8037拖动页面时时保存:直接入属性库的组件 ：INSERT INTO `mis_dynamic_form_propery` (`id`,`isforeignfield`,`category`,`fieldname`,`sort`,`ids`,`title`,`isformsearch`,`islistsearch`,`fieldtype`,`dbname`,`tablelength`,`isshow`,`models`,`methods`,`relation`,`datashare`,`isrequired`,`validatetype`,`islock`,`titlepercent`,`contentpercent`,`formid`,`tplid`) VALUES (0,0,'areainfo','areainfo33',24,20,'地址组件：_33',0,0,'varchar','mis_auto_cdzws','200',1,'','view','orderno',0,0,'',1,'1','7',2,2)
