Time 2018-09-30 10:28:21 : C:MisDynamicFormBaseAction L:1201数据库建表语句 最终构成：
CREATE TABLE IF NOT EXISTS `mis_auto_pzfuk` 
(`id` int(11) NOT NULL AUTO_INCREMENT  COMMENT 'ID' ,
	`testman` varchar(30)  DEFAULT NULL  COMMENT '测试人员', 
	`bindid` varchar(100)  COMMENT '绑定id' ,
	`orderno` varchar(100) NULL COMMENT '编号' ,
	`status` tinyint(1) DEFAULT '1' COMMENT '状态' ,
	`companyid` int(10) DEFAULT '0'NULL COMMENT '公司ID' ,
	`createid` int(10) DEFAULT '0'NULL COMMENT '创建人ID' ,
	`createtime` int(11) NULL COMMENT '创建时间' ,
	`updateid` int(10) NULL COMMENT '修改人ID' ,
	`updatetime` int(11) NULL COMMENT '修改时间' ,
	`operateid` int(1) DEFAULT '0'NOT NULL COMMENT '是否确认' ,
	`departmentid` int(10) DEFAULT '0'NULL COMMENT '部门ID' ,
	`projectid` int(10) NULL COMMENT '项目ID' ,
	`projectworkid` int(10) NULL COMMENT '任务ID' ,
	`sysdutyid` int(10) NULL COMMENT '职级ID' ,
	`relationmodelname` varchar(100) NULL COMMENT '关系型关联model' ,
	`auditUser` varchar(200) NULL COMMENT '提醒人组合' ,
	`ptmptid` int(10) NULL COMMENT '固定流程ID' ,
	`flowid` int(10) DEFAULT '0'NULL COMMENT '自定义流程ID' ,
	`ostatus` varchar(100) NULL COMMENT '当前审核节点' ,
	`auditState` tinyint(1) DEFAULT '0'NULL COMMENT '当前审核状态' ,
	`curAuditUser` varchar(300) NULL COMMENT '当前可审核人清单' ,
	`curNodeUser` varchar(300) NULL COMMENT '当前待审核人清单' ,
	`alreadyAuditUser` varchar(500) NULL COMMENT '当前已审核人' ,
	`alreadyauditnode` int(11) DEFAULT '0'NULL COMMENT '终审时间' ,
	`allnode` varchar(100) NULL COMMENT '所有流程节点' ,
	`informpersonid` varchar(500) NULL COMMENT '节点知道会人' ,
	`parentid` int(10) DEFAULT '0'NULL COMMENT '父类ID' ,
	`name` varchar(50) DEFAULT '0'NULL COMMENT '名称' ,
	 PRIMARY KEY (`id`)
)ENGINE=InnoDB  DEFAULT CHARSET=utf8 COMMENT='test'
Time 2018-09-30 10:28:22 : C:MisDynamicFormManageAction L:4895插入到相应到相应的数据记录表中：源数组。array(
	'mis_auto_pzfuk' => array(
		'tablename' => 'mis_auto_pzfuk',
		'tabletitle' => 'test',
		'isprimay' => '1',
		'ischoise' => NULL,
		'list' => array(
			'0' => array(
				'field' => 'testman',
				'isdatasouce' => '',
				'unique' => NULL,
				'tablename' => 'mis_auto_pzfuk',
				'type' => 'varchar',
				'desc' => '测试的人员信息',
				'length' => '30',
				'category' => 'text',
				'title' => '测试人员',
				'weight' => '1',
				'sort' => '5',
				'isforeignfield' => NULL,
				'isshow' => '1',
			),
		),
	),
)
Time 2018-09-30 10:28:22 : C:MisDynamicFormManageAction L:5067处理系统字段组件化问题：源数组。array(
	'fieldname' => array(
		'0' => 'operateid',
		'1' => 'projectworkid',
		'2' => 'updateid',
		'3' => 'sysdutyid',
		'4' => 'projectid',
		'5' => 'companyid',
		'6' => 'createid',
		'7' => 'departmentid',
		'8' => 'updatetime',
		'9' => 'createtime',
		'10' => 'auditState',
		'11' => 'name',
		'12' => 'orderno',
		'13' => 'auditUser',
	),
	'fieldtitle' => array(
		'0' => '是否确认',
		'1' => '任务',
		'2' => '修改人',
		'3' => '职级',
		'4' => '项目',
		'5' => '公司',
		'6' => '创建人',
		'7' => '部门',
		'8' => '修改时间',
		'9' => '创建时间',
		'10' => '当前审核状态',
		'11' => '名称',
		'12' => '编号',
		'13' => '提醒人组合',
	),
	'fieldtype' => array(
		'0' => 'int',
		'1' => 'int',
		'2' => 'int',
		'3' => 'int',
		'4' => 'int',
		'5' => 'int',
		'6' => 'int',
		'7' => 'int',
		'8' => 'int',
		'9' => 'int',
		'10' => 'tinyint',
		'11' => 'varchar',
		'12' => 'varchar',
		'13' => 'varchar',
	),
	'fieldweight' => array(
		'0' => '1',
		'1' => '1',
		'2' => '1',
		'3' => '1',
		'4' => '1',
		'5' => '1',
		'6' => '1',
		'7' => '1',
		'8' => '1',
		'9' => '1',
		'10' => '1',
		'11' => '1',
		'12' => '1',
		'13' => '1',
	),
	'fieldcategory' => array(
		'0' => 'text',
		'1' => 'text',
		'2' => 'text',
		'3' => 'text',
		'4' => 'text',
		'5' => 'text',
		'6' => 'text',
		'7' => 'text',
		'8' => 'text',
		'9' => 'text',
		'10' => 'text',
		'11' => 'text',
		'12' => 'text',
		'13' => 'text',
	),
	'fieldshow' => array(
		'4' => '1',
		'9' => '1',
		'12' => '1',
	),
	'fieldlength' => array(
		'0' => '1',
		'1' => '10',
		'2' => '10',
		'3' => '10',
		'4' => '10',
		'5' => '10',
		'6' => '10',
		'7' => '10',
		'8' => '11',
		'9' => '11',
		'10' => '1',
		'11' => '50',
		'12' => '100',
		'13' => '200',
	),
)
Time 2018-09-30 10:28:22 : C:MisDynamicFormManageAction L:5097处理系统字段组件化问题：被构建的DB表结构数组。array(
	'ids' => '0',
	'category' => 'text',
	'sort' => '0',
	'fieldname' => 'projectid',
	'title' => '项目',
	'createid' => '',
	'createtime' => '1538274502',
	'formid' => '1266',
	'tplid' => '1076',
	'titlepercent' => '1',
	'contentpercent' => '3',
	'dbname' => 'mis_auto_pzfuk',
)
Time 2018-09-30 10:28:22 : C:MisDynamicFormManageAction L:5097处理系统字段组件化问题：被构建的DB表结构数组。array(
	'ids' => '0',
	'category' => 'text',
	'sort' => '1',
	'fieldname' => 'createtime',
	'title' => '创建时间',
	'createid' => '',
	'createtime' => '1538274502',
	'formid' => '1266',
	'tplid' => '1076',
	'titlepercent' => '1',
	'contentpercent' => '3',
	'dbname' => 'mis_auto_pzfuk',
)
Time 2018-09-30 10:28:22 : C:MisDynamicFormManageAction L:5097处理系统字段组件化问题：被构建的DB表结构数组。array(
	'ids' => '0',
	'category' => 'text',
	'sort' => '2',
	'fieldname' => 'orderno',
	'title' => '编号',
	'createid' => '',
	'createtime' => '1538274502',
	'formid' => '1266',
	'tplid' => '1076',
	'titlepercent' => '1',
	'contentpercent' => '3',
	'dbname' => 'mis_auto_pzfuk',
)
Time 2018-09-30 10:28:38 : C:MisDynamicFormManageAction L:7897拖动页面时时保存数据源：array(
	'id' => '',
	'isforeignfield' => '',
	'category' => 'areainfomap',
	'fieldname' => 'areainfomap4',
	'sort' => '4',
	'ids' => '',
	'title' => '新地图组件：_4',
	'isformsearch' => '0',
	'islistsearch' => '0',
	'fieldtype' => 'varchar',
	'dbname' => 'mis_auto_pzfuk',
	'tablelength' => '200',
	'isshow' => '1',
	'models' => '',
	'methods' => 'view',
	'relation' => 'orderno',
	'datashare' => '0',
	'isrequired' => '0',
	'validatetype' => '',
	'islock' => '1',
	'titlepercent' => '1',
	'contentpercent' => '7',
)
Time 2018-09-30 10:28:43 : C:MisDynamicFormManageAction L:5403内嵌表列表sql创建数组:NULL
Time 2018-09-30 10:28:43 : C:MisDynamicFormManageAction L:5414子表结构数据数据源：array(
	'change' => NULL,
	'all' => NULL,
)
Time 2018-09-30 10:28:43 : C:MisDynamicFormManageAction L:5541被分离后的主从表数据源：array(
	'0' => array(
		'mis_auto_pzfuk' => array(
			'0' => array(
				'id' => '20361',
				'isforeignfield' => '0',
				'catalog' => 'text',
				'fields' => 'projectid',
				'sort' => '0',
				'ids' => '0',
				'title' => '项目',
				'searchlist' => '0',
				'allsearchlist' => '0',
				'tabletype' => '',
				'tablename' => 'mis_auto_pzfuk',
				'length' => '',
				'isshow' => '1',
				'models' => '',
				'methods' => '',
				'relation' => '',
				'subimporttableobj' => '',
				'subimporttablefieldobj' => '',
				'defaultval' => '',
				'defaultvaltext' => '',
				'subimporttablefield2obj' => '',
				'subimporttableobjcondition' => '',
				'additionalconditions' => '',
				'requiredfield' => '0',
				'checkfunc' => '',
				'calculate' => '',
				'validdigit' => '0',
				'org' => '',
				'unitl' => '',
				'unitls' => '',
				'checkfortablename' => '',
				'checkforshowname' => '',
				'checkforbindname' => '',
				'checkformap' => '',
				'checkfororderby' => '',
				'checkfororfields' => '',
				'checkforchoice' => '',
				'checkforiswrite' => '0',
				'islock' => '1',
				'tagevent' => '',
				'titlepercent' => '1',
				'contentpercent' => '3',
				'callback' => '',
				'valedit' => '',
			),
			'1' => array(
				'id' => '20362',
				'isforeignfield' => '0',
				'catalog' => 'text',
				'fields' => 'createtime',
				'sort' => '1',
				'ids' => '0',
				'title' => '创建时间',
				'searchlist' => '0',
				'allsearchlist' => '0',
				'tabletype' => '',
				'tablename' => 'mis_auto_pzfuk',
				'length' => '',
				'isshow' => '1',
				'models' => '',
				'methods' => '',
				'relation' => '',
				'subimporttableobj' => '',
				'subimporttablefieldobj' => '',
				'defaultval' => '',
				'defaultvaltext' => '',
				'subimporttablefield2obj' => '',
				'subimporttableobjcondition' => '',
				'additionalconditions' => '',
				'requiredfield' => '0',
				'checkfunc' => '',
				'calculate' => '',
				'validdigit' => '0',
				'org' => '',
				'unitl' => '',
				'unitls' => '',
				'checkfortablename' => '',
				'checkforshowname' => '',
				'checkforbindname' => '',
				'checkformap' => '',
				'checkfororderby' => '',
				'checkfororfields' => '',
				'checkforchoice' => '',
				'checkforiswrite' => '0',
				'islock' => '1',
				'tagevent' => '',
				'titlepercent' => '1',
				'contentpercent' => '3',
				'callback' => '',
				'valedit' => '',
			),
			'2' => array(
				'id' => '20363',
				'isforeignfield' => '0',
				'catalog' => 'text',
				'fields' => 'orderno',
				'sort' => '2',
				'ids' => '0',
				'title' => '编号',
				'searchlist' => '0',
				'allsearchlist' => '0',
				'tabletype' => '',
				'tablename' => 'mis_auto_pzfuk',
				'length' => '',
				'isshow' => '1',
				'models' => '',
				'methods' => '',
				'relation' => '',
				'subimporttableobj' => '',
				'subimporttablefieldobj' => '',
				'defaultval' => '',
				'defaultvaltext' => '',
				'subimporttablefield2obj' => '',
				'subimporttableobjcondition' => '',
				'additionalconditions' => '',
				'requiredfield' => '0',
				'checkfunc' => '',
				'calculate' => '',
				'validdigit' => '0',
				'org' => '',
				'unitl' => '',
				'unitls' => '',
				'checkfortablename' => '',
				'checkforshowname' => '',
				'checkforbindname' => '',
				'checkformap' => '',
				'checkfororderby' => '',
				'checkfororfields' => '',
				'checkforchoice' => '',
				'checkforiswrite' => '0',
				'islock' => '1',
				'tagevent' => '',
				'titlepercent' => '1',
				'contentpercent' => '3',
				'callback' => '',
				'valedit' => '',
			),
			'3' => array(
				'id' => '20360',
				'isforeignfield' => '0',
				'catalog' => 'text',
				'fields' => 'testman',
				'sort' => '3',
				'ids' => '35036',
				'title' => '测试人员',
				'searchlist' => '0',
				'allsearchlist' => '0',
				'tabletype' => 'varchar',
				'tablename' => 'mis_auto_pzfuk',
				'length' => '30',
				'isshow' => '1',
				'models' => '',
				'methods' => '',
				'relation' => '',
				'subimporttableobj' => '',
				'subimporttablefieldobj' => '',
				'defaultval' => '',
				'defaultvaltext' => '',
				'subimporttablefield2obj' => '',
				'subimporttableobjcondition' => '',
				'additionalconditions' => '',
				'requiredfield' => '0',
				'checkfunc' => '',
				'calculate' => '',
				'validdigit' => '0',
				'org' => '',
				'unitl' => '',
				'unitls' => '',
				'checkfortablename' => '',
				'checkforshowname' => '',
				'checkforbindname' => '',
				'checkformap' => '',
				'checkfororderby' => '',
				'checkfororfields' => '',
				'checkforchoice' => '',
				'checkforiswrite' => '0',
				'islock' => '1',
				'tagevent' => '',
				'titlepercent' => '1',
				'contentpercent' => '3',
				'callback' => '',
				'valedit' => '',
			),
			'4' => array(
				'id' => '20364',
				'isforeignfield' => '0',
				'catalog' => 'areainfomap',
				'fields' => 'areainfomap4',
				'sort' => '4',
				'ids' => '35037',
				'title' => '新地图组件：_4',
				'searchlist' => '0',
				'allsearchlist' => '0',
				'tabletype' => 'varchar',
				'tablename' => 'mis_auto_pzfuk',
				'length' => '200',
				'isshow' => '1',
				'models' => '',
				'methods' => 'view',
				'relation' => 'orderno',
				'datashare' => '0',
				'requiredfield' => '0',
				'checkfunc' => '',
				'islock' => '1',
				'titlepercent' => '1',
				'contentpercent' => '7',
			),
		),
	),
)
Time 2018-09-30 10:28:43 : C:MisDynamicFormModelAction L:44 model生成数据：NULL
