Time 2018-09-11 13:50:36 : C:MisDynamicFormBaseAction L:1201数据库建表语句 最终构成：
CREATE TABLE IF NOT EXISTS `mis_auto_stmgn` 
(`id` int(11) NOT NULL AUTO_INCREMENT  COMMENT 'ID' ,
	`content` varchar(255)  DEFAULT NULL  COMMENT '内容', 
	`bindid` varchar(100)  COMMENT '绑定id' ,
	`orderno` varchar(100) NULL COMMENT '编号' ,
	`status` tinyint(1) DEFAULT '1' COMMENT '状态' ,
	`companyid` int(10) DEFAULT '0'NULL COMMENT '公司ID' ,
	`createid` int(10) DEFAULT '0'NULL COMMENT '创建人ID' ,
	`createtime` int(11) NULL COMMENT '创建时间' ,
	`updateid` int(10) NULL COMMENT '修改人ID' ,
	`updatetime` int(11) NULL COMMENT '修改时间' ,
	`operateid` int(1) DEFAULT '0'NOT NULL COMMENT '是否确认' ,
	`departmentid` int(10) DEFAULT '0'NULL COMMENT '部门ID' ,
	`projectid` int(10) NULL COMMENT '项目ID' ,
	`projectworkid` int(10) NULL COMMENT '任务ID' ,
	`sysdutyid` int(10) NULL COMMENT '职级ID' ,
	`relationmodelname` varchar(100) NULL COMMENT '关系型关联model' ,
	`auditUser` varchar(200) NULL COMMENT '提醒人组合' ,
	`ptmptid` int(10) NULL COMMENT '固定流程ID' ,
	`flowid` int(10) DEFAULT '0'NULL COMMENT '自定义流程ID' ,
	`ostatus` varchar(100) NULL COMMENT '当前审核节点' ,
	`auditState` tinyint(1) DEFAULT '0'NULL COMMENT '当前审核状态' ,
	`curAuditUser` varchar(300) NULL COMMENT '当前可审核人清单' ,
	`curNodeUser` varchar(300) NULL COMMENT '当前待审核人清单' ,
	`alreadyAuditUser` varchar(500) NULL COMMENT '当前已审核人' ,
	`alreadyauditnode` int(11) DEFAULT '0'NULL COMMENT '终审时间' ,
	`allnode` varchar(100) NULL COMMENT '所有流程节点' ,
	`informpersonid` varchar(500) NULL COMMENT '节点知道会人' ,
	`parentid` int(10) DEFAULT '0'NULL COMMENT '父类ID' ,
	`name` varchar(50) DEFAULT '0'NULL COMMENT '名称' ,
	 PRIMARY KEY (`id`)
)ENGINE=InnoDB  DEFAULT CHARSET=utf8 COMMENT='test'
Time 2018-09-11 13:50:36 : C:MisDynamicFormManageAction L:4904插入到相应到相应的数据记录表中：源数组。array(
	'mis_auto_stmgn' => array(
		'tablename' => 'mis_auto_stmgn',
		'tabletitle' => 'test',
		'isprimay' => '1',
		'ischoise' => NULL,
		'list' => array(
			'0' => array(
				'field' => 'content',
				'isdatasouce' => '',
				'unique' => NULL,
				'tablename' => 'mis_auto_stmgn',
				'type' => 'varchar',
				'desc' => '留言',
				'length' => '255',
				'category' => 'text',
				'title' => '内容',
				'weight' => '1',
				'sort' => '5',
				'isforeignfield' => NULL,
				'isshow' => '1',
			),
		),
	),
)
Time 2018-09-11 13:50:36 : C:MisDynamicFormManageAction L:5076处理系统字段组件化问题：源数组。array(
	'fieldshow' => array(
		'0' => '1',
		'4' => '1',
		'6' => '1',
		'8' => '1',
		'9' => '1',
		'10' => '1',
		'11' => '1',
		'12' => '1',
	),
	'fieldname' => array(
		'0' => 'operateid',
		'1' => 'projectworkid',
		'2' => 'updateid',
		'3' => 'sysdutyid',
		'4' => 'projectid',
		'5' => 'companyid',
		'6' => 'createid',
		'7' => 'departmentid',
		'8' => 'updatetime',
		'9' => 'createtime',
		'10' => 'auditState',
		'11' => 'name',
		'12' => 'orderno',
		'13' => 'auditUser',
	),
	'fieldtitle' => array(
		'0' => '是否确认',
		'1' => '任务',
		'2' => '修改人',
		'3' => '职级',
		'4' => '项目',
		'5' => '公司',
		'6' => '创建人',
		'7' => '部门',
		'8' => '修改时间',
		'9' => '创建时间',
		'10' => '当前审核状态',
		'11' => '名称',
		'12' => '编号',
		'13' => '提醒人组合',
	),
	'fieldtype' => array(
		'0' => 'int',
		'1' => 'int',
		'2' => 'int',
		'3' => 'int',
		'4' => 'int',
		'5' => 'int',
		'6' => 'int',
		'7' => 'int',
		'8' => 'int',
		'9' => 'int',
		'10' => 'tinyint',
		'11' => 'varchar',
		'12' => 'varchar',
		'13' => 'varchar',
	),
	'fieldweight' => array(
		'0' => '1',
		'1' => '1',
		'2' => '1',
		'3' => '1',
		'4' => '1',
		'5' => '1',
		'6' => '1',
		'7' => '1',
		'8' => '1',
		'9' => '1',
		'10' => '1',
		'11' => '1',
		'12' => '1',
		'13' => '1',
	),
	'fieldcategory' => array(
		'0' => 'text',
		'1' => 'text',
		'2' => 'text',
		'3' => 'text',
		'4' => 'text',
		'5' => 'text',
		'6' => 'text',
		'7' => 'text',
		'8' => 'text',
		'9' => 'text',
		'10' => 'text',
		'11' => 'text',
		'12' => 'text',
		'13' => 'text',
	),
	'fieldlength' => array(
		'0' => '1',
		'1' => '10',
		'2' => '10',
		'3' => '10',
		'4' => '10',
		'5' => '10',
		'6' => '10',
		'7' => '10',
		'8' => '11',
		'9' => '11',
		'10' => '1',
		'11' => '50',
		'12' => '100',
		'13' => '200',
	),
)
Time 2018-09-11 13:50:37 : C:MisDynamicFormManageAction L:5106处理系统字段组件化问题：被构建的DB表结构数组。array(
	'ids' => '0',
	'category' => 'text',
	'sort' => '0',
	'fieldname' => 'operateid',
	'title' => '是否确认',
	'createid' => '1',
	'createtime' => '1536645036',
	'formid' => '1',
	'tplid' => '1',
	'titlepercent' => '1',
	'contentpercent' => '3',
	'dbname' => 'mis_auto_stmgn',
)
Time 2018-09-11 13:50:37 : C:MisDynamicFormManageAction L:5106处理系统字段组件化问题：被构建的DB表结构数组。array(
	'ids' => '0',
	'category' => 'text',
	'sort' => '1',
	'fieldname' => 'projectid',
	'title' => '项目',
	'createid' => '',
	'createtime' => '1536645037',
	'formid' => '1',
	'tplid' => '1',
	'titlepercent' => '1',
	'contentpercent' => '3',
	'dbname' => 'mis_auto_stmgn',
)
Time 2018-09-11 13:50:37 : C:MisDynamicFormManageAction L:5106处理系统字段组件化问题：被构建的DB表结构数组。array(
	'ids' => '0',
	'category' => 'text',
	'sort' => '2',
	'fieldname' => 'createid',
	'title' => '创建人',
	'createid' => '',
	'createtime' => '1536645037',
	'formid' => '1',
	'tplid' => '1',
	'titlepercent' => '1',
	'contentpercent' => '3',
	'dbname' => 'mis_auto_stmgn',
)
Time 2018-09-11 13:50:37 : C:MisDynamicFormManageAction L:5106处理系统字段组件化问题：被构建的DB表结构数组。array(
	'ids' => '0',
	'category' => 'text',
	'sort' => '3',
	'fieldname' => 'updatetime',
	'title' => '修改时间',
	'createid' => '',
	'createtime' => '1536645037',
	'formid' => '1',
	'tplid' => '1',
	'titlepercent' => '1',
	'contentpercent' => '3',
	'dbname' => 'mis_auto_stmgn',
)
Time 2018-09-11 13:50:37 : C:MisDynamicFormManageAction L:5106处理系统字段组件化问题：被构建的DB表结构数组。array(
	'ids' => '0',
	'category' => 'text',
	'sort' => '4',
	'fieldname' => 'createtime',
	'title' => '创建时间',
	'createid' => '',
	'createtime' => '1536645037',
	'formid' => '1',
	'tplid' => '1',
	'titlepercent' => '1',
	'contentpercent' => '3',
	'dbname' => 'mis_auto_stmgn',
)
Time 2018-09-11 13:50:37 : C:MisDynamicFormManageAction L:5106处理系统字段组件化问题：被构建的DB表结构数组。array(
	'ids' => '0',
	'category' => 'text',
	'sort' => '5',
	'fieldname' => 'auditState',
	'title' => '当前审核状态',
	'createid' => '',
	'createtime' => '1536645037',
	'formid' => '1',
	'tplid' => '1',
	'titlepercent' => '1',
	'contentpercent' => '3',
	'dbname' => 'mis_auto_stmgn',
)
Time 2018-09-11 13:50:37 : C:MisDynamicFormManageAction L:5106处理系统字段组件化问题：被构建的DB表结构数组。array(
	'ids' => '0',
	'category' => 'text',
	'sort' => '6',
	'fieldname' => 'name',
	'title' => '名称',
	'createid' => '',
	'createtime' => '1536645037',
	'formid' => '1',
	'tplid' => '1',
	'titlepercent' => '1',
	'contentpercent' => '3',
	'dbname' => 'mis_auto_stmgn',
)
Time 2018-09-11 13:50:37 : C:MisDynamicFormManageAction L:5106处理系统字段组件化问题：被构建的DB表结构数组。array(
	'ids' => '0',
	'category' => 'text',
	'sort' => '7',
	'fieldname' => 'orderno',
	'title' => '编号',
	'createid' => '',
	'createtime' => '1536645037',
	'formid' => '1',
	'tplid' => '1',
	'titlepercent' => '1',
	'contentpercent' => '3',
	'dbname' => 'mis_auto_stmgn',
)
