Time 2018-09-21 16:56:32 : C:MisDynamicFormManageAction L:8025拖动页面时时保存:对表进行字段追加： ALTER TABLE mis_auto_cdzws ADD  COLUMN areainfo25 varchar(200)   COMMENT '地址组件：_25'
Time 2018-09-21 16:56:32 : C:MisDynamicFormManageAction L:8041拖动页面时时保存:直接入属性库的组件 ：INSERT INTO `mis_dynamic_form_propery` (`id`,`isforeignfield`,`category`,`fieldname`,`sort`,`ids`,`title`,`isformsearch`,`islistsearch`,`fieldtype`,`dbname`,`tablelength`,`isshow`,`models`,`methods`,`relation`,`datashare`,`isrequired`,`validatetype`,`islock`,`titlepercent`,`contentpercent`,`formid`,`tplid`) VALUES (0,0,'areainfo','areainfo25',10,36,'地址组件：_25',0,0,'varchar','mis_auto_cdzws','200',1,'','view','orderno',0,0,'',1,'1','7',2,2)
Time 2018-09-21 17:00:13 : C:MisDynamicFormBaseAction L:1204执行结果 
CREATE TABLE IF NOT EXISTS `mis_auto_sauku` 
(`id` int(11) NOT NULL AUTO_INCREMENT  COMMENT 'ID' ,
	`testmanger` varchar(30)  DEFAULT NULL  COMMENT '测试人', 
	`teseproject` varchar(30)  DEFAULT NULL  COMMENT '测试项目', 
	`bindid` varchar(100)  COMMENT '绑定id' ,
	`orderno` varchar(100) NULL COMMENT '编号' ,
	`status` tinyint(1) DEFAULT '1' COMMENT '状态' ,
	`companyid` int(10) DEFAULT '0'NULL COMMENT '公司ID' ,
	`createid` int(10) DEFAULT '0'NULL COMMENT '创建人ID' ,
	`createtime` int(11) NULL COMMENT '创建时间' ,
	`updateid` int(10) NULL COMMENT '修改人ID' ,
	`updatetime` int(11) NULL COMMENT '修改时间' ,
	`operateid` int(1) DEFAULT '0'NOT NULL COMMENT '是否确认' ,
	`departmentid` int(10) DEFAULT '0'NULL COMMENT '部门ID' ,
	`projectid` int(10) NULL COMMENT '项目ID' ,
	`projectworkid` int(10) NULL COMMENT '任务ID' ,
	`sysdutyid` int(10) NULL COMMENT '职级ID' ,
	`relationmodelname` varchar(100) NULL COMMENT '关系型关联model' ,
	`auditUser` varchar(200) NULL COMMENT '提醒人组合' ,
	`ptmptid` int(10) NULL COMMENT '固定流程ID' ,
	`flowid` int(10) DEFAULT '0'NULL COMMENT '自定义流程ID' ,
	`ostatus` varchar(100) NULL COMMENT '当前审核节点' ,
	`auditState` tinyint(1) DEFAULT '0'NULL COMMENT '当前审核状态' ,
	`curAuditUser` varchar(300) NULL COMMENT '当前可审核人清单' ,
	`curNodeUser` varchar(300) NULL COMMENT '当前待审核人清单' ,
	`alreadyAuditUser` varchar(500) NULL COMMENT '当前已审核人' ,
	`alreadyauditnode` int(11) DEFAULT '0'NULL COMMENT '终审时间' ,
	`allnode` varchar(100) NULL COMMENT '所有流程节点' ,
	`informpersonid` varchar(500) NULL COMMENT '节点知道会人' ,
	`parentid` int(10) DEFAULT '0'NULL COMMENT '父类ID' ,
	`name` varchar(50) DEFAULT '0'NULL COMMENT '名称' ,
	 PRIMARY KEY (`id`)
)ENGINE=InnoDB  DEFAULT CHARSET=utf8 COMMENT='testdbname'
Time 2018-09-21 17:00:13 : C:MisDynamicFormBaseAction L:1206执行结果：array(
)数据库建表语句 操作结果：
Time 2018-09-21 17:00:13 : INSERT INTO `node` (`name`,`title`,`type`,`showmenu`,`level`,`pid`,`group_id`,`icon`,`isdynamic`,`isprojectwork`,`isprocess`,`remark`,`formtype`) VALUES ('MisAutoBkt','地址测试',3,1,3,6658,41,'-.png',1,1,0,'自动生成:MisAutoBkt',2)
Time 2018-09-21 17:00:13 : C:MisDynamicFormManageAction L:4892插入到相应到相应的数据记录表中：模板名称 。index
Time 2018-09-21 17:00:13 : C:MisDynamicFormManageAction L:4893插入到相应到相应的数据记录表中：misd记录表新增id。5
Time 2018-09-21 17:00:13 : C:MisDynamicFormManageAction L:5045插入属性表记录：INSERT INTO `mis_dynamic_form_propery` (`ids`,`titlepercent`,`contentpercent`,`category`,`sort`,`fieldname`,`title`,`formid`,`tplid`,`isforeignfield`,`lookupgrouporg`,`dbname`,`tablelength`,`fieldtype`) VALUES (37,'1','3','text',5,'testmanger','测试人',5,5,null,'','mis_auto_sauku','30','varchar')
Time 2018-09-21 17:00:13 : C:MisDynamicFormManageAction L:5045插入属性表记录：INSERT INTO `mis_dynamic_form_propery` (`ids`,`titlepercent`,`contentpercent`,`category`,`sort`,`fieldname`,`title`,`formid`,`tplid`,`isforeignfield`,`lookupgrouporg`,`dbname`,`tablelength`,`fieldtype`) VALUES (38,'1','3','text',6,'teseproject','测试项目',5,5,null,'','mis_auto_sauku','30','varchar')
Time 2018-09-21 17:00:13 : C:MisDynamicFormManageAction L:5100处理系统字段组件化问题：属性记录表插入记录：INSERT INTO `mis_dynamic_form_propery` (`ids`,`category`,`sort`,`fieldname`,`title`,`formid`,`tplid`,`titlepercent`,`contentpercent`,`dbname`) VALUES (0,'text',0,'projectid','项目',5,5,1,3,'mis_auto_sauku')
Time 2018-09-21 17:00:13 : C:MisDynamicFormManageAction L:5100处理系统字段组件化问题：属性记录表插入记录：INSERT INTO `mis_dynamic_form_propery` (`ids`,`category`,`sort`,`fieldname`,`title`,`formid`,`tplid`,`titlepercent`,`contentpercent`,`dbname`) VALUES (0,'text',1,'createid','创建人',5,5,1,3,'mis_auto_sauku')
Time 2018-09-21 17:00:13 : C:MisDynamicFormManageAction L:5100处理系统字段组件化问题：属性记录表插入记录：INSERT INTO `mis_dynamic_form_propery` (`ids`,`category`,`sort`,`fieldname`,`title`,`formid`,`tplid`,`titlepercent`,`contentpercent`,`dbname`) VALUES (0,'text',2,'createtime','创建时间',5,5,1,3,'mis_auto_sauku')
Time 2018-09-21 17:00:13 : C:MisDynamicFormManageAction L:5100处理系统字段组件化问题：属性记录表插入记录：INSERT INTO `mis_dynamic_form_propery` (`ids`,`category`,`sort`,`fieldname`,`title`,`formid`,`tplid`,`titlepercent`,`contentpercent`,`dbname`) VALUES (0,'text',3,'orderno','编号',5,5,1,3,'mis_auto_sauku')
Time 2018-09-21 17:00:20 : C:MisDynamicFormManageAction L:3567当前Action名：MisAutoBkt当前节点：index 当前action ID:5
Time 2018-09-21 17:00:25 : C:MisDynamicFormManageAction L:8025拖动页面时时保存:对表进行字段追加： ALTER TABLE mis_auto_sauku ADD  COLUMN areainfo6 varchar(200)   COMMENT '地址组件：_6'
Time 2018-09-21 17:00:25 : C:MisDynamicFormManageAction L:8041拖动页面时时保存:直接入属性库的组件 ：INSERT INTO `mis_dynamic_form_propery` (`id`,`isforeignfield`,`category`,`fieldname`,`sort`,`ids`,`title`,`isformsearch`,`islistsearch`,`fieldtype`,`dbname`,`tablelength`,`isshow`,`models`,`methods`,`relation`,`datashare`,`isrequired`,`validatetype`,`islock`,`titlepercent`,`contentpercent`,`formid`,`tplid`) VALUES (0,0,'areainfo','areainfo6',6,39,'地址组件：_6',0,0,'varchar','mis_auto_sauku','200',1,'','view','orderno',0,0,'',1,'1','7',5,5)
Time 2018-09-21 17:00:27 : 业务类型：0
Time 2018-09-21 17:00:27 : C:MisDynamicFormManageAction L:6769修改manager表：1INSERT INTO `mis_system_log` (`name`,`logtype` ,`content` ,`resume`,`createid` ,`actionip`,`createtime`,`companyid`,`departmentid`) VALUES ("mis_dynamic_form_manage","1", "UPDATE `mis_dynamic_form_manage` SET `actionname`='MisAutoBkt',`actiontitle`='地址测试',`createid`=1,`createtime`=1537520427,`companyid`=0,`departmentid`=0,`sysdutyid`=0 WHERE id=5", "", 1,"127.0.0.1",1537520427,0,0)
Time 2018-09-21 17:00:27 : C:MisDynamicFormManageAction L:6809修改组件属性记录：SHOW COLUMNS FROM `mis_dynamic_form_propery`
Time 2018-09-21 17:00:27 : C:MisDynamicFormManageAction L:6809修改组件属性记录：SHOW COLUMNS FROM `mis_dynamic_form_propery`
Time 2018-09-21 17:00:27 : C:MisDynamicFormManageAction L:6809修改组件属性记录：SHOW COLUMNS FROM `mis_dynamic_form_propery`
Time 2018-09-21 17:00:27 : C:MisDynamicFormManageAction L:6809修改组件属性记录：SHOW COLUMNS FROM `mis_dynamic_form_propery`
Time 2018-09-21 17:00:27 : C:MisDynamicFormManageAction L:6809修改组件属性记录：SHOW COLUMNS FROM `mis_dynamic_form_propery`
Time 2018-09-21 17:00:27 : C:MisDynamicFormManageAction L:6809修改组件属性记录：SHOW COLUMNS FROM `mis_dynamic_form_propery`
Time 2018-09-21 17:00:27 : C:MisDynamicFormManageAction L:6809修改组件属性记录：SHOW COLUMNS FROM `mis_dynamic_form_propery`
Time 2018-09-21 17:00:27 : C:MisDynamicFormManageAction L:5477更新字段配置文件[MisAutoAnameList]和单号规则配置文件[list.inc][toolbar]
Time 2018-09-21 17:00:27 : C:MisDynamicFormManageAction L:5573开始生成基础档案
Time 2018-09-21 17:00:27 : 开始生成listinc文件系统:WINNT路径:./Dynamicconf/Models/MisAutoBkt/list.inc.php
Time 2018-09-21 17:00:27 : kuozhanadas:WINNT路径:./Dynamicconf/Models/MisAutoBkt/listExtend.inc.php
Time 2018-09-21 17:00:27 : 开始生成toolbar主文件 系统:WINNT路径:./Dynamicconf/Models/MisAutoBkt/toolbar.extension.inc.php
Time 2018-09-21 17:00:27 : 开始生成toolbar扩展文件 系统:WINNT路径:./Dynamicconf/Models/MisAutoBkt/toolbar.extensionExtend.inc.php
Time 2018-09-21 17:00:27 : C:MisDynamicFormManageAction L:5907生成内嵌表格forminc
Time 2018-09-21 17:00:27 : 开始生成listinc文件系统:WINNT路径:E:/phpStudy/PHPTutorial/WWW/modelSys/Admin/Dynamicconf/Models/MisAutoBkt/data.inc.php
Time 2018-09-21 17:00:27 : 开始生成listinc文件系统:WINNT路径:./Dynamicconf/E:/phpStudy/PHPTutorial/WWW/modelSys/Admin/Dynamicconf/Models/MisAutoBkt/list.inc.php
Time 2018-09-21 17:00:27 : 开始生成listinc文件系统:WINNT路径:E:/phpStudy/PHPTutorial/WWW/modelSys/Admin/Dynamicconf/Models/MisAutoBkt/form.inc.php
Time 2018-09-21 17:00:27 : C:MisDynamicFormManageAction L:5911生成内嵌表格forminc end  
Time 2018-09-21 17:00:27 : C:MisDynamicFormModelAction L:26model生成 modelname：MisAutoBkt
Time 2018-09-21 17:00:27 : C:MisDynamicFormModelAction L:42 model生成数据查询sql：SELECT mas.tablename , sub.* FROM mis_dynamic_database_sub AS sub LEFT JOIN mis_dynamic_database_mas AS mas ON sub.masid = mas.id WHERE sub.formid=5
Time 2018-09-21 17:00:27 : 多表 主表生成时节点：MisAutoBkt
Time 2018-09-21 17:00:27 : C:MisDynamicFormModelAction L:69多表 主表生成时节点：MisAutoBkt
Time 2018-09-21 17:00:27 : C:MisDynamicFormModelAction L:71多表 主表model名：MisAutoBkt
Time 2018-09-21 17:00:27 : C:MisDynamicFormModelAction L:73多表 主表 真实表名：mis_auto_sauku
Time 2018-09-21 17:00:27 : Model文件生成! ./Lib/Model/MisAutoBktModel.class.php
Time 2018-09-21 17:00:27 : 扩展Model文件生成! ./Lib/Model/MisAutoBktModel.class.php
Time 2018-09-21 17:00:27 : =============endview ===163-----》》》》==========MisAutoBkt
Time 2018-09-21 17:00:27 : =============endview ===167-----》》》》==========MisAutoBkt
Time 2018-09-21 17:00:27 : 组件属性：array(
	'projectid' => array(
		'id' => '71',
		'isforeignfield' => '0',
		'catalog' => 'text',
		'fields' => 'projectid',
		'sort' => '0',
		'ids' => '0',
		'title' => '项目',
		'searchlist' => '0',
		'allsearchlist' => '0',
		'tabletype' => '',
		'tablename' => 'mis_auto_sauku',
		'length' => '',
		'isshow' => '1',
		'models' => '',
		'methods' => '',
		'relation' => '',
		'subimporttableobj' => '',
		'subimporttablefieldobj' => '',
		'defaultval' => '',
		'defaultvaltext' => '',
		'subimporttablefield2obj' => '',
		'subimporttableobjcondition' => '',
		'additionalconditions' => '',
		'requiredfield' => '0',
		'checkfunc' => '',
		'calculate' => '',
		'validdigit' => '0',
		'org' => '',
		'unitl' => '',
		'unitls' => '',
		'checkfortablename' => '',
		'checkforshowname' => '',
		'checkforbindname' => '',
		'checkformap' => '',
		'checkfororderby' => '',
		'checkfororfields' => '',
		'checkforchoice' => '',
		'checkforiswrite' => '0',
		'islock' => '1',
		'tagevent' => '',
		'titlepercent' => '1',
		'contentpercent' => '3',
		'callback' => '',
		'valedit' => '',
	),
	'createid' => array(
		'id' => '72',
		'isforeignfield' => '0',
		'catalog' => 'text',
		'fields' => 'createid',
		'sort' => '1',
		'ids' => '0',
		'title' => '创建人',
		'searchlist' => '0',
		'allsearchlist' => '0',
		'tabletype' => '',
		'tablename' => 'mis_auto_sauku',
		'length' => '',
		'isshow' => '1',
		'models' => '',
		'methods' => '',
		'relation' => '',
		'subimporttableobj' => '',
		'subimporttablefieldobj' => '',
		'defaultval' => '',
		'defaultvaltext' => '',
		'subimporttablefield2obj' => '',
		'subimporttableobjcondition' => '',
		'additionalconditions' => '',
		'requiredfield' => '0',
		'checkfunc' => '',
		'calculate' => '',
		'validdigit' => '0',
		'org' => '',
		'unitl' => '',
		'unitls' => '',
		'checkfortablename' => '',
		'checkforshowname' => '',
		'checkforbindname' => '',
		'checkformap' => '',
		'checkfororderby' => '',
		'checkfororfields' => '',
		'checkforchoice' => '',
		'checkforiswrite' => '0',
		'islock' => '1',
		'tagevent' => '',
		'titlepercent' => '1',
		'contentpercent' => '3',
		'callback' => '',
		'valedit' => '',
	),
	'createtime' => array(
		'id' => '73',
		'isforeignfield' => '0',
		'catalog' => 'text',
		'fields' => 'createtime',
		'sort' => '2',
		'ids' => '0',
		'title' => '创建时间',
		'searchlist' => '0',
		'allsearchlist' => '0',
		'tabletype' => '',
		'tablename' => 'mis_auto_sauku',
		'length' => '',
		'isshow' => '1',
		'models' => '',
		'methods' => '',
		'relation' => '',
		'subimporttableobj' => '',
		'subimporttablefieldobj' => '',
		'defaultval' => '',
		'defaultvaltext' => '',
		'subimporttablefield2obj' => '',
		'subimporttableobjcondition' => '',
		'additionalconditions' => '',
		'requiredfield' => '0',
		'checkfunc' => '',
		'calculate' => '',
		'validdigit' => '0',
		'org' => '',
		'unitl' => '',
		'unitls' => '',
		'checkfortablename' => '',
		'checkforshowname' => '',
		'checkforbindname' => '',
		'checkformap' => '',
		'checkfororderby' => '',
		'checkfororfields' => '',
		'checkforchoice' => '',
		'checkforiswrite' => '0',
		'islock' => '1',
		'tagevent' => '',
		'titlepercent' => '1',
		'contentpercent' => '3',
		'callback' => '',
		'valedit' => '',
	),
	'orderno' => array(
		'id' => '74',
		'isforeignfield' => '0',
		'catalog' => 'text',
		'fields' => 'orderno',
		'sort' => '3',
		'ids' => '0',
		'title' => '编号',
		'searchlist' => '0',
		'allsearchlist' => '0',
		'tabletype' => '',
		'tablename' => 'mis_auto_sauku',
		'length' => '',
		'isshow' => '1',
		'models' => '',
		'methods' => '',
		'relation' => '',
		'subimporttableobj' => '',
		'subimporttablefieldobj' => '',
		'defaultval' => '',
		'defaultvaltext' => '',
		'subimporttablefield2obj' => '',
		'subimporttableobjcondition' => '',
		'additionalconditions' => '',
		'requiredfield' => '0',
		'checkfunc' => '',
		'calculate' => '',
		'validdigit' => '0',
		'org' => '',
		'unitl' => '',
		'unitls' => '',
		'checkfortablename' => '',
		'checkforshowname' => '',
		'checkforbindname' => '',
		'checkformap' => '',
		'checkfororderby' => '',
		'checkfororfields' => '',
		'checkforchoice' => '',
		'checkforiswrite' => '0',
		'islock' => '1',
		'tagevent' => '',
		'titlepercent' => '1',
		'contentpercent' => '3',
		'callback' => '',
		'valedit' => '',
	),
	'testmanger' => array(
		'id' => '69',
		'isforeignfield' => '0',
		'catalog' => 'text',
		'fields' => 'testmanger',
		'sort' => '4',
		'ids' => '37',
		'title' => '测试人',
		'searchlist' => '0',
		'allsearchlist' => '0',
		'tabletype' => 'varchar',
		'tablename' => 'mis_auto_sauku',
		'length' => '30',
		'isshow' => '1',
		'models' => '',
		'methods' => '',
		'relation' => '',
		'subimporttableobj' => '',
		'subimporttablefieldobj' => '',
		'defaultval' => '',
		'defaultvaltext' => '',
		'subimporttablefield2obj' => '',
		'subimporttableobjcondition' => '',
		'additionalconditions' => '',
		'requiredfield' => '0',
		'checkfunc' => '',
		'calculate' => '',
		'validdigit' => '0',
		'org' => '',
		'unitl' => '',
		'unitls' => '',
		'checkfortablename' => '',
		'checkforshowname' => '',
		'checkforbindname' => '',
		'checkformap' => '',
		'checkfororderby' => '',
		'checkfororfields' => '',
		'checkforchoice' => '',
		'checkforiswrite' => '0',
		'islock' => '1',
		'tagevent' => '',
		'titlepercent' => '1',
		'contentpercent' => '3',
		'callback' => '',
		'valedit' => '',
	),
	'teseproject' => array(
		'id' => '70',
		'isforeignfield' => '0',
		'catalog' => 'text',
		'fields' => 'teseproject',
		'sort' => '5',
		'ids' => '38',
		'title' => '测试项目',
		'searchlist' => '0',
		'allsearchlist' => '0',
		'tabletype' => 'varchar',
		'tablename' => 'mis_auto_sauku',
		'length' => '30',
		'isshow' => '1',
		'models' => '',
		'methods' => '',
		'relation' => '',
		'subimporttableobj' => '',
		'subimporttablefieldobj' => '',
		'defaultval' => '',
		'defaultvaltext' => '',
		'subimporttablefield2obj' => '',
		'subimporttableobjcondition' => '',
		'additionalconditions' => '',
		'requiredfield' => '0',
		'checkfunc' => '',
		'calculate' => '',
		'validdigit' => '0',
		'org' => '',
		'unitl' => '',
		'unitls' => '',
		'checkfortablename' => '',
		'checkforshowname' => '',
		'checkforbindname' => '',
		'checkformap' => '',
		'checkfororderby' => '',
		'checkfororfields' => '',
		'checkforchoice' => '',
		'checkforiswrite' => '0',
		'islock' => '1',
		'tagevent' => '',
		'titlepercent' => '1',
		'contentpercent' => '3',
		'callback' => '',
		'valedit' => '',
	),
	'areainfo6' => array(
		'id' => '75',
		'isforeignfield' => '0',
		'catalog' => 'areainfo',
		'fields' => 'areainfo6',
		'sort' => '6',
		'ids' => '39',
		'title' => '地址组件：_6',
		'searchlist' => '0',
		'allsearchlist' => '0',
		'tabletype' => 'varchar',
		'tablename' => 'mis_auto_sauku',
		'length' => '200',
		'isshow' => '1',
		'models' => '',
		'methods' => 'view',
		'relation' => 'orderno',
		'datashare' => '0',
		'requiredfield' => '0',
		'checkfunc' => '',
		'islock' => '1',
		'titlepercent' => '1',
		'contentpercent' => '7',
	),
)
