Time 2018-09-15 14:26:38 : C:MisDynamicFormManageAction L:7894拖动页面时时保存数据源：array(
	'id' => '',
	'isforeignfield' => '',
	'category' => 'password',
	'fieldname' => 'password9',
	'sort' => '9',
	'ids' => '',
	'title' => '密码框_9',
	'isformsearch' => '0',
	'islistsearch' => '0',
	'fieldtype' => 'varchar',
	'dbname' => '',
	'tablelength' => '11',
	'isshow' => '1',
	'models' => '',
	'methods' => 'view',
	'relation' => 'orderno',
	'isrequired' => '0',
	'islock' => '1',
	'titlepercent' => '1',
	'contentpercent' => '3',
)
Time 2018-09-15 14:26:45 : C:MisDynamicFormManageAction L:7894拖动页面时时保存数据源：array(
	'id' => '',
	'isforeignfield' => '',
	'category' => 'text',
	'fieldname' => 'text10',
	'sort' => '8',
	'ids' => '',
	'title' => '短文本框_10',
	'isformsearch' => '0',
	'islistsearch' => '0',
	'fieldtype' => 'varchar',
	'dbname' => 'mis_auto_stmgn',
	'tablelength' => '11',
	'isshow' => '1',
	'models' => '',
	'methods' => 'view',
	'relation' => 'orderno',
	'subimporttableobj' => '',
	'subimporttablefieldobj' => '',
	'defaultval' => '',
	'defaultvaltext' => '',
	'subimporttablefield2obj' => '',
	'lookupconditions' => '',
	'additionalconditions' => '',
	'isrequired' => '0',
	'validatetype' => '',
	'calculate' => '',
	'validdigit' => '0',
	'org' => '',
	'unit' => '',
	'unitls' => '',
	'checkfortablename' => '',
	'checkforshowname' => '',
	'checkforbindname' => '',
	'checkformap' => '',
	'checkfororderby' => '',
	'checkfororfields' => NULL,
	'checkforchoice' => '',
	'checkforiswrite' => '',
	'islock' => '1',
	'tagevent' => '',
	'titlepercent' => '1',
	'contentpercent' => '3',
	'callback' => '',
	'valedit' => '',
)
Time 2018-09-15 14:26:52 : C:MisDynamicFormManageAction L:7894拖动页面时时保存数据源：array(
	'id' => '',
	'isforeignfield' => '',
	'category' => 'datatable',
	'fieldname' => 'datatable11',
	'sort' => '10',
	'ids' => '',
	'title' => '内嵌数据表格_11',
	'isformsearch' => '0',
	'islistsearch' => '0',
	'fieldtype' => 'varchar',
	'dbname' => '',
	'tablelength' => '11',
	'isshow' => '1',
	'models' => '',
	'methods' => 'view',
	'relation' => 'orderno',
	'isrequired' => '0',
	'validatetype' => '',
	'istwodimensional' => '0',
	'istwodimensionalshow' => '0',
	'isaddrowimport' => '0',
	'fieldlist' => '',
	'fieldrelation' => '',
	'calculate' => '',
	'iscreatepager' => '',
	'iscreatesearch' => '',
	'islock' => '1',
	'titlepercent' => '8',
	'contentpercent' => '0',
	'org' => '',
)
Time 2018-09-15 14:26:58 : C:MisDynamicFormManageAction L:7894拖动页面时时保存数据源：array(
	'id' => '',
	'isforeignfield' => '',
	'category' => 'lookup',
	'fieldname' => 'lookup12',
	'sort' => '10',
	'ids' => '',
	'title' => 'lookup组件 _12',
	'isformsearch' => '0',
	'islistsearch' => '0',
	'fieldtype' => 'varchar',
	'dbname' => 'mis_auto_stmgn',
	'tablelength' => '11',
	'isshow' => '1',
	'models' => '',
	'methods' => 'view',
	'relation' => 'orderno',
	'isrequired' => '0',
	'validatetype' => '',
	'iscreatesearch' => '',
	'lookupfiledback' => '',
	'lookupfiledbackchina' => '',
	'lookupgrouporg' => 'ORG#ids#1',
	'lookupurls' => 'lookupGeneral',
	'lookupmodel' => '',
	'lookupshoworg' => '',
	'lookuporgval' => '',
	'lookupconditions' => '',
	'org' => '',
	'defaultval' => '',
	'org1' => '',
	'islock' => '1',
	'viewname' => '',
	'viewtype' => '',
	'lookupchoice' => '',
	'additionalconditions' => '',
	'dialogwidth' => '',
	'dialogheight' => '',
	'titlepercent' => '1',
	'contentpercent' => '3',
	'callback' => '',
)
Time 2018-09-15 14:27:01 : C:MisDynamicFormManageAction L:7894拖动页面时时保存数据源：array(
	'id' => '10',
	'isforeignfield' => '',
	'category' => 'text',
	'fieldname' => 'text10',
	'sort' => '8',
	'ids' => '2',
	'title' => '短文本框_10',
	'isformsearch' => '0',
	'islistsearch' => '0',
	'fieldtype' => 'varchar',
	'dbname' => 'mis_auto_stmgn',
	'tablelength' => '11',
	'isshow' => '1',
	'models' => '',
	'methods' => 'view',
	'relation' => 'orderno',
	'subimporttableobj' => '',
	'subimporttablefieldobj' => '',
	'defaultval' => '',
	'defaultvaltext' => '',
	'subimporttablefield2obj' => '',
	'lookupconditions' => '',
	'additionalconditions' => '',
	'isrequired' => '0',
	'validatetype' => '',
	'calculate' => '',
	'validdigit' => '0',
	'org' => '',
	'unit' => '',
	'unitls' => '',
	'checkfortablename' => '',
	'checkforshowname' => '',
	'checkforbindname' => '',
	'checkformap' => '',
	'checkfororderby' => '',
	'checkfororfields' => NULL,
	'checkforchoice' => '',
	'checkforiswrite' => '',
	'islock' => '1',
	'tagevent' => '',
	'titlepercent' => '1',
	'contentpercent' => '3',
	'callback' => '',
	'valedit' => '',
)
Time 2018-09-15 14:27:04 : C:MisDynamicFormManageAction L:7894拖动页面时时保存数据源：array(
	'id' => '11',
	'isforeignfield' => '',
	'category' => 'lookup',
	'fieldname' => 'lookup12',
	'sort' => '10',
	'ids' => '3',
	'title' => 'lookup组件 _12',
	'isformsearch' => '0',
	'islistsearch' => '0',
	'fieldtype' => 'varchar',
	'dbname' => 'mis_auto_stmgn',
	'tablelength' => '11',
	'isshow' => '1',
	'models' => '',
	'methods' => 'view',
	'relation' => 'orderno',
	'isrequired' => '0',
	'validatetype' => '',
	'iscreatesearch' => '',
	'lookupfiledback' => '',
	'lookupfiledbackchina' => '',
	'lookupgrouporg' => 'ORG#ids#1',
	'lookupurls' => 'lookupGeneral',
	'lookupmodel' => '',
	'lookupshoworg' => '',
	'lookuporgval' => '',
	'lookupconditions' => '',
	'org' => '',
	'defaultval' => '',
	'org1' => '',
	'islock' => '1',
	'viewname' => '',
	'viewtype' => '',
	'lookupchoice' => '',
	'additionalconditions' => '',
	'dialogwidth' => '',
	'dialogheight' => '',
	'titlepercent' => '1',
	'contentpercent' => '3',
	'callback' => '',
)
Time 2018-09-15 14:27:07 : C:MisDynamicFormManageAction L:7894拖动页面时时保存数据源：array(
	'id' => '',
	'isforeignfield' => '',
	'category' => 'uploadpic',
	'fieldname' => 'uploadpic13',
	'sort' => '8',
	'ids' => '',
	'title' => '图片上传组件_13',
	'isformsearch' => '0',
	'islistsearch' => '0',
	'fieldtype' => 'varchar',
	'dbname' => 'mis_auto_stmgn',
	'tablelength' => '11',
	'isshow' => '1',
	'models' => '',
	'methods' => 'view',
	'relation' => 'orderno',
	'uploadnum' => '',
	'uploadtype' => '*.jpg;*.jpeg;*.gif;*.png;',
	'widthheight' => '',
	'cropratiomin' => '10,10',
	'cropratiomax' => '400,400',
	'cropdefaultcheck' => '10,10,400,400',
	'cropfreed' => '',
	'cropratio' => '',
	'isrequired' => '0',
	'validatetype' => '',
	'islock' => '1',
	'titlepercent' => '1',
	'contentpercent' => '7',
)
Time 2018-09-15 14:27:09 : C:MisDynamicFormManageAction L:7894拖动页面时时保存数据源：array(
	'id' => '11',
	'isforeignfield' => '',
	'category' => 'lookup',
	'fieldname' => 'lookup12',
	'sort' => '11',
	'ids' => '3',
	'title' => 'lookup组件 _12',
	'isformsearch' => '0',
	'islistsearch' => '0',
	'fieldtype' => 'varchar',
	'dbname' => 'mis_auto_stmgn',
	'tablelength' => '11',
	'isshow' => '1',
	'models' => '',
	'methods' => 'view',
	'relation' => 'orderno',
	'isrequired' => '0',
	'validatetype' => '',
	'iscreatesearch' => '',
	'lookupfiledback' => '',
	'lookupfiledbackchina' => '',
	'lookupgrouporg' => 'ORG#ids#1',
	'lookupurls' => 'lookupGeneral',
	'lookupmodel' => '',
	'lookupshoworg' => '',
	'lookuporgval' => '',
	'lookupconditions' => '',
	'org' => '',
	'defaultval' => '',
	'org1' => '',
	'islock' => '1',
	'viewname' => '',
	'viewtype' => '',
	'lookupchoice' => '',
	'additionalconditions' => '',
	'dialogwidth' => '',
	'dialogheight' => '',
	'titlepercent' => '1',
	'contentpercent' => '3',
	'callback' => '',
)
Time 2018-09-15 14:27:14 : C:MisDynamicFormManageAction L:7894拖动页面时时保存数据源：array(
	'id' => '',
	'isforeignfield' => '',
	'category' => 'checkbox',
	'fieldname' => 'checkbox14',
	'sort' => '10',
	'ids' => '',
	'title' => '复选框_14',
	'isformsearch' => '0',
	'islistsearch' => '0',
	'fieldtype' => 'varchar',
	'dbname' => 'mis_auto_stmgn',
	'tablelength' => '11',
	'isshow' => '1',
	'models' => '',
	'methods' => 'view',
	'relation' => 'orderno',
	'isrequired' => '0',
	'validatetype' => '',
	'showoption' => '',
	'subimporttableobj' => '',
	'subimporttablefieldobj' => '',
	'subimporttablefield2obj' => '',
	'lookupconditions' => '',
	'islock' => '1',
	'tagevent' => '',
	'titlepercent' => '1',
	'contentpercent' => '7',
	'valedit' => '',
)
