Time 2018-09-17 10:18:05 : text
Time 2018-09-17 10:18:05 : text
Time 2018-09-17 10:18:05 : text
Time 2018-09-17 10:18:05 : text
Time 2018-09-17 10:18:05 : text
Time 2018-09-17 10:18:05 : lookup
Time 2018-09-17 10:18:05 : date
Time 2018-09-17 16:56:02 : text
Time 2018-09-17 16:56:02 : text
Time 2018-09-17 16:56:02 : text
Time 2018-09-17 16:56:02 : text
Time 2018-09-17 16:56:02 : text
Time 2018-09-17 16:56:02 : lookup
Time 2018-09-17 16:56:02 : date
Time 2018-09-17 16:56:16 : text
Time 2018-09-17 16:56:16 : text
Time 2018-09-17 16:56:16 : text
Time 2018-09-17 16:56:16 : text
Time 2018-09-17 16:56:16 : text
Time 2018-09-17 16:56:16 : lookup
Time 2018-09-17 16:56:16 : date
Time 2018-09-18 09:20:37 : text
Time 2018-09-18 09:20:37 : text
Time 2018-09-18 09:20:37 : text
Time 2018-09-18 09:20:37 : text
Time 2018-09-18 09:20:37 : text
Time 2018-09-18 09:20:37 : text
Time 2018-09-18 09:20:37 : lookup
Time 2018-09-18 09:20:37 : select
Time 2018-09-18 09:20:37 : date
Time 2018-09-18 09:20:37 : password
Time 2018-09-18 09:20:37 : tablabel
Time 2018-09-18 09:20:37 : tablabel
Time 2018-09-18 09:20:37 : hiddens
Time 2018-09-18 09:20:37 : textarea
Time 2018-09-18 09:20:37 : fieldset
Time 2018-09-18 09:20:37 : select
Time 2018-09-18 09:20:37 : divider2
Time 2018-09-18 09:20:37 : fiexdtext
Time 2018-09-18 09:20:37 : defcomponent
Time 2018-09-18 09:20:37 : checkbox
Time 2018-09-18 09:20:37 : upload
Time 2018-09-18 09:20:37 : radio
Time 2018-09-18 09:20:37 : areainfo
Time 2018-09-18 09:20:37 : divider2
Time 2018-09-18 09:20:37 : areainfo
Time 2018-09-18 10:17:04 : text
Time 2018-09-18 10:17:04 : text
Time 2018-09-18 10:17:04 : text
Time 2018-09-18 10:17:04 : text
Time 2018-09-18 10:17:04 : text
Time 2018-09-18 10:17:04 : text
Time 2018-09-18 10:17:04 : text
Time 2018-09-18 10:17:04 : text
Time 2018-09-18 10:17:04 : text
Time 2018-09-18 10:17:04 : textarea
Time 2018-09-18 10:17:04 : text
Time 2018-09-18 10:17:04 : date
Time 2018-09-18 10:17:04 : date
Time 2018-09-18 10:21:04 : text
Time 2018-09-18 10:21:04 : text
Time 2018-09-18 10:21:04 : text
Time 2018-09-18 10:21:04 : text
Time 2018-09-18 10:21:04 : text
Time 2018-09-18 10:21:04 : text
Time 2018-09-18 10:21:04 : text
Time 2018-09-18 10:21:04 : text
Time 2018-09-18 10:21:04 : text
Time 2018-09-18 10:21:04 : textarea
Time 2018-09-18 10:21:04 : text
Time 2018-09-18 10:21:04 : date
Time 2018-09-18 10:21:04 : date
Time 2018-09-18 10:21:21 : text
Time 2018-09-18 10:21:21 : text
Time 2018-09-18 10:21:21 : text
Time 2018-09-18 10:21:21 : text
Time 2018-09-18 10:21:21 : text
Time 2018-09-18 10:21:21 : text
Time 2018-09-18 10:21:21 : text
Time 2018-09-18 10:21:21 : text
Time 2018-09-18 10:21:21 : text
Time 2018-09-18 10:21:21 : textarea
Time 2018-09-18 10:21:21 : text
Time 2018-09-18 10:21:21 : date
Time 2018-09-18 10:21:22 : date
Time 2018-09-18 13:39:23 : text
Time 2018-09-18 13:39:23 : text
Time 2018-09-18 13:39:23 : text
Time 2018-09-18 13:39:23 : text
Time 2018-09-18 13:39:23 : text
Time 2018-09-18 13:39:23 : text
Time 2018-09-18 13:39:23 : text
Time 2018-09-18 13:39:23 : text
Time 2018-09-18 13:39:23 : text
Time 2018-09-18 13:39:23 : password
Time 2018-09-18 13:39:23 : textarea
Time 2018-09-18 13:39:23 : text
Time 2018-09-18 13:39:23 : date
Time 2018-09-18 13:39:23 : date
Time 2018-09-18 13:39:23 : fieldset
Time 2018-09-18 13:39:23 : areainfo
Time 2018-09-18 13:49:08 : text
Time 2018-09-18 13:49:08 : text
Time 2018-09-18 13:49:08 : text
Time 2018-09-18 13:49:08 : text
Time 2018-09-18 13:49:08 : text
Time 2018-09-18 13:49:08 : text
Time 2018-09-18 13:49:08 : text
Time 2018-09-18 13:49:08 : text
Time 2018-09-18 13:49:08 : text
Time 2018-09-18 13:49:08 : lookup
Time 2018-09-18 13:49:08 : areainfo
Time 2018-09-18 13:49:08 : text
Time 2018-09-18 13:49:08 : text
Time 2018-09-18 13:49:08 : text
Time 2018-09-18 13:49:08 : text
Time 2018-09-18 13:49:08 : text
Time 2018-09-18 13:49:08 : text
Time 2018-09-18 13:49:08 : text
Time 2018-09-18 13:49:08 : text
Time 2018-09-18 13:49:08 : text
Time 2018-09-18 13:49:08 : lookup
Time 2018-09-18 13:49:08 : areainfo
Time 2018-09-18 13:49:34 : text
Time 2018-09-18 13:49:34 : text
Time 2018-09-18 13:49:34 : text
Time 2018-09-18 13:49:34 : text
Time 2018-09-18 13:49:34 : text
Time 2018-09-18 13:49:34 : text
Time 2018-09-18 13:49:34 : text
Time 2018-09-18 13:49:34 : text
Time 2018-09-18 13:49:34 : text
Time 2018-09-18 13:49:34 : lookup
Time 2018-09-18 13:49:34 : areainfo
Time 2018-09-18 13:49:34 : text
Time 2018-09-18 13:49:34 : text
Time 2018-09-18 13:49:34 : text
Time 2018-09-18 13:49:34 : text
Time 2018-09-18 13:49:34 : text
Time 2018-09-18 13:49:34 : text
Time 2018-09-18 13:49:34 : text
Time 2018-09-18 13:49:34 : text
Time 2018-09-18 13:49:34 : text
Time 2018-09-18 13:49:34 : lookup
Time 2018-09-18 13:49:34 : areainfo
Time 2018-09-18 14:17:13 : text
Time 2018-09-18 14:17:13 : text
Time 2018-09-18 14:17:13 : text
Time 2018-09-18 14:17:14 : text
Time 2018-09-18 14:17:14 : text
Time 2018-09-18 14:17:14 : textarea
Time 2018-09-18 14:17:14 : text
Time 2018-09-18 14:17:14 : lookup
Time 2018-09-18 14:17:14 : areainfo
Time 2018-09-18 14:17:14 : date
Time 2018-09-18 14:17:14 : text
Time 2018-09-18 14:17:14 : text
Time 2018-09-18 14:17:14 : text
Time 2018-09-18 14:17:14 : text
Time 2018-09-18 14:17:14 : text
Time 2018-09-18 14:17:14 : textarea
Time 2018-09-18 14:17:14 : text
Time 2018-09-18 14:17:14 : lookup
Time 2018-09-18 14:17:14 : areainfo
Time 2018-09-18 14:17:14 : date
Time 2018-09-19 14:14:11 : text
Time 2018-09-19 14:14:11 : text
Time 2018-09-19 14:14:11 : text
Time 2018-09-19 14:14:11 : text
Time 2018-09-19 14:14:11 : text
Time 2018-09-19 14:14:11 : textarea
Time 2018-09-19 14:14:11 : text
Time 2018-09-19 14:14:11 : lookup
Time 2018-09-19 14:14:11 : areainfo
Time 2018-09-19 14:14:11 : date
Time 2018-09-19 14:14:11 : text
Time 2018-09-19 14:14:11 : text
Time 2018-09-19 14:14:11 : text
Time 2018-09-19 14:14:11 : text
Time 2018-09-19 14:14:11 : text
Time 2018-09-19 14:14:11 : textarea
Time 2018-09-19 14:14:11 : text
Time 2018-09-19 14:14:11 : lookup
Time 2018-09-19 14:14:11 : areainfo
Time 2018-09-19 14:14:11 : date
Time 2018-09-21 17:00:27 : text
Time 2018-09-21 17:00:27 : text
Time 2018-09-21 17:00:27 : text
Time 2018-09-21 17:00:27 : text
Time 2018-09-21 17:00:27 : text
Time 2018-09-21 17:00:27 : text
Time 2018-09-21 17:00:27 : areainfo
Time 2018-09-21 17:00:27 : text
Time 2018-09-21 17:00:27 : text
Time 2018-09-21 17:00:27 : text
Time 2018-09-21 17:00:27 : text
Time 2018-09-21 17:00:27 : text
Time 2018-09-21 17:00:27 : text
Time 2018-09-21 17:00:27 : areainfo
Time 2018-09-25 09:12:20 : text
Time 2018-09-25 09:12:20 : text
Time 2018-09-25 09:12:20 : text
Time 2018-09-25 09:12:20 : text
Time 2018-09-25 09:12:20 : text
Time 2018-09-25 09:12:20 : text
Time 2018-09-25 09:12:20 : text
Time 2018-09-25 09:12:20 : text
Time 2018-09-25 09:12:20 : text
Time 2018-09-25 09:12:20 : text
Time 2018-09-25 09:12:20 : text
Time 2018-09-25 09:12:20 : text
Time 2018-09-25 09:13:37 : text
Time 2018-09-25 09:13:37 : text
Time 2018-09-25 09:13:37 : text
Time 2018-09-25 09:13:37 : text
Time 2018-09-25 09:13:37 : text
Time 2018-09-25 09:13:37 : text
Time 2018-09-25 09:13:37 : areainfo
Time 2018-09-25 09:13:37 : text
Time 2018-09-25 09:13:37 : text
Time 2018-09-25 09:13:37 : text
Time 2018-09-25 09:13:38 : text
Time 2018-09-25 09:13:38 : text
Time 2018-09-25 09:13:38 : text
Time 2018-09-25 09:13:38 : areainfo
Time 2018-09-25 09:19:48 : text
Time 2018-09-25 09:19:48 : text
Time 2018-09-25 09:19:48 : text
Time 2018-09-25 09:19:48 : text
Time 2018-09-25 09:19:48 : text
Time 2018-09-25 09:19:48 : text
Time 2018-09-25 09:19:48 : text
Time 2018-09-25 09:19:48 : text
Time 2018-09-25 09:19:48 : text
Time 2018-09-25 09:19:48 : text
Time 2018-09-25 09:19:48 : text
Time 2018-09-25 09:19:48 : text
Time 2018-09-25 09:20:24 : text
Time 2018-09-25 09:20:24 : text
Time 2018-09-25 09:20:24 : text
Time 2018-09-25 09:20:24 : text
Time 2018-09-25 09:20:24 : text
Time 2018-09-25 09:20:24 : text
Time 2018-09-25 09:20:24 : areainfo
Time 2018-09-25 09:20:24 : text
Time 2018-09-25 09:20:24 : text
Time 2018-09-25 09:20:24 : text
Time 2018-09-25 09:20:24 : text
Time 2018-09-25 09:20:24 : text
Time 2018-09-25 09:20:24 : text
Time 2018-09-25 09:20:24 : areainfo
Time 2018-09-25 10:24:25 : text
Time 2018-09-25 10:24:25 : text
Time 2018-09-25 10:24:25 : text
Time 2018-09-25 10:24:25 : text
Time 2018-09-25 10:24:25 : text
Time 2018-09-25 10:24:25 : textarea
Time 2018-09-25 10:24:25 : text
Time 2018-09-25 10:24:25 : lookup
Time 2018-09-25 10:24:25 : areainfo
Time 2018-09-25 10:24:25 : date
Time 2018-09-25 10:24:25 : date
Time 2018-09-25 10:24:25 : text
Time 2018-09-25 10:24:25 : text
Time 2018-09-25 10:24:25 : text
Time 2018-09-25 10:24:25 : text
Time 2018-09-25 10:24:25 : text
Time 2018-09-25 10:24:25 : textarea
Time 2018-09-25 10:24:25 : text
Time 2018-09-25 10:24:25 : lookup
Time 2018-09-25 10:24:25 : areainfo
Time 2018-09-25 10:24:25 : date
Time 2018-09-25 10:24:25 : date
Time 2018-09-25 11:07:09 : text
Time 2018-09-25 11:07:09 : text
Time 2018-09-25 11:07:09 : text
Time 2018-09-25 11:07:09 : text
Time 2018-09-25 11:07:09 : text
Time 2018-09-25 11:07:09 : textarea
Time 2018-09-25 11:07:09 : text
Time 2018-09-25 11:07:09 : lookup
Time 2018-09-25 11:07:09 : date
Time 2018-09-25 11:07:09 : date
Time 2018-09-25 11:07:09 : areainfo
Time 2018-09-25 11:07:09 : text
Time 2018-09-25 11:07:09 : text
Time 2018-09-25 11:07:09 : text
Time 2018-09-25 11:07:09 : text
Time 2018-09-25 11:07:09 : text
Time 2018-09-25 11:07:09 : textarea
Time 2018-09-25 11:07:09 : text
Time 2018-09-25 11:07:09 : lookup
Time 2018-09-25 11:07:09 : date
Time 2018-09-25 11:07:09 : date
Time 2018-09-25 11:07:09 : areainfo
Time 2018-09-25 16:22:03 : text
Time 2018-09-25 16:22:03 : text
Time 2018-09-25 16:22:03 : text
Time 2018-09-25 16:22:03 : text
Time 2018-09-25 16:22:03 : text
Time 2018-09-25 16:22:03 : text
Time 2018-09-25 16:22:03 : text
Time 2018-09-25 16:22:03 : text
Time 2018-09-25 16:22:03 : text
Time 2018-09-25 16:22:03 : text
Time 2018-09-25 16:22:03 : text
Time 2018-09-25 16:22:03 : text
Time 2018-09-25 16:22:27 : text
Time 2018-09-25 16:22:27 : text
Time 2018-09-25 16:22:27 : text
Time 2018-09-25 16:22:27 : text
Time 2018-09-25 16:22:27 : text
Time 2018-09-25 16:22:27 : text
Time 2018-09-25 16:22:27 : areainfo
Time 2018-09-25 16:22:27 : text
Time 2018-09-25 16:22:27 : text
Time 2018-09-25 16:22:27 : text
Time 2018-09-25 16:22:27 : text
Time 2018-09-25 16:22:27 : text
Time 2018-09-25 16:22:27 : text
Time 2018-09-25 16:22:27 : areainfo
Time 2018-09-25 16:26:12 : text
Time 2018-09-25 16:26:12 : text
Time 2018-09-25 16:26:12 : text
Time 2018-09-25 16:26:12 : text
Time 2018-09-25 16:26:12 : text
Time 2018-09-25 16:26:12 : text
Time 2018-09-25 16:26:12 : text
Time 2018-09-25 16:26:12 : text
Time 2018-09-25 16:26:12 : text
Time 2018-09-25 16:26:12 : text
Time 2018-09-25 16:26:12 : text
Time 2018-09-25 16:26:12 : text
Time 2018-09-25 16:26:44 : text
Time 2018-09-25 16:26:44 : text
Time 2018-09-25 16:26:44 : text
Time 2018-09-25 16:26:44 : text
Time 2018-09-25 16:26:44 : text
Time 2018-09-25 16:26:44 : text
Time 2018-09-25 16:26:44 : areainfo
Time 2018-09-25 16:26:44 : text
Time 2018-09-25 16:26:44 : text
Time 2018-09-25 16:26:44 : text
Time 2018-09-25 16:26:44 : text
Time 2018-09-25 16:26:44 : text
Time 2018-09-25 16:26:44 : text
Time 2018-09-25 16:26:44 : areainfo
Time 2018-09-26 11:18:38 : text
Time 2018-09-26 11:18:38 : text
Time 2018-09-26 11:18:38 : text
Time 2018-09-26 11:18:38 : text
Time 2018-09-26 11:18:38 : text
Time 2018-09-26 11:18:38 : textarea
Time 2018-09-26 11:18:38 : text
Time 2018-09-26 11:18:38 : lookup
Time 2018-09-26 11:18:38 : date
Time 2018-09-26 11:18:38 : date
Time 2018-09-26 11:18:38 : areainfo
Time 2018-09-26 11:18:38 : text
Time 2018-09-26 11:18:38 : text
Time 2018-09-26 11:18:38 : text
Time 2018-09-26 11:18:38 : text
Time 2018-09-26 11:18:38 : text
Time 2018-09-26 11:18:38 : textarea
Time 2018-09-26 11:18:38 : text
Time 2018-09-26 11:18:38 : lookup
Time 2018-09-26 11:18:38 : date
Time 2018-09-26 11:18:38 : date
Time 2018-09-26 11:18:38 : areainfo
Time 2018-09-27 11:18:29 : text
Time 2018-09-27 11:18:29 : text
Time 2018-09-27 11:18:29 : text
Time 2018-09-27 11:18:29 : text
Time 2018-09-27 11:18:29 : text
Time 2018-09-27 11:18:29 : text
Time 2018-09-27 11:18:29 : areainfo
Time 2018-09-27 11:18:29 : lookup
Time 2018-09-27 11:18:29 : text
Time 2018-09-27 11:18:29 : text
Time 2018-09-27 11:18:29 : text
Time 2018-09-27 11:18:29 : text
Time 2018-09-27 11:18:29 : text
Time 2018-09-27 11:18:29 : text
Time 2018-09-27 11:18:29 : areainfo
Time 2018-09-27 11:18:29 : lookup
Time 2018-09-29 16:01:46 : text
Time 2018-09-29 16:01:46 : text
Time 2018-09-29 16:01:46 : text
Time 2018-09-29 16:01:46 : text
Time 2018-09-29 16:01:46 : text
Time 2018-09-29 16:01:46 : textarea
Time 2018-09-29 16:01:46 : text
Time 2018-09-29 16:01:46 : lookup
Time 2018-09-29 16:01:46 : date
Time 2018-09-29 16:01:46 : date
Time 2018-09-29 16:01:46 : areainfo
Time 2018-09-29 16:01:46 : text
Time 2018-09-29 16:01:46 : select
Time 2018-09-29 16:01:46 : uploadpic
Time 2018-09-29 16:01:46 : tablabel
Time 2018-09-29 16:01:46 : areainfo
Time 2018-09-29 16:01:46 : text
Time 2018-09-29 16:01:46 : text
Time 2018-09-29 16:01:46 : text
Time 2018-09-29 16:01:46 : text
Time 2018-09-29 16:01:46 : text
Time 2018-09-29 16:01:46 : textarea
Time 2018-09-29 16:01:46 : text
Time 2018-09-29 16:01:46 : lookup
Time 2018-09-29 16:01:46 : date
Time 2018-09-29 16:01:46 : date
Time 2018-09-29 16:01:46 : areainfo
Time 2018-09-29 16:01:46 : text
Time 2018-09-29 16:01:46 : select
Time 2018-09-29 16:01:46 : uploadpic
Time 2018-09-29 16:01:46 : tablabel
Time 2018-09-29 16:01:46 : areainfo
Time 2018-09-29 16:03:36 : text
Time 2018-09-29 16:03:36 : text
Time 2018-09-29 16:03:36 : text
Time 2018-09-29 16:03:36 : text
Time 2018-09-29 16:03:36 : select
Time 2018-09-29 16:03:36 : areainfomap
Time 2018-09-29 16:03:36 : areainfo
Time 2018-09-29 16:03:36 : text
Time 2018-09-29 16:03:36 : text
Time 2018-09-29 16:03:36 : text
Time 2018-09-29 16:03:36 : text
Time 2018-09-29 16:03:36 : select
Time 2018-09-29 16:03:36 : areainfomap
Time 2018-09-29 16:03:36 : areainfo
Time 2018-09-29 16:14:30 : text
Time 2018-09-29 16:14:30 : text
Time 2018-09-29 16:14:30 : text
Time 2018-09-29 16:14:30 : text
Time 2018-09-29 16:14:30 : select
Time 2018-09-29 16:14:30 : areainfomap
Time 2018-09-29 16:14:30 : text
Time 2018-09-29 16:14:30 : text
Time 2018-09-29 16:14:30 : text
Time 2018-09-29 16:14:30 : text
Time 2018-09-29 16:14:30 : select
Time 2018-09-29 16:14:30 : areainfomap
Time 2018-09-30 10:28:43 : text
Time 2018-09-30 10:28:43 : text
Time 2018-09-30 10:28:43 : text
Time 2018-09-30 10:28:43 : text
Time 2018-09-30 10:28:43 : areainfomap
Time 2018-09-30 10:28:43 : text
Time 2018-09-30 10:28:43 : text
Time 2018-09-30 10:28:43 : text
Time 2018-09-30 10:28:43 : text
Time 2018-09-30 10:28:43 : areainfomap
