Time 2018-09-17 10:18:05 : 开始生成JS
Time 2018-09-17 10:18:05 : 开始生成JS nodeNames- : node -MisAutoMzu
Time 2018-09-17 16:56:02 : 开始生成JS
Time 2018-09-17 16:56:02 : 开始生成JS nodeNames- : node -MisAutoMzu
Time 2018-09-17 16:56:16 : 开始生成JS
Time 2018-09-17 16:56:16 : 开始生成JS nodeNames- : node -MisAutoMzu
Time 2018-09-18 09:20:37 : 开始生成JS
Time 2018-09-18 09:20:37 : 开始生成JS nodeNames- : node -MisAutoMzu
Time 2018-09-18 10:17:04 : 开始生成JS
Time 2018-09-18 10:17:04 : 开始生成JS nodeNames- : node -MisAutoDes
Time 2018-09-18 10:21:04 : 开始生成JS
Time 2018-09-18 10:21:04 : 开始生成JS nodeNames- : node -MisAutoDes
Time 2018-09-18 10:21:22 : 开始生成JS
Time 2018-09-18 10:21:22 : 开始生成JS nodeNames- : node -MisAutoDes
Time 2018-09-18 13:39:23 : 开始生成JS
Time 2018-09-18 13:39:23 : 开始生成JS nodeNames- : node -MisAutoDes
Time 2018-09-18 13:49:08 : 开始生成JS
Time 2018-09-18 13:49:08 : 开始生成JS nodeNames-MisAutoTxs : node -MisAutoTxs
Time 2018-09-18 13:49:34 : 开始生成JS
Time 2018-09-18 13:49:34 : 开始生成JS nodeNames-MisAutoTxs : node -MisAutoTxs
Time 2018-09-18 14:17:14 : 开始生成JS
Time 2018-09-18 14:17:14 : 开始生成JS nodeNames- : node -MisAutoLxn
Time 2018-09-19 14:14:11 : 开始生成JS
Time 2018-09-19 14:14:11 : 开始生成JS nodeNames- : node -MisAutoLxn
Time 2018-09-21 17:00:27 : 开始生成JS
Time 2018-09-21 17:00:27 : 开始生成JS nodeNames- : node -MisAutoBkt
Time 2018-09-25 09:12:20 : 开始生成JS
Time 2018-09-25 09:12:20 : 开始生成JS nodeNames- : node -MisAutoBkt
Time 2018-09-25 09:13:38 : 开始生成JS
Time 2018-09-25 09:13:38 : 开始生成JS nodeNames- : node -MisAutoBkt
Time 2018-09-25 09:19:48 : 开始生成JS
Time 2018-09-25 09:19:48 : 开始生成JS nodeNames- : node -MisAutoBkt
Time 2018-09-25 09:20:24 : 开始生成JS
Time 2018-09-25 09:20:24 : 开始生成JS nodeNames- : node -MisAutoBkt
Time 2018-09-25 10:24:25 : 开始生成JS
Time 2018-09-25 10:24:25 : 开始生成JS nodeNames- : node -MisAutoLxn
Time 2018-09-25 11:07:09 : 开始生成JS
Time 2018-09-25 11:07:09 : 开始生成JS nodeNames- : node -MisAutoLxn
Time 2018-09-25 16:22:03 : 开始生成JS
Time 2018-09-25 16:22:03 : 开始生成JS nodeNames- : node -MisAutoBkt
Time 2018-09-25 16:22:27 : 开始生成JS
Time 2018-09-25 16:22:27 : 开始生成JS nodeNames- : node -MisAutoBkt
Time 2018-09-25 16:26:12 : 开始生成JS
Time 2018-09-25 16:26:12 : 开始生成JS nodeNames- : node -MisAutoBkt
Time 2018-09-25 16:26:44 : 开始生成JS
Time 2018-09-25 16:26:44 : 开始生成JS nodeNames- : node -MisAutoBkt
Time 2018-09-26 11:18:38 : 开始生成JS
Time 2018-09-26 11:18:38 : 开始生成JS nodeNames- : node -MisAutoLxn
Time 2018-09-27 11:18:29 : 开始生成JS
Time 2018-09-27 11:18:29 : 开始生成JS nodeNames- : node -MisAutoBkt
Time 2018-09-29 16:01:46 : 开始生成JS
Time 2018-09-29 16:01:46 : 开始生成JS nodeNames- : node -MisAutoLxn
Time 2018-09-29 16:03:36 : 开始生成JS
Time 2018-09-29 16:03:36 : 开始生成JS nodeNames- : node -MisAutoLxn
Time 2018-09-29 16:14:30 : 开始生成JS
Time 2018-09-29 16:14:30 : 开始生成JS nodeNames- : node -MisAutoLxn
Time 2018-09-30 10:28:43 : 开始生成JS
Time 2018-09-30 10:28:43 : 开始生成JS nodeNames- : node -MisAutoAhf
