Time 2018-09-19 10:50:20 : SELECT * FROM `mis_auto_oxqxg` WHERE ( `allnode` = 'MisAutoLxn' ) ORDER BY id desc LIMIT 0,50  
Time 2018-09-19 10:50:37 : SELECT * FROM `mis_auto_oxqxg` WHERE ( `allnode` = 'MisAutoLxn' ) ORDER BY id desc LIMIT 0,50  
Time 2018-09-19 10:51:26 : SELECT * FROM `mis_auto_oxqxg` WHERE ( `allnode` = 'MisAutoLxn' ) ORDER BY id desc LIMIT 0,50  
Time 2018-09-19 10:57:21 : SELECT * FROM `mis_auto_oxqxg` WHERE ( `allnode` = 'MisAutoLxn' ) ORDER BY id desc LIMIT 0,50  
Time 2018-09-19 10:57:30 : SELECT * FROM `mis_auto_oxqxg` WHERE ( `allnode` = 'MisAutoLxn' ) ORDER BY id desc LIMIT 0,50  
Time 2018-09-19 11:06:50 : SELECT * FROM `mis_auto_oxqxg` WHERE ( `allnode` = 'MisAutoLxn' ) ORDER BY id desc LIMIT 0,50  
Time 2018-09-19 11:10:00 : SELECT * FROM `mis_auto_oxqxg` WHERE ( `allnode` = 'MisAutoLxn' ) ORDER BY id desc LIMIT 0,50  
Time 2018-09-19 11:20:56 : SELECT * FROM `mis_auto_oxqxg` WHERE ( `allnode` = 'MisAutoLxn' ) ORDER BY id desc LIMIT 0,50  
Time 2018-09-19 11:26:40 : SELECT * FROM `mis_auto_oxqxg` WHERE ( `allnode` = 'MisAutoLxn' ) ORDER BY id desc LIMIT 0,50  
Time 2018-09-19 11:27:03 : SELECT * FROM `mis_auto_oxqxg` WHERE ( `allnode` = 'MisAutoLxn' ) ORDER BY id desc LIMIT 0,50  
Time 2018-09-19 11:27:46 : SELECT * FROM `mis_auto_oxqxg` WHERE ( `allnode` = 'MisAutoLxn' ) ORDER BY id desc LIMIT 0,50  
Time 2018-09-19 11:49:43 : SELECT * FROM `mis_auto_oxqxg` WHERE ( `allnode` = 'MisAutoLxn' ) ORDER BY id desc LIMIT 0,50  
Time 2018-09-19 11:54:01 : SELECT * FROM `mis_auto_oxqxg` WHERE ( `allnode` = 'MisAutoLxn' ) ORDER BY id desc LIMIT 0,50  
Time 2018-09-19 11:54:10 : SELECT * FROM `mis_auto_oxqxg` WHERE ( `allnode` = 'MisAutoLxn' ) ORDER BY id desc LIMIT 0,50  
Time 2018-09-19 11:56:34 : SELECT * FROM `mis_auto_oxqxg` WHERE ( `allnode` = 'MisAutoLxn' ) ORDER BY id desc LIMIT 0,50  
Time 2018-09-19 11:57:23 : SELECT * FROM `mis_auto_oxqxg` WHERE ( `allnode` = 'MisAutoLxn' ) ORDER BY id desc LIMIT 0,50  
Time 2018-09-19 12:00:03 : SELECT * FROM `mis_auto_oxqxg` WHERE ( `allnode` = 'MisAutoLxn' ) ORDER BY id desc LIMIT 0,50  
Time 2018-09-19 13:43:56 : SELECT * FROM `mis_auto_oxqxg` WHERE ( `allnode` = 'MisAutoLxn' ) ORDER BY id desc LIMIT 0,50  
Time 2018-09-19 13:50:49 : SELECT * FROM `mis_auto_oxqxg` WHERE ( `allnode` = 'MisAutoLxn' ) ORDER BY id desc LIMIT 0,50  
Time 2018-09-19 14:15:15 : SELECT * FROM `mis_auto_oxqxg` WHERE ( `allnode` = 'MisAutoLxn' ) ORDER BY id desc LIMIT 0,50  
Time 2018-09-19 16:18:17 : SELECT * FROM `mis_auto_oxqxg` WHERE ( `allnode` = 'MisAutoLxn' ) ORDER BY id desc LIMIT 0,50  
Time 2018-09-20 09:25:20 : SELECT * FROM `mis_auto_oxqxg` WHERE ( `allnode` = 'MisAutoLxn' ) ORDER BY id desc LIMIT 0,50  
Time 2018-09-20 09:25:55 : SELECT * FROM `mis_auto_oxqxg` WHERE ( `allnode` = 'MisAutoLxn' ) ORDER BY id desc LIMIT 0,50  
Time 2018-09-20 09:36:16 : SELECT * FROM `mis_auto_oxqxg` WHERE ( `allnode` = 'MisAutoLxn' ) ORDER BY id desc LIMIT 0,50  
Time 2018-09-20 09:51:25 : SELECT * FROM `mis_auto_oxqxg` WHERE ( `allnode` = 'MisAutoLxn' ) ORDER BY id desc LIMIT 0,50  
Time 2018-09-20 10:01:19 : SELECT * FROM `mis_auto_oxqxg` WHERE ( `allnode` = 'MisAutoLxn' ) ORDER BY id desc LIMIT 0,50  
Time 2018-09-20 10:10:39 : SELECT * FROM `mis_auto_oxqxg` WHERE ( `allnode` = 'MisAutoLxn' ) ORDER BY id desc LIMIT 0,50  
Time 2018-09-20 10:19:45 : SELECT * FROM `mis_auto_oxqxg` WHERE ( `allnode` = 'MisAutoLxn' ) ORDER BY id desc LIMIT 0,50  
Time 2018-09-20 10:22:53 : SELECT * FROM `mis_auto_oxqxg` WHERE ( `allnode` = 'MisAutoLxn' ) ORDER BY id desc LIMIT 0,50  
Time 2018-09-20 10:25:46 : SELECT * FROM `mis_auto_oxqxg` WHERE ( `allnode` = 'MisAutoLxn' ) ORDER BY id desc LIMIT 0,50  
Time 2018-09-20 10:33:59 : SELECT * FROM `mis_auto_oxqxg` WHERE ( `allnode` = 'MisAutoLxn' ) ORDER BY id desc LIMIT 0,50  
Time 2018-09-20 10:37:01 : SELECT * FROM `mis_auto_oxqxg` WHERE ( `allnode` = 'MisAutoLxn' ) ORDER BY id desc LIMIT 0,50  
Time 2018-09-20 11:00:32 : SELECT * FROM `mis_auto_oxqxg` WHERE ( `allnode` = 'MisAutoLxn' ) ORDER BY id desc LIMIT 0,50  
Time 2018-09-20 11:01:39 : SELECT * FROM `mis_auto_oxqxg` WHERE ( `allnode` = 'MisAutoLxn' ) ORDER BY id desc LIMIT 0,50  
Time 2018-09-20 11:24:16 : SELECT * FROM `mis_auto_oxqxg` WHERE ( `allnode` = 'MisAutoLxn' ) ORDER BY id desc LIMIT 0,50  
Time 2018-09-20 11:24:43 : SELECT * FROM `mis_auto_oxqxg` WHERE ( `allnode` = 'MisAutoLxn' ) ORDER BY id desc LIMIT 0,50  
Time 2018-09-20 11:31:03 : SELECT * FROM `mis_auto_oxqxg` WHERE ( `allnode` = 'MisAutoLxn' ) ORDER BY id desc LIMIT 0,50  
Time 2018-09-20 11:34:14 : SELECT * FROM `mis_auto_oxqxg` WHERE ( `allnode` = 'MisAutoLxn' ) ORDER BY id desc LIMIT 0,50  
Time 2018-09-20 13:43:25 : SELECT * FROM `mis_auto_oxqxg` WHERE ( `allnode` = 'MisAutoLxn' ) ORDER BY id desc LIMIT 0,50  
Time 2018-09-20 13:53:11 : SELECT * FROM `mis_auto_oxqxg` WHERE ( `allnode` = 'MisAutoLxn' ) ORDER BY id desc LIMIT 0,50  
Time 2018-09-20 14:09:57 : SELECT * FROM `mis_auto_oxqxg` WHERE ( `allnode` = 'MisAutoLxn' ) ORDER BY id desc LIMIT 0,50  
Time 2018-09-20 14:11:22 : SELECT * FROM `mis_auto_oxqxg` WHERE ( `allnode` = 'MisAutoLxn' ) ORDER BY id desc LIMIT 0,50  
Time 2018-09-20 14:15:54 : SELECT * FROM `mis_auto_oxqxg` WHERE ( `allnode` = 'MisAutoLxn' ) ORDER BY id desc LIMIT 0,50  
Time 2018-09-20 14:16:05 : SELECT * FROM `mis_auto_oxqxg` WHERE ( `allnode` = 'MisAutoLxn' ) ORDER BY id desc LIMIT 0,50  
Time 2018-09-20 14:20:57 : SELECT * FROM `mis_auto_oxqxg` WHERE ( `allnode` = 'MisAutoLxn' ) ORDER BY id desc LIMIT 0,50  
Time 2018-09-20 14:27:44 : SELECT * FROM `mis_auto_oxqxg` WHERE ( `allnode` = 'MisAutoLxn' ) ORDER BY id desc LIMIT 0,50  
Time 2018-09-20 14:29:35 : SELECT * FROM `mis_auto_oxqxg` WHERE ( `allnode` = 'MisAutoLxn' ) ORDER BY id desc LIMIT 0,50  
Time 2018-09-20 14:30:03 : SELECT * FROM `mis_auto_oxqxg` WHERE ( `allnode` = 'MisAutoLxn' ) ORDER BY id desc LIMIT 0,50  
Time 2018-09-20 14:30:43 : SELECT * FROM `mis_auto_oxqxg` WHERE ( `allnode` = 'MisAutoLxn' ) ORDER BY id desc LIMIT 0,50  
Time 2018-09-20 14:31:25 : SELECT * FROM `mis_auto_oxqxg` WHERE ( `allnode` = 'MisAutoLxn' ) ORDER BY id desc LIMIT 0,50  
Time 2018-09-20 14:51:50 : SELECT * FROM `mis_auto_oxqxg` WHERE ( `allnode` = 'MisAutoLxn' ) ORDER BY id desc LIMIT 0,50  
Time 2018-09-20 14:52:43 : SELECT * FROM `mis_auto_oxqxg` WHERE ( `allnode` = 'MisAutoLxn' ) ORDER BY id desc LIMIT 0,50  
Time 2018-09-20 15:00:46 : SELECT * FROM `mis_auto_oxqxg` WHERE ( `allnode` = 'MisAutoLxn' ) ORDER BY id desc LIMIT 0,50  
Time 2018-09-20 15:04:16 : SELECT * FROM `mis_auto_oxqxg` WHERE ( `allnode` = 'MisAutoLxn' ) ORDER BY id desc LIMIT 0,50  
Time 2018-09-20 15:10:05 : SELECT * FROM `mis_auto_oxqxg` WHERE ( `allnode` = 'MisAutoLxn' ) ORDER BY id desc LIMIT 0,50  
Time 2018-09-20 15:10:58 : SELECT * FROM `mis_auto_oxqxg` WHERE ( `allnode` = 'MisAutoLxn' ) ORDER BY id desc LIMIT 0,50  
Time 2018-09-20 15:14:13 : SELECT * FROM `mis_auto_oxqxg` WHERE ( `allnode` = 'MisAutoLxn' ) ORDER BY id desc LIMIT 0,50  
Time 2018-09-20 15:15:19 : SELECT * FROM `mis_auto_oxqxg` WHERE ( `allnode` = 'MisAutoLxn' ) ORDER BY id desc LIMIT 0,50  
Time 2018-09-20 15:16:12 : SELECT * FROM `mis_auto_oxqxg` WHERE ( `allnode` = 'MisAutoLxn' ) ORDER BY id desc LIMIT 0,50  
Time 2018-09-20 15:19:07 : SELECT * FROM `mis_auto_oxqxg` WHERE ( `allnode` = 'MisAutoLxn' ) ORDER BY id desc LIMIT 0,50  
Time 2018-09-20 15:19:14 : SELECT * FROM `mis_auto_oxqxg` WHERE ( `allnode` = 'MisAutoLxn' ) ORDER BY id desc LIMIT 0,50  
Time 2018-09-20 15:24:47 : SELECT * FROM `mis_auto_oxqxg` WHERE ( `allnode` = 'MisAutoLxn' ) ORDER BY id desc LIMIT 0,50  
Time 2018-09-20 15:35:40 : SELECT * FROM `mis_auto_oxqxg` WHERE ( `allnode` = 'MisAutoLxn' ) ORDER BY id desc LIMIT 0,50  
Time 2018-09-20 15:40:56 : SELECT * FROM `mis_auto_oxqxg` WHERE ( `allnode` = 'MisAutoLxn' ) ORDER BY id desc LIMIT 0,50  
Time 2018-09-20 15:42:34 : SELECT * FROM `mis_auto_oxqxg` WHERE ( `allnode` = 'MisAutoLxn' ) ORDER BY id desc LIMIT 0,50  
Time 2018-09-20 15:45:09 : SELECT * FROM `mis_auto_oxqxg` WHERE ( `allnode` = 'MisAutoLxn' ) ORDER BY id desc LIMIT 0,50  
Time 2018-09-20 15:51:11 : SELECT * FROM `mis_auto_oxqxg` WHERE ( `allnode` = 'MisAutoLxn' ) ORDER BY id desc LIMIT 0,50  
Time 2018-09-20 15:51:59 : SELECT * FROM `mis_auto_oxqxg` WHERE ( `allnode` = 'MisAutoLxn' ) ORDER BY id desc LIMIT 0,50  
Time 2018-09-20 15:54:33 : SELECT * FROM `mis_auto_oxqxg` WHERE ( `allnode` = 'MisAutoLxn' ) ORDER BY id desc LIMIT 0,50  
Time 2018-09-20 16:10:37 : SELECT * FROM `mis_auto_oxqxg` WHERE ( `allnode` = 'MisAutoLxn' ) ORDER BY id desc LIMIT 0,50  
Time 2018-09-20 16:16:49 : SELECT * FROM `mis_auto_oxqxg` WHERE ( `allnode` = 'MisAutoLxn' ) ORDER BY id desc LIMIT 0,50  
Time 2018-09-20 16:18:53 : SELECT * FROM `mis_auto_oxqxg` WHERE ( `allnode` = 'MisAutoLxn' ) ORDER BY id desc LIMIT 0,50  
Time 2018-09-20 16:20:26 : SELECT * FROM `mis_auto_oxqxg` WHERE ( `allnode` = 'MisAutoLxn' ) ORDER BY id desc LIMIT 0,50  
Time 2018-09-20 16:20:42 : SELECT * FROM `mis_auto_oxqxg` WHERE ( `allnode` = 'MisAutoLxn' ) ORDER BY id desc LIMIT 0,50  
Time 2018-09-20 16:27:22 : SELECT * FROM `mis_auto_oxqxg` WHERE ( `allnode` = 'MisAutoLxn' ) ORDER BY id desc LIMIT 0,50  
Time 2018-09-20 16:27:59 : SELECT * FROM `mis_auto_oxqxg` WHERE ( `allnode` = 'MisAutoLxn' ) ORDER BY id desc LIMIT 0,50  
Time 2018-09-20 16:28:40 : SELECT * FROM `mis_auto_oxqxg` WHERE ( `allnode` = 'MisAutoLxn' ) ORDER BY id desc LIMIT 0,50  
Time 2018-09-20 16:33:08 : SELECT * FROM `mis_auto_oxqxg` WHERE ( `allnode` = 'MisAutoLxn' ) ORDER BY id desc LIMIT 0,50  
Time 2018-09-20 16:33:40 : SELECT * FROM `mis_auto_oxqxg` WHERE ( `allnode` = 'MisAutoLxn' ) ORDER BY id desc LIMIT 0,50  
Time 2018-09-20 16:39:21 : SELECT * FROM `mis_auto_oxqxg` WHERE ( `allnode` = 'MisAutoLxn' ) ORDER BY id desc LIMIT 0,50  
Time 2018-09-20 16:42:20 : SELECT * FROM `mis_auto_oxqxg` WHERE ( `allnode` = 'MisAutoLxn' ) ORDER BY id desc LIMIT 0,50  
Time 2018-09-20 16:42:36 : SELECT * FROM `mis_auto_oxqxg` WHERE ( `allnode` = 'MisAutoLxn' ) ORDER BY id desc LIMIT 0,50  
Time 2018-09-20 16:59:41 : SELECT * FROM `mis_auto_oxqxg` WHERE ( `allnode` = 'MisAutoLxn' ) ORDER BY id desc LIMIT 0,50  
Time 2018-09-20 17:08:07 : SELECT * FROM `mis_auto_oxqxg` WHERE ( `allnode` = 'MisAutoLxn' ) ORDER BY id desc LIMIT 0,50  
Time 2018-09-20 17:13:42 : SELECT * FROM `mis_auto_oxqxg` WHERE ( `allnode` = 'MisAutoLxn' ) ORDER BY id desc LIMIT 0,50  
Time 2018-09-20 17:14:20 : SELECT * FROM `mis_auto_oxqxg` WHERE ( `allnode` = 'MisAutoLxn' ) ORDER BY id desc LIMIT 0,50  
Time 2018-09-20 17:14:45 : SELECT * FROM `mis_auto_oxqxg` WHERE ( `allnode` = 'MisAutoLxn' ) ORDER BY id desc LIMIT 0,50  
Time 2018-09-20 17:18:19 : SELECT * FROM `mis_auto_oxqxg` WHERE ( `allnode` = 'MisAutoLxn' ) ORDER BY id desc LIMIT 0,50  
Time 2018-09-20 17:20:03 : SELECT * FROM `mis_auto_oxqxg` WHERE ( `allnode` = 'MisAutoLxn' ) ORDER BY id desc LIMIT 0,50  
Time 2018-09-20 17:27:34 : SELECT * FROM `mis_auto_oxqxg` WHERE ( `allnode` = 'MisAutoLxn' ) ORDER BY id desc LIMIT 0,50  
Time 2018-09-20 17:28:34 : SELECT * FROM `mis_auto_oxqxg` WHERE ( `allnode` = 'MisAutoLxn' ) ORDER BY id desc LIMIT 0,50  
Time 2018-09-20 17:32:07 : SELECT * FROM `mis_auto_oxqxg` WHERE ( `allnode` = 'MisAutoLxn' ) ORDER BY id desc LIMIT 0,50  
Time 2018-09-20 17:44:42 : SELECT * FROM `mis_auto_oxqxg` WHERE ( `allnode` = 'MisAutoLxn' ) ORDER BY id desc LIMIT 0,50  
Time 2018-09-21 09:32:15 : SELECT * FROM `mis_auto_oxqxg` WHERE ( `allnode` = 'MisAutoLxn' ) ORDER BY id desc LIMIT 0,50  
Time 2018-09-21 09:36:46 : SELECT * FROM `mis_auto_oxqxg` WHERE ( `allnode` = 'MisAutoLxn' ) ORDER BY id desc LIMIT 0,50  
Time 2018-09-21 09:38:52 : SELECT * FROM `mis_auto_oxqxg` WHERE ( `allnode` = 'MisAutoLxn' ) ORDER BY id desc LIMIT 0,50  
Time 2018-09-21 09:39:57 : SELECT * FROM `mis_auto_oxqxg` WHERE ( `allnode` = 'MisAutoLxn' ) ORDER BY id desc LIMIT 0,50  
Time 2018-09-21 09:49:25 : SELECT * FROM `mis_auto_oxqxg` WHERE ( `allnode` = 'MisAutoLxn' ) ORDER BY id desc LIMIT 0,50  
Time 2018-09-21 10:07:09 : SELECT * FROM `mis_auto_oxqxg` WHERE ( `allnode` = 'MisAutoLxn' ) ORDER BY id desc LIMIT 0,50  
Time 2018-09-21 10:11:18 : SELECT * FROM `mis_auto_oxqxg` WHERE ( `allnode` = 'MisAutoLxn' ) ORDER BY id desc LIMIT 0,50  
Time 2018-09-21 10:12:35 : SELECT * FROM `mis_auto_oxqxg` WHERE ( `allnode` = 'MisAutoLxn' ) ORDER BY id desc LIMIT 0,50  
Time 2018-09-21 10:19:58 : SELECT * FROM `mis_auto_oxqxg` WHERE ( `allnode` = 'MisAutoLxn' ) ORDER BY id desc LIMIT 0,50  
Time 2018-09-21 10:21:00 : SELECT * FROM `mis_auto_oxqxg` WHERE ( `allnode` = 'MisAutoLxn' ) ORDER BY id desc LIMIT 0,50  
Time 2018-09-21 10:35:33 : SELECT * FROM `mis_auto_oxqxg` WHERE ( `allnode` = 'MisAutoLxn' ) ORDER BY id desc LIMIT 0,50  
Time 2018-09-21 10:39:11 : SELECT * FROM `mis_auto_oxqxg` WHERE ( `allnode` = 'MisAutoLxn' ) ORDER BY id desc LIMIT 0,50  
Time 2018-09-21 10:41:56 : SELECT * FROM `mis_auto_oxqxg` WHERE ( `allnode` = 'MisAutoLxn' ) ORDER BY id desc LIMIT 0,50  
Time 2018-09-21 10:51:28 : SELECT * FROM `mis_auto_oxqxg` WHERE ( `allnode` = 'MisAutoLxn' ) ORDER BY id desc LIMIT 0,50  
Time 2018-09-21 10:52:44 : SELECT * FROM `mis_auto_oxqxg` WHERE ( `allnode` = 'MisAutoLxn' ) ORDER BY id desc LIMIT 0,50  
Time 2018-09-21 10:54:05 : SELECT * FROM `mis_auto_oxqxg` WHERE ( `allnode` = 'MisAutoLxn' ) ORDER BY id desc LIMIT 0,50  
Time 2018-09-21 10:55:07 : SELECT * FROM `mis_auto_oxqxg` WHERE ( `allnode` = 'MisAutoLxn' ) ORDER BY id desc LIMIT 0,50  
Time 2018-09-21 10:56:48 : SELECT * FROM `mis_auto_oxqxg` WHERE ( `allnode` = 'MisAutoLxn' ) ORDER BY id desc LIMIT 0,50  
Time 2018-09-21 10:59:54 : SELECT * FROM `mis_auto_oxqxg` WHERE ( `allnode` = 'MisAutoLxn' ) ORDER BY id desc LIMIT 0,50  
Time 2018-09-21 14:30:28 : SELECT * FROM `mis_auto_oxqxg` WHERE ( `allnode` = 'MisAutoLxn' ) ORDER BY id desc LIMIT 0,50  
Time 2018-09-21 14:32:04 : SELECT * FROM `mis_auto_oxqxg` WHERE ( `allnode` = 'MisAutoLxn' ) ORDER BY id desc LIMIT 0,50  
Time 2018-09-21 15:35:36 : SELECT * FROM `mis_auto_oxqxg` WHERE ( `allnode` = 'MisAutoLxn' ) ORDER BY id desc LIMIT 0,50  
Time 2018-09-21 15:44:08 : SELECT * FROM `mis_auto_oxqxg` WHERE ( `allnode` = 'MisAutoLxn' ) ORDER BY id desc LIMIT 0,50  
Time 2018-09-21 15:58:08 : SELECT * FROM `mis_auto_oxqxg` WHERE ( `allnode` = 'MisAutoLxn' ) ORDER BY id desc LIMIT 0,50  
Time 2018-09-21 16:02:31 : SELECT * FROM `mis_auto_oxqxg` WHERE ( `allnode` = 'MisAutoLxn' ) ORDER BY id desc LIMIT 0,50  
Time 2018-09-21 16:26:31 : SELECT * FROM `mis_auto_oxqxg` WHERE ( `allnode` = 'MisAutoLxn' ) ORDER BY id desc LIMIT 0,50  
Time 2018-09-25 09:34:25 : SELECT * FROM `mis_auto_oxqxg` WHERE ( `allnode` = 'MisAutoLxn' ) ORDER BY id desc LIMIT 0,50  
Time 2018-09-25 10:20:12 : SELECT * FROM `mis_auto_oxqxg` WHERE ( `allnode` = 'MisAutoLxn' ) ORDER BY id desc LIMIT 0,50  
Time 2018-09-25 10:34:24 : SELECT * FROM `mis_auto_oxqxg` WHERE ( `allnode` = 'MisAutoLxn' ) ORDER BY id desc LIMIT 0,50  
Time 2018-09-25 11:07:16 : SELECT * FROM `mis_auto_oxqxg` WHERE ( `allnode` = 'MisAutoLxn' ) ORDER BY id desc LIMIT 0,50  
Time 2018-09-25 11:08:43 : SELECT * FROM `mis_auto_oxqxg` WHERE ( `allnode` = 'MisAutoLxn' ) ORDER BY id desc LIMIT 0,50  
Time 2018-09-25 11:10:20 : SELECT * FROM `mis_auto_oxqxg` WHERE ( `allnode` = 'MisAutoLxn' ) ORDER BY id desc LIMIT 0,50  
Time 2018-09-25 11:11:23 : SELECT * FROM `mis_auto_oxqxg` WHERE ( `allnode` = 'MisAutoLxn' ) ORDER BY id desc LIMIT 0,50  
Time 2018-09-25 11:12:28 : SELECT * FROM `mis_auto_oxqxg` WHERE ( `allnode` = 'MisAutoLxn' ) ORDER BY id desc LIMIT 0,50  
Time 2018-09-25 11:16:24 : SELECT * FROM `mis_auto_oxqxg` WHERE ( `allnode` = 'MisAutoLxn' ) ORDER BY id desc LIMIT 0,50  
Time 2018-09-25 11:17:08 : SELECT * FROM `mis_auto_oxqxg` WHERE ( `allnode` = 'MisAutoLxn' ) ORDER BY id desc LIMIT 0,50  
Time 2018-09-25 11:17:15 : SELECT * FROM `mis_auto_oxqxg` WHERE ( `allnode` = 'MisAutoLxn' ) ORDER BY id desc LIMIT 0,50  
Time 2018-09-25 11:19:40 : SELECT * FROM `mis_auto_oxqxg` WHERE ( `allnode` = 'MisAutoLxn' ) ORDER BY id desc LIMIT 0,50  
Time 2018-09-25 11:23:58 : SELECT * FROM `mis_auto_oxqxg` WHERE ( `allnode` = 'MisAutoLxn' ) ORDER BY id desc LIMIT 0,50  
Time 2018-09-25 11:25:02 : SELECT * FROM `mis_auto_oxqxg` WHERE ( `allnode` = 'MisAutoLxn' ) ORDER BY id desc LIMIT 0,50  
Time 2018-09-25 11:26:10 : SELECT * FROM `mis_auto_oxqxg` WHERE ( `allnode` = 'MisAutoLxn' ) ORDER BY id desc LIMIT 0,50  
Time 2018-09-25 11:28:03 : SELECT * FROM `mis_auto_oxqxg` WHERE ( `allnode` = 'MisAutoLxn' ) ORDER BY id desc LIMIT 0,50  
Time 2018-09-25 11:32:56 : SELECT * FROM `mis_auto_oxqxg` WHERE ( `allnode` = 'MisAutoLxn' ) ORDER BY id desc LIMIT 0,50  
Time 2018-09-25 11:33:55 : SELECT * FROM `mis_auto_oxqxg` WHERE ( `allnode` = 'MisAutoLxn' ) ORDER BY id desc LIMIT 0,50  
Time 2018-09-25 12:37:51 : SELECT * FROM `group` ORDER BY sorts asc LIMIT 0,50  
Time 2018-09-25 12:40:28 : SELECT node.id AS id,node.name AS name,node.icon AS icon,node.level AS level,node.title AS title,node.group_id AS group_id,node.sort AS sort,node.status AS status,node.remark AS remark,node.pid AS pid,node.showmenu AS showmenu,node.toolshow AS toolshow,node.type AS type,`group`.name AS group_name FROM node node LEFT JOIN `group` `group` ON node.group_id=`group`.id WHERE ( node.group_id = '41' ) ORDER BY node.id asc LIMIT 0,50  
Time 2018-09-25 12:41:06 : SELECT node.id AS id,node.name AS name,node.icon AS icon,node.level AS level,node.title AS title,node.group_id AS group_id,node.sort AS sort,node.status AS status,node.remark AS remark,node.pid AS pid,node.showmenu AS showmenu,node.toolshow AS toolshow,node.type AS type,`group`.name AS group_name FROM node node LEFT JOIN `group` `group` ON node.group_id=`group`.id WHERE ( node.group_id = '41' ) AND ( node.pid = '6770' ) ORDER BY node.id asc LIMIT 0,50  
Time 2018-09-25 12:41:40 : SELECT * FROM `mis_system_design_form` ORDER BY id desc LIMIT 0,50  
Time 2018-09-25 12:41:54 : SELECT * FROM `group` ORDER BY sorts desc LIMIT 0,50  
Time 2018-09-25 12:42:19 : SELECT node.id AS id,node.name AS name,node.icon AS icon,node.level AS level,node.title AS title,node.group_id AS group_id,node.sort AS sort,node.status AS status,node.remark AS remark,node.pid AS pid,node.showmenu AS showmenu,node.toolshow AS toolshow,node.type AS type,`group`.name AS group_name FROM node node LEFT JOIN `group` `group` ON node.group_id=`group`.id WHERE ( node.group_id = '41' ) AND ( node.pid = '6770' ) ORDER BY node.id asc LIMIT 0,50  
Time 2018-09-25 12:42:24 : SELECT node.id AS id,node.name AS name,node.icon AS icon,node.level AS level,node.title AS title,node.group_id AS group_id,node.sort AS sort,node.status AS status,node.remark AS remark,node.pid AS pid,node.showmenu AS showmenu,node.toolshow AS toolshow,node.type AS type,`group`.name AS group_name FROM node node LEFT JOIN `group` `group` ON node.group_id=`group`.id WHERE ( node.group_id = '41' ) AND ( node.pid = '6658' ) ORDER BY node.id asc LIMIT 0,50  
Time 2018-09-25 12:42:43 : SELECT node.id AS id,node.name AS name,node.icon AS icon,node.level AS level,node.title AS title,node.group_id AS group_id,node.sort AS sort,node.status AS status,node.remark AS remark,node.pid AS pid,node.showmenu AS showmenu,node.toolshow AS toolshow,node.type AS type,`group`.name AS group_name FROM node node LEFT JOIN `group` `group` ON node.group_id=`group`.id WHERE ( node.group_id = '41' ) AND ( node.pid = '6770' ) ORDER BY node.id asc LIMIT 0,50  
Time 2018-09-25 12:43:27 : SELECT * FROM `mis_auto_oxqxg` WHERE ( `allnode` = 'MisAutoLxn' ) ORDER BY id desc LIMIT 0,50  
Time 2018-09-25 12:44:00 : SELECT * FROM `mis_auto_oxqxg` WHERE ( `allnode` = 'MisAutoLxn' ) ORDER BY id desc LIMIT 0,50  
Time 2018-09-25 13:54:00 : SELECT * FROM `mis_auto_oxqxg` WHERE ( `allnode` = 'MisAutoLxn' ) ORDER BY id desc LIMIT 0,50  
Time 2018-09-25 14:00:35 : SELECT * FROM `mis_auto_oxqxg` WHERE ( `allnode` = 'MisAutoLxn' ) ORDER BY id desc LIMIT 0,50  
Time 2018-09-25 14:23:45 : SELECT * FROM `mis_auto_oxqxg` WHERE ( `allnode` = 'MisAutoLxn' ) ORDER BY id desc LIMIT 0,50  
Time 2018-09-25 14:24:40 : SELECT * FROM `mis_auto_oxqxg` WHERE ( `allnode` = 'MisAutoLxn' ) ORDER BY id desc LIMIT 0,50  
Time 2018-09-25 14:25:50 : SELECT * FROM `mis_auto_oxqxg` WHERE ( `allnode` = 'MisAutoLxn' ) ORDER BY id desc LIMIT 0,50  
Time 2018-09-25 14:26:57 : SELECT * FROM `mis_auto_oxqxg` WHERE ( `allnode` = 'MisAutoLxn' ) ORDER BY id desc LIMIT 0,50  
Time 2018-09-25 14:32:01 : SELECT * FROM `mis_auto_oxqxg` WHERE ( `allnode` = 'MisAutoLxn' ) ORDER BY id desc LIMIT 0,50  
Time 2018-09-25 14:32:57 : SELECT * FROM `mis_auto_oxqxg` WHERE ( `allnode` = 'MisAutoLxn' ) ORDER BY id desc LIMIT 0,50  
Time 2018-09-25 14:33:20 : SELECT * FROM `mis_auto_oxqxg` WHERE ( `allnode` = 'MisAutoLxn' ) ORDER BY id desc LIMIT 0,50  
Time 2018-09-25 14:33:43 : SELECT * FROM `mis_auto_oxqxg` WHERE ( `allnode` = 'MisAutoLxn' ) ORDER BY id desc LIMIT 0,50  
Time 2018-09-25 14:37:32 : SELECT * FROM `mis_auto_oxqxg` WHERE ( `allnode` = 'MisAutoLxn' ) ORDER BY id desc LIMIT 0,50  
Time 2018-09-25 14:43:51 : SELECT * FROM `mis_auto_oxqxg` WHERE ( `allnode` = 'MisAutoLxn' ) ORDER BY id desc LIMIT 0,50  
Time 2018-09-25 14:45:05 : SELECT * FROM `mis_auto_oxqxg` WHERE ( `allnode` = 'MisAutoLxn' ) ORDER BY id desc LIMIT 0,50  
Time 2018-09-25 14:50:58 : SELECT * FROM `mis_auto_oxqxg` WHERE ( `allnode` = 'MisAutoLxn' ) ORDER BY id desc LIMIT 0,50  
Time 2018-09-25 14:53:18 : SELECT * FROM `mis_auto_oxqxg` WHERE ( `allnode` = 'MisAutoLxn' ) ORDER BY id desc LIMIT 0,50  
Time 2018-09-25 14:54:50 : SELECT * FROM `mis_auto_oxqxg` WHERE ( `allnode` = 'MisAutoLxn' ) ORDER BY id desc LIMIT 0,50  
Time 2018-09-25 14:56:06 : SELECT * FROM `mis_auto_oxqxg` WHERE ( `allnode` = 'MisAutoLxn' ) ORDER BY id desc LIMIT 0,50  
Time 2018-09-25 14:57:29 : SELECT * FROM `mis_auto_oxqxg` WHERE ( `allnode` = 'MisAutoLxn' ) ORDER BY id desc LIMIT 0,50  
Time 2018-09-25 15:01:01 : SELECT * FROM `mis_auto_oxqxg` WHERE ( `allnode` = 'MisAutoLxn' ) ORDER BY id desc LIMIT 0,50  
Time 2018-09-25 15:04:57 : SELECT * FROM `mis_auto_oxqxg` WHERE ( `allnode` = 'MisAutoLxn' ) ORDER BY id desc LIMIT 0,50  
Time 2018-09-25 15:06:43 : SELECT * FROM `mis_auto_oxqxg` WHERE ( `allnode` = 'MisAutoLxn' ) ORDER BY id desc LIMIT 0,50  
Time 2018-09-25 15:08:07 : SELECT * FROM `mis_auto_oxqxg` WHERE ( `allnode` = 'MisAutoLxn' ) ORDER BY id desc LIMIT 0,50  
Time 2018-09-25 15:12:26 : SELECT * FROM `mis_auto_oxqxg` WHERE ( `allnode` = 'MisAutoLxn' ) ORDER BY id desc LIMIT 0,50  
Time 2018-09-25 15:34:37 : SELECT * FROM `mis_auto_oxqxg` WHERE ( `allnode` = 'MisAutoLxn' ) ORDER BY id desc LIMIT 0,50  
Time 2018-09-25 15:35:47 : SELECT * FROM `mis_auto_oxqxg` WHERE ( `allnode` = 'MisAutoLxn' ) ORDER BY id desc LIMIT 0,50  
Time 2018-09-25 15:43:47 : SELECT * FROM `mis_auto_oxqxg` WHERE ( `allnode` = 'MisAutoLxn' ) ORDER BY id desc LIMIT 0,50  
Time 2018-09-25 15:45:13 : SELECT * FROM `mis_auto_oxqxg` WHERE ( `allnode` = 'MisAutoLxn' ) ORDER BY id desc LIMIT 0,50  
Time 2018-09-25 15:45:48 : SELECT * FROM `mis_auto_oxqxg` WHERE ( `allnode` = 'MisAutoLxn' ) ORDER BY id desc LIMIT 0,50  
Time 2018-09-25 15:48:34 : SELECT * FROM `mis_auto_oxqxg` WHERE ( `allnode` = 'MisAutoLxn' ) ORDER BY id desc LIMIT 0,50  
Time 2018-09-25 15:50:50 : SELECT * FROM `mis_auto_oxqxg` WHERE ( `allnode` = 'MisAutoLxn' ) ORDER BY id desc LIMIT 0,50  
Time 2018-09-25 15:52:02 : SELECT * FROM `mis_auto_oxqxg` WHERE ( `allnode` = 'MisAutoLxn' ) ORDER BY id desc LIMIT 0,50  
Time 2018-09-25 15:54:08 : SELECT * FROM `mis_auto_oxqxg` WHERE ( `allnode` = 'MisAutoLxn' ) ORDER BY id desc LIMIT 0,50  
Time 2018-09-25 15:56:14 : SELECT * FROM `mis_auto_oxqxg` WHERE ( `allnode` = 'MisAutoLxn' ) ORDER BY id desc LIMIT 0,50  
Time 2018-09-25 15:57:56 : SELECT * FROM `mis_auto_oxqxg` WHERE ( `allnode` = 'MisAutoLxn' ) ORDER BY id desc LIMIT 0,50  
Time 2018-09-25 16:00:30 : SELECT * FROM `mis_auto_oxqxg` WHERE ( `allnode` = 'MisAutoLxn' ) ORDER BY id desc LIMIT 0,50  
Time 2018-09-25 16:01:41 : SELECT * FROM `mis_auto_oxqxg` WHERE ( `allnode` = 'MisAutoLxn' ) ORDER BY id desc LIMIT 0,50  
Time 2018-09-25 16:12:21 : SELECT * FROM `mis_auto_oxqxg` WHERE ( `allnode` = 'MisAutoLxn' ) ORDER BY id desc LIMIT 0,50  
Time 2018-09-25 16:15:14 : SELECT * FROM `mis_auto_oxqxg` WHERE ( `allnode` = 'MisAutoLxn' ) ORDER BY id desc LIMIT 0,50  
Time 2018-09-25 16:17:59 : SELECT * FROM `mis_auto_oxqxg` WHERE ( `allnode` = 'MisAutoLxn' ) ORDER BY id desc LIMIT 0,50  
Time 2018-09-25 16:24:42 : SELECT * FROM `mis_auto_oxqxg` WHERE ( `allnode` = 'MisAutoLxn' ) ORDER BY id desc LIMIT 0,50  
Time 2018-09-25 16:55:15 : SELECT * FROM `mis_auto_oxqxg` WHERE ( `allnode` = 'MisAutoLxn' ) ORDER BY id desc LIMIT 0,50  
Time 2018-09-25 17:10:02 : SELECT * FROM `mis_auto_oxqxg` WHERE ( `allnode` = 'MisAutoLxn' ) ORDER BY id desc LIMIT 0,50  
Time 2018-09-25 17:14:05 : SELECT * FROM `mis_auto_oxqxg` WHERE ( `allnode` = 'MisAutoLxn' ) ORDER BY id desc LIMIT 0,50  
Time 2018-09-25 17:35:57 : SELECT * FROM `mis_auto_oxqxg` WHERE ( `allnode` = 'MisAutoLxn' ) ORDER BY id desc LIMIT 0,50  
Time 2018-09-26 10:24:29 : SELECT * FROM `mis_auto_oxqxg` WHERE ( `allnode` = 'MisAutoLxn' ) ORDER BY id desc LIMIT 0,50  
Time 2018-09-26 11:03:58 : SELECT * FROM `mis_auto_oxqxg` WHERE ( `allnode` = 'MisAutoLxn' ) ORDER BY id desc LIMIT 0,50  
Time 2018-09-26 11:04:38 : SELECT * FROM `mis_auto_oxqxg` WHERE ( `allnode` = 'MisAutoLxn' ) ORDER BY id desc LIMIT 0,50  
Time 2018-09-26 11:05:20 : SELECT * FROM `mis_auto_oxqxg` WHERE ( `allnode` = 'MisAutoLxn' ) ORDER BY id desc LIMIT 0,50  
Time 2018-09-26 11:18:43 : SELECT * FROM `mis_auto_oxqxg` WHERE ( `allnode` = 'MisAutoLxn' ) ORDER BY id desc LIMIT 0,50  
Time 2018-09-27 11:17:16 : SELECT * FROM `mis_auto_oxqxg` WHERE ( `allnode` = 'MisAutoLxn' ) ORDER BY id desc LIMIT 0,50  
Time 2018-09-27 17:20:02 : SELECT * FROM `mis_auto_sauku` WHERE ( `allnode` = 'MisAutoBkt' ) ORDER BY id desc LIMIT 0,50  
Time 2018-09-28 09:40:26 : SELECT * FROM `mis_auto_sauku` WHERE ( `allnode` = 'MisAutoBkt' ) ORDER BY id desc LIMIT 0,50  
Time 2018-09-28 09:58:42 : SELECT * FROM `mis_auto_sauku` WHERE ( `allnode` = 'MisAutoBkt' ) ORDER BY id desc LIMIT 0,50  
Time 2018-09-28 10:01:47 : SELECT * FROM `mis_auto_sauku` WHERE ( `allnode` = 'MisAutoBkt' ) ORDER BY id desc LIMIT 0,50  
Time 2018-09-28 10:20:16 : SELECT * FROM `mis_auto_sauku` WHERE ( `allnode` = 'MisAutoBkt' ) ORDER BY id desc LIMIT 0,50  
Time 2018-09-28 14:03:40 : SELECT * FROM `mis_auto_sauku` WHERE ( `allnode` = 'MisAutoBkt' ) ORDER BY id desc LIMIT 0,50  
Time 2018-09-28 16:49:32 : SELECT * FROM `mis_auto_sauku` WHERE ( `allnode` = 'MisAutoBkt' ) ORDER BY id desc LIMIT 0,50  
Time 2018-09-28 16:50:13 : SELECT * FROM `mis_auto_sauku` WHERE ( `allnode` = 'MisAutoBkt' ) ORDER BY id desc LIMIT 0,50  
Time 2018-09-28 16:53:36 : SELECT * FROM `mis_auto_sauku` WHERE ( `allnode` = 'MisAutoBkt' ) ORDER BY id desc LIMIT 0,50  
Time 2018-09-28 16:59:35 : SELECT * FROM `mis_auto_sauku` WHERE ( `allnode` = 'MisAutoBkt' ) ORDER BY id desc LIMIT 0,50  
Time 2018-09-28 17:10:28 : SELECT * FROM `mis_auto_sauku` WHERE ( `allnode` = 'MisAutoBkt' ) ORDER BY id desc LIMIT 0,50  
Time 2018-09-29 09:17:22 : SELECT * FROM `mis_auto_sauku` WHERE ( `allnode` = 'MisAutoBkt' ) ORDER BY id desc LIMIT 0,50  
Time 2018-09-29 10:02:08 : SELECT * FROM `mis_auto_sauku` WHERE ( `allnode` = 'MisAutoBkt' ) ORDER BY id desc LIMIT 0,50  
Time 2018-09-29 10:02:14 : SELECT * FROM `mis_auto_sauku` WHERE ( `allnode` = 'MisAutoBkt' ) ORDER BY id desc LIMIT 0,50  
Time 2018-09-29 10:02:20 : SELECT * FROM `mis_auto_sauku` WHERE ( `allnode` = 'MisAutoBkt' ) ORDER BY id desc LIMIT 0,50  
Time 2018-09-29 10:24:17 : SELECT * FROM mis_auto_sauku a LEFT JOIN mis_dynamic_form_areainfo m on a.id = m.dataid  WHERE ( `allnode` = 'MisAutoBkt' ) ORDER BY a.id desc LIMIT 0,50  
Time 2018-09-29 10:44:51 : SELECT * FROM mis_auto_sauku a LEFT JOIN mis_dynamic_form_areainfo m on a.id = m.dataid  WHERE ( `allnode` = 'MisAutoBkt' ) ORDER BY a.id desc LIMIT 0,50  
Time 2018-09-29 11:20:06 : SELECT * FROM mis_auto_sauku a LEFT JOIN mis_dynamic_form_areainfo m on a.id = m.dataid  WHERE ( `allnode` = 'MisAutoBkt' ) ORDER BY a.id desc LIMIT 0,50  
Time 2018-09-29 11:22:12 : SELECT * FROM mis_auto_sauku a LEFT JOIN mis_dynamic_form_areainfo m on a.id = m.dataid  WHERE ( `allnode` = 'MisAutoBkt' ) ORDER BY a.id desc LIMIT 0,50  
Time 2018-09-29 11:25:14 : SELECT * FROM mis_auto_sauku a LEFT JOIN mis_dynamic_form_areainfo m on a.id = m.dataid  WHERE ( `allnode` = 'MisAutoBkt' ) ORDER BY a.id desc LIMIT 0,50  
Time 2018-09-29 11:29:58 : SELECT * FROM `mis_auto_oxqxg` WHERE ( `allnode` = 'MisAutoLxn' ) ORDER BY id desc LIMIT 0,50  
Time 2018-09-29 11:30:43 : SELECT * FROM mis_auto_sauku a LEFT JOIN mis_dynamic_form_areainfo m on a.id = m.dataid  WHERE ( `allnode` = 'MisAutoBkt' ) ORDER BY a.id desc LIMIT 0,50  
Time 2018-09-29 11:32:47 : SELECT * FROM `mis_auto_oxqxg` WHERE ( `allnode` = 'MisAutoLxn' ) ORDER BY id desc LIMIT 0,50  
Time 2018-09-29 11:36:09 : SELECT * FROM `mis_auto_oxqxg` WHERE ( `allnode` = 'MisAutoLxn' ) ORDER BY id desc LIMIT 0,50  
Time 2018-09-29 11:39:40 : SELECT * FROM `mis_auto_oxqxg` WHERE ( `allnode` = 'MisAutoLxn' ) ORDER BY id desc LIMIT 0,50  
Time 2018-09-29 11:40:53 : SELECT * FROM `mis_auto_oxqxg` WHERE ( `allnode` = 'MisAutoLxn' ) ORDER BY id desc LIMIT 0,50  
Time 2018-09-29 11:43:00 : SELECT * FROM `mis_auto_oxqxg` WHERE ( `allnode` = 'MisAutoLxn' ) ORDER BY id desc LIMIT 0,50  
Time 2018-09-29 13:34:31 : SELECT * FROM mis_auto_sauku a LEFT JOIN mis_dynamic_form_areainfo m on a.id = m.dataid  WHERE ( `allnode` = 'MisAutoBkt' ) ORDER BY a.id desc LIMIT 0,50  
Time 2018-09-29 13:56:48 : SELECT * FROM mis_auto_sauku a LEFT JOIN mis_dynamic_form_areainfo m on a.id = m.dataid  WHERE ( `allnode` = 'MisAutoBkt' ) ORDER BY a.id desc LIMIT 0,50  
Time 2018-09-29 14:08:08 : SELECT * FROM `mis_auto_oxqxg` WHERE ( `allnode` = 'MisAutoLxn' ) ORDER BY id desc LIMIT 0,50  
Time 2018-09-29 14:08:42 : SELECT * FROM `mis_auto_oxqxg` WHERE ( `allnode` = 'MisAutoLxn' ) ORDER BY id desc LIMIT 0,50  
Time 2018-09-29 14:13:06 : SELECT * FROM `mis_auto_oxqxg` WHERE ( `allnode` = 'MisAutoLxn' ) ORDER BY id desc LIMIT 0,50  
Time 2018-09-29 14:13:32 : SELECT * FROM `mis_auto_oxqxg` WHERE ( `allnode` = 'MisAutoLxn' ) ORDER BY id desc LIMIT 0,50  
Time 2018-09-29 14:13:51 : SELECT * FROM `mis_auto_oxqxg` WHERE ( `allnode` = 'MisAutoLxn' ) ORDER BY id desc LIMIT 0,50  
Time 2018-09-29 14:14:28 : SELECT * FROM `mis_auto_oxqxg` WHERE ( `allnode` = 'MisAutoLxn' ) ORDER BY id desc LIMIT 0,50  
Time 2018-09-29 14:17:29 : SELECT * FROM `mis_auto_oxqxg` WHERE ( `allnode` = 'MisAutoLxn' ) ORDER BY id desc LIMIT 0,50  
Time 2018-09-29 14:22:09 : SELECT * FROM `mis_auto_oxqxg` WHERE ( `allnode` = 'MisAutoLxn' ) ORDER BY id desc LIMIT 0,50  
Time 2018-09-29 14:24:12 : SELECT * FROM `mis_auto_oxqxg` WHERE ( `allnode` = 'MisAutoLxn' ) ORDER BY id desc LIMIT 0,50  
Time 2018-09-29 14:25:19 : SELECT * FROM `mis_auto_oxqxg` WHERE ( `allnode` = 'MisAutoLxn' ) ORDER BY id desc LIMIT 0,50  
Time 2018-09-29 14:27:38 : SELECT * FROM `mis_auto_oxqxg` WHERE ( `allnode` = 'MisAutoLxn' ) ORDER BY id desc LIMIT 0,50  
Time 2018-09-29 14:27:55 : SELECT * FROM `mis_auto_oxqxg` WHERE ( `allnode` = 'MisAutoLxn' ) ORDER BY id desc LIMIT 0,50  
Time 2018-09-29 14:31:29 : SELECT * FROM `mis_auto_oxqxg` WHERE ( `allnode` = 'MisAutoLxn' ) ORDER BY id desc LIMIT 0,50  
Time 2018-09-29 14:32:41 : SELECT * FROM `mis_auto_oxqxg` WHERE ( `allnode` = 'MisAutoLxn' ) ORDER BY id desc LIMIT 0,50  
Time 2018-09-29 14:33:28 : SELECT * FROM `mis_auto_oxqxg` WHERE ( `allnode` = 'MisAutoLxn' ) ORDER BY id desc LIMIT 0,50  
Time 2018-09-29 14:35:38 : SELECT * FROM `mis_auto_oxqxg` WHERE ( `allnode` = 'MisAutoLxn' ) ORDER BY id desc LIMIT 0,50  
Time 2018-09-29 14:40:16 : SELECT * FROM `mis_auto_oxqxg` WHERE ( `allnode` = 'MisAutoLxn' ) ORDER BY id desc LIMIT 0,50  
Time 2018-09-29 14:41:25 : SELECT * FROM `mis_auto_oxqxg` WHERE ( `allnode` = 'MisAutoLxn' ) ORDER BY id desc LIMIT 0,50  
Time 2018-09-29 14:50:25 : SELECT * FROM `mis_auto_oxqxg` WHERE ( `allnode` = 'MisAutoLxn' ) ORDER BY id desc LIMIT 0,50  
Time 2018-09-29 14:51:32 : SELECT * FROM `mis_auto_oxqxg` WHERE ( `allnode` = 'MisAutoLxn' ) ORDER BY id desc LIMIT 0,50  
Time 2018-09-29 14:52:08 : SELECT * FROM `mis_auto_oxqxg` WHERE ( `allnode` = 'MisAutoLxn' ) ORDER BY id desc LIMIT 0,50  
Time 2018-09-29 14:52:51 : SELECT * FROM `mis_auto_oxqxg` WHERE ( `allnode` = 'MisAutoLxn' ) ORDER BY id desc LIMIT 0,50  
Time 2018-09-29 14:54:24 : SELECT * FROM `mis_auto_oxqxg` WHERE ( `allnode` = 'MisAutoLxn' ) ORDER BY id desc LIMIT 0,50  
Time 2018-09-29 14:56:11 : SELECT * FROM `mis_auto_oxqxg` WHERE ( `allnode` = 'MisAutoLxn' ) ORDER BY id desc LIMIT 0,50  
Time 2018-09-29 15:01:29 : SELECT * FROM `mis_auto_oxqxg` WHERE ( `allnode` = 'MisAutoLxn' ) ORDER BY id desc LIMIT 0,50  
Time 2018-09-29 15:02:28 : SELECT * FROM `mis_auto_oxqxg` WHERE ( `allnode` = 'MisAutoLxn' ) ORDER BY id desc LIMIT 0,50  
Time 2018-09-29 15:03:16 : SELECT * FROM `mis_auto_oxqxg` WHERE ( `allnode` = 'MisAutoLxn' ) ORDER BY id desc LIMIT 0,50  
Time 2018-09-29 15:03:53 : SELECT * FROM `mis_auto_oxqxg` WHERE ( `allnode` = 'MisAutoLxn' ) ORDER BY id desc LIMIT 0,50  
Time 2018-09-29 15:04:29 : SELECT * FROM `mis_auto_oxqxg` WHERE ( `allnode` = 'MisAutoLxn' ) ORDER BY id desc LIMIT 0,50  
Time 2018-09-29 15:10:01 : SELECT * FROM `mis_auto_oxqxg` WHERE ( `allnode` = 'MisAutoLxn' ) ORDER BY id desc LIMIT 0,50  
Time 2018-09-29 15:11:21 : SELECT * FROM `mis_auto_oxqxg` WHERE ( `allnode` = 'MisAutoLxn' ) ORDER BY id desc LIMIT 0,50  
Time 2018-09-29 15:14:29 : SELECT * FROM `mis_auto_oxqxg` WHERE ( `allnode` = 'MisAutoLxn' ) ORDER BY id desc LIMIT 0,50  
Time 2018-09-29 15:36:30 : SELECT * FROM `mis_auto_sauku` WHERE ( `allnode` = 'MisAutoBkt' ) ORDER BY id desc LIMIT 0,50  
Time 2018-09-29 15:37:46 : SELECT * FROM `mis_auto_sauku` WHERE ( `allnode` = 'MisAutoBkt' ) ORDER BY id desc LIMIT 0,50  
Time 2018-09-29 15:39:29 : SELECT * FROM `mis_auto_sauku` WHERE ( `allnode` = 'MisAutoBkt' ) ORDER BY id desc LIMIT 0,50  
Time 2018-09-29 15:39:32 : SELECT * FROM `mis_auto_sauku` WHERE ( `allnode` = 'MisAutoBkt' ) ORDER BY id desc LIMIT 0,50  
Time 2018-09-29 15:40:41 : SELECT * FROM `mis_auto_sauku` WHERE ( `allnode` = 'MisAutoBkt' ) ORDER BY id desc LIMIT 0,50  
Time 2018-09-29 15:40:45 : SELECT * FROM `mis_auto_sauku` WHERE ( `allnode` = 'MisAutoBkt' ) ORDER BY id desc LIMIT 0,50  
Time 2018-09-29 15:48:45 : SELECT * FROM `mis_auto_sauku` WHERE ( `allnode` = 'MisAutoBkt' ) ORDER BY id desc LIMIT 0,50  
Time 2018-09-29 16:01:50 : SELECT * FROM `mis_auto_oxqxg` WHERE ( `allnode` = 'MisAutoLxn' ) ORDER BY id desc LIMIT 0,50  
Time 2018-09-29 16:02:13 : SELECT * FROM `mis_auto_oxqxg` WHERE ( `allnode` = 'MisAutoLxn' ) ORDER BY id desc LIMIT 0,50  
Time 2018-09-29 16:04:50 : SELECT * FROM `mis_auto_oxqxg` WHERE ( `allnode` = 'MisAutoLxn' ) ORDER BY id desc LIMIT 0,50  
Time 2018-09-29 16:17:19 : SELECT * FROM `mis_auto_oxqxg` WHERE ( `allnode` = 'MisAutoLxn' ) ORDER BY id desc LIMIT 0,50  
Time 2018-09-29 16:19:29 : SELECT * FROM `mis_auto_sauku` WHERE ( `allnode` = 'MisAutoBkt' ) ORDER BY id desc LIMIT 0,50  
Time 2018-09-29 16:29:38 : SELECT * FROM `mis_auto_oxqxg` WHERE ( `allnode` = 'MisAutoLxn' ) ORDER BY id desc LIMIT 0,50  
Time 2018-09-29 16:30:24 : SELECT * FROM `mis_auto_oxqxg` WHERE ( `allnode` = 'MisAutoLxn' ) ORDER BY id desc LIMIT 0,50  
Time 2018-09-29 16:32:29 : SELECT * FROM `mis_auto_oxqxg` WHERE ( `allnode` = 'MisAutoLxn' ) ORDER BY id desc LIMIT 0,50  
Time 2018-09-29 16:38:20 : SELECT * FROM `mis_auto_oxqxg` WHERE ( `allnode` = 'MisAutoLxn' ) ORDER BY id desc LIMIT 0,50  
Time 2018-09-29 16:39:11 : SELECT * FROM `mis_auto_oxqxg` WHERE ( `allnode` = 'MisAutoLxn' ) ORDER BY id desc LIMIT 0,50  
Time 2018-09-29 16:40:18 : SELECT * FROM `mis_auto_oxqxg` WHERE ( `allnode` = 'MisAutoLxn' ) ORDER BY id desc LIMIT 0,50  
Time 2018-09-29 16:41:32 : SELECT * FROM `mis_auto_oxqxg` WHERE ( `allnode` = 'MisAutoLxn' ) ORDER BY id desc LIMIT 0,50  
Time 2018-09-29 16:42:21 : SELECT * FROM `mis_auto_oxqxg` WHERE ( `allnode` = 'MisAutoLxn' ) ORDER BY id desc LIMIT 0,50  
Time 2018-09-29 16:44:04 : SELECT * FROM `mis_auto_oxqxg` WHERE ( `allnode` = 'MisAutoLxn' ) ORDER BY id desc LIMIT 0,50  
Time 2018-09-29 16:45:10 : SELECT * FROM `mis_system_unit` ORDER BY id desc LIMIT 0,50  
Time 2018-09-29 16:48:03 : SELECT * FROM `mis_auto_oxqxg` WHERE ( `allnode` = 'MisAutoLxn' ) ORDER BY id desc LIMIT 0,50  
Time 2018-09-29 16:49:01 : SELECT * FROM `mis_auto_oxqxg` WHERE ( `allnode` = 'MisAutoLxn' ) ORDER BY id desc LIMIT 0,50  
Time 2018-09-29 16:51:08 : SELECT * FROM `mis_auto_oxqxg` WHERE ( `allnode` = 'MisAutoLxn' ) ORDER BY id desc LIMIT 0,50  
Time 2018-09-29 16:52:08 : SELECT * FROM `mis_auto_oxqxg` WHERE ( `allnode` = 'MisAutoLxn' ) ORDER BY id desc LIMIT 0,50  
Time 2018-09-29 16:59:23 : SELECT * FROM `mis_auto_oxqxg` WHERE ( `allnode` = 'MisAutoLxn' ) ORDER BY id desc LIMIT 0,50  
Time 2018-09-29 16:59:57 : SELECT * FROM `mis_auto_oxqxg` WHERE ( `allnode` = 'MisAutoLxn' ) ORDER BY id desc LIMIT 0,50  
Time 2018-09-29 17:00:27 : SELECT * FROM `mis_auto_oxqxg` WHERE ( `allnode` = 'MisAutoLxn' ) ORDER BY id desc LIMIT 0,50  
Time 2018-09-29 17:01:17 : SELECT * FROM `mis_auto_oxqxg` WHERE ( `allnode` = 'MisAutoLxn' ) ORDER BY id desc LIMIT 0,50  
Time 2018-09-29 17:02:42 : SELECT * FROM `mis_auto_oxqxg` WHERE ( `allnode` = 'MisAutoLxn' ) ORDER BY id desc LIMIT 0,50  
Time 2018-09-29 17:14:54 : SELECT * FROM `mis_auto_oxqxg` WHERE ( `allnode` = 'MisAutoLxn' ) ORDER BY id desc LIMIT 0,50  
Time 2018-09-29 17:15:39 : SELECT * FROM `mis_auto_oxqxg` WHERE ( `allnode` = 'MisAutoLxn' ) ORDER BY id desc LIMIT 0,50  
Time 2018-09-29 17:16:43 : SELECT * FROM `mis_auto_oxqxg` WHERE ( `allnode` = 'MisAutoLxn' ) ORDER BY id desc LIMIT 0,50  
Time 2018-09-29 17:18:35 : SELECT * FROM `mis_auto_oxqxg` WHERE ( `allnode` = 'MisAutoLxn' ) ORDER BY id desc LIMIT 0,50  
Time 2018-09-29 17:21:31 : SELECT * FROM `mis_auto_oxqxg` WHERE ( `allnode` = 'MisAutoLxn' ) ORDER BY id desc LIMIT 0,50  
Time 2018-09-29 17:23:40 : SELECT * FROM `mis_auto_oxqxg` WHERE ( `allnode` = 'MisAutoLxn' ) ORDER BY id desc LIMIT 0,50  
Time 2018-09-29 17:28:17 : SELECT * FROM `mis_auto_oxqxg` WHERE ( `allnode` = 'MisAutoLxn' ) ORDER BY id desc LIMIT 0,50  
Time 2018-09-29 17:42:11 : SELECT * FROM `mis_auto_oxqxg` WHERE ( `allnode` = 'MisAutoLxn' ) ORDER BY id desc LIMIT 0,50  
Time 2018-09-29 17:44:38 : SELECT * FROM `mis_auto_oxqxg` WHERE ( `allnode` = 'MisAutoLxn' ) ORDER BY id desc LIMIT 0,50  
Time 2018-09-29 17:46:01 : SELECT * FROM `mis_auto_oxqxg` WHERE ( `allnode` = 'MisAutoLxn' ) ORDER BY id desc LIMIT 0,50  
Time 2018-09-29 17:46:44 : SELECT * FROM `mis_auto_oxqxg` WHERE ( `allnode` = 'MisAutoLxn' ) ORDER BY id desc LIMIT 0,50  
Time 2018-09-29 17:47:48 : SELECT * FROM `mis_auto_oxqxg` WHERE ( `allnode` = 'MisAutoLxn' ) ORDER BY id desc LIMIT 0,50  
Time 2018-09-29 17:48:33 : SELECT * FROM `mis_auto_oxqxg` WHERE ( `allnode` = 'MisAutoLxn' ) ORDER BY id desc LIMIT 0,50  
Time 2018-09-29 17:49:37 : SELECT * FROM `mis_auto_oxqxg` WHERE ( `allnode` = 'MisAutoLxn' ) ORDER BY id desc LIMIT 0,50  
Time 2018-09-29 17:54:38 : SELECT * FROM `mis_auto_sauku` WHERE ( `allnode` = 'MisAutoBkt' ) ORDER BY id desc LIMIT 0,50  
Time 2018-09-29 17:54:46 : SELECT * FROM `mis_auto_oxqxg` WHERE ( `allnode` = 'MisAutoLxn' ) ORDER BY id desc LIMIT 0,50  
Time 2018-09-29 17:57:06 : SELECT * FROM `mis_auto_oxqxg` WHERE ( `allnode` = 'MisAutoLxn' ) ORDER BY id desc LIMIT 0,50  
Time 2018-10-08 10:25:38 : SELECT * FROM `mis_auto_pzfuk` WHERE ( `allnode` = 'MisAutoAhf' ) ORDER BY id desc LIMIT 0,50  
Time 2018-10-08 10:45:17 : SELECT * FROM `mis_auto_pzfuk` WHERE ( `allnode` = 'MisAutoAhf' ) ORDER BY id desc LIMIT 0,50  
Time 2018-10-08 10:58:49 : SELECT * FROM `mis_auto_pzfuk` WHERE ( `allnode` = 'MisAutoAhf' ) ORDER BY id desc LIMIT 0,50  
Time 2018-10-08 11:00:01 : SELECT * FROM `mis_auto_pzfuk` WHERE ( `allnode` = 'MisAutoAhf' ) ORDER BY id desc LIMIT 0,50  
Time 2018-10-08 11:05:57 : SELECT * FROM `mis_auto_pzfuk` WHERE ( `allnode` = 'MisAutoAhf' ) ORDER BY id desc LIMIT 0,50  
Time 2018-10-08 11:27:50 : SELECT * FROM `mis_auto_pzfuk` WHERE ( `allnode` = 'MisAutoAhf' ) ORDER BY id desc LIMIT 0,50  
Time 2018-10-08 11:28:39 : SELECT * FROM `mis_auto_pzfuk` WHERE ( `allnode` = 'MisAutoAhf' ) ORDER BY id desc LIMIT 0,50  
Time 2018-10-08 11:30:16 : SELECT * FROM `mis_auto_pzfuk` WHERE ( `allnode` = 'MisAutoAhf' ) ORDER BY id desc LIMIT 0,50  
Time 2018-10-08 11:34:16 : SELECT * FROM `mis_auto_pzfuk` WHERE ( `allnode` = 'MisAutoAhf' ) ORDER BY id desc LIMIT 0,50  
Time 2018-10-08 11:34:59 : SELECT * FROM `mis_auto_pzfuk` WHERE ( `allnode` = 'MisAutoAhf' ) ORDER BY id desc LIMIT 0,50  
Time 2018-10-08 11:36:23 : SELECT * FROM `mis_auto_pzfuk` WHERE ( `allnode` = 'MisAutoAhf' ) ORDER BY id desc LIMIT 0,50  
Time 2018-10-08 11:37:31 : SELECT * FROM `mis_auto_pzfuk` WHERE ( `allnode` = 'MisAutoAhf' ) ORDER BY id desc LIMIT 0,50  
Time 2018-10-08 11:39:36 : SELECT * FROM `mis_auto_pzfuk` WHERE ( `allnode` = 'MisAutoAhf' ) ORDER BY id desc LIMIT 0,50  
Time 2018-10-08 11:41:10 : SELECT * FROM `mis_auto_pzfuk` WHERE ( `allnode` = 'MisAutoAhf' ) ORDER BY id desc LIMIT 0,50  
Time 2018-10-08 13:41:18 : SELECT * FROM `mis_auto_pzfuk` WHERE ( `allnode` = 'MisAutoAhf' ) ORDER BY id desc LIMIT 0,50  
Time 2018-10-08 13:49:09 : SELECT * FROM `mis_auto_pzfuk` WHERE ( `allnode` = 'MisAutoAhf' ) ORDER BY id desc LIMIT 0,50  
Time 2018-10-08 13:51:05 : SELECT * FROM `mis_auto_pzfuk` WHERE ( `allnode` = 'MisAutoAhf' ) ORDER BY id desc LIMIT 0,50  
Time 2018-10-08 13:52:23 : SELECT * FROM `mis_auto_pzfuk` WHERE ( `allnode` = 'MisAutoAhf' ) ORDER BY id desc LIMIT 0,50  
Time 2018-10-08 13:55:12 : SELECT * FROM `mis_auto_pzfuk` WHERE ( `allnode` = 'MisAutoAhf' ) ORDER BY id desc LIMIT 0,50  
Time 2018-10-08 13:57:21 : SELECT * FROM `mis_auto_pzfuk` WHERE ( `allnode` = 'MisAutoAhf' ) ORDER BY id desc LIMIT 0,50  
Time 2018-10-08 14:01:19 : SELECT * FROM `mis_auto_pzfuk` WHERE ( `allnode` = 'MisAutoAhf' ) ORDER BY id desc LIMIT 0,50  
Time 2018-10-08 14:02:38 : SELECT * FROM `mis_auto_pzfuk` WHERE ( `allnode` = 'MisAutoAhf' ) ORDER BY id desc LIMIT 0,50  
Time 2018-10-08 14:05:37 : SELECT * FROM `mis_auto_pzfuk` WHERE ( `allnode` = 'MisAutoAhf' ) ORDER BY id desc LIMIT 0,50  
Time 2018-10-08 14:09:08 : SELECT * FROM `mis_auto_pzfuk` WHERE ( `allnode` = 'MisAutoAhf' ) ORDER BY id desc LIMIT 0,50  
Time 2018-10-08 14:10:16 : SELECT * FROM `mis_auto_pzfuk` WHERE ( `allnode` = 'MisAutoAhf' ) ORDER BY id desc LIMIT 0,50  
Time 2018-10-08 14:12:22 : SELECT * FROM `mis_auto_pzfuk` WHERE ( `allnode` = 'MisAutoAhf' ) ORDER BY id desc LIMIT 0,50  
Time 2018-10-08 14:14:02 : SELECT * FROM `mis_auto_pzfuk` WHERE ( `allnode` = 'MisAutoAhf' ) ORDER BY id desc LIMIT 0,50  
Time 2018-10-08 14:17:10 : SELECT * FROM `mis_auto_pzfuk` WHERE ( `allnode` = 'MisAutoAhf' ) ORDER BY id desc LIMIT 0,50  
Time 2018-10-08 14:20:38 : SELECT * FROM `mis_auto_pzfuk` WHERE ( `allnode` = 'MisAutoAhf' ) ORDER BY id desc LIMIT 0,50  
Time 2018-10-08 14:21:13 : SELECT * FROM `mis_auto_pzfuk` WHERE ( `allnode` = 'MisAutoAhf' ) ORDER BY id desc LIMIT 0,50  
Time 2018-10-08 14:21:43 : SELECT * FROM `mis_auto_pzfuk` WHERE ( `allnode` = 'MisAutoAhf' ) ORDER BY id desc LIMIT 0,50  
Time 2018-10-08 14:23:13 : SELECT * FROM `mis_auto_pzfuk` WHERE ( `allnode` = 'MisAutoAhf' ) ORDER BY id desc LIMIT 0,50  
Time 2018-10-08 14:23:41 : SELECT * FROM `mis_auto_pzfuk` WHERE ( `allnode` = 'MisAutoAhf' ) ORDER BY id desc LIMIT 0,50  
Time 2018-10-08 14:25:38 : SELECT * FROM `mis_auto_pzfuk` WHERE ( `allnode` = 'MisAutoAhf' ) ORDER BY id desc LIMIT 0,50  
Time 2018-10-08 14:27:40 : SELECT * FROM `mis_auto_pzfuk` WHERE ( `allnode` = 'MisAutoAhf' ) ORDER BY id desc LIMIT 0,50  
Time 2018-10-08 14:28:48 : SELECT * FROM `mis_auto_pzfuk` WHERE ( `allnode` = 'MisAutoAhf' ) ORDER BY id desc LIMIT 0,50  
Time 2018-10-08 14:29:17 : SELECT * FROM `mis_auto_pzfuk` WHERE ( `allnode` = 'MisAutoAhf' ) ORDER BY id desc LIMIT 0,50  
Time 2018-10-08 14:43:24 : SELECT * FROM `mis_auto_pzfuk` WHERE ( `allnode` = 'MisAutoAhf' ) ORDER BY id desc LIMIT 0,50  
Time 2018-10-08 14:44:12 : SELECT * FROM `mis_auto_pzfuk` WHERE ( `allnode` = 'MisAutoAhf' ) ORDER BY id desc LIMIT 0,50  
Time 2018-10-08 14:45:55 : SELECT * FROM `mis_auto_pzfuk` WHERE ( `allnode` = 'MisAutoAhf' ) ORDER BY id desc LIMIT 0,50  
Time 2018-10-08 14:47:54 : SELECT * FROM `mis_auto_pzfuk` WHERE ( `allnode` = 'MisAutoAhf' ) ORDER BY id desc LIMIT 0,50  
Time 2018-10-08 14:48:53 : SELECT * FROM `mis_auto_pzfuk` WHERE ( `allnode` = 'MisAutoAhf' ) ORDER BY id desc LIMIT 0,50  
Time 2018-10-08 14:53:24 : SELECT * FROM `mis_auto_pzfuk` WHERE ( `allnode` = 'MisAutoAhf' ) ORDER BY id desc LIMIT 0,50  
Time 2018-10-08 14:56:19 : SELECT * FROM `mis_auto_pzfuk` WHERE ( `allnode` = 'MisAutoAhf' ) ORDER BY id desc LIMIT 0,50  
Time 2018-10-08 14:57:10 : SELECT * FROM `mis_auto_pzfuk` WHERE ( `allnode` = 'MisAutoAhf' ) ORDER BY id desc LIMIT 0,50  
Time 2018-10-08 15:01:18 : SELECT * FROM `mis_auto_pzfuk` WHERE ( `allnode` = 'MisAutoAhf' ) ORDER BY id desc LIMIT 0,50  
Time 2018-10-08 15:02:40 : SELECT * FROM `mis_auto_pzfuk` WHERE ( `allnode` = 'MisAutoAhf' ) ORDER BY id desc LIMIT 0,50  
Time 2018-10-08 15:06:15 : SELECT * FROM `mis_auto_pzfuk` WHERE ( `allnode` = 'MisAutoAhf' ) ORDER BY id desc LIMIT 0,50  
Time 2018-10-08 15:10:55 : SELECT * FROM `mis_auto_pzfuk` WHERE ( `allnode` = 'MisAutoAhf' ) ORDER BY id desc LIMIT 0,50  
Time 2018-10-08 15:11:15 : SELECT * FROM `mis_auto_pzfuk` WHERE ( `allnode` = 'MisAutoAhf' ) ORDER BY id desc LIMIT 0,50  
Time 2018-10-08 15:16:06 : SELECT * FROM `mis_auto_pzfuk` WHERE ( `allnode` = 'MisAutoAhf' ) ORDER BY id desc LIMIT 0,50  
Time 2018-10-08 15:18:47 : SELECT * FROM `mis_auto_pzfuk` WHERE ( `allnode` = 'MisAutoAhf' ) ORDER BY id desc LIMIT 0,50  
Time 2018-10-08 15:25:19 : SELECT * FROM `mis_auto_pzfuk` WHERE ( `allnode` = 'MisAutoAhf' ) ORDER BY id desc LIMIT 0,50  
Time 2018-10-08 15:27:18 : SELECT * FROM `mis_auto_pzfuk` WHERE ( `allnode` = 'MisAutoAhf' ) ORDER BY id desc LIMIT 0,50  
Time 2018-10-08 15:28:27 : SELECT * FROM `mis_auto_pzfuk` WHERE ( `allnode` = 'MisAutoAhf' ) ORDER BY id desc LIMIT 0,50  
Time 2018-10-08 15:47:48 : SELECT * FROM `mis_auto_pzfuk` WHERE ( `allnode` = 'MisAutoAhf' ) ORDER BY id desc LIMIT 0,50  
Time 2018-10-08 15:55:20 : SELECT * FROM `mis_auto_pzfuk` WHERE ( `allnode` = 'MisAutoAhf' ) ORDER BY id desc LIMIT 0,50  
Time 2018-10-08 15:58:25 : SELECT * FROM `mis_auto_pzfuk` WHERE ( `allnode` = 'MisAutoAhf' ) ORDER BY id desc LIMIT 0,50  
Time 2018-10-08 16:11:03 : SELECT * FROM `mis_auto_pzfuk` WHERE ( `allnode` = 'MisAutoAhf' ) ORDER BY id desc LIMIT 0,50  
Time 2018-10-08 16:16:20 : SELECT * FROM `mis_auto_pzfuk` WHERE ( `allnode` = 'MisAutoAhf' ) ORDER BY id desc LIMIT 0,50  
Time 2018-10-08 16:16:55 : SELECT * FROM `mis_auto_pzfuk` WHERE ( `allnode` = 'MisAutoAhf' ) ORDER BY id desc LIMIT 0,50  
Time 2018-10-08 16:17:13 : SELECT * FROM `mis_auto_pzfuk` WHERE ( `allnode` = 'MisAutoAhf' ) ORDER BY id desc LIMIT 0,50  
Time 2018-10-08 16:17:54 : SELECT * FROM `mis_auto_pzfuk` WHERE ( `allnode` = 'MisAutoAhf' ) ORDER BY id desc LIMIT 0,50  
Time 2018-10-08 16:17:57 : SELECT * FROM `mis_auto_pzfuk` WHERE ( `allnode` = 'MisAutoAhf' ) ORDER BY id desc LIMIT 0,50  
Time 2018-10-08 16:20:05 : SELECT * FROM `mis_auto_pzfuk` WHERE ( `allnode` = 'MisAutoAhf' ) ORDER BY id desc LIMIT 0,50  
Time 2018-10-08 16:20:51 : SELECT * FROM `mis_auto_pzfuk` WHERE ( `allnode` = 'MisAutoAhf' ) ORDER BY id desc LIMIT 0,50  
Time 2018-10-08 16:24:01 : SELECT * FROM `mis_auto_pzfuk` WHERE ( `allnode` = 'MisAutoAhf' ) ORDER BY id desc LIMIT 0,50  
Time 2018-10-08 16:31:40 : SELECT * FROM `mis_auto_pzfuk` WHERE ( `allnode` = 'MisAutoAhf' ) ORDER BY id desc LIMIT 0,50  
Time 2018-10-08 16:35:06 : SELECT * FROM `mis_auto_pzfuk` WHERE ( `allnode` = 'MisAutoAhf' ) ORDER BY id desc LIMIT 0,50  
Time 2018-10-08 16:38:34 : SELECT * FROM `mis_auto_pzfuk` WHERE ( `allnode` = 'MisAutoAhf' ) ORDER BY id desc LIMIT 0,50  
Time 2018-10-08 16:40:41 : SELECT * FROM `mis_auto_pzfuk` WHERE ( `allnode` = 'MisAutoAhf' ) ORDER BY id desc LIMIT 0,50  
Time 2018-10-08 16:42:26 : SELECT * FROM `mis_auto_pzfuk` WHERE ( `allnode` = 'MisAutoAhf' ) ORDER BY id desc LIMIT 0,50  
Time 2018-10-08 16:44:16 : SELECT * FROM `mis_auto_pzfuk` WHERE ( `allnode` = 'MisAutoAhf' ) ORDER BY id desc LIMIT 0,50  
Time 2018-10-08 17:11:31 : SELECT * FROM `mis_auto_pzfuk` WHERE ( `allnode` = 'MisAutoAhf' ) ORDER BY id desc LIMIT 0,50  
Time 2018-10-08 17:13:59 : SELECT * FROM `mis_auto_pzfuk` WHERE ( `allnode` = 'MisAutoAhf' ) ORDER BY id desc LIMIT 0,50  
Time 2018-10-08 17:15:50 : SELECT * FROM `mis_auto_pzfuk` WHERE ( `allnode` = 'MisAutoAhf' ) ORDER BY id desc LIMIT 0,50  
Time 2018-10-08 17:16:39 : SELECT * FROM `mis_auto_pzfuk` WHERE ( `allnode` = 'MisAutoAhf' ) ORDER BY id desc LIMIT 0,50  
Time 2018-10-08 17:17:13 : SELECT * FROM `mis_auto_pzfuk` WHERE ( `allnode` = 'MisAutoAhf' ) ORDER BY id desc LIMIT 0,50  
Time 2018-10-08 17:20:52 : SELECT * FROM `mis_auto_pzfuk` WHERE ( `allnode` = 'MisAutoAhf' ) ORDER BY id desc LIMIT 0,50  
Time 2018-10-08 17:23:05 : SELECT * FROM `mis_auto_pzfuk` WHERE ( `allnode` = 'MisAutoAhf' ) ORDER BY id desc LIMIT 0,50  
Time 2018-10-08 17:29:23 : SELECT * FROM `mis_auto_pzfuk` WHERE ( `allnode` = 'MisAutoAhf' ) ORDER BY id desc LIMIT 0,50  
Time 2018-10-08 17:36:28 : SELECT * FROM `mis_auto_pzfuk` WHERE ( `allnode` = 'MisAutoAhf' ) ORDER BY id desc LIMIT 0,50  
Time 2018-10-08 17:38:32 : SELECT * FROM `mis_auto_pzfuk` WHERE ( `allnode` = 'MisAutoAhf' ) ORDER BY id desc LIMIT 0,50  
Time 2018-10-08 17:40:35 : SELECT * FROM `mis_auto_pzfuk` WHERE ( `allnode` = 'MisAutoAhf' ) ORDER BY id desc LIMIT 0,50  
Time 2018-10-08 17:41:36 : SELECT * FROM `mis_auto_pzfuk` WHERE ( `allnode` = 'MisAutoAhf' ) ORDER BY id desc LIMIT 0,50  
Time 2018-10-08 17:42:50 : SELECT * FROM `mis_auto_pzfuk` WHERE ( `allnode` = 'MisAutoAhf' ) ORDER BY id desc LIMIT 0,50  
Time 2018-10-08 17:49:17 : SELECT * FROM `mis_auto_pzfuk` WHERE ( `allnode` = 'MisAutoAhf' ) ORDER BY id desc LIMIT 0,50  
Time 2018-10-08 17:49:54 : SELECT * FROM `mis_auto_pzfuk` WHERE ( `allnode` = 'MisAutoAhf' ) ORDER BY id desc LIMIT 0,50  
Time 2018-10-08 17:50:33 : SELECT * FROM `mis_auto_pzfuk` WHERE ( `allnode` = 'MisAutoAhf' ) ORDER BY id desc LIMIT 0,50  
Time 2018-10-08 17:53:17 : SELECT * FROM `mis_auto_pzfuk` WHERE ( `allnode` = 'MisAutoAhf' ) ORDER BY id desc LIMIT 0,50  
Time 2018-10-08 17:58:09 : SELECT * FROM `mis_auto_pzfuk` WHERE ( `allnode` = 'MisAutoAhf' ) ORDER BY id desc LIMIT 0,50  
Time 2018-10-09 09:19:54 : SELECT * FROM `mis_auto_pzfuk` WHERE ( `allnode` = 'MisAutoAhf' ) ORDER BY id desc LIMIT 0,50  
Time 2018-10-09 09:28:08 : SELECT * FROM `mis_auto_pzfuk` WHERE ( `allnode` = 'MisAutoAhf' ) ORDER BY id desc LIMIT 0,50  
Time 2018-10-09 09:29:48 : SELECT * FROM `mis_auto_pzfuk` WHERE ( `allnode` = 'MisAutoAhf' ) ORDER BY id desc LIMIT 0,50  
Time 2018-10-09 09:30:08 : SELECT * FROM `mis_auto_pzfuk` WHERE ( `allnode` = 'MisAutoAhf' ) ORDER BY id desc LIMIT 0,50  
Time 2018-10-09 09:31:31 : SELECT * FROM `mis_auto_pzfuk` WHERE ( `allnode` = 'MisAutoAhf' ) ORDER BY id desc LIMIT 0,50  
Time 2018-10-09 09:33:28 : SELECT * FROM `mis_auto_pzfuk` WHERE ( `allnode` = 'MisAutoAhf' ) ORDER BY id desc LIMIT 0,50  
Time 2018-10-09 09:34:22 : SELECT * FROM `mis_auto_pzfuk` WHERE ( `allnode` = 'MisAutoAhf' ) ORDER BY id desc LIMIT 0,50  
Time 2018-10-09 09:43:43 : SELECT * FROM `mis_auto_pzfuk` WHERE ( `allnode` = 'MisAutoAhf' ) ORDER BY id desc LIMIT 0,50  
Time 2018-10-09 09:44:06 : SELECT * FROM `mis_auto_pzfuk` WHERE ( `allnode` = 'MisAutoAhf' ) ORDER BY id desc LIMIT 0,50  
Time 2018-10-09 09:44:29 : SELECT * FROM `mis_auto_pzfuk` WHERE ( `allnode` = 'MisAutoAhf' ) ORDER BY id desc LIMIT 0,50  
Time 2018-10-09 09:46:28 : SELECT * FROM `mis_auto_pzfuk` WHERE ( `allnode` = 'MisAutoAhf' ) ORDER BY id desc LIMIT 0,50  
Time 2018-10-09 09:47:57 : SELECT * FROM `mis_auto_pzfuk` WHERE ( `allnode` = 'MisAutoAhf' ) ORDER BY id desc LIMIT 0,50  
Time 2018-10-09 09:49:55 : SELECT * FROM `mis_auto_pzfuk` WHERE ( `allnode` = 'MisAutoAhf' ) ORDER BY id desc LIMIT 0,50  
Time 2018-10-09 09:58:34 : SELECT * FROM `mis_auto_pzfuk` WHERE ( `allnode` = 'MisAutoAhf' ) ORDER BY id desc LIMIT 0,50  
Time 2018-10-09 09:59:50 : SELECT * FROM `mis_auto_pzfuk` WHERE ( `allnode` = 'MisAutoAhf' ) ORDER BY id desc LIMIT 0,50  
Time 2018-10-09 10:05:08 : SELECT * FROM `mis_auto_pzfuk` WHERE ( `allnode` = 'MisAutoAhf' ) ORDER BY id desc LIMIT 0,50  
Time 2018-10-09 10:07:56 : SELECT * FROM `mis_auto_pzfuk` WHERE ( `allnode` = 'MisAutoAhf' ) ORDER BY id desc LIMIT 0,50  
Time 2018-10-09 10:12:51 : SELECT * FROM `mis_auto_pzfuk` WHERE ( `allnode` = 'MisAutoAhf' ) ORDER BY id desc LIMIT 0,50  
Time 2018-10-09 10:14:22 : SELECT * FROM `mis_auto_pzfuk` WHERE ( `allnode` = 'MisAutoAhf' ) ORDER BY id desc LIMIT 0,50  
Time 2018-10-09 10:17:19 : SELECT * FROM `mis_auto_pzfuk` WHERE ( `allnode` = 'MisAutoAhf' ) ORDER BY id desc LIMIT 0,50  
Time 2018-10-09 10:26:35 : SELECT * FROM `mis_auto_pzfuk` WHERE ( `allnode` = 'MisAutoAhf' ) ORDER BY id desc LIMIT 0,50  
Time 2018-10-09 10:30:54 : SELECT * FROM `mis_auto_pzfuk` WHERE ( `allnode` = 'MisAutoAhf' ) ORDER BY id desc LIMIT 0,50  
Time 2018-10-09 10:32:26 : SELECT * FROM `mis_auto_pzfuk` WHERE ( `allnode` = 'MisAutoAhf' ) ORDER BY id desc LIMIT 0,50  
Time 2018-10-09 10:33:47 : SELECT * FROM `mis_auto_pzfuk` WHERE ( `allnode` = 'MisAutoAhf' ) ORDER BY id desc LIMIT 0,50  
Time 2018-10-09 10:34:07 : SELECT * FROM `mis_auto_pzfuk` WHERE ( `allnode` = 'MisAutoAhf' ) ORDER BY id desc LIMIT 0,50  
Time 2018-10-09 10:35:21 : SELECT * FROM `mis_auto_pzfuk` WHERE ( `allnode` = 'MisAutoAhf' ) ORDER BY id desc LIMIT 0,50  
Time 2018-10-09 10:37:15 : SELECT * FROM `mis_auto_pzfuk` WHERE ( `allnode` = 'MisAutoAhf' ) ORDER BY id desc LIMIT 0,50  
Time 2018-10-09 10:38:10 : SELECT * FROM `mis_auto_pzfuk` WHERE ( `allnode` = 'MisAutoAhf' ) ORDER BY id desc LIMIT 0,50  
Time 2018-10-09 10:40:09 : SELECT * FROM `mis_auto_pzfuk` WHERE ( `allnode` = 'MisAutoAhf' ) ORDER BY id desc LIMIT 0,50  
Time 2018-10-09 10:42:01 : SELECT * FROM `mis_auto_pzfuk` WHERE ( `allnode` = 'MisAutoAhf' ) ORDER BY id desc LIMIT 0,50  
Time 2018-10-09 10:48:46 : SELECT * FROM `mis_auto_pzfuk` WHERE ( `allnode` = 'MisAutoAhf' ) ORDER BY id desc LIMIT 0,50  
Time 2018-10-09 10:54:28 : SELECT * FROM `mis_auto_pzfuk` WHERE ( `allnode` = 'MisAutoAhf' ) ORDER BY id desc LIMIT 0,50  
Time 2018-10-09 10:55:20 : SELECT * FROM `mis_auto_pzfuk` WHERE ( `allnode` = 'MisAutoAhf' ) ORDER BY id desc LIMIT 0,50  
Time 2018-10-09 10:58:18 : SELECT * FROM `mis_auto_pzfuk` WHERE ( `allnode` = 'MisAutoAhf' ) ORDER BY id desc LIMIT 0,50  
Time 2018-10-09 10:59:58 : SELECT * FROM `mis_auto_pzfuk` WHERE ( `allnode` = 'MisAutoAhf' ) ORDER BY id desc LIMIT 0,50  
Time 2018-10-09 11:02:32 : SELECT * FROM `mis_auto_pzfuk` WHERE ( `allnode` = 'MisAutoAhf' ) ORDER BY id desc LIMIT 0,50  
Time 2018-10-09 11:04:06 : SELECT * FROM `mis_auto_pzfuk` WHERE ( `allnode` = 'MisAutoAhf' ) ORDER BY id desc LIMIT 0,50  
Time 2018-10-09 11:05:50 : SELECT * FROM `mis_auto_pzfuk` WHERE ( `allnode` = 'MisAutoAhf' ) ORDER BY id desc LIMIT 0,50  
Time 2018-10-09 11:12:59 : SELECT * FROM `mis_auto_pzfuk` WHERE ( `allnode` = 'MisAutoAhf' ) ORDER BY id desc LIMIT 0,50  
Time 2018-10-09 11:17:02 : SELECT * FROM `mis_auto_pzfuk` WHERE ( `allnode` = 'MisAutoAhf' ) ORDER BY id desc LIMIT 0,50  
Time 2018-10-09 11:17:30 : SELECT * FROM `mis_auto_pzfuk` WHERE ( `allnode` = 'MisAutoAhf' ) ORDER BY id desc LIMIT 0,50  
Time 2018-10-09 11:18:05 : SELECT * FROM `mis_auto_pzfuk` WHERE ( `allnode` = 'MisAutoAhf' ) ORDER BY id desc LIMIT 0,50  
Time 2018-10-09 11:20:17 : SELECT * FROM `mis_auto_pzfuk` WHERE ( `allnode` = 'MisAutoAhf' ) ORDER BY id desc LIMIT 0,50  
Time 2018-10-09 11:22:00 : SELECT * FROM `mis_auto_pzfuk` WHERE ( `allnode` = 'MisAutoAhf' ) ORDER BY id desc LIMIT 0,50  
Time 2018-10-09 11:23:12 : SELECT * FROM `mis_auto_pzfuk` WHERE ( `allnode` = 'MisAutoAhf' ) ORDER BY id desc LIMIT 0,50  
Time 2018-10-09 11:23:59 : SELECT * FROM `mis_auto_pzfuk` WHERE ( `allnode` = 'MisAutoAhf' ) ORDER BY id desc LIMIT 0,50  
Time 2018-10-09 11:25:50 : SELECT * FROM `mis_auto_pzfuk` WHERE ( `allnode` = 'MisAutoAhf' ) ORDER BY id desc LIMIT 0,50  
Time 2018-10-09 11:30:00 : SELECT * FROM `mis_auto_pzfuk` WHERE ( `allnode` = 'MisAutoAhf' ) ORDER BY id desc LIMIT 0,50  
Time 2018-10-09 11:31:05 : SELECT * FROM `mis_auto_pzfuk` WHERE ( `allnode` = 'MisAutoAhf' ) ORDER BY id desc LIMIT 0,50  
Time 2018-10-09 11:32:22 : SELECT * FROM `mis_auto_pzfuk` WHERE ( `allnode` = 'MisAutoAhf' ) ORDER BY id desc LIMIT 0,50  
Time 2018-10-09 11:33:09 : SELECT * FROM `mis_auto_pzfuk` WHERE ( `allnode` = 'MisAutoAhf' ) ORDER BY id desc LIMIT 0,50  
Time 2018-10-09 11:34:09 : SELECT * FROM `mis_auto_pzfuk` WHERE ( `allnode` = 'MisAutoAhf' ) ORDER BY id desc LIMIT 0,50  
Time 2018-10-09 11:34:44 : SELECT * FROM `mis_auto_pzfuk` WHERE ( `allnode` = 'MisAutoAhf' ) ORDER BY id desc LIMIT 0,50  
Time 2018-10-09 11:35:28 : SELECT * FROM `mis_auto_pzfuk` WHERE ( `allnode` = 'MisAutoAhf' ) ORDER BY id desc LIMIT 0,50  
Time 2018-10-09 12:02:58 : SELECT * FROM `mis_auto_pzfuk` WHERE ( `allnode` = 'MisAutoAhf' ) ORDER BY id desc LIMIT 0,50  
Time 2018-10-09 12:05:34 : SELECT * FROM `mis_auto_pzfuk` WHERE ( `allnode` = 'MisAutoAhf' ) ORDER BY id desc LIMIT 0,50  
Time 2018-10-09 12:07:28 : SELECT * FROM `mis_auto_pzfuk` WHERE ( `allnode` = 'MisAutoAhf' ) ORDER BY id desc LIMIT 0,50  
Time 2018-10-09 12:09:27 : SELECT * FROM `mis_auto_pzfuk` WHERE ( `allnode` = 'MisAutoAhf' ) ORDER BY id desc LIMIT 0,50  
Time 2018-10-09 12:12:06 : SELECT * FROM `mis_auto_pzfuk` WHERE ( `allnode` = 'MisAutoAhf' ) ORDER BY id desc LIMIT 0,50  
Time 2018-10-09 12:20:29 : SELECT * FROM `mis_auto_pzfuk` WHERE ( `allnode` = 'MisAutoAhf' ) ORDER BY id desc LIMIT 0,50  
Time 2018-10-09 12:22:51 : SELECT * FROM `mis_auto_pzfuk` WHERE ( `allnode` = 'MisAutoAhf' ) ORDER BY id desc LIMIT 0,50  
Time 2018-10-09 12:24:17 : SELECT * FROM `mis_auto_pzfuk` WHERE ( `allnode` = 'MisAutoAhf' ) ORDER BY id desc LIMIT 0,50  
Time 2018-10-09 12:24:32 : SELECT * FROM `mis_auto_pzfuk` WHERE ( `allnode` = 'MisAutoAhf' ) ORDER BY id desc LIMIT 0,50  
Time 2018-10-09 12:26:31 : SELECT * FROM `mis_auto_pzfuk` WHERE ( `allnode` = 'MisAutoAhf' ) ORDER BY id desc LIMIT 0,50  
Time 2018-10-09 12:27:42 : SELECT * FROM `mis_auto_pzfuk` WHERE ( `allnode` = 'MisAutoAhf' ) ORDER BY id desc LIMIT 0,50  
Time 2018-10-09 12:29:46 : SELECT * FROM `mis_auto_pzfuk` WHERE ( `allnode` = 'MisAutoAhf' ) ORDER BY id desc LIMIT 0,50  
Time 2018-10-09 12:31:28 : SELECT * FROM `mis_auto_pzfuk` WHERE ( `allnode` = 'MisAutoAhf' ) ORDER BY id desc LIMIT 0,50  
Time 2018-10-09 12:38:50 : SELECT * FROM `mis_auto_pzfuk` WHERE ( `allnode` = 'MisAutoAhf' ) ORDER BY id desc LIMIT 0,50  
Time 2018-10-09 12:40:49 : SELECT * FROM `mis_auto_pzfuk` WHERE ( `allnode` = 'MisAutoAhf' ) ORDER BY id desc LIMIT 0,50  
Time 2018-10-09 12:55:27 : SELECT * FROM `mis_auto_pzfuk` WHERE ( `allnode` = 'MisAutoAhf' ) ORDER BY id desc LIMIT 0,50  
Time 2018-10-09 12:59:18 : SELECT * FROM `mis_auto_pzfuk` WHERE ( `allnode` = 'MisAutoAhf' ) ORDER BY id desc LIMIT 0,50  
Time 2018-10-09 13:00:22 : SELECT * FROM `mis_auto_pzfuk` WHERE ( `allnode` = 'MisAutoAhf' ) ORDER BY id desc LIMIT 0,50  
Time 2018-10-09 13:01:25 : SELECT * FROM `mis_auto_pzfuk` WHERE ( `allnode` = 'MisAutoAhf' ) ORDER BY id desc LIMIT 0,50  
Time 2018-10-09 13:02:51 : SELECT * FROM `mis_auto_pzfuk` WHERE ( `allnode` = 'MisAutoAhf' ) ORDER BY id desc LIMIT 0,50  
Time 2018-10-09 13:03:23 : SELECT * FROM `mis_auto_pzfuk` WHERE ( `allnode` = 'MisAutoAhf' ) ORDER BY id desc LIMIT 0,50  
Time 2018-10-09 13:04:19 : SELECT * FROM `mis_auto_pzfuk` WHERE ( `allnode` = 'MisAutoAhf' ) ORDER BY id desc LIMIT 0,50  
Time 2018-10-09 13:05:21 : SELECT * FROM `mis_auto_pzfuk` WHERE ( `allnode` = 'MisAutoAhf' ) ORDER BY id desc LIMIT 0,50  
Time 2018-10-09 13:07:20 : SELECT * FROM `mis_auto_pzfuk` WHERE ( `allnode` = 'MisAutoAhf' ) ORDER BY id desc LIMIT 0,50  
Time 2018-10-09 13:08:29 : SELECT * FROM `mis_auto_pzfuk` WHERE ( `allnode` = 'MisAutoAhf' ) ORDER BY id desc LIMIT 0,50  
Time 2018-10-09 13:12:29 : SELECT * FROM `mis_auto_pzfuk` WHERE ( `allnode` = 'MisAutoAhf' ) ORDER BY id desc LIMIT 0,50  
Time 2018-10-09 13:21:08 : SELECT * FROM `mis_auto_pzfuk` WHERE ( `allnode` = 'MisAutoAhf' ) ORDER BY id desc LIMIT 0,50  
Time 2018-10-09 13:22:50 : SELECT * FROM `mis_auto_pzfuk` WHERE ( `allnode` = 'MisAutoAhf' ) ORDER BY id desc LIMIT 0,50  
Time 2018-10-09 13:23:38 : SELECT * FROM `mis_auto_pzfuk` WHERE ( `allnode` = 'MisAutoAhf' ) ORDER BY id desc LIMIT 0,50  
Time 2018-10-09 13:24:02 : SELECT * FROM `mis_auto_pzfuk` WHERE ( `allnode` = 'MisAutoAhf' ) ORDER BY id desc LIMIT 0,50  
Time 2018-10-09 13:25:58 : SELECT * FROM `mis_auto_pzfuk` WHERE ( `allnode` = 'MisAutoAhf' ) ORDER BY id desc LIMIT 0,50  
Time 2018-10-09 13:27:07 : SELECT * FROM `mis_auto_pzfuk` WHERE ( `allnode` = 'MisAutoAhf' ) ORDER BY id desc LIMIT 0,50  
Time 2018-10-09 13:33:16 : SELECT * FROM `mis_auto_pzfuk` WHERE ( `allnode` = 'MisAutoAhf' ) ORDER BY id desc LIMIT 0,50  
Time 2018-10-09 13:34:12 : SELECT * FROM `mis_auto_pzfuk` WHERE ( `allnode` = 'MisAutoAhf' ) ORDER BY id desc LIMIT 0,50  
Time 2018-10-09 13:40:39 : SELECT * FROM `mis_auto_pzfuk` WHERE ( `allnode` = 'MisAutoAhf' ) ORDER BY id desc LIMIT 0,50  
Time 2018-10-09 13:41:17 : SELECT * FROM `mis_auto_pzfuk` WHERE ( `allnode` = 'MisAutoAhf' ) ORDER BY id desc LIMIT 0,50  
Time 2018-10-09 13:43:42 : SELECT * FROM `mis_auto_pzfuk` WHERE ( `allnode` = 'MisAutoAhf' ) ORDER BY id desc LIMIT 0,50  
Time 2018-10-09 13:47:22 : SELECT * FROM `mis_auto_pzfuk` WHERE ( `allnode` = 'MisAutoAhf' ) ORDER BY id desc LIMIT 0,50  
Time 2018-10-09 13:50:07 : SELECT * FROM `mis_auto_pzfuk` WHERE ( `allnode` = 'MisAutoAhf' ) ORDER BY id desc LIMIT 0,50  
Time 2018-10-09 13:51:49 : SELECT * FROM `mis_auto_pzfuk` WHERE ( `allnode` = 'MisAutoAhf' ) ORDER BY id desc LIMIT 0,50  
Time 2018-10-09 13:53:34 : SELECT * FROM `mis_auto_pzfuk` WHERE ( `allnode` = 'MisAutoAhf' ) ORDER BY id desc LIMIT 0,50  
Time 2018-10-09 13:56:24 : SELECT * FROM `mis_auto_pzfuk` WHERE ( `allnode` = 'MisAutoAhf' ) ORDER BY id desc LIMIT 0,50  
Time 2018-10-09 13:56:56 : SELECT * FROM `mis_auto_pzfuk` WHERE ( `allnode` = 'MisAutoAhf' ) ORDER BY id desc LIMIT 0,50  
Time 2018-10-09 14:03:04 : SELECT * FROM `mis_auto_pzfuk` WHERE ( `allnode` = 'MisAutoAhf' ) ORDER BY id desc LIMIT 0,50  
Time 2018-10-09 14:04:51 : SELECT * FROM `mis_auto_pzfuk` WHERE ( `allnode` = 'MisAutoAhf' ) ORDER BY id desc LIMIT 0,50  
Time 2018-10-09 14:06:51 : SELECT * FROM `mis_auto_pzfuk` WHERE ( `allnode` = 'MisAutoAhf' ) ORDER BY id desc LIMIT 0,50  
Time 2018-10-09 14:15:26 : SELECT * FROM `mis_auto_pzfuk` WHERE ( `allnode` = 'MisAutoAhf' ) ORDER BY id desc LIMIT 0,50  
Time 2018-10-09 14:18:39 : SELECT * FROM `mis_auto_pzfuk` WHERE ( `allnode` = 'MisAutoAhf' ) ORDER BY id desc LIMIT 0,50  
Time 2018-10-09 14:19:20 : SELECT * FROM `mis_auto_pzfuk` WHERE ( `allnode` = 'MisAutoAhf' ) ORDER BY id desc LIMIT 0,50  
Time 2018-10-09 14:21:43 : SELECT * FROM `mis_auto_pzfuk` WHERE ( `allnode` = 'MisAutoAhf' ) ORDER BY id desc LIMIT 0,50  
Time 2018-10-09 14:28:37 : SELECT * FROM `mis_auto_pzfuk` WHERE ( `allnode` = 'MisAutoAhf' ) ORDER BY id desc LIMIT 0,50  
Time 2018-10-09 14:37:33 : SELECT * FROM `mis_auto_pzfuk` WHERE ( `allnode` = 'MisAutoAhf' ) ORDER BY id desc LIMIT 0,50  
Time 2018-10-09 14:42:10 : SELECT * FROM `mis_auto_pzfuk` WHERE ( `allnode` = 'MisAutoAhf' ) ORDER BY id desc LIMIT 0,50  
Time 2018-10-09 14:54:55 : SELECT * FROM `mis_auto_pzfuk` WHERE ( `allnode` = 'MisAutoAhf' ) ORDER BY id desc LIMIT 0,50  
Time 2018-10-09 15:03:58 : SELECT * FROM `mis_auto_pzfuk` WHERE ( `allnode` = 'MisAutoAhf' ) ORDER BY id desc LIMIT 0,50  
Time 2018-10-09 15:04:18 : SELECT * FROM `mis_auto_pzfuk` WHERE ( `allnode` = 'MisAutoAhf' ) ORDER BY id desc LIMIT 0,50  
Time 2018-10-09 15:05:20 : SELECT * FROM `mis_auto_pzfuk` WHERE ( `allnode` = 'MisAutoAhf' ) ORDER BY id desc LIMIT 0,50  
Time 2018-10-09 15:09:47 : SELECT * FROM `mis_auto_pzfuk` WHERE ( `allnode` = 'MisAutoAhf' ) ORDER BY id desc LIMIT 0,50  
Time 2018-10-09 15:10:31 : SELECT * FROM `mis_auto_pzfuk` WHERE ( `allnode` = 'MisAutoAhf' ) ORDER BY id desc LIMIT 0,50  
Time 2018-10-09 15:10:54 : SELECT * FROM `mis_auto_pzfuk` WHERE ( `allnode` = 'MisAutoAhf' ) ORDER BY id desc LIMIT 0,50  
Time 2018-10-09 15:21:02 : SELECT * FROM `mis_auto_pzfuk` WHERE ( `allnode` = 'MisAutoAhf' ) ORDER BY id desc LIMIT 0,50  
Time 2018-10-09 15:21:56 : SELECT * FROM `mis_auto_pzfuk` WHERE ( `allnode` = 'MisAutoAhf' ) ORDER BY id desc LIMIT 0,50  
Time 2018-10-09 15:22:15 : SELECT * FROM `mis_system_unit` ORDER BY id desc LIMIT 0,50  
Time 2018-10-09 15:22:30 : SELECT * FROM `mis_system_unit` ORDER BY id desc LIMIT 0,50  
Time 2018-10-09 15:22:55 : SELECT * FROM `mis_auto_pzfuk` WHERE ( `allnode` = 'MisAutoAhf' ) ORDER BY id desc LIMIT 0,50  
Time 2018-10-09 15:26:21 : SELECT * FROM `mis_auto_pzfuk` WHERE ( `allnode` = 'MisAutoAhf' ) ORDER BY id desc LIMIT 0,50  
Time 2018-10-09 15:28:16 : SELECT * FROM `mis_auto_pzfuk` WHERE ( `allnode` = 'MisAutoAhf' ) ORDER BY id desc LIMIT 0,50  
Time 2018-10-09 15:29:19 : SELECT * FROM `mis_auto_pzfuk` WHERE ( `allnode` = 'MisAutoAhf' ) ORDER BY id desc LIMIT 0,50  
Time 2018-10-09 15:30:17 : SELECT * FROM `mis_auto_pzfuk` WHERE ( `allnode` = 'MisAutoAhf' ) ORDER BY id desc LIMIT 0,50  
Time 2018-10-09 15:36:08 : SELECT * FROM `mis_auto_pzfuk` WHERE ( `allnode` = 'MisAutoAhf' ) ORDER BY id desc LIMIT 0,50  
Time 2018-10-09 15:46:40 : SELECT * FROM `mis_auto_pzfuk` WHERE ( `allnode` = 'MisAutoAhf' ) ORDER BY id desc LIMIT 0,50  
Time 2018-10-09 15:49:42 : SELECT * FROM `mis_auto_pzfuk` WHERE ( `allnode` = 'MisAutoAhf' ) ORDER BY id desc LIMIT 0,50  
Time 2018-10-09 15:51:54 : SELECT * FROM `mis_auto_pzfuk` WHERE ( `allnode` = 'MisAutoAhf' ) ORDER BY id desc LIMIT 0,50  
Time 2018-10-09 15:55:55 : SELECT * FROM `mis_auto_pzfuk` WHERE ( `allnode` = 'MisAutoAhf' ) ORDER BY id desc LIMIT 0,50  
Time 2018-10-09 15:59:51 : SELECT * FROM `mis_auto_pzfuk` WHERE ( `allnode` = 'MisAutoAhf' ) ORDER BY id desc LIMIT 0,50  
Time 2018-10-09 16:02:01 : SELECT * FROM `mis_auto_pzfuk` WHERE ( `allnode` = 'MisAutoAhf' ) ORDER BY id desc LIMIT 0,50  
Time 2018-10-09 16:03:46 : SELECT * FROM `mis_auto_pzfuk` WHERE ( `allnode` = 'MisAutoAhf' ) ORDER BY id desc LIMIT 0,50  
Time 2018-10-09 16:04:11 : SELECT * FROM `mis_auto_pzfuk` WHERE ( `allnode` = 'MisAutoAhf' ) ORDER BY id desc LIMIT 0,50  
Time 2018-10-09 16:05:21 : SELECT * FROM `mis_auto_pzfuk` WHERE ( `allnode` = 'MisAutoAhf' ) ORDER BY id desc LIMIT 0,50  
Time 2018-10-09 16:05:46 : SELECT * FROM `mis_auto_pzfuk` WHERE ( `allnode` = 'MisAutoAhf' ) ORDER BY id desc LIMIT 0,50  
Time 2018-10-09 16:05:51 : SELECT * FROM `mis_auto_pzfuk` WHERE ( `allnode` = 'MisAutoAhf' ) ORDER BY id desc LIMIT 0,50  
Time 2018-10-09 16:07:21 : SELECT * FROM `mis_auto_pzfuk` WHERE ( `allnode` = 'MisAutoAhf' ) ORDER BY id desc LIMIT 0,50  
Time 2018-10-09 16:08:54 : SELECT * FROM `mis_auto_pzfuk` WHERE ( `allnode` = 'MisAutoAhf' ) ORDER BY id desc LIMIT 0,50  
Time 2018-10-09 16:09:40 : SELECT * FROM `mis_auto_pzfuk` WHERE ( `allnode` = 'MisAutoAhf' ) ORDER BY id desc LIMIT 0,50  
Time 2018-10-09 16:10:48 : SELECT * FROM `mis_auto_pzfuk` WHERE ( `allnode` = 'MisAutoAhf' ) ORDER BY id desc LIMIT 0,50  
Time 2018-10-09 16:11:28 : SELECT * FROM `mis_auto_pzfuk` WHERE ( `allnode` = 'MisAutoAhf' ) ORDER BY id desc LIMIT 0,50  
Time 2018-10-09 16:12:35 : SELECT * FROM `mis_auto_pzfuk` WHERE ( `allnode` = 'MisAutoAhf' ) ORDER BY id desc LIMIT 0,50  
Time 2018-10-09 16:15:02 : SELECT * FROM `mis_auto_pzfuk` WHERE ( `allnode` = 'MisAutoAhf' ) ORDER BY id desc LIMIT 0,50  
Time 2018-10-09 16:21:41 : SELECT * FROM `mis_auto_pzfuk` WHERE ( `allnode` = 'MisAutoAhf' ) ORDER BY id desc LIMIT 0,50  
Time 2018-10-09 16:24:47 : SELECT * FROM `mis_auto_pzfuk` WHERE ( `allnode` = 'MisAutoAhf' ) ORDER BY id desc LIMIT 0,50  
Time 2018-10-09 16:28:03 : SELECT * FROM `mis_auto_pzfuk` WHERE ( `allnode` = 'MisAutoAhf' ) ORDER BY id desc LIMIT 0,50  
Time 2018-10-09 16:29:29 : SELECT * FROM `mis_auto_pzfuk` WHERE ( `allnode` = 'MisAutoAhf' ) ORDER BY id desc LIMIT 0,50  
Time 2018-10-09 16:31:22 : SELECT * FROM `mis_auto_pzfuk` WHERE ( `allnode` = 'MisAutoAhf' ) ORDER BY id desc LIMIT 0,50  
Time 2018-10-09 16:32:03 : SELECT * FROM `mis_auto_pzfuk` WHERE ( `allnode` = 'MisAutoAhf' ) ORDER BY id desc LIMIT 0,50  
Time 2018-10-09 16:34:07 : SELECT * FROM `mis_auto_pzfuk` WHERE ( `allnode` = 'MisAutoAhf' ) ORDER BY id desc LIMIT 0,50  
Time 2018-10-09 16:34:33 : SELECT * FROM `mis_auto_pzfuk` WHERE ( `allnode` = 'MisAutoAhf' ) ORDER BY id desc LIMIT 0,50  
Time 2018-10-09 16:35:36 : SELECT * FROM `mis_auto_pzfuk` WHERE ( `allnode` = 'MisAutoAhf' ) ORDER BY id desc LIMIT 0,50  
Time 2018-10-09 16:36:12 : SELECT * FROM `mis_auto_pzfuk` WHERE ( `allnode` = 'MisAutoAhf' ) ORDER BY id desc LIMIT 0,50  
Time 2018-10-09 16:37:43 : SELECT * FROM `mis_system_unit` ORDER BY id desc LIMIT 0,50  
Time 2018-10-09 16:37:47 : SELECT * FROM `mis_auto_pzfuk` WHERE ( `allnode` = 'MisAutoAhf' ) ORDER BY id desc LIMIT 0,50  
Time 2018-10-09 16:39:27 : SELECT * FROM `mis_auto_pzfuk` WHERE ( `allnode` = 'MisAutoAhf' ) ORDER BY id desc LIMIT 0,50  
Time 2018-10-09 16:41:26 : SELECT * FROM `mis_auto_pzfuk` WHERE ( `allnode` = 'MisAutoAhf' ) ORDER BY id desc LIMIT 0,50  
Time 2018-10-09 16:48:51 : SELECT * FROM `mis_auto_pzfuk` WHERE ( `allnode` = 'MisAutoAhf' ) ORDER BY id desc LIMIT 0,50  
Time 2018-10-09 16:49:48 : SELECT * FROM `mis_auto_pzfuk` WHERE ( `allnode` = 'MisAutoAhf' ) ORDER BY id desc LIMIT 0,50  
Time 2018-10-09 16:50:48 : SELECT * FROM `mis_auto_pzfuk` WHERE ( `allnode` = 'MisAutoAhf' ) ORDER BY id desc LIMIT 0,50  
Time 2018-10-09 16:57:49 : SELECT * FROM `mis_auto_pzfuk` WHERE ( `allnode` = 'MisAutoAhf' ) ORDER BY id desc LIMIT 0,50  
Time 2018-10-09 17:00:14 : SELECT * FROM `mis_auto_pzfuk` WHERE ( `allnode` = 'MisAutoAhf' ) ORDER BY id desc LIMIT 0,50  
Time 2018-10-09 17:00:45 : SELECT * FROM `mis_auto_pzfuk` WHERE ( `allnode` = 'MisAutoAhf' ) ORDER BY id desc LIMIT 0,50  
Time 2018-10-09 17:03:12 : SELECT * FROM `mis_auto_pzfuk` WHERE ( `allnode` = 'MisAutoAhf' ) ORDER BY id desc LIMIT 0,50  
Time 2018-10-09 17:04:57 : SELECT * FROM `mis_auto_pzfuk` WHERE ( `allnode` = 'MisAutoAhf' ) ORDER BY id desc LIMIT 0,50  
Time 2018-10-09 17:06:25 : SELECT * FROM `mis_auto_pzfuk` WHERE ( `allnode` = 'MisAutoAhf' ) ORDER BY id desc LIMIT 0,50  
Time 2018-10-09 17:08:57 : SELECT * FROM `mis_auto_pzfuk` WHERE ( `allnode` = 'MisAutoAhf' ) ORDER BY id desc LIMIT 0,50  
Time 2018-10-09 17:09:37 : SELECT * FROM `mis_auto_pzfuk` WHERE ( `allnode` = 'MisAutoAhf' ) ORDER BY id desc LIMIT 0,50  
Time 2018-10-09 17:09:42 : SELECT * FROM `mis_auto_pzfuk` WHERE ( `allnode` = 'MisAutoAhf' ) ORDER BY id desc LIMIT 0,50  
Time 2018-10-09 17:10:51 : SELECT * FROM `mis_auto_pzfuk` WHERE ( `allnode` = 'MisAutoAhf' ) ORDER BY id desc LIMIT 0,50  
Time 2018-10-09 17:47:29 : SELECT * FROM `mis_auto_pzfuk` WHERE ( `allnode` = 'MisAutoAhf' ) ORDER BY id desc LIMIT 0,50  
