Time 2018-10-09 17:00:21 : ----------1---------array('id'=>'17','testman'=>'','orderno'=>'001001007','createtime'=>'1538966716','projectid'=>'20180918','projectworkid'=>'0','areainfomap4'=>'重庆市九龙坡区渝州路街道','updateid'=>'1','updatetime'=>'1539075621',)
Time 2018-10-09 17:00:21 : ----------2---------array('id'=>'17','testman'=>'','orderno'=>'001001007','createtime'=>'1538966716','projectid'=>'20180918','projectworkid'=>'0','areainfomap4'=>'重庆市九龙坡区渝州路街道','updateid'=>'1','updatetime'=>'1539075621',)
Time 2018-10-09 17:00:21 : ----------1---------array('id'=>'7','tablename'=>'MisAutoAhf','tableid'=>'17','fieldname'=>'areainfomap4','ext1'=>'500000','ext2'=>'500100','ext3'=>'500107','ext4'=>'500107006','ext5'=>'','address'=>'','updateid'=>'1','updatetime'=>'1539075621',)
Time 2018-10-09 17:00:21 : ----------2---------array('id'=>'7','tablename'=>'MisAutoAhf','tableid'=>'17','fieldname'=>'areainfomap4','ext1'=>'500000','ext2'=>'500100','ext3'=>'500107','ext4'=>'500107006','ext5'=>'','address'=>'','updateid'=>'1','updatetime'=>'1539075621',)
Time 2018-10-09 17:00:21 : ----------1---------array('tableid'=>'17','actionname'=>'MisAutoAhf','tablename'=>'mis_auto_pzfuk',)
Time 2018-10-09 17:00:21 : ----------2---------array('tableid'=>'17','actionname'=>'MisAutoAhf','tablename'=>'mis_auto_pzfuk',)
Time 2018-10-09 17:01:00 : ----------1---------array('id'=>'17','testman'=>'','orderno'=>'001001007','createtime'=>'1538966716','projectid'=>'20180918','projectworkid'=>'0','areainfomap4'=>'重庆市渝中区大坪街道','updateid'=>'1','updatetime'=>'1539075660',)
Time 2018-10-09 17:01:00 : ----------2---------array('id'=>'17','testman'=>'','orderno'=>'001001007','createtime'=>'1538966716','projectid'=>'20180918','projectworkid'=>'0','areainfomap4'=>'重庆市渝中区大坪街道','updateid'=>'1','updatetime'=>'1539075660',)
Time 2018-10-09 17:01:01 : ----------1---------array('id'=>'7','tablename'=>'MisAutoAhf','tableid'=>'17','fieldname'=>'areainfomap4','ext1'=>'500000','ext2'=>'500100','ext3'=>'500103','ext4'=>'500103007','ext5'=>'','address'=>'','updateid'=>'1','updatetime'=>'1539075661',)
Time 2018-10-09 17:01:01 : ----------2---------array('id'=>'7','tablename'=>'MisAutoAhf','tableid'=>'17','fieldname'=>'areainfomap4','ext1'=>'500000','ext2'=>'500100','ext3'=>'500103','ext4'=>'500103007','ext5'=>'','address'=>'','updateid'=>'1','updatetime'=>'1539075661',)
Time 2018-10-09 17:01:01 : ----------1---------array('tableid'=>'17','actionname'=>'MisAutoAhf','tablename'=>'mis_auto_pzfuk',)
Time 2018-10-09 17:01:01 : ----------2---------array('tableid'=>'17','actionname'=>'MisAutoAhf','tablename'=>'mis_auto_pzfuk',)
Time 2018-10-09 17:03:17 : ----------1---------array('id'=>'18','testman'=>'','orderno'=>'ZZJ201809005','createtime'=>'1538967601','projectid'=>'20180919','projectworkid'=>'0','areainfomap4'=>'重庆市九龙坡区渝州路街道渝州路街道','updateid'=>'1','updatetime'=>'1539075797',)
Time 2018-10-09 17:03:17 : ----------2---------array('id'=>'18','testman'=>'','orderno'=>'ZZJ201809005','createtime'=>'1538967601','projectid'=>'20180919','projectworkid'=>'0','areainfomap4'=>'重庆市九龙坡区渝州路街道渝州路街道','updateid'=>'1','updatetime'=>'1539075797',)
Time 2018-10-09 17:03:18 : ----------1---------array('id'=>'8','tablename'=>'MisAutoAhf','tableid'=>'18','fieldname'=>'areainfomap4','ext1'=>'500000','ext2'=>'500100','ext3'=>'500107','ext4'=>'500107006','ext5'=>'','address'=>'渝州路街道','updateid'=>'1','updatetime'=>'1539075798',)
Time 2018-10-09 17:03:18 : ----------2---------array('id'=>'8','tablename'=>'MisAutoAhf','tableid'=>'18','fieldname'=>'areainfomap4','ext1'=>'500000','ext2'=>'500100','ext3'=>'500107','ext4'=>'500107006','ext5'=>'','address'=>'渝州路街道','updateid'=>'1','updatetime'=>'1539075798',)
Time 2018-10-09 17:03:18 : ----------1---------array('tableid'=>'18','actionname'=>'MisAutoAhf','tablename'=>'mis_auto_pzfuk',)
Time 2018-10-09 17:03:18 : ----------2---------array('tableid'=>'18','actionname'=>'MisAutoAhf','tablename'=>'mis_auto_pzfuk',)
Time 2018-10-09 17:05:34 : ----------1---------array('id'=>'18','testman'=>'','orderno'=>'ZZJ201809005','createtime'=>'1538967601','projectid'=>'20180919','projectworkid'=>'0','areainfomap4'=>'重庆市九龙坡区渝州路街道','updateid'=>'1','updatetime'=>'1539075934',)
Time 2018-10-09 17:05:34 : ----------2---------array('id'=>'18','testman'=>'','orderno'=>'ZZJ201809005','createtime'=>'1538967601','projectid'=>'20180919','projectworkid'=>'0','areainfomap4'=>'重庆市九龙坡区渝州路街道','updateid'=>'1','updatetime'=>'1539075934',)
Time 2018-10-09 17:05:34 : ----------1---------array('id'=>'8','tablename'=>'MisAutoAhf','tableid'=>'18','fieldname'=>'areainfomap4','ext1'=>'500000','ext2'=>'500100','ext3'=>'500107','ext4'=>'500107006','ext5'=>'','address'=>'','updateid'=>'1','updatetime'=>'1539075934',)
Time 2018-10-09 17:05:34 : ----------2---------array('id'=>'8','tablename'=>'MisAutoAhf','tableid'=>'18','fieldname'=>'areainfomap4','ext1'=>'500000','ext2'=>'500100','ext3'=>'500107','ext4'=>'500107006','ext5'=>'','address'=>'','updateid'=>'1','updatetime'=>'1539075934',)
Time 2018-10-09 17:05:34 : ----------1---------array('tableid'=>'18','actionname'=>'MisAutoAhf','tablename'=>'mis_auto_pzfuk',)
Time 2018-10-09 17:05:34 : ----------2---------array('tableid'=>'18','actionname'=>'MisAutoAhf','tablename'=>'mis_auto_pzfuk',)
Time 2018-10-09 17:06:34 : ----------1---------array('id'=>'18','testman'=>'','orderno'=>'ZZJ201809005','createtime'=>'1538967601','projectid'=>'20180919','projectworkid'=>'0','areainfomap4'=>'重庆市九龙坡区渝州路街道','updateid'=>'1','updatetime'=>'1539075994',)
Time 2018-10-09 17:06:34 : ----------2---------array('id'=>'18','testman'=>'','orderno'=>'ZZJ201809005','createtime'=>'1538967601','projectid'=>'20180919','projectworkid'=>'0','areainfomap4'=>'重庆市九龙坡区渝州路街道','updateid'=>'1','updatetime'=>'1539075994',)
Time 2018-10-09 17:06:34 : ----------1---------array('id'=>'8','tablename'=>'MisAutoAhf','tableid'=>'18','fieldname'=>'areainfomap4','ext1'=>'500000','ext2'=>'500100','ext3'=>'500107','ext4'=>'500107006','ext5'=>'','address'=>'','updateid'=>'1','updatetime'=>'1539075994',)
Time 2018-10-09 17:06:34 : ----------2---------array('id'=>'8','tablename'=>'MisAutoAhf','tableid'=>'18','fieldname'=>'areainfomap4','ext1'=>'500000','ext2'=>'500100','ext3'=>'500107','ext4'=>'500107006','ext5'=>'','address'=>'','updateid'=>'1','updatetime'=>'1539075994',)
Time 2018-10-09 17:06:34 : ----------1---------array('tableid'=>'18','actionname'=>'MisAutoAhf','tablename'=>'mis_auto_pzfuk',)
Time 2018-10-09 17:06:34 : ----------2---------array('tableid'=>'18','actionname'=>'MisAutoAhf','tablename'=>'mis_auto_pzfuk',)
Time 2018-10-09 17:06:46 : ----------1---------array('id'=>'18','testman'=>'','orderno'=>'ZZJ201809005','createtime'=>'1538967601','projectid'=>'20180919','projectworkid'=>'0','areainfomap4'=>'重庆市九龙坡区渝州路街道','updateid'=>'1','updatetime'=>'1539076006',)
Time 2018-10-09 17:06:46 : ----------2---------array('id'=>'18','testman'=>'','orderno'=>'ZZJ201809005','createtime'=>'1538967601','projectid'=>'20180919','projectworkid'=>'0','areainfomap4'=>'重庆市九龙坡区渝州路街道','updateid'=>'1','updatetime'=>'1539076006',)
Time 2018-10-09 17:06:46 : ----------1---------array('id'=>'8','tablename'=>'MisAutoAhf','tableid'=>'18','fieldname'=>'areainfomap4','ext1'=>'500000','ext2'=>'500100','ext3'=>'500107','ext4'=>'500107006','ext5'=>'','address'=>'','updateid'=>'1','updatetime'=>'1539076006',)
Time 2018-10-09 17:06:46 : ----------2---------array('id'=>'8','tablename'=>'MisAutoAhf','tableid'=>'18','fieldname'=>'areainfomap4','ext1'=>'500000','ext2'=>'500100','ext3'=>'500107','ext4'=>'500107006','ext5'=>'','address'=>'','updateid'=>'1','updatetime'=>'1539076006',)
Time 2018-10-09 17:06:46 : ----------1---------array('tableid'=>'18','actionname'=>'MisAutoAhf','tablename'=>'mis_auto_pzfuk',)
Time 2018-10-09 17:06:46 : ----------2---------array('tableid'=>'18','actionname'=>'MisAutoAhf','tablename'=>'mis_auto_pzfuk',)
Time 2018-10-09 17:06:50 : ----------1---------array('id'=>'18','testman'=>'','orderno'=>'ZZJ201809005','createtime'=>'1538967601','projectid'=>'20180919','projectworkid'=>'0','areainfomap4'=>'重庆市九龙坡区渝州路街道','updateid'=>'1','updatetime'=>'1539076010',)
Time 2018-10-09 17:06:50 : ----------2---------array('id'=>'18','testman'=>'','orderno'=>'ZZJ201809005','createtime'=>'1538967601','projectid'=>'20180919','projectworkid'=>'0','areainfomap4'=>'重庆市九龙坡区渝州路街道','updateid'=>'1','updatetime'=>'1539076010',)
Time 2018-10-09 17:06:50 : ----------1---------array('id'=>'8','tablename'=>'MisAutoAhf','tableid'=>'18','fieldname'=>'areainfomap4','ext1'=>'500000','ext2'=>'500100','ext3'=>'500107','ext4'=>'500107006','ext5'=>'','address'=>'','updateid'=>'1','updatetime'=>'1539076010',)
Time 2018-10-09 17:06:50 : ----------2---------array('id'=>'8','tablename'=>'MisAutoAhf','tableid'=>'18','fieldname'=>'areainfomap4','ext1'=>'500000','ext2'=>'500100','ext3'=>'500107','ext4'=>'500107006','ext5'=>'','address'=>'','updateid'=>'1','updatetime'=>'1539076010',)
Time 2018-10-09 17:06:50 : ----------1---------array('tableid'=>'18','actionname'=>'MisAutoAhf','tablename'=>'mis_auto_pzfuk',)
Time 2018-10-09 17:06:50 : ----------2---------array('tableid'=>'18','actionname'=>'MisAutoAhf','tablename'=>'mis_auto_pzfuk',)
Time 2018-10-09 17:07:45 : ----------1---------array('id'=>'18','testman'=>'','orderno'=>'ZZJ201809005','createtime'=>'1538967601','projectid'=>'20180919','projectworkid'=>'0','areainfomap4'=>'重庆市九龙坡区渝州路街道','updateid'=>'1','updatetime'=>'1539076065',)
Time 2018-10-09 17:07:45 : ----------2---------array('id'=>'18','testman'=>'','orderno'=>'ZZJ201809005','createtime'=>'1538967601','projectid'=>'20180919','projectworkid'=>'0','areainfomap4'=>'重庆市九龙坡区渝州路街道','updateid'=>'1','updatetime'=>'1539076065',)
Time 2018-10-09 17:07:45 : ----------1---------array('id'=>'8','tablename'=>'MisAutoAhf','tableid'=>'18','fieldname'=>'areainfomap4','ext1'=>'500000','ext2'=>'500100','ext3'=>'500107','ext4'=>'500107006','ext5'=>'','address'=>'','updateid'=>'1','updatetime'=>'1539076065',)
Time 2018-10-09 17:07:45 : ----------2---------array('id'=>'8','tablename'=>'MisAutoAhf','tableid'=>'18','fieldname'=>'areainfomap4','ext1'=>'500000','ext2'=>'500100','ext3'=>'500107','ext4'=>'500107006','ext5'=>'','address'=>'','updateid'=>'1','updatetime'=>'1539076065',)
Time 2018-10-09 17:07:45 : ----------1---------array('tableid'=>'18','actionname'=>'MisAutoAhf','tablename'=>'mis_auto_pzfuk',)
Time 2018-10-09 17:07:45 : ----------2---------array('tableid'=>'18','actionname'=>'MisAutoAhf','tablename'=>'mis_auto_pzfuk',)
Time 2018-10-09 17:08:01 : ----------1---------array('id'=>'18','testman'=>'','orderno'=>'ZZJ201809005','createtime'=>'1538967601','projectid'=>'20180919','projectworkid'=>'0','areainfomap4'=>'重庆市九龙坡区','updateid'=>'1','updatetime'=>'1539076081',)
Time 2018-10-09 17:08:01 : ----------2---------array('id'=>'18','testman'=>'','orderno'=>'ZZJ201809005','createtime'=>'1538967601','projectid'=>'20180919','projectworkid'=>'0','areainfomap4'=>'重庆市九龙坡区','updateid'=>'1','updatetime'=>'1539076081',)
Time 2018-10-09 17:08:01 : ----------1---------array('id'=>'8','tablename'=>'MisAutoAhf','tableid'=>'18','fieldname'=>'areainfomap4','ext1'=>'500000','ext2'=>'500100','ext3'=>'500107','address'=>'','updateid'=>'1','updatetime'=>'1539076081',)
Time 2018-10-09 17:08:01 : ----------2---------array('id'=>'8','tablename'=>'MisAutoAhf','tableid'=>'18','fieldname'=>'areainfomap4','ext1'=>'500000','ext2'=>'500100','ext3'=>'500107','address'=>'','updateid'=>'1','updatetime'=>'1539076081',)
Time 2018-10-09 17:08:01 : ----------1---------array('tableid'=>'18','actionname'=>'MisAutoAhf','tablename'=>'mis_auto_pzfuk',)
Time 2018-10-09 17:08:01 : ----------2---------array('tableid'=>'18','actionname'=>'MisAutoAhf','tablename'=>'mis_auto_pzfuk',)
Time 2018-10-09 17:09:05 : ----------1---------array('id'=>'17','testman'=>'','orderno'=>'001001007','createtime'=>'1538966716','projectid'=>'20180918','projectworkid'=>'0','areainfomap4'=>'重庆市九龙坡区渝州路街道','updateid'=>'1','updatetime'=>'1539076145',)
Time 2018-10-09 17:09:05 : ----------2---------array('id'=>'17','testman'=>'','orderno'=>'001001007','createtime'=>'1538966716','projectid'=>'20180918','projectworkid'=>'0','areainfomap4'=>'重庆市九龙坡区渝州路街道','updateid'=>'1','updatetime'=>'1539076145',)
Time 2018-10-09 17:09:05 : ----------1---------array('id'=>'7','tablename'=>'MisAutoAhf','tableid'=>'17','fieldname'=>'areainfomap4','ext1'=>'500000','ext2'=>'500100','ext3'=>'500107','ext4'=>'500107006','ext5'=>'','address'=>'','updateid'=>'1','updatetime'=>'1539076145',)
Time 2018-10-09 17:09:05 : ----------2---------array('id'=>'7','tablename'=>'MisAutoAhf','tableid'=>'17','fieldname'=>'areainfomap4','ext1'=>'500000','ext2'=>'500100','ext3'=>'500107','ext4'=>'500107006','ext5'=>'','address'=>'','updateid'=>'1','updatetime'=>'1539076145',)
Time 2018-10-09 17:09:05 : ----------1---------array('tableid'=>'17','actionname'=>'MisAutoAhf','tablename'=>'mis_auto_pzfuk',)
Time 2018-10-09 17:09:05 : ----------2---------array('tableid'=>'17','actionname'=>'MisAutoAhf','tablename'=>'mis_auto_pzfuk',)
Time 2018-10-09 17:09:10 : ----------1---------array('id'=>'17','testman'=>'','orderno'=>'001001007','createtime'=>'1538966716','projectid'=>'20180918','projectworkid'=>'0','areainfomap4'=>'重庆市九龙坡区渝州路街道','updateid'=>'1','updatetime'=>'1539076150',)
Time 2018-10-09 17:09:10 : ----------2---------array('id'=>'17','testman'=>'','orderno'=>'001001007','createtime'=>'1538966716','projectid'=>'20180918','projectworkid'=>'0','areainfomap4'=>'重庆市九龙坡区渝州路街道','updateid'=>'1','updatetime'=>'1539076150',)
Time 2018-10-09 17:09:10 : ----------1---------array('id'=>'7','tablename'=>'MisAutoAhf','tableid'=>'17','fieldname'=>'areainfomap4','ext1'=>'500000','ext2'=>'500100','ext3'=>'500107','ext4'=>'500107006','ext5'=>'','address'=>'','updateid'=>'1','updatetime'=>'1539076150',)
Time 2018-10-09 17:09:10 : ----------2---------array('id'=>'7','tablename'=>'MisAutoAhf','tableid'=>'17','fieldname'=>'areainfomap4','ext1'=>'500000','ext2'=>'500100','ext3'=>'500107','ext4'=>'500107006','ext5'=>'','address'=>'','updateid'=>'1','updatetime'=>'1539076150',)
Time 2018-10-09 17:09:11 : ----------1---------array('tableid'=>'17','actionname'=>'MisAutoAhf','tablename'=>'mis_auto_pzfuk',)
Time 2018-10-09 17:09:11 : ----------2---------array('tableid'=>'17','actionname'=>'MisAutoAhf','tablename'=>'mis_auto_pzfuk',)
Time 2018-10-09 17:09:28 : ----------1---------array('id'=>'17','testman'=>'','orderno'=>'001001007','createtime'=>'1538966716','projectid'=>'20180918','projectworkid'=>'0','areainfomap4'=>'重庆市九龙坡区渝州路街道高庙社区','updateid'=>'1','updatetime'=>'1539076168',)
Time 2018-10-09 17:09:28 : ----------2---------array('id'=>'17','testman'=>'','orderno'=>'001001007','createtime'=>'1538966716','projectid'=>'20180918','projectworkid'=>'0','areainfomap4'=>'重庆市九龙坡区渝州路街道高庙社区','updateid'=>'1','updatetime'=>'1539076168',)
Time 2018-10-09 17:09:28 : ----------1---------array('id'=>'7','tablename'=>'MisAutoAhf','tableid'=>'17','fieldname'=>'areainfomap4','ext1'=>'500000','ext2'=>'500100','ext3'=>'500107','ext4'=>'500107006','ext5'=>'','address'=>'','updateid'=>'1','updatetime'=>'1539076168',)
Time 2018-10-09 17:09:28 : ----------2---------array('id'=>'7','tablename'=>'MisAutoAhf','tableid'=>'17','fieldname'=>'areainfomap4','ext1'=>'500000','ext2'=>'500100','ext3'=>'500107','ext4'=>'500107006','ext5'=>'','address'=>'','updateid'=>'1','updatetime'=>'1539076168',)
Time 2018-10-09 17:09:28 : ----------1---------array('tableid'=>'17','actionname'=>'MisAutoAhf','tablename'=>'mis_auto_pzfuk',)
Time 2018-10-09 17:09:28 : ----------2---------array('tableid'=>'17','actionname'=>'MisAutoAhf','tablename'=>'mis_auto_pzfuk',)
Time 2018-10-09 17:10:51 : ----------1---------array('testman'=>'','bindid'=>'','orderno'=>'ZZJ201809005354313','createtime'=>'1539076251','projectid'=>'','projectworkid'=>'','relationmodelname'=>'','areainfomap4'=>'重庆市九龙坡区渝州路街道白合社区','createid'=>'1','companyid'=>'0','departmentid'=>'0','sysdutyid'=>'0','allnode'=>'MisAutoAhf',)
Time 2018-10-09 17:10:51 : ----------2---------array('testman'=>'','bindid'=>'','orderno'=>'ZZJ201809005354313','createtime'=>'1539076251','projectid'=>'','projectworkid'=>'','relationmodelname'=>'','areainfomap4'=>'重庆市九龙坡区渝州路街道白合社区','createid'=>'1','companyid'=>'0','departmentid'=>'0','sysdutyid'=>'0','allnode'=>'MisAutoAhf',)
Time 2018-10-09 17:10:51 : ----------1---------array('tablename'=>'MisAutoAhf','tableid'=>'19','fieldname'=>'areainfomap4','ext1'=>'500000','ext2'=>'500100','ext3'=>'500107','ext4'=>'500107006','ext5'=>'500107006004','detail'=>'重庆市九龙坡区渝州路街道重庆长江门业有限公司','address'=>'渝州路街道','coordinatey'=>'29.54308678730716','coordinatex'=>'106.49004355385898','createid'=>'1','createtime'=>'1539076251','companyid'=>'0','departmentid'=>'0','sysdutyid'=>'0',)
Time 2018-10-09 17:10:51 : ----------2---------array('tablename'=>'MisAutoAhf','tableid'=>'19','fieldname'=>'areainfomap4','ext1'=>'500000','ext2'=>'500100','ext3'=>'500107','ext4'=>'500107006','ext5'=>'500107006004','detail'=>'重庆市九龙坡区渝州路街道重庆长江门业有限公司','address'=>'渝州路街道','coordinatey'=>'29.54308678730716','coordinatex'=>'106.49004355385898','createid'=>'1','createtime'=>'1539076251','companyid'=>'0','departmentid'=>'0','sysdutyid'=>'0',)
Time 2018-10-09 17:10:51 : ----------1---------array('tableid'=>'19','province'=>'重庆市','city'=>'','area'=>'九龙坡区','detail'=>'重庆市九龙坡区渝州路街道重庆长江门业有限公司','longitude'=>'29.54308678730716','latitude'=>'106.49004355385898','actionname'=>'MisAutoAhf','tablename'=>'mis_auto_pzfuk',)
Time 2018-10-09 17:10:51 : ----------2---------array('tableid'=>'19','province'=>'重庆市','city'=>'','area'=>'九龙坡区','detail'=>'重庆市九龙坡区渝州路街道重庆长江门业有限公司','longitude'=>'29.54308678730716','latitude'=>'106.49004355385898','actionname'=>'MisAutoAhf','tablename'=>'mis_auto_pzfuk',)
Time 2018-10-09 17:11:00 : ----------1---------array('id'=>'19','testman'=>'','orderno'=>'ZZJ201809005354313','createtime'=>'1539076251','projectid'=>'0','projectworkid'=>'0','areainfomap4'=>'重庆市九龙坡区渝州路街道白合社区渝州路街道','updateid'=>'1','updatetime'=>'1539076260',)
Time 2018-10-09 17:11:00 : ----------2---------array('id'=>'19','testman'=>'','orderno'=>'ZZJ201809005354313','createtime'=>'1539076251','projectid'=>'0','projectworkid'=>'0','areainfomap4'=>'重庆市九龙坡区渝州路街道白合社区渝州路街道','updateid'=>'1','updatetime'=>'1539076260',)
Time 2018-10-09 17:11:00 : ----------1---------array('id'=>'9','tablename'=>'MisAutoAhf','tableid'=>'19','fieldname'=>'areainfomap4','ext1'=>'500000','ext2'=>'500100','ext3'=>'500107','ext4'=>'500107006','ext5'=>'500107006004','address'=>'渝州路街道','updateid'=>'1','updatetime'=>'1539076260',)
Time 2018-10-09 17:11:00 : ----------2---------array('id'=>'9','tablename'=>'MisAutoAhf','tableid'=>'19','fieldname'=>'areainfomap4','ext1'=>'500000','ext2'=>'500100','ext3'=>'500107','ext4'=>'500107006','ext5'=>'500107006004','address'=>'渝州路街道','updateid'=>'1','updatetime'=>'1539076260',)
Time 2018-10-09 17:11:00 : ----------1---------array('tableid'=>'19','actionname'=>'MisAutoAhf','tablename'=>'mis_auto_pzfuk',)
Time 2018-10-09 17:11:00 : ----------2---------array('tableid'=>'19','actionname'=>'MisAutoAhf','tablename'=>'mis_auto_pzfuk',)
Time 2018-10-09 17:11:01 : ----------1---------array('id'=>'19','testman'=>'','orderno'=>'ZZJ201809005354313','createtime'=>'1539076251','projectid'=>'0','projectworkid'=>'0','areainfomap4'=>'重庆市九龙坡区渝州路街道白合社区渝州路街道','updateid'=>'1','updatetime'=>'1539076261',)
Time 2018-10-09 17:11:01 : ----------2---------array('id'=>'19','testman'=>'','orderno'=>'ZZJ201809005354313','createtime'=>'1539076251','projectid'=>'0','projectworkid'=>'0','areainfomap4'=>'重庆市九龙坡区渝州路街道白合社区渝州路街道','updateid'=>'1','updatetime'=>'1539076261',)
Time 2018-10-09 17:11:01 : ----------1---------array('id'=>'9','tablename'=>'MisAutoAhf','tableid'=>'19','fieldname'=>'areainfomap4','ext1'=>'500000','ext2'=>'500100','ext3'=>'500107','ext4'=>'500107006','ext5'=>'500107006004','address'=>'渝州路街道','updateid'=>'1','updatetime'=>'1539076261',)
Time 2018-10-09 17:11:01 : ----------2---------array('id'=>'9','tablename'=>'MisAutoAhf','tableid'=>'19','fieldname'=>'areainfomap4','ext1'=>'500000','ext2'=>'500100','ext3'=>'500107','ext4'=>'500107006','ext5'=>'500107006004','address'=>'渝州路街道','updateid'=>'1','updatetime'=>'1539076261',)
Time 2018-10-09 17:11:01 : ----------1---------array('tableid'=>'19','actionname'=>'MisAutoAhf','tablename'=>'mis_auto_pzfuk',)
Time 2018-10-09 17:11:01 : ----------2---------array('tableid'=>'19','actionname'=>'MisAutoAhf','tablename'=>'mis_auto_pzfuk',)
Time 2018-10-09 17:11:04 : ----------1---------array('id'=>'19','testman'=>'','orderno'=>'ZZJ201809005354313','createtime'=>'1539076251','projectid'=>'0','projectworkid'=>'0','areainfomap4'=>'重庆市九龙坡区渝州路街道白合社区渝州路街道','updateid'=>'1','updatetime'=>'1539076264',)
Time 2018-10-09 17:11:04 : ----------2---------array('id'=>'19','testman'=>'','orderno'=>'ZZJ201809005354313','createtime'=>'1539076251','projectid'=>'0','projectworkid'=>'0','areainfomap4'=>'重庆市九龙坡区渝州路街道白合社区渝州路街道','updateid'=>'1','updatetime'=>'1539076264',)
Time 2018-10-09 17:11:04 : ----------1---------array('id'=>'9','tablename'=>'MisAutoAhf','tableid'=>'19','fieldname'=>'areainfomap4','ext1'=>'500000','ext2'=>'500100','ext3'=>'500107','ext4'=>'500107006','ext5'=>'500107006004','address'=>'渝州路街道','updateid'=>'1','updatetime'=>'1539076264',)
Time 2018-10-09 17:11:04 : ----------2---------array('id'=>'9','tablename'=>'MisAutoAhf','tableid'=>'19','fieldname'=>'areainfomap4','ext1'=>'500000','ext2'=>'500100','ext3'=>'500107','ext4'=>'500107006','ext5'=>'500107006004','address'=>'渝州路街道','updateid'=>'1','updatetime'=>'1539076264',)
Time 2018-10-09 17:11:04 : ----------1---------array('tableid'=>'19','actionname'=>'MisAutoAhf','tablename'=>'mis_auto_pzfuk',)
Time 2018-10-09 17:11:04 : ----------2---------array('tableid'=>'19','actionname'=>'MisAutoAhf','tablename'=>'mis_auto_pzfuk',)
Time 2018-10-09 17:14:38 : ----------1---------array('id'=>'19','testman'=>'','orderno'=>'ZZJ201809005354313','createtime'=>'1539076251','projectid'=>'0','projectworkid'=>'0','areainfomap4'=>'重庆市九龙坡区渝州路街道白合社区','updateid'=>'1','updatetime'=>'1539076478',)
Time 2018-10-09 17:14:38 : ----------2---------array('id'=>'19','testman'=>'','orderno'=>'ZZJ201809005354313','createtime'=>'1539076251','projectid'=>'0','projectworkid'=>'0','areainfomap4'=>'重庆市九龙坡区渝州路街道白合社区','updateid'=>'1','updatetime'=>'1539076478',)
Time 2018-10-09 17:14:38 : ----------1---------array('id'=>'9','tablename'=>'MisAutoAhf','tableid'=>'19','fieldname'=>'areainfomap4','ext1'=>'500000','ext2'=>'500100','ext3'=>'500107','ext4'=>'500107006','ext5'=>'500107006004','detail'=>'','address'=>'','coordinatey'=>'','coordinatex'=>'','updateid'=>'1','updatetime'=>'1539076478',)
Time 2018-10-09 17:14:38 : ----------2---------array('id'=>'9','tablename'=>'MisAutoAhf','tableid'=>'19','fieldname'=>'areainfomap4','ext1'=>'500000','ext2'=>'500100','ext3'=>'500107','ext4'=>'500107006','ext5'=>'500107006004','detail'=>'','address'=>'','coordinatey'=>'','coordinatex'=>'','updateid'=>'1','updatetime'=>'1539076478',)
Time 2018-10-09 17:14:38 : ----------1---------array('tableid'=>'19','province'=>'','city'=>'','area'=>'','detail'=>'','longitude'=>'','latitude'=>'','actionname'=>'MisAutoAhf','tablename'=>'mis_auto_pzfuk',)
Time 2018-10-09 17:14:38 : ----------2---------array('tableid'=>'19','province'=>'','city'=>'','area'=>'','detail'=>'','longitude'=>'','latitude'=>'','actionname'=>'MisAutoAhf','tablename'=>'mis_auto_pzfuk',)
Time 2018-10-09 17:27:05 : ----------1---------array('id'=>'19','testman'=>'','orderno'=>'ZZJ201809005354313','createtime'=>'1539076251','projectid'=>'0','projectworkid'=>'0','areainfomap4'=>'重庆市南岸区南坪街道','updateid'=>'1','updatetime'=>'1539077225',)
Time 2018-10-09 17:27:05 : ----------2---------array('id'=>'19','testman'=>'','orderno'=>'ZZJ201809005354313','createtime'=>'1539076251','projectid'=>'0','projectworkid'=>'0','areainfomap4'=>'重庆市南岸区南坪街道','updateid'=>'1','updatetime'=>'1539077225',)
Time 2018-10-09 17:27:05 : ----------1---------array('id'=>'9','tablename'=>'MisAutoAhf','tableid'=>'19','fieldname'=>'areainfomap4','ext1'=>'500000','ext2'=>'500100','ext3'=>'500108','ext4'=>'500108003','ext5'=>'','address'=>'','updateid'=>'1','updatetime'=>'1539077225',)
Time 2018-10-09 17:27:05 : ----------2---------array('id'=>'9','tablename'=>'MisAutoAhf','tableid'=>'19','fieldname'=>'areainfomap4','ext1'=>'500000','ext2'=>'500100','ext3'=>'500108','ext4'=>'500108003','ext5'=>'','address'=>'','updateid'=>'1','updatetime'=>'1539077225',)
Time 2018-10-09 17:27:05 : ----------1---------array('tableid'=>'19','actionname'=>'MisAutoAhf','tablename'=>'mis_auto_pzfuk',)
Time 2018-10-09 17:27:05 : ----------2---------array('tableid'=>'19','actionname'=>'MisAutoAhf','tablename'=>'mis_auto_pzfuk',)
Time 2018-10-09 17:27:06 : ----------1---------array('id'=>'19','testman'=>'','orderno'=>'ZZJ201809005354313','createtime'=>'1539076251','projectid'=>'0','projectworkid'=>'0','areainfomap4'=>'重庆市南岸区南坪街道','updateid'=>'1','updatetime'=>'1539077226',)
Time 2018-10-09 17:27:06 : ----------2---------array('id'=>'19','testman'=>'','orderno'=>'ZZJ201809005354313','createtime'=>'1539076251','projectid'=>'0','projectworkid'=>'0','areainfomap4'=>'重庆市南岸区南坪街道','updateid'=>'1','updatetime'=>'1539077226',)
Time 2018-10-09 17:27:06 : ----------1---------array('id'=>'9','tablename'=>'MisAutoAhf','tableid'=>'19','fieldname'=>'areainfomap4','ext1'=>'500000','ext2'=>'500100','ext3'=>'500108','ext4'=>'500108003','ext5'=>'','address'=>'','updateid'=>'1','updatetime'=>'1539077226',)
Time 2018-10-09 17:27:06 : ----------2---------array('id'=>'9','tablename'=>'MisAutoAhf','tableid'=>'19','fieldname'=>'areainfomap4','ext1'=>'500000','ext2'=>'500100','ext3'=>'500108','ext4'=>'500108003','ext5'=>'','address'=>'','updateid'=>'1','updatetime'=>'1539077226',)
Time 2018-10-09 17:27:06 : ----------1---------array('tableid'=>'19','actionname'=>'MisAutoAhf','tablename'=>'mis_auto_pzfuk',)
Time 2018-10-09 17:27:06 : ----------2---------array('tableid'=>'19','actionname'=>'MisAutoAhf','tablename'=>'mis_auto_pzfuk',)
