Time 2018-10-09 16:48:57 : ----------1---------array('id'=>'17','testman'=>'','orderno'=>'001001007','createtime'=>'1538966716','projectid'=>'20180918','projectworkid'=>'0','areainfomap4'=>'重庆市九龙坡区渝州路街道渝州路街道','updateid'=>'1','updatetime'=>'1539074937',)
Time 2018-10-09 16:48:57 : ----------2---------array('id'=>'17','testman'=>'','orderno'=>'001001007','createtime'=>'1538966716','projectid'=>'20180918','projectworkid'=>'0','areainfomap4'=>'重庆市九龙坡区渝州路街道渝州路街道','updateid'=>'1','updatetime'=>'1539074937',)
Time 2018-10-09 16:48:57 : ----------1---------array('id'=>'7','tablename'=>'MisAutoAhf','tableid'=>'17','fieldname'=>'areainfomap4','ext1'=>'500000','ext2'=>'500100','ext3'=>'500107','ext4'=>'500107006','ext5'=>'','address'=>'渝州路街道','updateid'=>'1','updatetime'=>'1539074937',)
Time 2018-10-09 16:48:57 : ----------2---------array('id'=>'7','tablename'=>'MisAutoAhf','tableid'=>'17','fieldname'=>'areainfomap4','ext1'=>'500000','ext2'=>'500100','ext3'=>'500107','ext4'=>'500107006','ext5'=>'','address'=>'渝州路街道','updateid'=>'1','updatetime'=>'1539074937',)
Time 2018-10-09 16:48:57 : ----------1---------array('tableid'=>'17','actionname'=>'MisAutoAhf','tablename'=>'mis_auto_pzfuk',)
Time 2018-10-09 16:48:57 : ----------2---------array('tableid'=>'17','actionname'=>'MisAutoAhf','tablename'=>'mis_auto_pzfuk',)
Time 2018-10-09 16:49:04 : ----------1---------array('id'=>'17','testman'=>'','orderno'=>'001001007','createtime'=>'1538966716','projectid'=>'20180918','projectworkid'=>'0','areainfomap4'=>'重庆市九龙坡区渝州路街道渝州路街道','updateid'=>'1','updatetime'=>'1539074944',)
Time 2018-10-09 16:49:04 : ----------2---------array('id'=>'17','testman'=>'','orderno'=>'001001007','createtime'=>'1538966716','projectid'=>'20180918','projectworkid'=>'0','areainfomap4'=>'重庆市九龙坡区渝州路街道渝州路街道','updateid'=>'1','updatetime'=>'1539074944',)
Time 2018-10-09 16:49:04 : ----------1---------array('id'=>'7','tablename'=>'MisAutoAhf','tableid'=>'17','fieldname'=>'areainfomap4','ext1'=>'500000','ext2'=>'500100','ext3'=>'500107','ext4'=>'500107006','ext5'=>'','address'=>'渝州路街道','updateid'=>'1','updatetime'=>'1539074944',)
Time 2018-10-09 16:49:04 : ----------2---------array('id'=>'7','tablename'=>'MisAutoAhf','tableid'=>'17','fieldname'=>'areainfomap4','ext1'=>'500000','ext2'=>'500100','ext3'=>'500107','ext4'=>'500107006','ext5'=>'','address'=>'渝州路街道','updateid'=>'1','updatetime'=>'1539074944',)
Time 2018-10-09 16:49:04 : ----------1---------array('tableid'=>'17','actionname'=>'MisAutoAhf','tablename'=>'mis_auto_pzfuk',)
Time 2018-10-09 16:49:04 : ----------2---------array('tableid'=>'17','actionname'=>'MisAutoAhf','tablename'=>'mis_auto_pzfuk',)
Time 2018-10-09 16:49:12 : ----------1---------array('id'=>'17','testman'=>'','orderno'=>'001001007','createtime'=>'1538966716','projectid'=>'20180918','projectworkid'=>'0','areainfomap4'=>'重庆市九龙坡区渝州路街道渝州路街道','updateid'=>'1','updatetime'=>'1539074952',)
Time 2018-10-09 16:49:12 : ----------2---------array('id'=>'17','testman'=>'','orderno'=>'001001007','createtime'=>'1538966716','projectid'=>'20180918','projectworkid'=>'0','areainfomap4'=>'重庆市九龙坡区渝州路街道渝州路街道','updateid'=>'1','updatetime'=>'1539074952',)
Time 2018-10-09 16:49:12 : ----------1---------array('id'=>'7','tablename'=>'MisAutoAhf','tableid'=>'17','fieldname'=>'areainfomap4','ext1'=>'500000','ext2'=>'500100','ext3'=>'500107','ext4'=>'500107006','ext5'=>'','address'=>'渝州路街道','updateid'=>'1','updatetime'=>'1539074952',)
Time 2018-10-09 16:49:12 : ----------2---------array('id'=>'7','tablename'=>'MisAutoAhf','tableid'=>'17','fieldname'=>'areainfomap4','ext1'=>'500000','ext2'=>'500100','ext3'=>'500107','ext4'=>'500107006','ext5'=>'','address'=>'渝州路街道','updateid'=>'1','updatetime'=>'1539074952',)
Time 2018-10-09 16:49:12 : ----------1---------array('tableid'=>'17','actionname'=>'MisAutoAhf','tablename'=>'mis_auto_pzfuk',)
Time 2018-10-09 16:49:12 : ----------2---------array('tableid'=>'17','actionname'=>'MisAutoAhf','tablename'=>'mis_auto_pzfuk',)
Time 2018-10-09 16:49:13 : ----------1---------array('id'=>'17','testman'=>'','orderno'=>'001001007','createtime'=>'1538966716','projectid'=>'20180918','projectworkid'=>'0','areainfomap4'=>'重庆市九龙坡区渝州路街道渝州路街道','updateid'=>'1','updatetime'=>'1539074953',)
Time 2018-10-09 16:49:13 : ----------2---------array('id'=>'17','testman'=>'','orderno'=>'001001007','createtime'=>'1538966716','projectid'=>'20180918','projectworkid'=>'0','areainfomap4'=>'重庆市九龙坡区渝州路街道渝州路街道','updateid'=>'1','updatetime'=>'1539074953',)
Time 2018-10-09 16:49:13 : ----------1---------array('id'=>'7','tablename'=>'MisAutoAhf','tableid'=>'17','fieldname'=>'areainfomap4','ext1'=>'500000','ext2'=>'500100','ext3'=>'500107','ext4'=>'500107006','ext5'=>'','address'=>'渝州路街道','updateid'=>'1','updatetime'=>'1539074953',)
Time 2018-10-09 16:49:13 : ----------2---------array('id'=>'7','tablename'=>'MisAutoAhf','tableid'=>'17','fieldname'=>'areainfomap4','ext1'=>'500000','ext2'=>'500100','ext3'=>'500107','ext4'=>'500107006','ext5'=>'','address'=>'渝州路街道','updateid'=>'1','updatetime'=>'1539074953',)
Time 2018-10-09 16:49:13 : ----------1---------array('tableid'=>'17','actionname'=>'MisAutoAhf','tablename'=>'mis_auto_pzfuk',)
Time 2018-10-09 16:49:13 : ----------2---------array('tableid'=>'17','actionname'=>'MisAutoAhf','tablename'=>'mis_auto_pzfuk',)
Time 2018-10-09 16:49:15 : ----------1---------array('id'=>'17','testman'=>'','orderno'=>'001001007','createtime'=>'1538966716','projectid'=>'20180918','projectworkid'=>'0','areainfomap4'=>'重庆市九龙坡区渝州路街道渝州路街道','updateid'=>'1','updatetime'=>'1539074955',)
Time 2018-10-09 16:49:15 : ----------2---------array('id'=>'17','testman'=>'','orderno'=>'001001007','createtime'=>'1538966716','projectid'=>'20180918','projectworkid'=>'0','areainfomap4'=>'重庆市九龙坡区渝州路街道渝州路街道','updateid'=>'1','updatetime'=>'1539074955',)
Time 2018-10-09 16:49:15 : ----------1---------array('id'=>'7','tablename'=>'MisAutoAhf','tableid'=>'17','fieldname'=>'areainfomap4','ext1'=>'500000','ext2'=>'500100','ext3'=>'500107','ext4'=>'500107006','ext5'=>'','address'=>'渝州路街道','updateid'=>'1','updatetime'=>'1539074955',)
Time 2018-10-09 16:49:15 : ----------2---------array('id'=>'7','tablename'=>'MisAutoAhf','tableid'=>'17','fieldname'=>'areainfomap4','ext1'=>'500000','ext2'=>'500100','ext3'=>'500107','ext4'=>'500107006','ext5'=>'','address'=>'渝州路街道','updateid'=>'1','updatetime'=>'1539074955',)
Time 2018-10-09 16:49:15 : ----------1---------array('tableid'=>'17','actionname'=>'MisAutoAhf','tablename'=>'mis_auto_pzfuk',)
Time 2018-10-09 16:49:15 : ----------2---------array('tableid'=>'17','actionname'=>'MisAutoAhf','tablename'=>'mis_auto_pzfuk',)
Time 2018-10-09 16:49:17 : ----------1---------array('id'=>'17','testman'=>'','orderno'=>'001001007','createtime'=>'1538966716','projectid'=>'20180918','projectworkid'=>'0','areainfomap4'=>'重庆市九龙坡区渝州路街道渝州路街道','updateid'=>'1','updatetime'=>'1539074957',)
Time 2018-10-09 16:49:17 : ----------2---------array('id'=>'17','testman'=>'','orderno'=>'001001007','createtime'=>'1538966716','projectid'=>'20180918','projectworkid'=>'0','areainfomap4'=>'重庆市九龙坡区渝州路街道渝州路街道','updateid'=>'1','updatetime'=>'1539074957',)
Time 2018-10-09 16:49:17 : ----------1---------array('id'=>'7','tablename'=>'MisAutoAhf','tableid'=>'17','fieldname'=>'areainfomap4','ext1'=>'500000','ext2'=>'500100','ext3'=>'500107','ext4'=>'500107006','ext5'=>'','address'=>'渝州路街道','updateid'=>'1','updatetime'=>'1539074957',)
Time 2018-10-09 16:49:17 : ----------2---------array('id'=>'7','tablename'=>'MisAutoAhf','tableid'=>'17','fieldname'=>'areainfomap4','ext1'=>'500000','ext2'=>'500100','ext3'=>'500107','ext4'=>'500107006','ext5'=>'','address'=>'渝州路街道','updateid'=>'1','updatetime'=>'1539074957',)
Time 2018-10-09 16:49:17 : ----------1---------array('tableid'=>'17','actionname'=>'MisAutoAhf','tablename'=>'mis_auto_pzfuk',)
Time 2018-10-09 16:49:17 : ----------2---------array('tableid'=>'17','actionname'=>'MisAutoAhf','tablename'=>'mis_auto_pzfuk',)
Time 2018-10-09 16:49:19 : ----------1---------array('id'=>'17','testman'=>'','orderno'=>'001001007','createtime'=>'1538966716','projectid'=>'20180918','projectworkid'=>'0','areainfomap4'=>'重庆市九龙坡区渝州路街道渝州路街道','updateid'=>'1','updatetime'=>'1539074959',)
Time 2018-10-09 16:49:19 : ----------2---------array('id'=>'17','testman'=>'','orderno'=>'001001007','createtime'=>'1538966716','projectid'=>'20180918','projectworkid'=>'0','areainfomap4'=>'重庆市九龙坡区渝州路街道渝州路街道','updateid'=>'1','updatetime'=>'1539074959',)
Time 2018-10-09 16:49:19 : ----------1---------array('id'=>'7','tablename'=>'MisAutoAhf','tableid'=>'17','fieldname'=>'areainfomap4','ext1'=>'500000','ext2'=>'500100','ext3'=>'500107','ext4'=>'500107006','ext5'=>'','address'=>'渝州路街道','updateid'=>'1','updatetime'=>'1539074959',)
Time 2018-10-09 16:49:19 : ----------2---------array('id'=>'7','tablename'=>'MisAutoAhf','tableid'=>'17','fieldname'=>'areainfomap4','ext1'=>'500000','ext2'=>'500100','ext3'=>'500107','ext4'=>'500107006','ext5'=>'','address'=>'渝州路街道','updateid'=>'1','updatetime'=>'1539074959',)
Time 2018-10-09 16:49:19 : ----------1---------array('tableid'=>'17','actionname'=>'MisAutoAhf','tablename'=>'mis_auto_pzfuk',)
Time 2018-10-09 16:49:19 : ----------2---------array('tableid'=>'17','actionname'=>'MisAutoAhf','tablename'=>'mis_auto_pzfuk',)
Time 2018-10-09 16:49:56 : ----------1---------array('id'=>'17','testman'=>'','orderno'=>'001001007','createtime'=>'1538966716','projectid'=>'20180918','projectworkid'=>'0','areainfomap4'=>'重庆市九龙坡区渝州路街道渝州路街道','updateid'=>'1','updatetime'=>'1539074996',)
Time 2018-10-09 16:49:56 : ----------2---------array('id'=>'17','testman'=>'','orderno'=>'001001007','createtime'=>'1538966716','projectid'=>'20180918','projectworkid'=>'0','areainfomap4'=>'重庆市九龙坡区渝州路街道渝州路街道','updateid'=>'1','updatetime'=>'1539074996',)
Time 2018-10-09 16:49:56 : ----------1---------array('id'=>'7','tablename'=>'MisAutoAhf','tableid'=>'17','fieldname'=>'areainfomap4','ext1'=>'500000','ext2'=>'500100','ext3'=>'500107','ext4'=>'500107006','ext5'=>'','address'=>'渝州路街道','updateid'=>'1','updatetime'=>'1539074996',)
Time 2018-10-09 16:49:56 : ----------2---------array('id'=>'7','tablename'=>'MisAutoAhf','tableid'=>'17','fieldname'=>'areainfomap4','ext1'=>'500000','ext2'=>'500100','ext3'=>'500107','ext4'=>'500107006','ext5'=>'','address'=>'渝州路街道','updateid'=>'1','updatetime'=>'1539074996',)
Time 2018-10-09 16:49:56 : ----------1---------array('tableid'=>'17','actionname'=>'MisAutoAhf','tablename'=>'mis_auto_pzfuk',)
Time 2018-10-09 16:49:56 : ----------2---------array('tableid'=>'17','actionname'=>'MisAutoAhf','tablename'=>'mis_auto_pzfuk',)
Time 2018-10-09 16:50:59 : ----------1---------array('id'=>'17','testman'=>'','orderno'=>'001001007','createtime'=>'1538966716','projectid'=>'20180918','projectworkid'=>'0','areainfomap4'=>'重庆市九龙坡区渝州路街道渝州路街道','updateid'=>'1','updatetime'=>'1539075059',)
Time 2018-10-09 16:50:59 : ----------2---------array('id'=>'17','testman'=>'','orderno'=>'001001007','createtime'=>'1538966716','projectid'=>'20180918','projectworkid'=>'0','areainfomap4'=>'重庆市九龙坡区渝州路街道渝州路街道','updateid'=>'1','updatetime'=>'1539075059',)
Time 2018-10-09 16:50:59 : ----------1---------array('id'=>'7','tablename'=>'MisAutoAhf','tableid'=>'17','fieldname'=>'areainfomap4','ext1'=>'500000','ext2'=>'500100','ext3'=>'500107','ext4'=>'500107006','ext5'=>'','address'=>'渝州路街道','updateid'=>'1','updatetime'=>'1539075059',)
Time 2018-10-09 16:50:59 : ----------2---------array('id'=>'7','tablename'=>'MisAutoAhf','tableid'=>'17','fieldname'=>'areainfomap4','ext1'=>'500000','ext2'=>'500100','ext3'=>'500107','ext4'=>'500107006','ext5'=>'','address'=>'渝州路街道','updateid'=>'1','updatetime'=>'1539075059',)
Time 2018-10-09 16:50:59 : ----------1---------array('tableid'=>'17','actionname'=>'MisAutoAhf','tablename'=>'mis_auto_pzfuk',)
Time 2018-10-09 16:50:59 : ----------2---------array('tableid'=>'17','actionname'=>'MisAutoAhf','tablename'=>'mis_auto_pzfuk',)
Time 2018-10-09 16:51:02 : ----------1---------array('id'=>'17','testman'=>'','orderno'=>'001001007','createtime'=>'1538966716','projectid'=>'20180918','projectworkid'=>'0','areainfomap4'=>'重庆市九龙坡区渝州路街道渝州路街道','updateid'=>'1','updatetime'=>'1539075062',)
Time 2018-10-09 16:51:02 : ----------2---------array('id'=>'17','testman'=>'','orderno'=>'001001007','createtime'=>'1538966716','projectid'=>'20180918','projectworkid'=>'0','areainfomap4'=>'重庆市九龙坡区渝州路街道渝州路街道','updateid'=>'1','updatetime'=>'1539075062',)
Time 2018-10-09 16:51:02 : ----------1---------array('id'=>'7','tablename'=>'MisAutoAhf','tableid'=>'17','fieldname'=>'areainfomap4','ext1'=>'500000','ext2'=>'500100','ext3'=>'500107','ext4'=>'500107006','ext5'=>'','address'=>'渝州路街道','updateid'=>'1','updatetime'=>'1539075062',)
Time 2018-10-09 16:51:02 : ----------2---------array('id'=>'7','tablename'=>'MisAutoAhf','tableid'=>'17','fieldname'=>'areainfomap4','ext1'=>'500000','ext2'=>'500100','ext3'=>'500107','ext4'=>'500107006','ext5'=>'','address'=>'渝州路街道','updateid'=>'1','updatetime'=>'1539075062',)
Time 2018-10-09 16:51:02 : ----------1---------array('tableid'=>'17','actionname'=>'MisAutoAhf','tablename'=>'mis_auto_pzfuk',)
Time 2018-10-09 16:51:02 : ----------2---------array('tableid'=>'17','actionname'=>'MisAutoAhf','tablename'=>'mis_auto_pzfuk',)
Time 2018-10-09 16:52:20 : ----------1---------array('id'=>'17','testman'=>'','orderno'=>'001001007','createtime'=>'1538966716','projectid'=>'20180918','projectworkid'=>'0','areainfomap4'=>'重庆市九龙坡区渝州路街道渝州路街道','updateid'=>'1','updatetime'=>'1539075140',)
Time 2018-10-09 16:52:20 : ----------2---------array('id'=>'17','testman'=>'','orderno'=>'001001007','createtime'=>'1538966716','projectid'=>'20180918','projectworkid'=>'0','areainfomap4'=>'重庆市九龙坡区渝州路街道渝州路街道','updateid'=>'1','updatetime'=>'1539075140',)
Time 2018-10-09 16:52:20 : ----------1---------array('id'=>'7','tablename'=>'MisAutoAhf','tableid'=>'17','fieldname'=>'areainfomap4','ext1'=>'500000','ext2'=>'500100','ext3'=>'500107','ext4'=>'500107006','ext5'=>'','address'=>'渝州路街道','updateid'=>'1','updatetime'=>'1539075140',)
Time 2018-10-09 16:52:20 : ----------2---------array('id'=>'7','tablename'=>'MisAutoAhf','tableid'=>'17','fieldname'=>'areainfomap4','ext1'=>'500000','ext2'=>'500100','ext3'=>'500107','ext4'=>'500107006','ext5'=>'','address'=>'渝州路街道','updateid'=>'1','updatetime'=>'1539075140',)
Time 2018-10-09 16:52:20 : ----------1---------array('tableid'=>'17','actionname'=>'MisAutoAhf','tablename'=>'mis_auto_pzfuk',)
Time 2018-10-09 16:52:20 : ----------2---------array('tableid'=>'17','actionname'=>'MisAutoAhf','tablename'=>'mis_auto_pzfuk',)
Time 2018-10-09 16:52:50 : ----------1---------array('id'=>'17','testman'=>'','orderno'=>'001001007','createtime'=>'1538966716','projectid'=>'20180918','projectworkid'=>'0','areainfomap4'=>'重庆市九龙坡区渝州路街道','updateid'=>'1','updatetime'=>'1539075170',)
Time 2018-10-09 16:52:50 : ----------2---------array('id'=>'17','testman'=>'','orderno'=>'001001007','createtime'=>'1538966716','projectid'=>'20180918','projectworkid'=>'0','areainfomap4'=>'重庆市九龙坡区渝州路街道','updateid'=>'1','updatetime'=>'1539075170',)
Time 2018-10-09 16:52:50 : ----------1---------array('id'=>'7','tablename'=>'MisAutoAhf','tableid'=>'17','fieldname'=>'areainfomap4','ext1'=>'500000','ext2'=>'500100','ext3'=>'500107','ext4'=>'500107006','ext5'=>'','address'=>'','updateid'=>'1','updatetime'=>'1539075170',)
Time 2018-10-09 16:52:50 : ----------2---------array('id'=>'7','tablename'=>'MisAutoAhf','tableid'=>'17','fieldname'=>'areainfomap4','ext1'=>'500000','ext2'=>'500100','ext3'=>'500107','ext4'=>'500107006','ext5'=>'','address'=>'','updateid'=>'1','updatetime'=>'1539075170',)
Time 2018-10-09 16:52:50 : ----------1---------array('tableid'=>'17','actionname'=>'MisAutoAhf','tablename'=>'mis_auto_pzfuk',)
Time 2018-10-09 16:52:50 : ----------2---------array('tableid'=>'17','actionname'=>'MisAutoAhf','tablename'=>'mis_auto_pzfuk',)
Time 2018-10-09 16:52:53 : ----------1---------array('id'=>'17','testman'=>'','orderno'=>'001001007','createtime'=>'1538966716','projectid'=>'20180918','projectworkid'=>'0','areainfomap4'=>'重庆市九龙坡区渝州路街道','updateid'=>'1','updatetime'=>'1539075173',)
Time 2018-10-09 16:52:53 : ----------2---------array('id'=>'17','testman'=>'','orderno'=>'001001007','createtime'=>'1538966716','projectid'=>'20180918','projectworkid'=>'0','areainfomap4'=>'重庆市九龙坡区渝州路街道','updateid'=>'1','updatetime'=>'1539075173',)
Time 2018-10-09 16:52:53 : ----------1---------array('id'=>'7','tablename'=>'MisAutoAhf','tableid'=>'17','fieldname'=>'areainfomap4','ext1'=>'500000','ext2'=>'500100','ext3'=>'500107','ext4'=>'500107006','ext5'=>'','address'=>'','updateid'=>'1','updatetime'=>'1539075173',)
Time 2018-10-09 16:52:53 : ----------2---------array('id'=>'7','tablename'=>'MisAutoAhf','tableid'=>'17','fieldname'=>'areainfomap4','ext1'=>'500000','ext2'=>'500100','ext3'=>'500107','ext4'=>'500107006','ext5'=>'','address'=>'','updateid'=>'1','updatetime'=>'1539075173',)
Time 2018-10-09 16:52:53 : ----------1---------array('tableid'=>'17','actionname'=>'MisAutoAhf','tablename'=>'mis_auto_pzfuk',)
Time 2018-10-09 16:52:53 : ----------2---------array('tableid'=>'17','actionname'=>'MisAutoAhf','tablename'=>'mis_auto_pzfuk',)
Time 2018-10-09 16:52:57 : ----------1---------array('id'=>'17','testman'=>'','orderno'=>'001001007','createtime'=>'1538966716','projectid'=>'20180918','projectworkid'=>'0','areainfomap4'=>'重庆市九龙坡区渝州路街道','updateid'=>'1','updatetime'=>'1539075177',)
Time 2018-10-09 16:52:57 : ----------2---------array('id'=>'17','testman'=>'','orderno'=>'001001007','createtime'=>'1538966716','projectid'=>'20180918','projectworkid'=>'0','areainfomap4'=>'重庆市九龙坡区渝州路街道','updateid'=>'1','updatetime'=>'1539075177',)
Time 2018-10-09 16:52:57 : ----------1---------array('id'=>'7','tablename'=>'MisAutoAhf','tableid'=>'17','fieldname'=>'areainfomap4','ext1'=>'500000','ext2'=>'500100','ext3'=>'500107','ext4'=>'500107006','ext5'=>'','address'=>'','updateid'=>'1','updatetime'=>'1539075177',)
Time 2018-10-09 16:52:57 : ----------2---------array('id'=>'7','tablename'=>'MisAutoAhf','tableid'=>'17','fieldname'=>'areainfomap4','ext1'=>'500000','ext2'=>'500100','ext3'=>'500107','ext4'=>'500107006','ext5'=>'','address'=>'','updateid'=>'1','updatetime'=>'1539075177',)
Time 2018-10-09 16:52:57 : ----------1---------array('tableid'=>'17','actionname'=>'MisAutoAhf','tablename'=>'mis_auto_pzfuk',)
Time 2018-10-09 16:52:57 : ----------2---------array('tableid'=>'17','actionname'=>'MisAutoAhf','tablename'=>'mis_auto_pzfuk',)
Time 2018-10-09 16:53:18 : ----------1---------array('id'=>'17','testman'=>'','orderno'=>'001001007','createtime'=>'1538966716','projectid'=>'20180918','projectworkid'=>'0','areainfomap4'=>'重庆市九龙坡区渝州路街道','updateid'=>'1','updatetime'=>'1539075198',)
Time 2018-10-09 16:53:18 : ----------2---------array('id'=>'17','testman'=>'','orderno'=>'001001007','createtime'=>'1538966716','projectid'=>'20180918','projectworkid'=>'0','areainfomap4'=>'重庆市九龙坡区渝州路街道','updateid'=>'1','updatetime'=>'1539075198',)
Time 2018-10-09 16:53:18 : ----------1---------array('id'=>'7','tablename'=>'MisAutoAhf','tableid'=>'17','fieldname'=>'areainfomap4','ext1'=>'500000','ext2'=>'500100','ext3'=>'500107','ext4'=>'500107006','ext5'=>'','address'=>'','updateid'=>'1','updatetime'=>'1539075198',)
Time 2018-10-09 16:53:18 : ----------2---------array('id'=>'7','tablename'=>'MisAutoAhf','tableid'=>'17','fieldname'=>'areainfomap4','ext1'=>'500000','ext2'=>'500100','ext3'=>'500107','ext4'=>'500107006','ext5'=>'','address'=>'','updateid'=>'1','updatetime'=>'1539075198',)
Time 2018-10-09 16:53:18 : ----------1---------array('tableid'=>'17','actionname'=>'MisAutoAhf','tablename'=>'mis_auto_pzfuk',)
Time 2018-10-09 16:53:18 : ----------2---------array('tableid'=>'17','actionname'=>'MisAutoAhf','tablename'=>'mis_auto_pzfuk',)
Time 2018-10-09 16:53:49 : ----------1---------array('id'=>'17','testman'=>'','orderno'=>'001001007','createtime'=>'1538966716','projectid'=>'20180918','projectworkid'=>'0','areainfomap4'=>'重庆市九龙坡区渝州路街道','updateid'=>'1','updatetime'=>'1539075229',)
Time 2018-10-09 16:53:49 : ----------2---------array('id'=>'17','testman'=>'','orderno'=>'001001007','createtime'=>'1538966716','projectid'=>'20180918','projectworkid'=>'0','areainfomap4'=>'重庆市九龙坡区渝州路街道','updateid'=>'1','updatetime'=>'1539075229',)
Time 2018-10-09 16:53:49 : ----------1---------array('id'=>'7','tablename'=>'MisAutoAhf','tableid'=>'17','fieldname'=>'areainfomap4','ext1'=>'500000','ext2'=>'500100','ext3'=>'500107','ext4'=>'500107006','ext5'=>'','address'=>'','updateid'=>'1','updatetime'=>'1539075229',)
Time 2018-10-09 16:53:49 : ----------2---------array('id'=>'7','tablename'=>'MisAutoAhf','tableid'=>'17','fieldname'=>'areainfomap4','ext1'=>'500000','ext2'=>'500100','ext3'=>'500107','ext4'=>'500107006','ext5'=>'','address'=>'','updateid'=>'1','updatetime'=>'1539075229',)
Time 2018-10-09 16:53:49 : ----------1---------array('tableid'=>'17','actionname'=>'MisAutoAhf','tablename'=>'mis_auto_pzfuk',)
Time 2018-10-09 16:53:49 : ----------2---------array('tableid'=>'17','actionname'=>'MisAutoAhf','tablename'=>'mis_auto_pzfuk',)
Time 2018-10-09 16:57:55 : ----------1---------array('id'=>'11','testman'=>'','orderno'=>'001001008','createtime'=>'1538965537','projectid'=>'20180919','projectworkid'=>'0','areainfomap4'=>'重庆市渝中区石油路街道石油路街道','updateid'=>'1','updatetime'=>'1539075475',)
Time 2018-10-09 16:57:55 : ----------2---------array('id'=>'11','testman'=>'','orderno'=>'001001008','createtime'=>'1538965537','projectid'=>'20180919','projectworkid'=>'0','areainfomap4'=>'重庆市渝中区石油路街道石油路街道','updateid'=>'1','updatetime'=>'1539075475',)
Time 2018-10-09 16:57:55 : ----------1---------array('id'=>'3','tablename'=>'MisAutoAhf','tableid'=>'11','fieldname'=>'areainfomap4','ext1'=>'500000','ext2'=>'500100','ext3'=>'500103','ext4'=>'500103005','ext5'=>'','address'=>'石油路街道','updateid'=>'1','updatetime'=>'1539075475',)
Time 2018-10-09 16:57:55 : ----------2---------array('id'=>'3','tablename'=>'MisAutoAhf','tableid'=>'11','fieldname'=>'areainfomap4','ext1'=>'500000','ext2'=>'500100','ext3'=>'500103','ext4'=>'500103005','ext5'=>'','address'=>'石油路街道','updateid'=>'1','updatetime'=>'1539075475',)
Time 2018-10-09 16:57:55 : ----------1---------array('tableid'=>'11','actionname'=>'MisAutoAhf','tablename'=>'mis_auto_pzfuk',)
Time 2018-10-09 16:57:55 : ----------2---------array('tableid'=>'11','actionname'=>'MisAutoAhf','tablename'=>'mis_auto_pzfuk',)
Time 2018-10-09 16:58:57 : ----------1---------array('id'=>'11','testman'=>'','orderno'=>'001001008','createtime'=>'1538965537','projectid'=>'20180919','projectworkid'=>'0','areainfomap4'=>'重庆市渝中区石油路街道石油路街道','updateid'=>'1','updatetime'=>'1539075537',)
Time 2018-10-09 16:58:57 : ----------2---------array('id'=>'11','testman'=>'','orderno'=>'001001008','createtime'=>'1538965537','projectid'=>'20180919','projectworkid'=>'0','areainfomap4'=>'重庆市渝中区石油路街道石油路街道','updateid'=>'1','updatetime'=>'1539075537',)
Time 2018-10-09 16:58:57 : ----------1---------array('id'=>'3','tablename'=>'MisAutoAhf','tableid'=>'11','fieldname'=>'areainfomap4','ext1'=>'500000','ext2'=>'500100','ext3'=>'500103','ext4'=>'500103005','ext5'=>'','address'=>'石油路街道','updateid'=>'1','updatetime'=>'1539075537',)
Time 2018-10-09 16:58:57 : ----------2---------array('id'=>'3','tablename'=>'MisAutoAhf','tableid'=>'11','fieldname'=>'areainfomap4','ext1'=>'500000','ext2'=>'500100','ext3'=>'500103','ext4'=>'500103005','ext5'=>'','address'=>'石油路街道','updateid'=>'1','updatetime'=>'1539075537',)
Time 2018-10-09 16:58:57 : ----------1---------array('tableid'=>'11','actionname'=>'MisAutoAhf','tablename'=>'mis_auto_pzfuk',)
Time 2018-10-09 16:58:57 : ----------2---------array('tableid'=>'11','actionname'=>'MisAutoAhf','tablename'=>'mis_auto_pzfuk',)
Time 2018-10-09 16:59:04 : ----------1---------array('id'=>'11','testman'=>'','orderno'=>'001001008','createtime'=>'1538965537','projectid'=>'20180919','projectworkid'=>'0','areainfomap4'=>'重庆市渝中区石油路街道石油路街道','updateid'=>'1','updatetime'=>'1539075544',)
Time 2018-10-09 16:59:04 : ----------2---------array('id'=>'11','testman'=>'','orderno'=>'001001008','createtime'=>'1538965537','projectid'=>'20180919','projectworkid'=>'0','areainfomap4'=>'重庆市渝中区石油路街道石油路街道','updateid'=>'1','updatetime'=>'1539075544',)
Time 2018-10-09 16:59:04 : ----------1---------array('id'=>'3','tablename'=>'MisAutoAhf','tableid'=>'11','fieldname'=>'areainfomap4','ext1'=>'500000','ext2'=>'500100','ext3'=>'500103','ext4'=>'500103005','ext5'=>'','address'=>'石油路街道','updateid'=>'1','updatetime'=>'1539075544',)
Time 2018-10-09 16:59:04 : ----------2---------array('id'=>'3','tablename'=>'MisAutoAhf','tableid'=>'11','fieldname'=>'areainfomap4','ext1'=>'500000','ext2'=>'500100','ext3'=>'500103','ext4'=>'500103005','ext5'=>'','address'=>'石油路街道','updateid'=>'1','updatetime'=>'1539075544',)
Time 2018-10-09 16:59:04 : ----------1---------array('tableid'=>'11','actionname'=>'MisAutoAhf','tablename'=>'mis_auto_pzfuk',)
Time 2018-10-09 16:59:04 : ----------2---------array('tableid'=>'11','actionname'=>'MisAutoAhf','tablename'=>'mis_auto_pzfuk',)
Time 2018-10-09 16:59:08 : ----------1---------array('id'=>'11','testman'=>'','orderno'=>'001001008','createtime'=>'1538965537','projectid'=>'20180919','projectworkid'=>'0','areainfomap4'=>'重庆市渝中区石油路街道石油路街道','updateid'=>'1','updatetime'=>'1539075548',)
Time 2018-10-09 16:59:08 : ----------2---------array('id'=>'11','testman'=>'','orderno'=>'001001008','createtime'=>'1538965537','projectid'=>'20180919','projectworkid'=>'0','areainfomap4'=>'重庆市渝中区石油路街道石油路街道','updateid'=>'1','updatetime'=>'1539075548',)
Time 2018-10-09 16:59:08 : ----------1---------array('id'=>'3','tablename'=>'MisAutoAhf','tableid'=>'11','fieldname'=>'areainfomap4','ext1'=>'500000','ext2'=>'500100','ext3'=>'500103','ext4'=>'500103005','ext5'=>'','address'=>'石油路街道','updateid'=>'1','updatetime'=>'1539075548',)
Time 2018-10-09 16:59:08 : ----------2---------array('id'=>'3','tablename'=>'MisAutoAhf','tableid'=>'11','fieldname'=>'areainfomap4','ext1'=>'500000','ext2'=>'500100','ext3'=>'500103','ext4'=>'500103005','ext5'=>'','address'=>'石油路街道','updateid'=>'1','updatetime'=>'1539075548',)
Time 2018-10-09 16:59:08 : ----------1---------array('tableid'=>'11','actionname'=>'MisAutoAhf','tablename'=>'mis_auto_pzfuk',)
Time 2018-10-09 16:59:08 : ----------2---------array('tableid'=>'11','actionname'=>'MisAutoAhf','tablename'=>'mis_auto_pzfuk',)
